[2024-05-25T21:20:25.762+0000] {local_task_job_runner.py:120} INFO - ::group::Pre task execution logs
[2024-05-25T21:20:25.798+0000] {taskinstance.py:2076} INFO - Dependencies all met for dep_context=non-requeueable deps ti=<TaskInstance: DAG_catedra_airflow.first-step-el scheduled__2024-05-25T01:35:00+00:00 [queued]>
[2024-05-25T21:20:25.811+0000] {taskinstance.py:2076} INFO - Dependencies all met for dep_context=requeueable deps ti=<TaskInstance: DAG_catedra_airflow.first-step-el scheduled__2024-05-25T01:35:00+00:00 [queued]>
[2024-05-25T21:20:25.811+0000] {taskinstance.py:2306} INFO - Starting attempt 1 of 1
[2024-05-25T21:20:25.832+0000] {taskinstance.py:2330} INFO - Executing <Task(PythonOperator): first-step-el> on 2024-05-25 01:35:00+00:00
[2024-05-25T21:20:25.841+0000] {warnings.py:110} WARNING - /home/***/.local/lib/python3.12/site-packages/***/task/task_runner/standard_task_runner.py:61: DeprecationWarning: This process (pid=793) is multi-threaded, use of fork() may lead to deadlocks in the child.
  pid = os.fork()

[2024-05-25T21:20:25.844+0000] {standard_task_runner.py:63} INFO - Started process 795 to run task
[2024-05-25T21:20:25.845+0000] {standard_task_runner.py:90} INFO - Running: ['***', 'tasks', 'run', 'DAG_catedra_***', 'first-step-el', 'scheduled__2024-05-25T01:35:00+00:00', '--job-id', '202', '--raw', '--subdir', 'DAGS_FOLDER/dag_clase.py', '--cfg-path', '/tmp/tmp_5ab2v2i']
[2024-05-25T21:20:25.847+0000] {standard_task_runner.py:91} INFO - Job 202: Subtask first-step-el
[2024-05-25T21:20:25.919+0000] {task_command.py:426} INFO - Running <TaskInstance: DAG_catedra_airflow.first-step-el scheduled__2024-05-25T01:35:00+00:00 [running]> on host b2cfee8f0b2b
[2024-05-25T21:20:26.049+0000] {taskinstance.py:2648} INFO - Exporting env vars: AIRFLOW_CTX_DAG_OWNER='***' AIRFLOW_CTX_DAG_ID='DAG_catedra_***' AIRFLOW_CTX_TASK_ID='first-step-el' AIRFLOW_CTX_EXECUTION_DATE='2024-05-25T01:35:00+00:00' AIRFLOW_CTX_TRY_NUMBER='1' AIRFLOW_CTX_DAG_RUN_ID='scheduled__2024-05-25T01:35:00+00:00'
[2024-05-25T21:20:26.051+0000] {taskinstance.py:430} INFO - ::endgroup::
[2024-05-25T21:20:26.065+0000] {logging_mixin.py:188} INFO - Connection to database was succesful
[2024-05-25T21:20:26.090+0000] {logging_mixin.py:188} INFO - Query completed
[2024-05-25T21:20:26.095+0000] {logging_mixin.py:188} INFO - execute_query_result_set()
[2024-05-25T21:20:26.105+0000] {logging_mixin.py:188} INFO - Connection to database was succesful
[2024-05-25T21:20:26.115+0000] {logging_mixin.py:188} INFO - Inserts performed wihout fail
[2024-05-25T21:20:26.115+0000] {python.py:237} INFO - Done. Returned value was: None
[2024-05-25T21:20:26.116+0000] {taskinstance.py:441} INFO - ::group::Post task execution logs
[2024-05-25T21:20:26.128+0000] {taskinstance.py:1206} INFO - Marking task as SUCCESS. dag_id=DAG_catedra_***, task_id=first-step-el, run_id=scheduled__2024-05-25T01:35:00+00:00, execution_date=20240525T013500, start_date=20240525T212025, end_date=20240525T212026
[2024-05-25T21:20:26.181+0000] {local_task_job_runner.py:240} INFO - Task exited with return code 0
[2024-05-25T21:20:26.208+0000] {taskinstance.py:3498} INFO - 1 downstream tasks scheduled from follow-on schedule check
[2024-05-25T21:20:26.213+0000] {local_task_job_runner.py:222} INFO - ::endgroup::
[2024-05-26T00:44:03.325+0000] {local_task_job_runner.py:120} INFO - ::group::Pre task execution logs
[2024-05-26T00:44:03.348+0000] {taskinstance.py:2076} INFO - Dependencies all met for dep_context=non-requeueable deps ti=<TaskInstance: DAG_catedra_airflow.first-step-el scheduled__2024-05-25T01:35:00+00:00 [queued]>
[2024-05-26T00:44:03.356+0000] {taskinstance.py:2076} INFO - Dependencies all met for dep_context=requeueable deps ti=<TaskInstance: DAG_catedra_airflow.first-step-el scheduled__2024-05-25T01:35:00+00:00 [queued]>
[2024-05-26T00:44:03.357+0000] {taskinstance.py:2306} INFO - Starting attempt 1 of 1
[2024-05-26T00:44:03.370+0000] {taskinstance.py:2330} INFO - Executing <Task(PythonOperator): first-step-el> on 2024-05-25 01:35:00+00:00
[2024-05-26T00:44:03.377+0000] {warnings.py:110} WARNING - /home/***/.local/lib/python3.12/site-packages/***/task/task_runner/standard_task_runner.py:61: DeprecationWarning: This process (pid=170) is multi-threaded, use of fork() may lead to deadlocks in the child.
  pid = os.fork()

[2024-05-26T00:44:03.379+0000] {standard_task_runner.py:63} INFO - Started process 172 to run task
[2024-05-26T00:44:03.379+0000] {standard_task_runner.py:90} INFO - Running: ['***', 'tasks', 'run', 'DAG_catedra_***', 'first-step-el', 'scheduled__2024-05-25T01:35:00+00:00', '--job-id', '35', '--raw', '--subdir', 'DAGS_FOLDER/dag_clase.py', '--cfg-path', '/tmp/tmpy_bgadbp']
[2024-05-26T00:44:03.380+0000] {standard_task_runner.py:91} INFO - Job 35: Subtask first-step-el
[2024-05-26T00:44:03.441+0000] {task_command.py:426} INFO - Running <TaskInstance: DAG_catedra_airflow.first-step-el scheduled__2024-05-25T01:35:00+00:00 [running]> on host bb8f67d70e6d
[2024-05-26T00:44:03.539+0000] {taskinstance.py:2648} INFO - Exporting env vars: AIRFLOW_CTX_DAG_OWNER='***' AIRFLOW_CTX_DAG_ID='DAG_catedra_***' AIRFLOW_CTX_TASK_ID='first-step-el' AIRFLOW_CTX_EXECUTION_DATE='2024-05-25T01:35:00+00:00' AIRFLOW_CTX_TRY_NUMBER='1' AIRFLOW_CTX_DAG_RUN_ID='scheduled__2024-05-25T01:35:00+00:00'
[2024-05-26T00:44:03.541+0000] {taskinstance.py:430} INFO - ::endgroup::
[2024-05-26T00:44:03.551+0000] {logging_mixin.py:188} INFO - Connection to database was succesful
[2024-05-26T00:44:03.567+0000] {logging_mixin.py:188} INFO - Query completed
[2024-05-26T00:44:03.576+0000] {logging_mixin.py:188} INFO - execute_query_result_set()
[2024-05-26T00:44:03.591+0000] {logging_mixin.py:188} INFO - Connection to database was succesful
[2024-05-26T00:44:03.593+0000] {logging_mixin.py:188} INFO - ERROR, INSERTS COULDN`T BE DONE
[2024-05-26T00:44:03.594+0000] {python.py:237} INFO - Done. Returned value was: None
[2024-05-26T00:44:03.595+0000] {taskinstance.py:441} INFO - ::group::Post task execution logs
[2024-05-26T00:44:03.603+0000] {taskinstance.py:1206} INFO - Marking task as SUCCESS. dag_id=DAG_catedra_***, task_id=first-step-el, run_id=scheduled__2024-05-25T01:35:00+00:00, execution_date=20240525T013500, start_date=20240526T004403, end_date=20240526T004403
[2024-05-26T00:44:03.635+0000] {local_task_job_runner.py:240} INFO - Task exited with return code 0
[2024-05-26T00:44:03.654+0000] {taskinstance.py:3498} INFO - 1 downstream tasks scheduled from follow-on schedule check
[2024-05-26T00:44:03.660+0000] {local_task_job_runner.py:222} INFO - ::endgroup::
[2024-05-26T02:00:41.519+0000] {local_task_job_runner.py:120} INFO - ::group::Pre task execution logs
[2024-05-26T02:00:41.543+0000] {taskinstance.py:2076} INFO - Dependencies all met for dep_context=non-requeueable deps ti=<TaskInstance: DAG_catedra_airflow.first-step-el scheduled__2024-05-25T01:35:00+00:00 [queued]>
[2024-05-26T02:00:41.553+0000] {taskinstance.py:2076} INFO - Dependencies all met for dep_context=requeueable deps ti=<TaskInstance: DAG_catedra_airflow.first-step-el scheduled__2024-05-25T01:35:00+00:00 [queued]>
[2024-05-26T02:00:41.554+0000] {taskinstance.py:2306} INFO - Starting attempt 1 of 1
[2024-05-26T02:00:41.570+0000] {taskinstance.py:2330} INFO - Executing <Task(PythonOperator): first-step-el> on 2024-05-25 01:35:00+00:00
[2024-05-26T02:00:41.576+0000] {warnings.py:110} WARNING - /home/***/.local/lib/python3.12/site-packages/***/task/task_runner/standard_task_runner.py:61: DeprecationWarning: This process (pid=170) is multi-threaded, use of fork() may lead to deadlocks in the child.
  pid = os.fork()

[2024-05-26T02:00:41.578+0000] {standard_task_runner.py:63} INFO - Started process 172 to run task
[2024-05-26T02:00:41.579+0000] {standard_task_runner.py:90} INFO - Running: ['***', 'tasks', 'run', 'DAG_catedra_***', 'first-step-el', 'scheduled__2024-05-25T01:35:00+00:00', '--job-id', '35', '--raw', '--subdir', 'DAGS_FOLDER/dag_clase.py', '--cfg-path', '/tmp/tmp0htxyb8s']
[2024-05-26T02:00:41.581+0000] {standard_task_runner.py:91} INFO - Job 35: Subtask first-step-el
[2024-05-26T02:00:41.628+0000] {task_command.py:426} INFO - Running <TaskInstance: DAG_catedra_airflow.first-step-el scheduled__2024-05-25T01:35:00+00:00 [running]> on host da1b21f42040
[2024-05-26T02:00:41.733+0000] {taskinstance.py:2648} INFO - Exporting env vars: AIRFLOW_CTX_DAG_OWNER='***' AIRFLOW_CTX_DAG_ID='DAG_catedra_***' AIRFLOW_CTX_TASK_ID='first-step-el' AIRFLOW_CTX_EXECUTION_DATE='2024-05-25T01:35:00+00:00' AIRFLOW_CTX_TRY_NUMBER='1' AIRFLOW_CTX_DAG_RUN_ID='scheduled__2024-05-25T01:35:00+00:00'
[2024-05-26T02:00:41.735+0000] {taskinstance.py:430} INFO - ::endgroup::
[2024-05-26T02:00:41.742+0000] {logging_mixin.py:188} INFO - The connection to the DB was succesful
[2024-05-26T02:00:41.756+0000] {logging_mixin.py:188} INFO - Query completed
[2024-05-26T02:00:41.760+0000] {logging_mixin.py:188} INFO - execute_query_result_set()
[2024-05-26T02:00:41.767+0000] {logging_mixin.py:188} INFO - The connection to the DB was succesful
[2024-05-26T02:00:41.773+0000] {logging_mixin.py:188} INFO - Inserts were comitted
[2024-05-26T02:00:41.774+0000] {python.py:237} INFO - Done. Returned value was: None
[2024-05-26T02:00:41.774+0000] {taskinstance.py:441} INFO - ::group::Post task execution logs
[2024-05-26T02:00:41.784+0000] {taskinstance.py:1206} INFO - Marking task as SUCCESS. dag_id=DAG_catedra_***, task_id=first-step-el, run_id=scheduled__2024-05-25T01:35:00+00:00, execution_date=20240525T013500, start_date=20240526T020041, end_date=20240526T020041
[2024-05-26T02:00:41.832+0000] {local_task_job_runner.py:240} INFO - Task exited with return code 0
[2024-05-26T02:00:41.858+0000] {taskinstance.py:3498} INFO - 1 downstream tasks scheduled from follow-on schedule check
[2024-05-26T02:00:41.865+0000] {local_task_job_runner.py:222} INFO - ::endgroup::
