[2024-05-25T21:18:20.170+0000] {local_task_job_runner.py:120} INFO - ::group::Pre task execution logs
[2024-05-25T21:18:20.192+0000] {taskinstance.py:2076} INFO - Dependencies all met for dep_context=non-requeueable deps ti=<TaskInstance: DAG_catedra_airflow.second-step-el scheduled__2024-05-25T01:10:00+00:00 [queued]>
[2024-05-25T21:18:20.200+0000] {taskinstance.py:2076} INFO - Dependencies all met for dep_context=requeueable deps ti=<TaskInstance: DAG_catedra_airflow.second-step-el scheduled__2024-05-25T01:10:00+00:00 [queued]>
[2024-05-25T21:18:20.201+0000] {taskinstance.py:2306} INFO - Starting attempt 1 of 1
[2024-05-25T21:18:20.214+0000] {taskinstance.py:2330} INFO - Executing <Task(PythonOperator): second-step-el> on 2024-05-25 01:10:00+00:00
[2024-05-25T21:18:20.220+0000] {warnings.py:110} WARNING - /home/***/.local/lib/python3.12/site-packages/***/task/task_runner/standard_task_runner.py:61: DeprecationWarning: This process (pid=619) is multi-threaded, use of fork() may lead to deadlocks in the child.
  pid = os.fork()

[2024-05-25T21:18:20.221+0000] {standard_task_runner.py:63} INFO - Started process 621 to run task
[2024-05-25T21:18:20.222+0000] {standard_task_runner.py:90} INFO - Running: ['***', 'tasks', 'run', 'DAG_catedra_***', 'second-step-el', 'scheduled__2024-05-25T01:10:00+00:00', '--job-id', '153', '--raw', '--subdir', 'DAGS_FOLDER/dag_clase.py', '--cfg-path', '/tmp/tmpn6hw2k8w']
[2024-05-25T21:18:20.223+0000] {standard_task_runner.py:91} INFO - Job 153: Subtask second-step-el
[2024-05-25T21:18:20.266+0000] {task_command.py:426} INFO - Running <TaskInstance: DAG_catedra_airflow.second-step-el scheduled__2024-05-25T01:10:00+00:00 [running]> on host b2cfee8f0b2b
[2024-05-25T21:18:20.365+0000] {taskinstance.py:2648} INFO - Exporting env vars: AIRFLOW_CTX_DAG_OWNER='***' AIRFLOW_CTX_DAG_ID='DAG_catedra_***' AIRFLOW_CTX_TASK_ID='second-step-el' AIRFLOW_CTX_EXECUTION_DATE='2024-05-25T01:10:00+00:00' AIRFLOW_CTX_TRY_NUMBER='1' AIRFLOW_CTX_DAG_RUN_ID='scheduled__2024-05-25T01:10:00+00:00'
[2024-05-25T21:18:20.367+0000] {taskinstance.py:430} INFO - ::endgroup::
[2024-05-25T21:18:20.373+0000] {logging_mixin.py:188} INFO - Connection to database was succesful
[2024-05-25T21:18:20.389+0000] {logging_mixin.py:188} INFO - Query completed
[2024-05-25T21:18:20.427+0000] {logging_mixin.py:188} INFO - execute_query_result_set()
[2024-05-25T21:18:20.433+0000] {logging_mixin.py:188} INFO - Connection to database was succesful
[2024-05-25T21:18:20.492+0000] {logging_mixin.py:188} INFO - Inserts performed wihout fail
[2024-05-25T21:18:20.493+0000] {python.py:237} INFO - Done. Returned value was: None
[2024-05-25T21:18:20.494+0000] {taskinstance.py:441} INFO - ::group::Post task execution logs
[2024-05-25T21:18:20.502+0000] {taskinstance.py:1206} INFO - Marking task as SUCCESS. dag_id=DAG_catedra_***, task_id=second-step-el, run_id=scheduled__2024-05-25T01:10:00+00:00, execution_date=20240525T011000, start_date=20240525T211820, end_date=20240525T211820
[2024-05-25T21:18:20.556+0000] {local_task_job_runner.py:240} INFO - Task exited with return code 0
[2024-05-25T21:18:20.580+0000] {taskinstance.py:3498} INFO - 0 downstream tasks scheduled from follow-on schedule check
[2024-05-25T21:18:20.584+0000] {local_task_job_runner.py:222} INFO - ::endgroup::
[2024-05-26T00:43:44.259+0000] {local_task_job_runner.py:120} INFO - ::group::Pre task execution logs
[2024-05-26T00:43:44.282+0000] {taskinstance.py:2076} INFO - Dependencies all met for dep_context=non-requeueable deps ti=<TaskInstance: DAG_catedra_airflow.second-step-el scheduled__2024-05-25T01:10:00+00:00 [queued]>
[2024-05-26T00:43:44.291+0000] {taskinstance.py:2076} INFO - Dependencies all met for dep_context=requeueable deps ti=<TaskInstance: DAG_catedra_airflow.second-step-el scheduled__2024-05-25T01:10:00+00:00 [queued]>
[2024-05-26T00:43:44.292+0000] {taskinstance.py:2306} INFO - Starting attempt 1 of 1
[2024-05-26T00:43:44.305+0000] {taskinstance.py:2330} INFO - Executing <Task(PythonOperator): second-step-el> on 2024-05-25 01:10:00+00:00
[2024-05-26T00:43:44.311+0000] {warnings.py:110} WARNING - /home/***/.local/lib/python3.12/site-packages/***/task/task_runner/standard_task_runner.py:61: DeprecationWarning: This process (pid=136) is multi-threaded, use of fork() may lead to deadlocks in the child.
  pid = os.fork()

[2024-05-26T00:43:44.313+0000] {standard_task_runner.py:63} INFO - Started process 138 to run task
[2024-05-26T00:43:44.314+0000] {standard_task_runner.py:90} INFO - Running: ['***', 'tasks', 'run', 'DAG_catedra_***', 'second-step-el', 'scheduled__2024-05-25T01:10:00+00:00', '--job-id', '26', '--raw', '--subdir', 'DAGS_FOLDER/dag_clase.py', '--cfg-path', '/tmp/tmp_5wampa8']
[2024-05-26T00:43:44.315+0000] {standard_task_runner.py:91} INFO - Job 26: Subtask second-step-el
[2024-05-26T00:43:44.353+0000] {task_command.py:426} INFO - Running <TaskInstance: DAG_catedra_airflow.second-step-el scheduled__2024-05-25T01:10:00+00:00 [running]> on host bb8f67d70e6d
[2024-05-26T00:43:44.434+0000] {taskinstance.py:2648} INFO - Exporting env vars: AIRFLOW_CTX_DAG_OWNER='***' AIRFLOW_CTX_DAG_ID='DAG_catedra_***' AIRFLOW_CTX_TASK_ID='second-step-el' AIRFLOW_CTX_EXECUTION_DATE='2024-05-25T01:10:00+00:00' AIRFLOW_CTX_TRY_NUMBER='1' AIRFLOW_CTX_DAG_RUN_ID='scheduled__2024-05-25T01:10:00+00:00'
[2024-05-26T00:43:44.435+0000] {taskinstance.py:430} INFO - ::endgroup::
[2024-05-26T00:43:44.441+0000] {logging_mixin.py:188} INFO - Connection to database was succesful
[2024-05-26T00:43:44.447+0000] {logging_mixin.py:188} INFO - query failed, df empty
[2024-05-26T00:43:44.450+0000] {logging_mixin.py:188} INFO - execute_query_result_set()
[2024-05-26T00:43:44.455+0000] {logging_mixin.py:188} INFO - Connection to database was succesful
[2024-05-26T00:43:44.456+0000] {logging_mixin.py:188} INFO - Inserts performed wihout fail
[2024-05-26T00:43:44.456+0000] {python.py:237} INFO - Done. Returned value was: None
[2024-05-26T00:43:44.456+0000] {taskinstance.py:441} INFO - ::group::Post task execution logs
[2024-05-26T00:43:44.463+0000] {taskinstance.py:1206} INFO - Marking task as SUCCESS. dag_id=DAG_catedra_***, task_id=second-step-el, run_id=scheduled__2024-05-25T01:10:00+00:00, execution_date=20240525T011000, start_date=20240526T004344, end_date=20240526T004344
[2024-05-26T00:43:44.487+0000] {local_task_job_runner.py:240} INFO - Task exited with return code 0
[2024-05-26T00:43:44.499+0000] {taskinstance.py:3498} INFO - 0 downstream tasks scheduled from follow-on schedule check
[2024-05-26T00:43:44.503+0000] {local_task_job_runner.py:222} INFO - ::endgroup::
[2024-05-26T02:00:15.966+0000] {local_task_job_runner.py:120} INFO - ::group::Pre task execution logs
[2024-05-26T02:00:15.992+0000] {taskinstance.py:2076} INFO - Dependencies all met for dep_context=non-requeueable deps ti=<TaskInstance: DAG_catedra_airflow.second-step-el scheduled__2024-05-25T01:10:00+00:00 [queued]>
[2024-05-26T02:00:16.001+0000] {taskinstance.py:2076} INFO - Dependencies all met for dep_context=requeueable deps ti=<TaskInstance: DAG_catedra_airflow.second-step-el scheduled__2024-05-25T01:10:00+00:00 [queued]>
[2024-05-26T02:00:16.002+0000] {taskinstance.py:2306} INFO - Starting attempt 1 of 1
[2024-05-26T02:00:16.017+0000] {taskinstance.py:2330} INFO - Executing <Task(PythonOperator): second-step-el> on 2024-05-25 01:10:00+00:00
[2024-05-26T02:00:16.023+0000] {warnings.py:110} WARNING - /home/***/.local/lib/python3.12/site-packages/***/task/task_runner/standard_task_runner.py:61: DeprecationWarning: This process (pid=136) is multi-threaded, use of fork() may lead to deadlocks in the child.
  pid = os.fork()

[2024-05-26T02:00:16.025+0000] {standard_task_runner.py:63} INFO - Started process 138 to run task
[2024-05-26T02:00:16.026+0000] {standard_task_runner.py:90} INFO - Running: ['***', 'tasks', 'run', 'DAG_catedra_***', 'second-step-el', 'scheduled__2024-05-25T01:10:00+00:00', '--job-id', '26', '--raw', '--subdir', 'DAGS_FOLDER/dag_clase.py', '--cfg-path', '/tmp/tmpdj7zc1j0']
[2024-05-26T02:00:16.027+0000] {standard_task_runner.py:91} INFO - Job 26: Subtask second-step-el
[2024-05-26T02:00:16.081+0000] {task_command.py:426} INFO - Running <TaskInstance: DAG_catedra_airflow.second-step-el scheduled__2024-05-25T01:10:00+00:00 [running]> on host da1b21f42040
[2024-05-26T02:00:16.184+0000] {taskinstance.py:2648} INFO - Exporting env vars: AIRFLOW_CTX_DAG_OWNER='***' AIRFLOW_CTX_DAG_ID='DAG_catedra_***' AIRFLOW_CTX_TASK_ID='second-step-el' AIRFLOW_CTX_EXECUTION_DATE='2024-05-25T01:10:00+00:00' AIRFLOW_CTX_TRY_NUMBER='1' AIRFLOW_CTX_DAG_RUN_ID='scheduled__2024-05-25T01:10:00+00:00'
[2024-05-26T02:00:16.186+0000] {taskinstance.py:430} INFO - ::endgroup::
[2024-05-26T02:00:16.192+0000] {logging_mixin.py:188} INFO - The connection to the DB was succesful
[2024-05-26T02:00:16.206+0000] {logging_mixin.py:188} INFO - Query completed
[2024-05-26T02:00:16.211+0000] {logging_mixin.py:188} INFO - execute_query_result_set()
[2024-05-26T02:00:16.218+0000] {logging_mixin.py:188} INFO - The connection to the DB was succesful
[2024-05-26T02:00:16.223+0000] {logging_mixin.py:188} INFO - Inserts were comitted
[2024-05-26T02:00:16.224+0000] {python.py:237} INFO - Done. Returned value was: None
[2024-05-26T02:00:16.224+0000] {taskinstance.py:441} INFO - ::group::Post task execution logs
[2024-05-26T02:00:16.233+0000] {taskinstance.py:1206} INFO - Marking task as SUCCESS. dag_id=DAG_catedra_***, task_id=second-step-el, run_id=scheduled__2024-05-25T01:10:00+00:00, execution_date=20240525T011000, start_date=20240526T020015, end_date=20240526T020016
[2024-05-26T02:00:16.279+0000] {local_task_job_runner.py:240} INFO - Task exited with return code 0
[2024-05-26T02:00:16.307+0000] {taskinstance.py:3498} INFO - 0 downstream tasks scheduled from follow-on schedule check
[2024-05-26T02:00:16.313+0000] {local_task_job_runner.py:222} INFO - ::endgroup::
