[2024-05-25T21:21:15.669+0000] {local_task_job_runner.py:120} INFO - ::group::Pre task execution logs
[2024-05-25T21:21:15.702+0000] {taskinstance.py:2076} INFO - Dependencies all met for dep_context=non-requeueable deps ti=<TaskInstance: DAG_catedra_airflow.first-step-el scheduled__2024-05-25T01:45:00+00:00 [queued]>
[2024-05-25T21:21:15.715+0000] {taskinstance.py:2076} INFO - Dependencies all met for dep_context=requeueable deps ti=<TaskInstance: DAG_catedra_airflow.first-step-el scheduled__2024-05-25T01:45:00+00:00 [queued]>
[2024-05-25T21:21:15.715+0000] {taskinstance.py:2306} INFO - Starting attempt 1 of 1
[2024-05-25T21:21:15.736+0000] {taskinstance.py:2330} INFO - Executing <Task(PythonOperator): first-step-el> on 2024-05-25 01:45:00+00:00
[2024-05-25T21:21:15.743+0000] {warnings.py:110} WARNING - /home/***/.local/lib/python3.12/site-packages/***/task/task_runner/standard_task_runner.py:61: DeprecationWarning: This process (pid=860) is multi-threaded, use of fork() may lead to deadlocks in the child.
  pid = os.fork()

[2024-05-25T21:21:15.745+0000] {standard_task_runner.py:63} INFO - Started process 862 to run task
[2024-05-25T21:21:15.745+0000] {standard_task_runner.py:90} INFO - Running: ['***', 'tasks', 'run', 'DAG_catedra_***', 'first-step-el', 'scheduled__2024-05-25T01:45:00+00:00', '--job-id', '222', '--raw', '--subdir', 'DAGS_FOLDER/dag_clase.py', '--cfg-path', '/tmp/tmpa42drvvt']
[2024-05-25T21:21:15.747+0000] {standard_task_runner.py:91} INFO - Job 222: Subtask first-step-el
[2024-05-25T21:21:15.825+0000] {task_command.py:426} INFO - Running <TaskInstance: DAG_catedra_airflow.first-step-el scheduled__2024-05-25T01:45:00+00:00 [running]> on host b2cfee8f0b2b
[2024-05-25T21:21:16.005+0000] {taskinstance.py:2648} INFO - Exporting env vars: AIRFLOW_CTX_DAG_OWNER='***' AIRFLOW_CTX_DAG_ID='DAG_catedra_***' AIRFLOW_CTX_TASK_ID='first-step-el' AIRFLOW_CTX_EXECUTION_DATE='2024-05-25T01:45:00+00:00' AIRFLOW_CTX_TRY_NUMBER='1' AIRFLOW_CTX_DAG_RUN_ID='scheduled__2024-05-25T01:45:00+00:00'
[2024-05-25T21:21:16.007+0000] {taskinstance.py:430} INFO - ::endgroup::
[2024-05-25T21:21:16.015+0000] {logging_mixin.py:188} INFO - Connection to database was succesful
[2024-05-25T21:21:16.033+0000] {logging_mixin.py:188} INFO - Query completed
[2024-05-25T21:21:16.036+0000] {logging_mixin.py:188} INFO - execute_query_result_set()
[2024-05-25T21:21:16.045+0000] {logging_mixin.py:188} INFO - Connection to database was succesful
[2024-05-25T21:21:16.056+0000] {logging_mixin.py:188} INFO - Inserts performed wihout fail
[2024-05-25T21:21:16.057+0000] {python.py:237} INFO - Done. Returned value was: None
[2024-05-25T21:21:16.057+0000] {taskinstance.py:441} INFO - ::group::Post task execution logs
[2024-05-25T21:21:16.069+0000] {taskinstance.py:1206} INFO - Marking task as SUCCESS. dag_id=DAG_catedra_***, task_id=first-step-el, run_id=scheduled__2024-05-25T01:45:00+00:00, execution_date=20240525T014500, start_date=20240525T212115, end_date=20240525T212116
[2024-05-25T21:21:16.122+0000] {local_task_job_runner.py:240} INFO - Task exited with return code 0
[2024-05-25T21:21:16.153+0000] {taskinstance.py:3498} INFO - 1 downstream tasks scheduled from follow-on schedule check
[2024-05-25T21:21:16.162+0000] {local_task_job_runner.py:222} INFO - ::endgroup::
[2024-05-26T00:44:12.722+0000] {local_task_job_runner.py:120} INFO - ::group::Pre task execution logs
[2024-05-26T00:44:12.770+0000] {taskinstance.py:2076} INFO - Dependencies all met for dep_context=non-requeueable deps ti=<TaskInstance: DAG_catedra_airflow.first-step-el scheduled__2024-05-25T01:45:00+00:00 [queued]>
[2024-05-26T00:44:12.787+0000] {taskinstance.py:2076} INFO - Dependencies all met for dep_context=requeueable deps ti=<TaskInstance: DAG_catedra_airflow.first-step-el scheduled__2024-05-25T01:45:00+00:00 [queued]>
[2024-05-26T00:44:12.788+0000] {taskinstance.py:2306} INFO - Starting attempt 1 of 1
[2024-05-26T00:44:12.807+0000] {taskinstance.py:2330} INFO - Executing <Task(PythonOperator): first-step-el> on 2024-05-25 01:45:00+00:00
[2024-05-26T00:44:12.819+0000] {warnings.py:110} WARNING - /home/***/.local/lib/python3.12/site-packages/***/task/task_runner/standard_task_runner.py:61: DeprecationWarning: This process (pid=182) is multi-threaded, use of fork() may lead to deadlocks in the child.
  pid = os.fork()

[2024-05-26T00:44:12.819+0000] {standard_task_runner.py:90} INFO - Running: ['***', 'tasks', 'run', 'DAG_catedra_***', 'first-step-el', 'scheduled__2024-05-25T01:45:00+00:00', '--job-id', '39', '--raw', '--subdir', 'DAGS_FOLDER/dag_clase.py', '--cfg-path', '/tmp/tmp4yf3k9p0']
[2024-05-26T00:44:12.822+0000] {standard_task_runner.py:91} INFO - Job 39: Subtask first-step-el
[2024-05-26T00:44:12.822+0000] {standard_task_runner.py:63} INFO - Started process 184 to run task
[2024-05-26T00:44:12.893+0000] {task_command.py:426} INFO - Running <TaskInstance: DAG_catedra_airflow.first-step-el scheduled__2024-05-25T01:45:00+00:00 [running]> on host bb8f67d70e6d
[2024-05-26T00:44:13.045+0000] {taskinstance.py:2648} INFO - Exporting env vars: AIRFLOW_CTX_DAG_OWNER='***' AIRFLOW_CTX_DAG_ID='DAG_catedra_***' AIRFLOW_CTX_TASK_ID='first-step-el' AIRFLOW_CTX_EXECUTION_DATE='2024-05-25T01:45:00+00:00' AIRFLOW_CTX_TRY_NUMBER='1' AIRFLOW_CTX_DAG_RUN_ID='scheduled__2024-05-25T01:45:00+00:00'
[2024-05-26T00:44:13.047+0000] {taskinstance.py:430} INFO - ::endgroup::
[2024-05-26T00:44:13.059+0000] {logging_mixin.py:188} INFO - Connection to database was succesful
[2024-05-26T00:44:13.086+0000] {logging_mixin.py:188} INFO - Query completed
[2024-05-26T00:44:13.094+0000] {logging_mixin.py:188} INFO - execute_query_result_set()
[2024-05-26T00:44:13.105+0000] {logging_mixin.py:188} INFO - Connection to database was succesful
[2024-05-26T00:44:13.108+0000] {logging_mixin.py:188} INFO - ERROR, INSERTS COULDN`T BE DONE
[2024-05-26T00:44:13.110+0000] {python.py:237} INFO - Done. Returned value was: None
[2024-05-26T00:44:13.110+0000] {taskinstance.py:441} INFO - ::group::Post task execution logs
[2024-05-26T00:44:13.124+0000] {taskinstance.py:1206} INFO - Marking task as SUCCESS. dag_id=DAG_catedra_***, task_id=first-step-el, run_id=scheduled__2024-05-25T01:45:00+00:00, execution_date=20240525T014500, start_date=20240526T004412, end_date=20240526T004413
[2024-05-26T00:44:13.161+0000] {local_task_job_runner.py:240} INFO - Task exited with return code 0
[2024-05-26T00:44:13.200+0000] {taskinstance.py:3498} INFO - 1 downstream tasks scheduled from follow-on schedule check
[2024-05-26T00:44:13.205+0000] {local_task_job_runner.py:222} INFO - ::endgroup::
[2024-05-26T02:00:50.342+0000] {local_task_job_runner.py:120} INFO - ::group::Pre task execution logs
[2024-05-26T02:00:50.368+0000] {taskinstance.py:2076} INFO - Dependencies all met for dep_context=non-requeueable deps ti=<TaskInstance: DAG_catedra_airflow.first-step-el scheduled__2024-05-25T01:45:00+00:00 [queued]>
[2024-05-26T02:00:50.379+0000] {taskinstance.py:2076} INFO - Dependencies all met for dep_context=requeueable deps ti=<TaskInstance: DAG_catedra_airflow.first-step-el scheduled__2024-05-25T01:45:00+00:00 [queued]>
[2024-05-26T02:00:50.379+0000] {taskinstance.py:2306} INFO - Starting attempt 1 of 1
[2024-05-26T02:00:50.394+0000] {taskinstance.py:2330} INFO - Executing <Task(PythonOperator): first-step-el> on 2024-05-25 01:45:00+00:00
[2024-05-26T02:00:50.401+0000] {warnings.py:110} WARNING - /home/***/.local/lib/python3.12/site-packages/***/task/task_runner/standard_task_runner.py:61: DeprecationWarning: This process (pid=182) is multi-threaded, use of fork() may lead to deadlocks in the child.
  pid = os.fork()

[2024-05-26T02:00:50.403+0000] {standard_task_runner.py:63} INFO - Started process 184 to run task
[2024-05-26T02:00:50.403+0000] {standard_task_runner.py:90} INFO - Running: ['***', 'tasks', 'run', 'DAG_catedra_***', 'first-step-el', 'scheduled__2024-05-25T01:45:00+00:00', '--job-id', '39', '--raw', '--subdir', 'DAGS_FOLDER/dag_clase.py', '--cfg-path', '/tmp/tmp0f840jfs']
[2024-05-26T02:00:50.404+0000] {standard_task_runner.py:91} INFO - Job 39: Subtask first-step-el
[2024-05-26T02:00:50.450+0000] {task_command.py:426} INFO - Running <TaskInstance: DAG_catedra_airflow.first-step-el scheduled__2024-05-25T01:45:00+00:00 [running]> on host da1b21f42040
[2024-05-26T02:00:50.543+0000] {taskinstance.py:2648} INFO - Exporting env vars: AIRFLOW_CTX_DAG_OWNER='***' AIRFLOW_CTX_DAG_ID='DAG_catedra_***' AIRFLOW_CTX_TASK_ID='first-step-el' AIRFLOW_CTX_EXECUTION_DATE='2024-05-25T01:45:00+00:00' AIRFLOW_CTX_TRY_NUMBER='1' AIRFLOW_CTX_DAG_RUN_ID='scheduled__2024-05-25T01:45:00+00:00'
[2024-05-26T02:00:50.544+0000] {taskinstance.py:430} INFO - ::endgroup::
[2024-05-26T02:00:50.551+0000] {logging_mixin.py:188} INFO - The connection to the DB was succesful
[2024-05-26T02:00:50.563+0000] {logging_mixin.py:188} INFO - Query completed
[2024-05-26T02:00:50.566+0000] {logging_mixin.py:188} INFO - execute_query_result_set()
[2024-05-26T02:00:50.572+0000] {logging_mixin.py:188} INFO - The connection to the DB was succesful
[2024-05-26T02:00:50.578+0000] {logging_mixin.py:188} INFO - Inserts were comitted
[2024-05-26T02:00:50.579+0000] {python.py:237} INFO - Done. Returned value was: None
[2024-05-26T02:00:50.580+0000] {taskinstance.py:441} INFO - ::group::Post task execution logs
[2024-05-26T02:00:50.589+0000] {taskinstance.py:1206} INFO - Marking task as SUCCESS. dag_id=DAG_catedra_***, task_id=first-step-el, run_id=scheduled__2024-05-25T01:45:00+00:00, execution_date=20240525T014500, start_date=20240526T020050, end_date=20240526T020050
[2024-05-26T02:00:50.618+0000] {local_task_job_runner.py:240} INFO - Task exited with return code 0
[2024-05-26T02:00:50.641+0000] {taskinstance.py:3498} INFO - 1 downstream tasks scheduled from follow-on schedule check
[2024-05-26T02:00:50.645+0000] {local_task_job_runner.py:222} INFO - ::endgroup::
