[2024-05-25T21:19:10.040+0000] {local_task_job_runner.py:120} INFO - ::group::Pre task execution logs
[2024-05-25T21:19:10.068+0000] {taskinstance.py:2076} INFO - Dependencies all met for dep_context=non-requeueable deps ti=<TaskInstance: DAG_catedra_airflow.second-step-el scheduled__2024-05-25T01:20:00+00:00 [queued]>
[2024-05-25T21:19:10.079+0000] {taskinstance.py:2076} INFO - Dependencies all met for dep_context=requeueable deps ti=<TaskInstance: DAG_catedra_airflow.second-step-el scheduled__2024-05-25T01:20:00+00:00 [queued]>
[2024-05-25T21:19:10.079+0000] {taskinstance.py:2306} INFO - Starting attempt 1 of 1
[2024-05-25T21:19:10.095+0000] {taskinstance.py:2330} INFO - Executing <Task(PythonOperator): second-step-el> on 2024-05-25 01:20:00+00:00
[2024-05-25T21:19:10.102+0000] {warnings.py:110} WARNING - /home/***/.local/lib/python3.12/site-packages/***/task/task_runner/standard_task_runner.py:61: DeprecationWarning: This process (pid=686) is multi-threaded, use of fork() may lead to deadlocks in the child.
  pid = os.fork()

[2024-05-25T21:19:10.105+0000] {standard_task_runner.py:63} INFO - Started process 688 to run task
[2024-05-25T21:19:10.104+0000] {standard_task_runner.py:90} INFO - Running: ['***', 'tasks', 'run', 'DAG_catedra_***', 'second-step-el', 'scheduled__2024-05-25T01:20:00+00:00', '--job-id', '173', '--raw', '--subdir', 'DAGS_FOLDER/dag_clase.py', '--cfg-path', '/tmp/tmpwhmtlaup']
[2024-05-25T21:19:10.106+0000] {standard_task_runner.py:91} INFO - Job 173: Subtask second-step-el
[2024-05-25T21:19:10.183+0000] {task_command.py:426} INFO - Running <TaskInstance: DAG_catedra_airflow.second-step-el scheduled__2024-05-25T01:20:00+00:00 [running]> on host b2cfee8f0b2b
[2024-05-25T21:19:10.309+0000] {taskinstance.py:2648} INFO - Exporting env vars: AIRFLOW_CTX_DAG_OWNER='***' AIRFLOW_CTX_DAG_ID='DAG_catedra_***' AIRFLOW_CTX_TASK_ID='second-step-el' AIRFLOW_CTX_EXECUTION_DATE='2024-05-25T01:20:00+00:00' AIRFLOW_CTX_TRY_NUMBER='1' AIRFLOW_CTX_DAG_RUN_ID='scheduled__2024-05-25T01:20:00+00:00'
[2024-05-25T21:19:10.311+0000] {taskinstance.py:430} INFO - ::endgroup::
[2024-05-25T21:19:10.320+0000] {logging_mixin.py:188} INFO - Connection to database was succesful
[2024-05-25T21:19:10.354+0000] {logging_mixin.py:188} INFO - Query completed
[2024-05-25T21:19:10.417+0000] {logging_mixin.py:188} INFO - execute_query_result_set()
[2024-05-25T21:19:10.426+0000] {logging_mixin.py:188} INFO - Connection to database was succesful
[2024-05-25T21:19:10.510+0000] {logging_mixin.py:188} INFO - Inserts performed wihout fail
[2024-05-25T21:19:10.511+0000] {python.py:237} INFO - Done. Returned value was: None
[2024-05-25T21:19:10.511+0000] {taskinstance.py:441} INFO - ::group::Post task execution logs
[2024-05-25T21:19:10.522+0000] {taskinstance.py:1206} INFO - Marking task as SUCCESS. dag_id=DAG_catedra_***, task_id=second-step-el, run_id=scheduled__2024-05-25T01:20:00+00:00, execution_date=20240525T012000, start_date=20240525T211910, end_date=20240525T211910
[2024-05-25T21:19:10.560+0000] {local_task_job_runner.py:240} INFO - Task exited with return code 0
[2024-05-25T21:19:10.578+0000] {taskinstance.py:3498} INFO - 0 downstream tasks scheduled from follow-on schedule check
[2024-05-25T21:19:10.582+0000] {local_task_job_runner.py:222} INFO - ::endgroup::
[2024-05-26T00:43:54.218+0000] {local_task_job_runner.py:120} INFO - ::group::Pre task execution logs
[2024-05-26T00:43:54.242+0000] {taskinstance.py:2076} INFO - Dependencies all met for dep_context=non-requeueable deps ti=<TaskInstance: DAG_catedra_airflow.second-step-el scheduled__2024-05-25T01:20:00+00:00 [queued]>
[2024-05-26T00:43:54.252+0000] {taskinstance.py:2076} INFO - Dependencies all met for dep_context=requeueable deps ti=<TaskInstance: DAG_catedra_airflow.second-step-el scheduled__2024-05-25T01:20:00+00:00 [queued]>
[2024-05-26T00:43:54.252+0000] {taskinstance.py:2306} INFO - Starting attempt 1 of 1
[2024-05-26T00:43:54.266+0000] {taskinstance.py:2330} INFO - Executing <Task(PythonOperator): second-step-el> on 2024-05-25 01:20:00+00:00
[2024-05-26T00:43:54.272+0000] {warnings.py:110} WARNING - /home/***/.local/lib/python3.12/site-packages/***/task/task_runner/standard_task_runner.py:61: DeprecationWarning: This process (pid=148) is multi-threaded, use of fork() may lead to deadlocks in the child.
  pid = os.fork()

[2024-05-26T00:43:54.274+0000] {standard_task_runner.py:63} INFO - Started process 150 to run task
[2024-05-26T00:43:54.274+0000] {standard_task_runner.py:90} INFO - Running: ['***', 'tasks', 'run', 'DAG_catedra_***', 'second-step-el', 'scheduled__2024-05-25T01:20:00+00:00', '--job-id', '30', '--raw', '--subdir', 'DAGS_FOLDER/dag_clase.py', '--cfg-path', '/tmp/tmp1wlpxuhi']
[2024-05-26T00:43:54.276+0000] {standard_task_runner.py:91} INFO - Job 30: Subtask second-step-el
[2024-05-26T00:43:54.329+0000] {task_command.py:426} INFO - Running <TaskInstance: DAG_catedra_airflow.second-step-el scheduled__2024-05-25T01:20:00+00:00 [running]> on host bb8f67d70e6d
[2024-05-26T00:43:54.411+0000] {taskinstance.py:2648} INFO - Exporting env vars: AIRFLOW_CTX_DAG_OWNER='***' AIRFLOW_CTX_DAG_ID='DAG_catedra_***' AIRFLOW_CTX_TASK_ID='second-step-el' AIRFLOW_CTX_EXECUTION_DATE='2024-05-25T01:20:00+00:00' AIRFLOW_CTX_TRY_NUMBER='1' AIRFLOW_CTX_DAG_RUN_ID='scheduled__2024-05-25T01:20:00+00:00'
[2024-05-26T00:43:54.412+0000] {taskinstance.py:430} INFO - ::endgroup::
[2024-05-26T00:43:54.417+0000] {logging_mixin.py:188} INFO - Connection to database was succesful
[2024-05-26T00:43:54.424+0000] {logging_mixin.py:188} INFO - query failed, df empty
[2024-05-26T00:43:54.427+0000] {logging_mixin.py:188} INFO - execute_query_result_set()
[2024-05-26T00:43:54.432+0000] {logging_mixin.py:188} INFO - Connection to database was succesful
[2024-05-26T00:43:54.432+0000] {logging_mixin.py:188} INFO - Inserts performed wihout fail
[2024-05-26T00:43:54.433+0000] {python.py:237} INFO - Done. Returned value was: None
[2024-05-26T00:43:54.433+0000] {taskinstance.py:441} INFO - ::group::Post task execution logs
[2024-05-26T00:43:54.440+0000] {taskinstance.py:1206} INFO - Marking task as SUCCESS. dag_id=DAG_catedra_***, task_id=second-step-el, run_id=scheduled__2024-05-25T01:20:00+00:00, execution_date=20240525T012000, start_date=20240526T004354, end_date=20240526T004354
[2024-05-26T00:43:54.488+0000] {local_task_job_runner.py:240} INFO - Task exited with return code 0
[2024-05-26T00:43:54.516+0000] {taskinstance.py:3498} INFO - 0 downstream tasks scheduled from follow-on schedule check
[2024-05-26T00:43:54.520+0000] {local_task_job_runner.py:222} INFO - ::endgroup::
[2024-05-26T02:00:29.021+0000] {local_task_job_runner.py:120} INFO - ::group::Pre task execution logs
[2024-05-26T02:00:29.050+0000] {taskinstance.py:2076} INFO - Dependencies all met for dep_context=non-requeueable deps ti=<TaskInstance: DAG_catedra_airflow.second-step-el scheduled__2024-05-25T01:20:00+00:00 [queued]>
[2024-05-26T02:00:29.062+0000] {taskinstance.py:2076} INFO - Dependencies all met for dep_context=requeueable deps ti=<TaskInstance: DAG_catedra_airflow.second-step-el scheduled__2024-05-25T01:20:00+00:00 [queued]>
[2024-05-26T02:00:29.063+0000] {taskinstance.py:2306} INFO - Starting attempt 1 of 1
[2024-05-26T02:00:29.080+0000] {taskinstance.py:2330} INFO - Executing <Task(PythonOperator): second-step-el> on 2024-05-25 01:20:00+00:00
[2024-05-26T02:00:29.088+0000] {warnings.py:110} WARNING - /home/***/.local/lib/python3.12/site-packages/***/task/task_runner/standard_task_runner.py:61: DeprecationWarning: This process (pid=155) is multi-threaded, use of fork() may lead to deadlocks in the child.
  pid = os.fork()

[2024-05-26T02:00:29.090+0000] {standard_task_runner.py:63} INFO - Started process 157 to run task
[2024-05-26T02:00:29.090+0000] {standard_task_runner.py:90} INFO - Running: ['***', 'tasks', 'run', 'DAG_catedra_***', 'second-step-el', 'scheduled__2024-05-25T01:20:00+00:00', '--job-id', '30', '--raw', '--subdir', 'DAGS_FOLDER/dag_clase.py', '--cfg-path', '/tmp/tmpk0ye_0t5']
[2024-05-26T02:00:29.092+0000] {standard_task_runner.py:91} INFO - Job 30: Subtask second-step-el
[2024-05-26T02:00:29.150+0000] {task_command.py:426} INFO - Running <TaskInstance: DAG_catedra_airflow.second-step-el scheduled__2024-05-25T01:20:00+00:00 [running]> on host da1b21f42040
[2024-05-26T02:00:29.275+0000] {taskinstance.py:2648} INFO - Exporting env vars: AIRFLOW_CTX_DAG_OWNER='***' AIRFLOW_CTX_DAG_ID='DAG_catedra_***' AIRFLOW_CTX_TASK_ID='second-step-el' AIRFLOW_CTX_EXECUTION_DATE='2024-05-25T01:20:00+00:00' AIRFLOW_CTX_TRY_NUMBER='1' AIRFLOW_CTX_DAG_RUN_ID='scheduled__2024-05-25T01:20:00+00:00'
[2024-05-26T02:00:29.277+0000] {taskinstance.py:430} INFO - ::endgroup::
[2024-05-26T02:00:29.287+0000] {logging_mixin.py:188} INFO - The connection to the DB was succesful
[2024-05-26T02:00:29.305+0000] {logging_mixin.py:188} INFO - Query completed
[2024-05-26T02:00:29.328+0000] {logging_mixin.py:188} INFO - execute_query_result_set()
[2024-05-26T02:00:29.337+0000] {logging_mixin.py:188} INFO - The connection to the DB was succesful
[2024-05-26T02:00:29.344+0000] {logging_mixin.py:188} INFO - Inserts were comitted
[2024-05-26T02:00:29.345+0000] {python.py:237} INFO - Done. Returned value was: None
[2024-05-26T02:00:29.346+0000] {taskinstance.py:441} INFO - ::group::Post task execution logs
[2024-05-26T02:00:29.356+0000] {taskinstance.py:1206} INFO - Marking task as SUCCESS. dag_id=DAG_catedra_***, task_id=second-step-el, run_id=scheduled__2024-05-25T01:20:00+00:00, execution_date=20240525T012000, start_date=20240526T020029, end_date=20240526T020029
[2024-05-26T02:00:29.385+0000] {local_task_job_runner.py:240} INFO - Task exited with return code 0
[2024-05-26T02:00:29.406+0000] {taskinstance.py:3498} INFO - 0 downstream tasks scheduled from follow-on schedule check
[2024-05-26T02:00:29.410+0000] {local_task_job_runner.py:222} INFO - ::endgroup::
