[2024-05-25T21:16:59.284+0000] {local_task_job_runner.py:120} INFO - ::group::Pre task execution logs
[2024-05-25T21:16:59.322+0000] {taskinstance.py:2076} INFO - Dependencies all met for dep_context=non-requeueable deps ti=<TaskInstance: DAG_catedra_airflow.first-step-el scheduled__2024-05-25T00:55:00+00:00 [queued]>
[2024-05-25T21:16:59.335+0000] {taskinstance.py:2076} INFO - Dependencies all met for dep_context=requeueable deps ti=<TaskInstance: DAG_catedra_airflow.first-step-el scheduled__2024-05-25T00:55:00+00:00 [queued]>
[2024-05-25T21:16:59.336+0000] {taskinstance.py:2306} INFO - Starting attempt 1 of 1
[2024-05-25T21:16:59.359+0000] {taskinstance.py:2330} INFO - Executing <Task(PythonOperator): first-step-el> on 2024-05-25 00:55:00+00:00
[2024-05-25T21:16:59.369+0000] {warnings.py:110} WARNING - /home/***/.local/lib/python3.12/site-packages/***/task/task_runner/standard_task_runner.py:61: DeprecationWarning: This process (pid=504) is multi-threaded, use of fork() may lead to deadlocks in the child.
  pid = os.fork()

[2024-05-25T21:16:59.372+0000] {standard_task_runner.py:63} INFO - Started process 513 to run task
[2024-05-25T21:16:59.378+0000] {standard_task_runner.py:90} INFO - Running: ['***', 'tasks', 'run', 'DAG_catedra_***', 'first-step-el', 'scheduled__2024-05-25T00:55:00+00:00', '--job-id', '122', '--raw', '--subdir', 'DAGS_FOLDER/dag_clase.py', '--cfg-path', '/tmp/tmpky4vi5_5']
[2024-05-25T21:16:59.380+0000] {standard_task_runner.py:91} INFO - Job 122: Subtask first-step-el
[2024-05-25T21:16:59.450+0000] {task_command.py:426} INFO - Running <TaskInstance: DAG_catedra_airflow.first-step-el scheduled__2024-05-25T00:55:00+00:00 [running]> on host b2cfee8f0b2b
[2024-05-25T21:16:59.590+0000] {taskinstance.py:2648} INFO - Exporting env vars: AIRFLOW_CTX_DAG_OWNER='***' AIRFLOW_CTX_DAG_ID='DAG_catedra_***' AIRFLOW_CTX_TASK_ID='first-step-el' AIRFLOW_CTX_EXECUTION_DATE='2024-05-25T00:55:00+00:00' AIRFLOW_CTX_TRY_NUMBER='1' AIRFLOW_CTX_DAG_RUN_ID='scheduled__2024-05-25T00:55:00+00:00'
[2024-05-25T21:16:59.592+0000] {taskinstance.py:430} INFO - ::endgroup::
[2024-05-25T21:16:59.603+0000] {logging_mixin.py:188} INFO - Connection to database was succesful
[2024-05-25T21:16:59.620+0000] {logging_mixin.py:188} INFO - Query completed
[2024-05-25T21:16:59.625+0000] {logging_mixin.py:188} INFO - execute_query_result_set()
[2024-05-25T21:16:59.633+0000] {logging_mixin.py:188} INFO - Connection to database was succesful
[2024-05-25T21:16:59.643+0000] {logging_mixin.py:188} INFO - Inserts performed wihout fail
[2024-05-25T21:16:59.644+0000] {python.py:237} INFO - Done. Returned value was: None
[2024-05-25T21:16:59.645+0000] {taskinstance.py:441} INFO - ::group::Post task execution logs
[2024-05-25T21:16:59.658+0000] {taskinstance.py:1206} INFO - Marking task as SUCCESS. dag_id=DAG_catedra_***, task_id=first-step-el, run_id=scheduled__2024-05-25T00:55:00+00:00, execution_date=20240525T005500, start_date=20240525T211659, end_date=20240525T211659
[2024-05-25T21:16:59.713+0000] {local_task_job_runner.py:240} INFO - Task exited with return code 0
[2024-05-25T21:16:59.742+0000] {taskinstance.py:3498} INFO - 1 downstream tasks scheduled from follow-on schedule check
[2024-05-25T21:16:59.751+0000] {local_task_job_runner.py:222} INFO - ::endgroup::
[2024-05-26T00:43:27.779+0000] {local_task_job_runner.py:120} INFO - ::group::Pre task execution logs
[2024-05-26T00:43:27.800+0000] {taskinstance.py:2076} INFO - Dependencies all met for dep_context=non-requeueable deps ti=<TaskInstance: DAG_catedra_airflow.first-step-el scheduled__2024-05-25T00:55:00+00:00 [queued]>
[2024-05-26T00:43:27.808+0000] {taskinstance.py:2076} INFO - Dependencies all met for dep_context=requeueable deps ti=<TaskInstance: DAG_catedra_airflow.first-step-el scheduled__2024-05-25T00:55:00+00:00 [queued]>
[2024-05-26T00:43:27.808+0000] {taskinstance.py:2306} INFO - Starting attempt 1 of 1
[2024-05-26T00:43:27.820+0000] {taskinstance.py:2330} INFO - Executing <Task(PythonOperator): first-step-el> on 2024-05-25 00:55:00+00:00
[2024-05-26T00:43:27.828+0000] {warnings.py:110} WARNING - /home/***/.local/lib/python3.12/site-packages/***/task/task_runner/standard_task_runner.py:61: DeprecationWarning: This process (pid=108) is multi-threaded, use of fork() may lead to deadlocks in the child.
  pid = os.fork()

[2024-05-26T00:43:27.830+0000] {standard_task_runner.py:63} INFO - Started process 110 to run task
[2024-05-26T00:43:27.830+0000] {standard_task_runner.py:90} INFO - Running: ['***', 'tasks', 'run', 'DAG_catedra_***', 'first-step-el', 'scheduled__2024-05-25T00:55:00+00:00', '--job-id', '19', '--raw', '--subdir', 'DAGS_FOLDER/dag_clase.py', '--cfg-path', '/tmp/tmp148rxj90']
[2024-05-26T00:43:27.831+0000] {standard_task_runner.py:91} INFO - Job 19: Subtask first-step-el
[2024-05-26T00:43:27.870+0000] {task_command.py:426} INFO - Running <TaskInstance: DAG_catedra_airflow.first-step-el scheduled__2024-05-25T00:55:00+00:00 [running]> on host bb8f67d70e6d
[2024-05-26T00:43:27.950+0000] {taskinstance.py:2648} INFO - Exporting env vars: AIRFLOW_CTX_DAG_OWNER='***' AIRFLOW_CTX_DAG_ID='DAG_catedra_***' AIRFLOW_CTX_TASK_ID='first-step-el' AIRFLOW_CTX_EXECUTION_DATE='2024-05-25T00:55:00+00:00' AIRFLOW_CTX_TRY_NUMBER='1' AIRFLOW_CTX_DAG_RUN_ID='scheduled__2024-05-25T00:55:00+00:00'
[2024-05-26T00:43:27.951+0000] {taskinstance.py:430} INFO - ::endgroup::
[2024-05-26T00:43:27.957+0000] {logging_mixin.py:188} INFO - Connection to database was succesful
[2024-05-26T00:43:27.966+0000] {logging_mixin.py:188} INFO - Query completed
[2024-05-26T00:43:27.969+0000] {logging_mixin.py:188} INFO - execute_query_result_set()
[2024-05-26T00:43:27.974+0000] {logging_mixin.py:188} INFO - Connection to database was succesful
[2024-05-26T00:43:27.975+0000] {logging_mixin.py:188} INFO - ERROR, INSERTS COULDN`T BE DONE
[2024-05-26T00:43:27.976+0000] {python.py:237} INFO - Done. Returned value was: None
[2024-05-26T00:43:27.976+0000] {taskinstance.py:441} INFO - ::group::Post task execution logs
[2024-05-26T00:43:27.983+0000] {taskinstance.py:1206} INFO - Marking task as SUCCESS. dag_id=DAG_catedra_***, task_id=first-step-el, run_id=scheduled__2024-05-25T00:55:00+00:00, execution_date=20240525T005500, start_date=20240526T004327, end_date=20240526T004327
[2024-05-26T00:43:28.004+0000] {local_task_job_runner.py:240} INFO - Task exited with return code 0
[2024-05-26T00:43:28.022+0000] {taskinstance.py:3498} INFO - 1 downstream tasks scheduled from follow-on schedule check
[2024-05-26T00:43:28.030+0000] {local_task_job_runner.py:222} INFO - ::endgroup::
[2024-05-26T01:59:57.784+0000] {local_task_job_runner.py:120} INFO - ::group::Pre task execution logs
[2024-05-26T01:59:57.828+0000] {taskinstance.py:2076} INFO - Dependencies all met for dep_context=non-requeueable deps ti=<TaskInstance: DAG_catedra_airflow.first-step-el scheduled__2024-05-25T00:55:00+00:00 [queued]>
[2024-05-26T01:59:57.845+0000] {taskinstance.py:2076} INFO - Dependencies all met for dep_context=requeueable deps ti=<TaskInstance: DAG_catedra_airflow.first-step-el scheduled__2024-05-25T00:55:00+00:00 [queued]>
[2024-05-26T01:59:57.846+0000] {taskinstance.py:2306} INFO - Starting attempt 1 of 1
[2024-05-26T01:59:57.867+0000] {taskinstance.py:2330} INFO - Executing <Task(PythonOperator): first-step-el> on 2024-05-25 00:55:00+00:00
[2024-05-26T01:59:57.875+0000] {warnings.py:110} WARNING - /home/***/.local/lib/python3.12/site-packages/***/task/task_runner/standard_task_runner.py:61: DeprecationWarning: This process (pid=115) is multi-threaded, use of fork() may lead to deadlocks in the child.
  pid = os.fork()

[2024-05-26T01:59:57.878+0000] {standard_task_runner.py:63} INFO - Started process 117 to run task
[2024-05-26T01:59:57.878+0000] {standard_task_runner.py:90} INFO - Running: ['***', 'tasks', 'run', 'DAG_catedra_***', 'first-step-el', 'scheduled__2024-05-25T00:55:00+00:00', '--job-id', '19', '--raw', '--subdir', 'DAGS_FOLDER/dag_clase.py', '--cfg-path', '/tmp/tmp5dnxtis2']
[2024-05-26T01:59:57.880+0000] {standard_task_runner.py:91} INFO - Job 19: Subtask first-step-el
[2024-05-26T01:59:57.941+0000] {task_command.py:426} INFO - Running <TaskInstance: DAG_catedra_airflow.first-step-el scheduled__2024-05-25T00:55:00+00:00 [running]> on host da1b21f42040
[2024-05-26T01:59:58.074+0000] {taskinstance.py:2648} INFO - Exporting env vars: AIRFLOW_CTX_DAG_OWNER='***' AIRFLOW_CTX_DAG_ID='DAG_catedra_***' AIRFLOW_CTX_TASK_ID='first-step-el' AIRFLOW_CTX_EXECUTION_DATE='2024-05-25T00:55:00+00:00' AIRFLOW_CTX_TRY_NUMBER='1' AIRFLOW_CTX_DAG_RUN_ID='scheduled__2024-05-25T00:55:00+00:00'
[2024-05-26T01:59:58.076+0000] {taskinstance.py:430} INFO - ::endgroup::
[2024-05-26T01:59:58.084+0000] {logging_mixin.py:188} INFO - The connection to the DB was succesful
[2024-05-26T01:59:58.100+0000] {logging_mixin.py:188} INFO - Query completed
[2024-05-26T01:59:58.104+0000] {logging_mixin.py:188} INFO - execute_query_result_set()
[2024-05-26T01:59:58.112+0000] {logging_mixin.py:188} INFO - The connection to the DB was succesful
[2024-05-26T01:59:58.119+0000] {logging_mixin.py:188} INFO - Inserts were comitted
[2024-05-26T01:59:58.120+0000] {python.py:237} INFO - Done. Returned value was: None
[2024-05-26T01:59:58.121+0000] {taskinstance.py:441} INFO - ::group::Post task execution logs
[2024-05-26T01:59:58.132+0000] {taskinstance.py:1206} INFO - Marking task as SUCCESS. dag_id=DAG_catedra_***, task_id=first-step-el, run_id=scheduled__2024-05-25T00:55:00+00:00, execution_date=20240525T005500, start_date=20240526T015957, end_date=20240526T015958
[2024-05-26T01:59:58.174+0000] {local_task_job_runner.py:240} INFO - Task exited with return code 0
[2024-05-26T01:59:58.208+0000] {taskinstance.py:3498} INFO - 1 downstream tasks scheduled from follow-on schedule check
[2024-05-26T01:59:58.212+0000] {local_task_job_runner.py:222} INFO - ::endgroup::
