[2024-05-26T00:44:39.541+0000] {local_task_job_runner.py:120} INFO - ::group::Pre task execution logs
[2024-05-26T00:44:39.571+0000] {taskinstance.py:2076} INFO - Dependencies all met for dep_context=non-requeueable deps ti=<TaskInstance: DAG_catedra_airflow.first-step-el scheduled__2024-05-25T02:10:00+00:00 [queued]>
[2024-05-26T00:44:39.581+0000] {taskinstance.py:2076} INFO - Dependencies all met for dep_context=requeueable deps ti=<TaskInstance: DAG_catedra_airflow.first-step-el scheduled__2024-05-25T02:10:00+00:00 [queued]>
[2024-05-26T00:44:39.582+0000] {taskinstance.py:2306} INFO - Starting attempt 1 of 1
[2024-05-26T00:44:39.599+0000] {taskinstance.py:2330} INFO - Executing <Task(PythonOperator): first-step-el> on 2024-05-25 02:10:00+00:00
[2024-05-26T00:44:39.606+0000] {warnings.py:110} WARNING - /home/***/.local/lib/python3.12/site-packages/***/task/task_runner/standard_task_runner.py:61: DeprecationWarning: This process (pid=219) is multi-threaded, use of fork() may lead to deadlocks in the child.
  pid = os.fork()

[2024-05-26T00:44:39.608+0000] {standard_task_runner.py:63} INFO - Started process 221 to run task
[2024-05-26T00:44:39.608+0000] {standard_task_runner.py:90} INFO - Running: ['***', 'tasks', 'run', 'DAG_catedra_***', 'first-step-el', 'scheduled__2024-05-25T02:10:00+00:00', '--job-id', '49', '--raw', '--subdir', 'DAGS_FOLDER/dag_clase.py', '--cfg-path', '/tmp/tmpgh5h55s5']
[2024-05-26T00:44:39.610+0000] {standard_task_runner.py:91} INFO - Job 49: Subtask first-step-el
[2024-05-26T00:44:39.663+0000] {task_command.py:426} INFO - Running <TaskInstance: DAG_catedra_airflow.first-step-el scheduled__2024-05-25T02:10:00+00:00 [running]> on host bb8f67d70e6d
[2024-05-26T00:44:39.774+0000] {taskinstance.py:2648} INFO - Exporting env vars: AIRFLOW_CTX_DAG_OWNER='***' AIRFLOW_CTX_DAG_ID='DAG_catedra_***' AIRFLOW_CTX_TASK_ID='first-step-el' AIRFLOW_CTX_EXECUTION_DATE='2024-05-25T02:10:00+00:00' AIRFLOW_CTX_TRY_NUMBER='1' AIRFLOW_CTX_DAG_RUN_ID='scheduled__2024-05-25T02:10:00+00:00'
[2024-05-26T00:44:39.775+0000] {taskinstance.py:430} INFO - ::endgroup::
[2024-05-26T00:44:39.783+0000] {logging_mixin.py:188} INFO - Connection to database was succesful
[2024-05-26T00:44:39.797+0000] {logging_mixin.py:188} INFO - Query completed
[2024-05-26T00:44:39.802+0000] {logging_mixin.py:188} INFO - execute_query_result_set()
[2024-05-26T00:44:39.809+0000] {logging_mixin.py:188} INFO - Connection to database was succesful
[2024-05-26T00:44:39.810+0000] {logging_mixin.py:188} INFO - ERROR, INSERTS COULDN`T BE DONE
[2024-05-26T00:44:39.811+0000] {python.py:237} INFO - Done. Returned value was: None
[2024-05-26T00:44:39.811+0000] {taskinstance.py:441} INFO - ::group::Post task execution logs
[2024-05-26T00:44:39.820+0000] {taskinstance.py:1206} INFO - Marking task as SUCCESS. dag_id=DAG_catedra_***, task_id=first-step-el, run_id=scheduled__2024-05-25T02:10:00+00:00, execution_date=20240525T021000, start_date=20240526T004439, end_date=20240526T004439
[2024-05-26T00:44:39.862+0000] {local_task_job_runner.py:240} INFO - Task exited with return code 0
[2024-05-26T00:44:39.894+0000] {taskinstance.py:3498} INFO - 1 downstream tasks scheduled from follow-on schedule check
[2024-05-26T00:44:39.903+0000] {local_task_job_runner.py:222} INFO - ::endgroup::
[2024-05-26T02:01:17.150+0000] {local_task_job_runner.py:120} INFO - ::group::Pre task execution logs
[2024-05-26T02:01:17.171+0000] {taskinstance.py:2076} INFO - Dependencies all met for dep_context=non-requeueable deps ti=<TaskInstance: DAG_catedra_airflow.first-step-el scheduled__2024-05-25T02:10:00+00:00 [queued]>
[2024-05-26T02:01:17.179+0000] {taskinstance.py:2076} INFO - Dependencies all met for dep_context=requeueable deps ti=<TaskInstance: DAG_catedra_airflow.first-step-el scheduled__2024-05-25T02:10:00+00:00 [queued]>
[2024-05-26T02:01:17.179+0000] {taskinstance.py:2306} INFO - Starting attempt 1 of 1
[2024-05-26T02:01:17.191+0000] {taskinstance.py:2330} INFO - Executing <Task(PythonOperator): first-step-el> on 2024-05-25 02:10:00+00:00
[2024-05-26T02:01:17.197+0000] {warnings.py:110} WARNING - /home/***/.local/lib/python3.12/site-packages/***/task/task_runner/standard_task_runner.py:61: DeprecationWarning: This process (pid=219) is multi-threaded, use of fork() may lead to deadlocks in the child.
  pid = os.fork()

[2024-05-26T02:01:17.199+0000] {standard_task_runner.py:63} INFO - Started process 221 to run task
[2024-05-26T02:01:17.199+0000] {standard_task_runner.py:90} INFO - Running: ['***', 'tasks', 'run', 'DAG_catedra_***', 'first-step-el', 'scheduled__2024-05-25T02:10:00+00:00', '--job-id', '49', '--raw', '--subdir', 'DAGS_FOLDER/dag_clase.py', '--cfg-path', '/tmp/tmpi06n09xl']
[2024-05-26T02:01:17.200+0000] {standard_task_runner.py:91} INFO - Job 49: Subtask first-step-el
[2024-05-26T02:01:17.237+0000] {task_command.py:426} INFO - Running <TaskInstance: DAG_catedra_airflow.first-step-el scheduled__2024-05-25T02:10:00+00:00 [running]> on host da1b21f42040
[2024-05-26T02:01:17.316+0000] {taskinstance.py:2648} INFO - Exporting env vars: AIRFLOW_CTX_DAG_OWNER='***' AIRFLOW_CTX_DAG_ID='DAG_catedra_***' AIRFLOW_CTX_TASK_ID='first-step-el' AIRFLOW_CTX_EXECUTION_DATE='2024-05-25T02:10:00+00:00' AIRFLOW_CTX_TRY_NUMBER='1' AIRFLOW_CTX_DAG_RUN_ID='scheduled__2024-05-25T02:10:00+00:00'
[2024-05-26T02:01:17.317+0000] {taskinstance.py:430} INFO - ::endgroup::
[2024-05-26T02:01:17.322+0000] {logging_mixin.py:188} INFO - The connection to the DB was succesful
[2024-05-26T02:01:17.332+0000] {logging_mixin.py:188} INFO - Query completed
[2024-05-26T02:01:17.334+0000] {logging_mixin.py:188} INFO - execute_query_result_set()
[2024-05-26T02:01:17.339+0000] {logging_mixin.py:188} INFO - The connection to the DB was succesful
[2024-05-26T02:01:17.351+0000] {logging_mixin.py:188} INFO - Inserts were comitted
[2024-05-26T02:01:17.351+0000] {python.py:237} INFO - Done. Returned value was: None
[2024-05-26T02:01:17.352+0000] {taskinstance.py:441} INFO - ::group::Post task execution logs
[2024-05-26T02:01:17.360+0000] {taskinstance.py:1206} INFO - Marking task as SUCCESS. dag_id=DAG_catedra_***, task_id=first-step-el, run_id=scheduled__2024-05-25T02:10:00+00:00, execution_date=20240525T021000, start_date=20240526T020117, end_date=20240526T020117
[2024-05-26T02:01:17.413+0000] {local_task_job_runner.py:240} INFO - Task exited with return code 0
[2024-05-26T02:01:17.428+0000] {local_task_job_runner.py:222} INFO - ::endgroup::
