[2024-05-25T21:17:52.511+0000] {local_task_job_runner.py:120} INFO - ::group::Pre task execution logs
[2024-05-25T21:17:52.534+0000] {taskinstance.py:2076} INFO - Dependencies all met for dep_context=non-requeueable deps ti=<TaskInstance: DAG_catedra_airflow.first-step-el scheduled__2024-05-25T01:05:00+00:00 [queued]>
[2024-05-25T21:17:52.542+0000] {taskinstance.py:2076} INFO - Dependencies all met for dep_context=requeueable deps ti=<TaskInstance: DAG_catedra_airflow.first-step-el scheduled__2024-05-25T01:05:00+00:00 [queued]>
[2024-05-25T21:17:52.542+0000] {taskinstance.py:2306} INFO - Starting attempt 1 of 1
[2024-05-25T21:17:52.555+0000] {taskinstance.py:2330} INFO - Executing <Task(PythonOperator): first-step-el> on 2024-05-25 01:05:00+00:00
[2024-05-25T21:17:52.561+0000] {warnings.py:110} WARNING - /home/***/.local/lib/python3.12/site-packages/***/task/task_runner/standard_task_runner.py:61: DeprecationWarning: This process (pid=578) is multi-threaded, use of fork() may lead to deadlocks in the child.
  pid = os.fork()

[2024-05-25T21:17:52.563+0000] {standard_task_runner.py:63} INFO - Started process 580 to run task
[2024-05-25T21:17:52.563+0000] {standard_task_runner.py:90} INFO - Running: ['***', 'tasks', 'run', 'DAG_catedra_***', 'first-step-el', 'scheduled__2024-05-25T01:05:00+00:00', '--job-id', '142', '--raw', '--subdir', 'DAGS_FOLDER/dag_clase.py', '--cfg-path', '/tmp/tmp7bxxc5tm']
[2024-05-25T21:17:52.565+0000] {standard_task_runner.py:91} INFO - Job 142: Subtask first-step-el
[2024-05-25T21:17:52.607+0000] {task_command.py:426} INFO - Running <TaskInstance: DAG_catedra_airflow.first-step-el scheduled__2024-05-25T01:05:00+00:00 [running]> on host b2cfee8f0b2b
[2024-05-25T21:17:52.699+0000] {taskinstance.py:2648} INFO - Exporting env vars: AIRFLOW_CTX_DAG_OWNER='***' AIRFLOW_CTX_DAG_ID='DAG_catedra_***' AIRFLOW_CTX_TASK_ID='first-step-el' AIRFLOW_CTX_EXECUTION_DATE='2024-05-25T01:05:00+00:00' AIRFLOW_CTX_TRY_NUMBER='1' AIRFLOW_CTX_DAG_RUN_ID='scheduled__2024-05-25T01:05:00+00:00'
[2024-05-25T21:17:52.700+0000] {taskinstance.py:430} INFO - ::endgroup::
[2024-05-25T21:17:52.707+0000] {logging_mixin.py:188} INFO - Connection to database was succesful
[2024-05-25T21:17:52.718+0000] {logging_mixin.py:188} INFO - Query completed
[2024-05-25T21:17:52.720+0000] {logging_mixin.py:188} INFO - execute_query_result_set()
[2024-05-25T21:17:52.726+0000] {logging_mixin.py:188} INFO - Connection to database was succesful
[2024-05-25T21:17:52.733+0000] {logging_mixin.py:188} INFO - Inserts performed wihout fail
[2024-05-25T21:17:52.734+0000] {python.py:237} INFO - Done. Returned value was: None
[2024-05-25T21:17:52.734+0000] {taskinstance.py:441} INFO - ::group::Post task execution logs
[2024-05-25T21:17:52.742+0000] {taskinstance.py:1206} INFO - Marking task as SUCCESS. dag_id=DAG_catedra_***, task_id=first-step-el, run_id=scheduled__2024-05-25T01:05:00+00:00, execution_date=20240525T010500, start_date=20240525T211752, end_date=20240525T211752
[2024-05-25T21:17:52.777+0000] {local_task_job_runner.py:240} INFO - Task exited with return code 0
[2024-05-25T21:17:52.798+0000] {taskinstance.py:3498} INFO - 1 downstream tasks scheduled from follow-on schedule check
[2024-05-25T21:17:52.802+0000] {local_task_job_runner.py:222} INFO - ::endgroup::
[2024-05-26T00:43:37.837+0000] {local_task_job_runner.py:120} INFO - ::group::Pre task execution logs
[2024-05-26T00:43:37.859+0000] {taskinstance.py:2076} INFO - Dependencies all met for dep_context=non-requeueable deps ti=<TaskInstance: DAG_catedra_airflow.first-step-el scheduled__2024-05-25T01:05:00+00:00 [queued]>
[2024-05-26T00:43:37.866+0000] {taskinstance.py:2076} INFO - Dependencies all met for dep_context=requeueable deps ti=<TaskInstance: DAG_catedra_airflow.first-step-el scheduled__2024-05-25T01:05:00+00:00 [queued]>
[2024-05-26T00:43:37.867+0000] {taskinstance.py:2306} INFO - Starting attempt 1 of 1
[2024-05-26T00:43:37.879+0000] {taskinstance.py:2330} INFO - Executing <Task(PythonOperator): first-step-el> on 2024-05-25 01:05:00+00:00
[2024-05-26T00:43:37.884+0000] {warnings.py:110} WARNING - /home/***/.local/lib/python3.12/site-packages/***/task/task_runner/standard_task_runner.py:61: DeprecationWarning: This process (pid=127) is multi-threaded, use of fork() may lead to deadlocks in the child.
  pid = os.fork()

[2024-05-26T00:43:37.886+0000] {standard_task_runner.py:63} INFO - Started process 129 to run task
[2024-05-26T00:43:37.886+0000] {standard_task_runner.py:90} INFO - Running: ['***', 'tasks', 'run', 'DAG_catedra_***', 'first-step-el', 'scheduled__2024-05-25T01:05:00+00:00', '--job-id', '23', '--raw', '--subdir', 'DAGS_FOLDER/dag_clase.py', '--cfg-path', '/tmp/tmp6otbnylm']
[2024-05-26T00:43:37.887+0000] {standard_task_runner.py:91} INFO - Job 23: Subtask first-step-el
[2024-05-26T00:43:37.922+0000] {task_command.py:426} INFO - Running <TaskInstance: DAG_catedra_airflow.first-step-el scheduled__2024-05-25T01:05:00+00:00 [running]> on host bb8f67d70e6d
[2024-05-26T00:43:37.996+0000] {taskinstance.py:2648} INFO - Exporting env vars: AIRFLOW_CTX_DAG_OWNER='***' AIRFLOW_CTX_DAG_ID='DAG_catedra_***' AIRFLOW_CTX_TASK_ID='first-step-el' AIRFLOW_CTX_EXECUTION_DATE='2024-05-25T01:05:00+00:00' AIRFLOW_CTX_TRY_NUMBER='1' AIRFLOW_CTX_DAG_RUN_ID='scheduled__2024-05-25T01:05:00+00:00'
[2024-05-26T00:43:37.997+0000] {taskinstance.py:430} INFO - ::endgroup::
[2024-05-26T00:43:38.002+0000] {logging_mixin.py:188} INFO - Connection to database was succesful
[2024-05-26T00:43:38.011+0000] {logging_mixin.py:188} INFO - Query completed
[2024-05-26T00:43:38.015+0000] {logging_mixin.py:188} INFO - execute_query_result_set()
[2024-05-26T00:43:38.019+0000] {logging_mixin.py:188} INFO - Connection to database was succesful
[2024-05-26T00:43:38.020+0000] {logging_mixin.py:188} INFO - ERROR, INSERTS COULDN`T BE DONE
[2024-05-26T00:43:38.021+0000] {python.py:237} INFO - Done. Returned value was: None
[2024-05-26T00:43:38.021+0000] {taskinstance.py:441} INFO - ::group::Post task execution logs
[2024-05-26T00:43:38.027+0000] {taskinstance.py:1206} INFO - Marking task as SUCCESS. dag_id=DAG_catedra_***, task_id=first-step-el, run_id=scheduled__2024-05-25T01:05:00+00:00, execution_date=20240525T010500, start_date=20240526T004337, end_date=20240526T004338
[2024-05-26T00:43:38.059+0000] {local_task_job_runner.py:240} INFO - Task exited with return code 0
[2024-05-26T00:43:38.067+0000] {local_task_job_runner.py:222} INFO - ::endgroup::
[2024-05-26T02:00:09.020+0000] {local_task_job_runner.py:120} INFO - ::group::Pre task execution logs
[2024-05-26T02:00:09.048+0000] {taskinstance.py:2076} INFO - Dependencies all met for dep_context=non-requeueable deps ti=<TaskInstance: DAG_catedra_airflow.first-step-el scheduled__2024-05-25T01:05:00+00:00 [queued]>
[2024-05-26T02:00:09.059+0000] {taskinstance.py:2076} INFO - Dependencies all met for dep_context=requeueable deps ti=<TaskInstance: DAG_catedra_airflow.first-step-el scheduled__2024-05-25T01:05:00+00:00 [queued]>
[2024-05-26T02:00:09.059+0000] {taskinstance.py:2306} INFO - Starting attempt 1 of 1
[2024-05-26T02:00:09.077+0000] {taskinstance.py:2330} INFO - Executing <Task(PythonOperator): first-step-el> on 2024-05-25 01:05:00+00:00
[2024-05-26T02:00:09.084+0000] {warnings.py:110} WARNING - /home/***/.local/lib/python3.12/site-packages/***/task/task_runner/standard_task_runner.py:61: DeprecationWarning: This process (pid=127) is multi-threaded, use of fork() may lead to deadlocks in the child.
  pid = os.fork()

[2024-05-26T02:00:09.086+0000] {standard_task_runner.py:63} INFO - Started process 129 to run task
[2024-05-26T02:00:09.087+0000] {standard_task_runner.py:90} INFO - Running: ['***', 'tasks', 'run', 'DAG_catedra_***', 'first-step-el', 'scheduled__2024-05-25T01:05:00+00:00', '--job-id', '23', '--raw', '--subdir', 'DAGS_FOLDER/dag_clase.py', '--cfg-path', '/tmp/tmp3qwaxb8i']
[2024-05-26T02:00:09.089+0000] {standard_task_runner.py:91} INFO - Job 23: Subtask first-step-el
[2024-05-26T02:00:09.151+0000] {task_command.py:426} INFO - Running <TaskInstance: DAG_catedra_airflow.first-step-el scheduled__2024-05-25T01:05:00+00:00 [running]> on host da1b21f42040
[2024-05-26T02:00:09.294+0000] {taskinstance.py:2648} INFO - Exporting env vars: AIRFLOW_CTX_DAG_OWNER='***' AIRFLOW_CTX_DAG_ID='DAG_catedra_***' AIRFLOW_CTX_TASK_ID='first-step-el' AIRFLOW_CTX_EXECUTION_DATE='2024-05-25T01:05:00+00:00' AIRFLOW_CTX_TRY_NUMBER='1' AIRFLOW_CTX_DAG_RUN_ID='scheduled__2024-05-25T01:05:00+00:00'
[2024-05-26T02:00:09.296+0000] {taskinstance.py:430} INFO - ::endgroup::
[2024-05-26T02:00:09.305+0000] {logging_mixin.py:188} INFO - The connection to the DB was succesful
[2024-05-26T02:00:09.321+0000] {logging_mixin.py:188} INFO - Query completed
[2024-05-26T02:00:09.325+0000] {logging_mixin.py:188} INFO - execute_query_result_set()
[2024-05-26T02:00:09.332+0000] {logging_mixin.py:188} INFO - The connection to the DB was succesful
[2024-05-26T02:00:09.339+0000] {logging_mixin.py:188} INFO - Inserts were comitted
[2024-05-26T02:00:09.340+0000] {python.py:237} INFO - Done. Returned value was: None
[2024-05-26T02:00:09.341+0000] {taskinstance.py:441} INFO - ::group::Post task execution logs
[2024-05-26T02:00:09.351+0000] {taskinstance.py:1206} INFO - Marking task as SUCCESS. dag_id=DAG_catedra_***, task_id=first-step-el, run_id=scheduled__2024-05-25T01:05:00+00:00, execution_date=20240525T010500, start_date=20240526T020009, end_date=20240526T020009
[2024-05-26T02:00:09.381+0000] {local_task_job_runner.py:240} INFO - Task exited with return code 0
[2024-05-26T02:00:09.411+0000] {taskinstance.py:3498} INFO - 1 downstream tasks scheduled from follow-on schedule check
[2024-05-26T02:00:09.417+0000] {local_task_job_runner.py:222} INFO - ::endgroup::
