[2024-05-25T21:19:33.608+0000] {local_task_job_runner.py:120} INFO - ::group::Pre task execution logs
[2024-05-25T21:19:33.628+0000] {taskinstance.py:2076} INFO - Dependencies all met for dep_context=non-requeueable deps ti=<TaskInstance: DAG_catedra_airflow.first-step-el scheduled__2024-05-25T01:25:00+00:00 [queued]>
[2024-05-25T21:19:33.635+0000] {taskinstance.py:2076} INFO - Dependencies all met for dep_context=requeueable deps ti=<TaskInstance: DAG_catedra_airflow.first-step-el scheduled__2024-05-25T01:25:00+00:00 [queued]>
[2024-05-25T21:19:33.636+0000] {taskinstance.py:2306} INFO - Starting attempt 1 of 1
[2024-05-25T21:19:33.648+0000] {taskinstance.py:2330} INFO - Executing <Task(PythonOperator): first-step-el> on 2024-05-25 01:25:00+00:00
[2024-05-25T21:19:33.654+0000] {warnings.py:110} WARNING - /home/***/.local/lib/python3.12/site-packages/***/task/task_runner/standard_task_runner.py:61: DeprecationWarning: This process (pid=720) is multi-threaded, use of fork() may lead to deadlocks in the child.
  pid = os.fork()

[2024-05-25T21:19:33.655+0000] {standard_task_runner.py:63} INFO - Started process 722 to run task
[2024-05-25T21:19:33.655+0000] {standard_task_runner.py:90} INFO - Running: ['***', 'tasks', 'run', 'DAG_catedra_***', 'first-step-el', 'scheduled__2024-05-25T01:25:00+00:00', '--job-id', '182', '--raw', '--subdir', 'DAGS_FOLDER/dag_clase.py', '--cfg-path', '/tmp/tmpullhl1c4']
[2024-05-25T21:19:33.656+0000] {standard_task_runner.py:91} INFO - Job 182: Subtask first-step-el
[2024-05-25T21:19:33.697+0000] {task_command.py:426} INFO - Running <TaskInstance: DAG_catedra_airflow.first-step-el scheduled__2024-05-25T01:25:00+00:00 [running]> on host b2cfee8f0b2b
[2024-05-25T21:19:33.780+0000] {taskinstance.py:2648} INFO - Exporting env vars: AIRFLOW_CTX_DAG_OWNER='***' AIRFLOW_CTX_DAG_ID='DAG_catedra_***' AIRFLOW_CTX_TASK_ID='first-step-el' AIRFLOW_CTX_EXECUTION_DATE='2024-05-25T01:25:00+00:00' AIRFLOW_CTX_TRY_NUMBER='1' AIRFLOW_CTX_DAG_RUN_ID='scheduled__2024-05-25T01:25:00+00:00'
[2024-05-25T21:19:33.782+0000] {taskinstance.py:430} INFO - ::endgroup::
[2024-05-25T21:19:33.787+0000] {logging_mixin.py:188} INFO - Connection to database was succesful
[2024-05-25T21:19:33.796+0000] {logging_mixin.py:188} INFO - Query completed
[2024-05-25T21:19:33.798+0000] {logging_mixin.py:188} INFO - execute_query_result_set()
[2024-05-25T21:19:33.802+0000] {logging_mixin.py:188} INFO - Connection to database was succesful
[2024-05-25T21:19:33.809+0000] {logging_mixin.py:188} INFO - Inserts performed wihout fail
[2024-05-25T21:19:33.809+0000] {python.py:237} INFO - Done. Returned value was: None
[2024-05-25T21:19:33.810+0000] {taskinstance.py:441} INFO - ::group::Post task execution logs
[2024-05-25T21:19:33.816+0000] {taskinstance.py:1206} INFO - Marking task as SUCCESS. dag_id=DAG_catedra_***, task_id=first-step-el, run_id=scheduled__2024-05-25T01:25:00+00:00, execution_date=20240525T012500, start_date=20240525T211933, end_date=20240525T211933
[2024-05-25T21:19:33.869+0000] {local_task_job_runner.py:240} INFO - Task exited with return code 0
[2024-05-25T21:19:33.904+0000] {taskinstance.py:3498} INFO - 1 downstream tasks scheduled from follow-on schedule check
[2024-05-25T21:19:33.910+0000] {local_task_job_runner.py:222} INFO - ::endgroup::
[2024-05-26T00:43:57.024+0000] {local_task_job_runner.py:120} INFO - ::group::Pre task execution logs
[2024-05-26T00:43:57.047+0000] {taskinstance.py:2076} INFO - Dependencies all met for dep_context=non-requeueable deps ti=<TaskInstance: DAG_catedra_airflow.first-step-el scheduled__2024-05-25T01:25:00+00:00 [queued]>
[2024-05-26T00:43:57.054+0000] {taskinstance.py:2076} INFO - Dependencies all met for dep_context=requeueable deps ti=<TaskInstance: DAG_catedra_airflow.first-step-el scheduled__2024-05-25T01:25:00+00:00 [queued]>
[2024-05-26T00:43:57.054+0000] {taskinstance.py:2306} INFO - Starting attempt 1 of 1
[2024-05-26T00:43:57.066+0000] {taskinstance.py:2330} INFO - Executing <Task(PythonOperator): first-step-el> on 2024-05-25 01:25:00+00:00
[2024-05-26T00:43:57.071+0000] {warnings.py:110} WARNING - /home/***/.local/lib/python3.12/site-packages/***/task/task_runner/standard_task_runner.py:61: DeprecationWarning: This process (pid=151) is multi-threaded, use of fork() may lead to deadlocks in the child.
  pid = os.fork()

[2024-05-26T00:43:57.073+0000] {standard_task_runner.py:63} INFO - Started process 153 to run task
[2024-05-26T00:43:57.073+0000] {standard_task_runner.py:90} INFO - Running: ['***', 'tasks', 'run', 'DAG_catedra_***', 'first-step-el', 'scheduled__2024-05-25T01:25:00+00:00', '--job-id', '31', '--raw', '--subdir', 'DAGS_FOLDER/dag_clase.py', '--cfg-path', '/tmp/tmpsz1n0of_']
[2024-05-26T00:43:57.074+0000] {standard_task_runner.py:91} INFO - Job 31: Subtask first-step-el
[2024-05-26T00:43:57.119+0000] {task_command.py:426} INFO - Running <TaskInstance: DAG_catedra_airflow.first-step-el scheduled__2024-05-25T01:25:00+00:00 [running]> on host bb8f67d70e6d
[2024-05-26T00:43:57.193+0000] {taskinstance.py:2648} INFO - Exporting env vars: AIRFLOW_CTX_DAG_OWNER='***' AIRFLOW_CTX_DAG_ID='DAG_catedra_***' AIRFLOW_CTX_TASK_ID='first-step-el' AIRFLOW_CTX_EXECUTION_DATE='2024-05-25T01:25:00+00:00' AIRFLOW_CTX_TRY_NUMBER='1' AIRFLOW_CTX_DAG_RUN_ID='scheduled__2024-05-25T01:25:00+00:00'
[2024-05-26T00:43:57.194+0000] {taskinstance.py:430} INFO - ::endgroup::
[2024-05-26T00:43:57.199+0000] {logging_mixin.py:188} INFO - Connection to database was succesful
[2024-05-26T00:43:57.208+0000] {logging_mixin.py:188} INFO - Query completed
[2024-05-26T00:43:57.212+0000] {logging_mixin.py:188} INFO - execute_query_result_set()
[2024-05-26T00:43:57.217+0000] {logging_mixin.py:188} INFO - Connection to database was succesful
[2024-05-26T00:43:57.218+0000] {logging_mixin.py:188} INFO - ERROR, INSERTS COULDN`T BE DONE
[2024-05-26T00:43:57.218+0000] {python.py:237} INFO - Done. Returned value was: None
[2024-05-26T00:43:57.219+0000] {taskinstance.py:441} INFO - ::group::Post task execution logs
[2024-05-26T00:43:57.225+0000] {taskinstance.py:1206} INFO - Marking task as SUCCESS. dag_id=DAG_catedra_***, task_id=first-step-el, run_id=scheduled__2024-05-25T01:25:00+00:00, execution_date=20240525T012500, start_date=20240526T004357, end_date=20240526T004357
[2024-05-26T00:43:57.246+0000] {local_task_job_runner.py:240} INFO - Task exited with return code 0
[2024-05-26T00:43:57.254+0000] {local_task_job_runner.py:222} INFO - ::endgroup::
[2024-05-26T02:00:31.855+0000] {local_task_job_runner.py:120} INFO - ::group::Pre task execution logs
[2024-05-26T02:00:31.903+0000] {taskinstance.py:2076} INFO - Dependencies all met for dep_context=non-requeueable deps ti=<TaskInstance: DAG_catedra_airflow.first-step-el scheduled__2024-05-25T01:25:00+00:00 [queued]>
[2024-05-26T02:00:31.921+0000] {taskinstance.py:2076} INFO - Dependencies all met for dep_context=requeueable deps ti=<TaskInstance: DAG_catedra_airflow.first-step-el scheduled__2024-05-25T01:25:00+00:00 [queued]>
[2024-05-26T02:00:31.922+0000] {taskinstance.py:2306} INFO - Starting attempt 1 of 1
[2024-05-26T02:00:31.942+0000] {taskinstance.py:2330} INFO - Executing <Task(PythonOperator): first-step-el> on 2024-05-25 01:25:00+00:00
[2024-05-26T02:00:31.951+0000] {warnings.py:110} WARNING - /home/***/.local/lib/python3.12/site-packages/***/task/task_runner/standard_task_runner.py:61: DeprecationWarning: This process (pid=158) is multi-threaded, use of fork() may lead to deadlocks in the child.
  pid = os.fork()

[2024-05-26T02:00:31.953+0000] {standard_task_runner.py:63} INFO - Started process 160 to run task
[2024-05-26T02:00:31.956+0000] {standard_task_runner.py:90} INFO - Running: ['***', 'tasks', 'run', 'DAG_catedra_***', 'first-step-el', 'scheduled__2024-05-25T01:25:00+00:00', '--job-id', '31', '--raw', '--subdir', 'DAGS_FOLDER/dag_clase.py', '--cfg-path', '/tmp/tmpah7c1mn5']
[2024-05-26T02:00:31.958+0000] {standard_task_runner.py:91} INFO - Job 31: Subtask first-step-el
[2024-05-26T02:00:32.043+0000] {task_command.py:426} INFO - Running <TaskInstance: DAG_catedra_airflow.first-step-el scheduled__2024-05-25T01:25:00+00:00 [running]> on host da1b21f42040
[2024-05-26T02:00:32.227+0000] {taskinstance.py:2648} INFO - Exporting env vars: AIRFLOW_CTX_DAG_OWNER='***' AIRFLOW_CTX_DAG_ID='DAG_catedra_***' AIRFLOW_CTX_TASK_ID='first-step-el' AIRFLOW_CTX_EXECUTION_DATE='2024-05-25T01:25:00+00:00' AIRFLOW_CTX_TRY_NUMBER='1' AIRFLOW_CTX_DAG_RUN_ID='scheduled__2024-05-25T01:25:00+00:00'
[2024-05-26T02:00:32.230+0000] {taskinstance.py:430} INFO - ::endgroup::
[2024-05-26T02:00:32.239+0000] {logging_mixin.py:188} INFO - The connection to the DB was succesful
[2024-05-26T02:00:32.270+0000] {logging_mixin.py:188} INFO - Query completed
[2024-05-26T02:00:32.278+0000] {logging_mixin.py:188} INFO - execute_query_result_set()
[2024-05-26T02:00:32.289+0000] {logging_mixin.py:188} INFO - The connection to the DB was succesful
[2024-05-26T02:00:32.301+0000] {logging_mixin.py:188} INFO - Inserts were comitted
[2024-05-26T02:00:32.302+0000] {python.py:237} INFO - Done. Returned value was: None
[2024-05-26T02:00:32.303+0000] {taskinstance.py:441} INFO - ::group::Post task execution logs
[2024-05-26T02:00:32.318+0000] {taskinstance.py:1206} INFO - Marking task as SUCCESS. dag_id=DAG_catedra_***, task_id=first-step-el, run_id=scheduled__2024-05-25T01:25:00+00:00, execution_date=20240525T012500, start_date=20240526T020031, end_date=20240526T020032
[2024-05-26T02:00:32.370+0000] {local_task_job_runner.py:240} INFO - Task exited with return code 0
[2024-05-26T02:00:32.407+0000] {taskinstance.py:3498} INFO - 1 downstream tasks scheduled from follow-on schedule check
[2024-05-26T02:00:32.412+0000] {local_task_job_runner.py:222} INFO - ::endgroup::
