[2024-05-25T21:18:41.846+0000] {local_task_job_runner.py:120} INFO - ::group::Pre task execution logs
[2024-05-25T21:18:41.885+0000] {taskinstance.py:2076} INFO - Dependencies all met for dep_context=non-requeueable deps ti=<TaskInstance: DAG_catedra_airflow.first-step-el scheduled__2024-05-25T01:15:00+00:00 [queued]>
[2024-05-25T21:18:41.899+0000] {taskinstance.py:2076} INFO - Dependencies all met for dep_context=requeueable deps ti=<TaskInstance: DAG_catedra_airflow.first-step-el scheduled__2024-05-25T01:15:00+00:00 [queued]>
[2024-05-25T21:18:41.900+0000] {taskinstance.py:2306} INFO - Starting attempt 1 of 1
[2024-05-25T21:18:41.917+0000] {taskinstance.py:2330} INFO - Executing <Task(PythonOperator): first-step-el> on 2024-05-25 01:15:00+00:00
[2024-05-25T21:18:41.925+0000] {warnings.py:110} WARNING - /home/***/.local/lib/python3.12/site-packages/***/task/task_runner/standard_task_runner.py:61: DeprecationWarning: This process (pid=653) is multi-threaded, use of fork() may lead to deadlocks in the child.
  pid = os.fork()

[2024-05-25T21:18:41.927+0000] {standard_task_runner.py:63} INFO - Started process 655 to run task
[2024-05-25T21:18:41.927+0000] {standard_task_runner.py:90} INFO - Running: ['***', 'tasks', 'run', 'DAG_catedra_***', 'first-step-el', 'scheduled__2024-05-25T01:15:00+00:00', '--job-id', '162', '--raw', '--subdir', 'DAGS_FOLDER/dag_clase.py', '--cfg-path', '/tmp/tmp_ro5fb8a']
[2024-05-25T21:18:41.929+0000] {standard_task_runner.py:91} INFO - Job 162: Subtask first-step-el
[2024-05-25T21:18:41.993+0000] {task_command.py:426} INFO - Running <TaskInstance: DAG_catedra_airflow.first-step-el scheduled__2024-05-25T01:15:00+00:00 [running]> on host b2cfee8f0b2b
[2024-05-25T21:18:42.181+0000] {taskinstance.py:2648} INFO - Exporting env vars: AIRFLOW_CTX_DAG_OWNER='***' AIRFLOW_CTX_DAG_ID='DAG_catedra_***' AIRFLOW_CTX_TASK_ID='first-step-el' AIRFLOW_CTX_EXECUTION_DATE='2024-05-25T01:15:00+00:00' AIRFLOW_CTX_TRY_NUMBER='1' AIRFLOW_CTX_DAG_RUN_ID='scheduled__2024-05-25T01:15:00+00:00'
[2024-05-25T21:18:42.184+0000] {taskinstance.py:430} INFO - ::endgroup::
[2024-05-25T21:18:42.200+0000] {logging_mixin.py:188} INFO - Connection to database was succesful
[2024-05-25T21:18:42.235+0000] {logging_mixin.py:188} INFO - Query completed
[2024-05-25T21:18:42.240+0000] {logging_mixin.py:188} INFO - execute_query_result_set()
[2024-05-25T21:18:42.250+0000] {logging_mixin.py:188} INFO - Connection to database was succesful
[2024-05-25T21:18:42.265+0000] {logging_mixin.py:188} INFO - Inserts performed wihout fail
[2024-05-25T21:18:42.269+0000] {python.py:237} INFO - Done. Returned value was: None
[2024-05-25T21:18:42.270+0000] {taskinstance.py:441} INFO - ::group::Post task execution logs
[2024-05-25T21:18:42.292+0000] {taskinstance.py:1206} INFO - Marking task as SUCCESS. dag_id=DAG_catedra_***, task_id=first-step-el, run_id=scheduled__2024-05-25T01:15:00+00:00, execution_date=20240525T011500, start_date=20240525T211841, end_date=20240525T211842
[2024-05-25T21:18:42.350+0000] {local_task_job_runner.py:240} INFO - Task exited with return code 0
[2024-05-25T21:18:42.384+0000] {taskinstance.py:3498} INFO - 1 downstream tasks scheduled from follow-on schedule check
[2024-05-25T21:18:42.388+0000] {local_task_job_runner.py:222} INFO - ::endgroup::
[2024-05-26T00:43:46.978+0000] {local_task_job_runner.py:120} INFO - ::group::Pre task execution logs
[2024-05-26T00:43:47.017+0000] {taskinstance.py:2076} INFO - Dependencies all met for dep_context=non-requeueable deps ti=<TaskInstance: DAG_catedra_airflow.first-step-el scheduled__2024-05-25T01:15:00+00:00 [queued]>
[2024-05-26T00:43:47.029+0000] {taskinstance.py:2076} INFO - Dependencies all met for dep_context=requeueable deps ti=<TaskInstance: DAG_catedra_airflow.first-step-el scheduled__2024-05-25T01:15:00+00:00 [queued]>
[2024-05-26T00:43:47.029+0000] {taskinstance.py:2306} INFO - Starting attempt 1 of 1
[2024-05-26T00:43:47.044+0000] {taskinstance.py:2330} INFO - Executing <Task(PythonOperator): first-step-el> on 2024-05-25 01:15:00+00:00
[2024-05-26T00:43:47.051+0000] {warnings.py:110} WARNING - /home/***/.local/lib/python3.12/site-packages/***/task/task_runner/standard_task_runner.py:61: DeprecationWarning: This process (pid=139) is multi-threaded, use of fork() may lead to deadlocks in the child.
  pid = os.fork()

[2024-05-26T00:43:47.053+0000] {standard_task_runner.py:63} INFO - Started process 141 to run task
[2024-05-26T00:43:47.053+0000] {standard_task_runner.py:90} INFO - Running: ['***', 'tasks', 'run', 'DAG_catedra_***', 'first-step-el', 'scheduled__2024-05-25T01:15:00+00:00', '--job-id', '27', '--raw', '--subdir', 'DAGS_FOLDER/dag_clase.py', '--cfg-path', '/tmp/tmp0zlmar85']
[2024-05-26T00:43:47.055+0000] {standard_task_runner.py:91} INFO - Job 27: Subtask first-step-el
[2024-05-26T00:43:47.118+0000] {task_command.py:426} INFO - Running <TaskInstance: DAG_catedra_airflow.first-step-el scheduled__2024-05-25T01:15:00+00:00 [running]> on host bb8f67d70e6d
[2024-05-26T00:43:47.208+0000] {taskinstance.py:2648} INFO - Exporting env vars: AIRFLOW_CTX_DAG_OWNER='***' AIRFLOW_CTX_DAG_ID='DAG_catedra_***' AIRFLOW_CTX_TASK_ID='first-step-el' AIRFLOW_CTX_EXECUTION_DATE='2024-05-25T01:15:00+00:00' AIRFLOW_CTX_TRY_NUMBER='1' AIRFLOW_CTX_DAG_RUN_ID='scheduled__2024-05-25T01:15:00+00:00'
[2024-05-26T00:43:47.209+0000] {taskinstance.py:430} INFO - ::endgroup::
[2024-05-26T00:43:47.214+0000] {logging_mixin.py:188} INFO - Connection to database was succesful
[2024-05-26T00:43:47.224+0000] {logging_mixin.py:188} INFO - Query completed
[2024-05-26T00:43:47.227+0000] {logging_mixin.py:188} INFO - execute_query_result_set()
[2024-05-26T00:43:47.232+0000] {logging_mixin.py:188} INFO - Connection to database was succesful
[2024-05-26T00:43:47.234+0000] {logging_mixin.py:188} INFO - ERROR, INSERTS COULDN`T BE DONE
[2024-05-26T00:43:47.234+0000] {python.py:237} INFO - Done. Returned value was: None
[2024-05-26T00:43:47.235+0000] {taskinstance.py:441} INFO - ::group::Post task execution logs
[2024-05-26T00:43:47.242+0000] {taskinstance.py:1206} INFO - Marking task as SUCCESS. dag_id=DAG_catedra_***, task_id=first-step-el, run_id=scheduled__2024-05-25T01:15:00+00:00, execution_date=20240525T011500, start_date=20240526T004347, end_date=20240526T004347
[2024-05-26T00:43:47.268+0000] {local_task_job_runner.py:240} INFO - Task exited with return code 0
[2024-05-26T00:43:47.286+0000] {taskinstance.py:3498} INFO - 1 downstream tasks scheduled from follow-on schedule check
[2024-05-26T00:43:47.289+0000] {local_task_job_runner.py:222} INFO - ::endgroup::
[2024-05-26T02:00:19.137+0000] {local_task_job_runner.py:120} INFO - ::group::Pre task execution logs
[2024-05-26T02:00:19.168+0000] {taskinstance.py:2076} INFO - Dependencies all met for dep_context=non-requeueable deps ti=<TaskInstance: DAG_catedra_airflow.first-step-el scheduled__2024-05-25T01:15:00+00:00 [queued]>
[2024-05-26T02:00:19.179+0000] {taskinstance.py:2076} INFO - Dependencies all met for dep_context=requeueable deps ti=<TaskInstance: DAG_catedra_airflow.first-step-el scheduled__2024-05-25T01:15:00+00:00 [queued]>
[2024-05-26T02:00:19.180+0000] {taskinstance.py:2306} INFO - Starting attempt 1 of 1
[2024-05-26T02:00:19.196+0000] {taskinstance.py:2330} INFO - Executing <Task(PythonOperator): first-step-el> on 2024-05-25 01:15:00+00:00
[2024-05-26T02:00:19.203+0000] {warnings.py:110} WARNING - /home/***/.local/lib/python3.12/site-packages/***/task/task_runner/standard_task_runner.py:61: DeprecationWarning: This process (pid=139) is multi-threaded, use of fork() may lead to deadlocks in the child.
  pid = os.fork()

[2024-05-26T02:00:19.205+0000] {standard_task_runner.py:63} INFO - Started process 141 to run task
[2024-05-26T02:00:19.206+0000] {standard_task_runner.py:90} INFO - Running: ['***', 'tasks', 'run', 'DAG_catedra_***', 'first-step-el', 'scheduled__2024-05-25T01:15:00+00:00', '--job-id', '27', '--raw', '--subdir', 'DAGS_FOLDER/dag_clase.py', '--cfg-path', '/tmp/tmpjcsjapj3']
[2024-05-26T02:00:19.207+0000] {standard_task_runner.py:91} INFO - Job 27: Subtask first-step-el
[2024-05-26T02:00:19.258+0000] {task_command.py:426} INFO - Running <TaskInstance: DAG_catedra_airflow.first-step-el scheduled__2024-05-25T01:15:00+00:00 [running]> on host da1b21f42040
[2024-05-26T02:00:19.362+0000] {taskinstance.py:2648} INFO - Exporting env vars: AIRFLOW_CTX_DAG_OWNER='***' AIRFLOW_CTX_DAG_ID='DAG_catedra_***' AIRFLOW_CTX_TASK_ID='first-step-el' AIRFLOW_CTX_EXECUTION_DATE='2024-05-25T01:15:00+00:00' AIRFLOW_CTX_TRY_NUMBER='1' AIRFLOW_CTX_DAG_RUN_ID='scheduled__2024-05-25T01:15:00+00:00'
[2024-05-26T02:00:19.364+0000] {taskinstance.py:430} INFO - ::endgroup::
[2024-05-26T02:00:19.371+0000] {logging_mixin.py:188} INFO - The connection to the DB was succesful
[2024-05-26T02:00:19.383+0000] {logging_mixin.py:188} INFO - Query completed
[2024-05-26T02:00:19.387+0000] {logging_mixin.py:188} INFO - execute_query_result_set()
[2024-05-26T02:00:19.394+0000] {logging_mixin.py:188} INFO - The connection to the DB was succesful
[2024-05-26T02:00:19.400+0000] {logging_mixin.py:188} INFO - Inserts were comitted
[2024-05-26T02:00:19.400+0000] {python.py:237} INFO - Done. Returned value was: None
[2024-05-26T02:00:19.401+0000] {taskinstance.py:441} INFO - ::group::Post task execution logs
[2024-05-26T02:00:19.410+0000] {taskinstance.py:1206} INFO - Marking task as SUCCESS. dag_id=DAG_catedra_***, task_id=first-step-el, run_id=scheduled__2024-05-25T01:15:00+00:00, execution_date=20240525T011500, start_date=20240526T020019, end_date=20240526T020019
[2024-05-26T02:00:19.460+0000] {local_task_job_runner.py:240} INFO - Task exited with return code 0
[2024-05-26T02:00:19.494+0000] {taskinstance.py:3498} INFO - 1 downstream tasks scheduled from follow-on schedule check
[2024-05-26T02:00:19.502+0000] {local_task_job_runner.py:222} INFO - ::endgroup::
