[2024-05-26T01:03:49.929+0000] {local_task_job_runner.py:120} INFO - ::group::Pre task execution logs
[2024-05-26T01:03:49.949+0000] {taskinstance.py:2076} INFO - Dependencies all met for dep_context=non-requeueable deps ti=<TaskInstance: DAG_catedra_airflow.first-step-el scheduled__2024-05-25T02:25:00+00:00 [queued]>
[2024-05-26T01:03:49.956+0000] {taskinstance.py:2076} INFO - Dependencies all met for dep_context=requeueable deps ti=<TaskInstance: DAG_catedra_airflow.first-step-el scheduled__2024-05-25T02:25:00+00:00 [queued]>
[2024-05-26T01:03:49.957+0000] {taskinstance.py:2306} INFO - Starting attempt 1 of 1
[2024-05-26T01:03:49.969+0000] {taskinstance.py:2330} INFO - Executing <Task(PythonOperator): first-step-el> on 2024-05-25 02:25:00+00:00
[2024-05-26T01:03:49.975+0000] {warnings.py:110} WARNING - /home/***/.local/lib/python3.12/site-packages/***/task/task_runner/standard_task_runner.py:61: DeprecationWarning: This process (pid=491) is multi-threaded, use of fork() may lead to deadlocks in the child.
  pid = os.fork()

[2024-05-26T01:03:49.976+0000] {standard_task_runner.py:63} INFO - Started process 493 to run task
[2024-05-26T01:03:49.976+0000] {standard_task_runner.py:90} INFO - Running: ['***', 'tasks', 'run', 'DAG_catedra_***', 'first-step-el', 'scheduled__2024-05-25T02:25:00+00:00', '--job-id', '55', '--raw', '--subdir', 'DAGS_FOLDER/dag_clase.py', '--cfg-path', '/tmp/tmpy4e_px1o']
[2024-05-26T01:03:49.977+0000] {standard_task_runner.py:91} INFO - Job 55: Subtask first-step-el
[2024-05-26T01:03:50.016+0000] {task_command.py:426} INFO - Running <TaskInstance: DAG_catedra_airflow.first-step-el scheduled__2024-05-25T02:25:00+00:00 [running]> on host bb8f67d70e6d
[2024-05-26T01:03:50.099+0000] {taskinstance.py:2648} INFO - Exporting env vars: AIRFLOW_CTX_DAG_OWNER='***' AIRFLOW_CTX_DAG_ID='DAG_catedra_***' AIRFLOW_CTX_TASK_ID='first-step-el' AIRFLOW_CTX_EXECUTION_DATE='2024-05-25T02:25:00+00:00' AIRFLOW_CTX_TRY_NUMBER='1' AIRFLOW_CTX_DAG_RUN_ID='scheduled__2024-05-25T02:25:00+00:00'
[2024-05-26T01:03:50.101+0000] {taskinstance.py:430} INFO - ::endgroup::
[2024-05-26T01:03:50.107+0000] {logging_mixin.py:188} INFO - The connection to the DB was succesful
[2024-05-26T01:03:50.120+0000] {logging_mixin.py:188} INFO - Query completed
[2024-05-26T01:03:50.124+0000] {logging_mixin.py:188} INFO - execute_query_result_set()
[2024-05-26T01:03:50.129+0000] {logging_mixin.py:188} INFO - The connection to the DB was succesful
[2024-05-26T01:03:50.136+0000] {logging_mixin.py:188} INFO - Inserts were comitted
[2024-05-26T01:03:50.136+0000] {python.py:237} INFO - Done. Returned value was: None
[2024-05-26T01:03:50.137+0000] {taskinstance.py:441} INFO - ::group::Post task execution logs
[2024-05-26T01:03:50.143+0000] {taskinstance.py:1206} INFO - Marking task as SUCCESS. dag_id=DAG_catedra_***, task_id=first-step-el, run_id=scheduled__2024-05-25T02:25:00+00:00, execution_date=20240525T022500, start_date=20240526T010349, end_date=20240526T010350
[2024-05-26T01:03:50.190+0000] {local_task_job_runner.py:240} INFO - Task exited with return code 0
[2024-05-26T01:03:50.198+0000] {local_task_job_runner.py:222} INFO - ::endgroup::
[2024-05-26T02:01:30.806+0000] {local_task_job_runner.py:120} INFO - ::group::Pre task execution logs
[2024-05-26T02:01:30.834+0000] {taskinstance.py:2076} INFO - Dependencies all met for dep_context=non-requeueable deps ti=<TaskInstance: DAG_catedra_airflow.first-step-el scheduled__2024-05-25T02:25:00+00:00 [queued]>
[2024-05-26T02:01:30.845+0000] {taskinstance.py:2076} INFO - Dependencies all met for dep_context=requeueable deps ti=<TaskInstance: DAG_catedra_airflow.first-step-el scheduled__2024-05-25T02:25:00+00:00 [queued]>
[2024-05-26T02:01:30.846+0000] {taskinstance.py:2306} INFO - Starting attempt 1 of 1
[2024-05-26T02:01:30.862+0000] {taskinstance.py:2330} INFO - Executing <Task(PythonOperator): first-step-el> on 2024-05-25 02:25:00+00:00
[2024-05-26T02:01:30.869+0000] {warnings.py:110} WARNING - /home/***/.local/lib/python3.12/site-packages/***/task/task_runner/standard_task_runner.py:61: DeprecationWarning: This process (pid=237) is multi-threaded, use of fork() may lead to deadlocks in the child.
  pid = os.fork()

[2024-05-26T02:01:30.871+0000] {standard_task_runner.py:63} INFO - Started process 239 to run task
[2024-05-26T02:01:30.871+0000] {standard_task_runner.py:90} INFO - Running: ['***', 'tasks', 'run', 'DAG_catedra_***', 'first-step-el', 'scheduled__2024-05-25T02:25:00+00:00', '--job-id', '55', '--raw', '--subdir', 'DAGS_FOLDER/dag_clase.py', '--cfg-path', '/tmp/tmp7dr5i60m']
[2024-05-26T02:01:30.873+0000] {standard_task_runner.py:91} INFO - Job 55: Subtask first-step-el
[2024-05-26T02:01:30.924+0000] {task_command.py:426} INFO - Running <TaskInstance: DAG_catedra_airflow.first-step-el scheduled__2024-05-25T02:25:00+00:00 [running]> on host da1b21f42040
[2024-05-26T02:01:31.031+0000] {taskinstance.py:2648} INFO - Exporting env vars: AIRFLOW_CTX_DAG_OWNER='***' AIRFLOW_CTX_DAG_ID='DAG_catedra_***' AIRFLOW_CTX_TASK_ID='first-step-el' AIRFLOW_CTX_EXECUTION_DATE='2024-05-25T02:25:00+00:00' AIRFLOW_CTX_TRY_NUMBER='1' AIRFLOW_CTX_DAG_RUN_ID='scheduled__2024-05-25T02:25:00+00:00'
[2024-05-26T02:01:31.033+0000] {taskinstance.py:430} INFO - ::endgroup::
[2024-05-26T02:01:31.040+0000] {logging_mixin.py:188} INFO - The connection to the DB was succesful
[2024-05-26T02:01:31.053+0000] {logging_mixin.py:188} INFO - Query completed
[2024-05-26T02:01:31.057+0000] {logging_mixin.py:188} INFO - execute_query_result_set()
[2024-05-26T02:01:31.064+0000] {logging_mixin.py:188} INFO - The connection to the DB was succesful
[2024-05-26T02:01:31.070+0000] {logging_mixin.py:188} INFO - Inserts were comitted
[2024-05-26T02:01:31.071+0000] {python.py:237} INFO - Done. Returned value was: None
[2024-05-26T02:01:31.071+0000] {taskinstance.py:441} INFO - ::group::Post task execution logs
[2024-05-26T02:01:31.081+0000] {taskinstance.py:1206} INFO - Marking task as SUCCESS. dag_id=DAG_catedra_***, task_id=first-step-el, run_id=scheduled__2024-05-25T02:25:00+00:00, execution_date=20240525T022500, start_date=20240526T020130, end_date=20240526T020131
[2024-05-26T02:01:31.125+0000] {local_task_job_runner.py:240} INFO - Task exited with return code 0
[2024-05-26T02:01:31.156+0000] {taskinstance.py:3498} INFO - 1 downstream tasks scheduled from follow-on schedule check
[2024-05-26T02:01:31.167+0000] {local_task_job_runner.py:222} INFO - ::endgroup::
