[2024-05-25T21:19:35.321+0000] {local_task_job_runner.py:120} INFO - ::group::Pre task execution logs
[2024-05-25T21:19:35.342+0000] {taskinstance.py:2076} INFO - Dependencies all met for dep_context=non-requeueable deps ti=<TaskInstance: DAG_catedra_airflow.second-step-el scheduled__2024-05-25T01:25:00+00:00 [queued]>
[2024-05-25T21:19:35.350+0000] {taskinstance.py:2076} INFO - Dependencies all met for dep_context=requeueable deps ti=<TaskInstance: DAG_catedra_airflow.second-step-el scheduled__2024-05-25T01:25:00+00:00 [queued]>
[2024-05-25T21:19:35.350+0000] {taskinstance.py:2306} INFO - Starting attempt 1 of 1
[2024-05-25T21:19:35.363+0000] {taskinstance.py:2330} INFO - Executing <Task(PythonOperator): second-step-el> on 2024-05-25 01:25:00+00:00
[2024-05-25T21:19:35.369+0000] {warnings.py:110} WARNING - /home/***/.local/lib/python3.12/site-packages/***/task/task_runner/standard_task_runner.py:61: DeprecationWarning: This process (pid=723) is multi-threaded, use of fork() may lead to deadlocks in the child.
  pid = os.fork()

[2024-05-25T21:19:35.370+0000] {standard_task_runner.py:63} INFO - Started process 725 to run task
[2024-05-25T21:19:35.371+0000] {standard_task_runner.py:90} INFO - Running: ['***', 'tasks', 'run', 'DAG_catedra_***', 'second-step-el', 'scheduled__2024-05-25T01:25:00+00:00', '--job-id', '183', '--raw', '--subdir', 'DAGS_FOLDER/dag_clase.py', '--cfg-path', '/tmp/tmp66yk1l8k']
[2024-05-25T21:19:35.372+0000] {standard_task_runner.py:91} INFO - Job 183: Subtask second-step-el
[2024-05-25T21:19:35.412+0000] {task_command.py:426} INFO - Running <TaskInstance: DAG_catedra_airflow.second-step-el scheduled__2024-05-25T01:25:00+00:00 [running]> on host b2cfee8f0b2b
[2024-05-25T21:19:35.503+0000] {taskinstance.py:2648} INFO - Exporting env vars: AIRFLOW_CTX_DAG_OWNER='***' AIRFLOW_CTX_DAG_ID='DAG_catedra_***' AIRFLOW_CTX_TASK_ID='second-step-el' AIRFLOW_CTX_EXECUTION_DATE='2024-05-25T01:25:00+00:00' AIRFLOW_CTX_TRY_NUMBER='1' AIRFLOW_CTX_DAG_RUN_ID='scheduled__2024-05-25T01:25:00+00:00'
[2024-05-25T21:19:35.504+0000] {taskinstance.py:430} INFO - ::endgroup::
[2024-05-25T21:19:35.509+0000] {logging_mixin.py:188} INFO - Connection to database was succesful
[2024-05-25T21:19:35.526+0000] {logging_mixin.py:188} INFO - Query completed
[2024-05-25T21:19:35.568+0000] {logging_mixin.py:188} INFO - execute_query_result_set()
[2024-05-25T21:19:35.574+0000] {logging_mixin.py:188} INFO - Connection to database was succesful
[2024-05-25T21:19:35.701+0000] {logging_mixin.py:188} INFO - Inserts performed wihout fail
[2024-05-25T21:19:35.703+0000] {python.py:237} INFO - Done. Returned value was: None
[2024-05-25T21:19:35.704+0000] {taskinstance.py:441} INFO - ::group::Post task execution logs
[2024-05-25T21:19:35.719+0000] {taskinstance.py:1206} INFO - Marking task as SUCCESS. dag_id=DAG_catedra_***, task_id=second-step-el, run_id=scheduled__2024-05-25T01:25:00+00:00, execution_date=20240525T012500, start_date=20240525T211935, end_date=20240525T211935
[2024-05-25T21:19:35.745+0000] {local_task_job_runner.py:240} INFO - Task exited with return code 0
[2024-05-25T21:19:35.759+0000] {taskinstance.py:3498} INFO - 0 downstream tasks scheduled from follow-on schedule check
[2024-05-25T21:19:35.764+0000] {local_task_job_runner.py:222} INFO - ::endgroup::
[2024-05-26T00:43:58.157+0000] {local_task_job_runner.py:120} INFO - ::group::Pre task execution logs
[2024-05-26T00:43:58.175+0000] {taskinstance.py:2076} INFO - Dependencies all met for dep_context=non-requeueable deps ti=<TaskInstance: DAG_catedra_airflow.second-step-el scheduled__2024-05-25T01:25:00+00:00 [queued]>
[2024-05-26T00:43:58.184+0000] {taskinstance.py:2076} INFO - Dependencies all met for dep_context=requeueable deps ti=<TaskInstance: DAG_catedra_airflow.second-step-el scheduled__2024-05-25T01:25:00+00:00 [queued]>
[2024-05-26T00:43:58.184+0000] {taskinstance.py:2306} INFO - Starting attempt 1 of 1
[2024-05-26T00:43:58.196+0000] {taskinstance.py:2330} INFO - Executing <Task(PythonOperator): second-step-el> on 2024-05-25 01:25:00+00:00
[2024-05-26T00:43:58.203+0000] {warnings.py:110} WARNING - /home/***/.local/lib/python3.12/site-packages/***/task/task_runner/standard_task_runner.py:61: DeprecationWarning: This process (pid=154) is multi-threaded, use of fork() may lead to deadlocks in the child.
  pid = os.fork()

[2024-05-26T00:43:58.204+0000] {standard_task_runner.py:63} INFO - Started process 156 to run task
[2024-05-26T00:43:58.205+0000] {standard_task_runner.py:90} INFO - Running: ['***', 'tasks', 'run', 'DAG_catedra_***', 'second-step-el', 'scheduled__2024-05-25T01:25:00+00:00', '--job-id', '32', '--raw', '--subdir', 'DAGS_FOLDER/dag_clase.py', '--cfg-path', '/tmp/tmpch_vg720']
[2024-05-26T00:43:58.206+0000] {standard_task_runner.py:91} INFO - Job 32: Subtask second-step-el
[2024-05-26T00:43:58.243+0000] {task_command.py:426} INFO - Running <TaskInstance: DAG_catedra_airflow.second-step-el scheduled__2024-05-25T01:25:00+00:00 [running]> on host bb8f67d70e6d
[2024-05-26T00:43:58.319+0000] {taskinstance.py:2648} INFO - Exporting env vars: AIRFLOW_CTX_DAG_OWNER='***' AIRFLOW_CTX_DAG_ID='DAG_catedra_***' AIRFLOW_CTX_TASK_ID='second-step-el' AIRFLOW_CTX_EXECUTION_DATE='2024-05-25T01:25:00+00:00' AIRFLOW_CTX_TRY_NUMBER='1' AIRFLOW_CTX_DAG_RUN_ID='scheduled__2024-05-25T01:25:00+00:00'
[2024-05-26T00:43:58.320+0000] {taskinstance.py:430} INFO - ::endgroup::
[2024-05-26T00:43:58.325+0000] {logging_mixin.py:188} INFO - Connection to database was succesful
[2024-05-26T00:43:58.331+0000] {logging_mixin.py:188} INFO - query failed, df empty
[2024-05-26T00:43:58.334+0000] {logging_mixin.py:188} INFO - execute_query_result_set()
[2024-05-26T00:43:58.340+0000] {logging_mixin.py:188} INFO - Connection to database was succesful
[2024-05-26T00:43:58.341+0000] {logging_mixin.py:188} INFO - Inserts performed wihout fail
[2024-05-26T00:43:58.341+0000] {python.py:237} INFO - Done. Returned value was: None
[2024-05-26T00:43:58.342+0000] {taskinstance.py:441} INFO - ::group::Post task execution logs
[2024-05-26T00:43:58.348+0000] {taskinstance.py:1206} INFO - Marking task as SUCCESS. dag_id=DAG_catedra_***, task_id=second-step-el, run_id=scheduled__2024-05-25T01:25:00+00:00, execution_date=20240525T012500, start_date=20240526T004358, end_date=20240526T004358
[2024-05-26T00:43:58.378+0000] {local_task_job_runner.py:240} INFO - Task exited with return code 0
[2024-05-26T00:43:58.394+0000] {taskinstance.py:3498} INFO - 0 downstream tasks scheduled from follow-on schedule check
[2024-05-26T00:43:58.400+0000] {local_task_job_runner.py:222} INFO - ::endgroup::
[2024-05-26T02:00:34.406+0000] {local_task_job_runner.py:120} INFO - ::group::Pre task execution logs
[2024-05-26T02:00:34.436+0000] {taskinstance.py:2076} INFO - Dependencies all met for dep_context=non-requeueable deps ti=<TaskInstance: DAG_catedra_airflow.second-step-el scheduled__2024-05-25T01:25:00+00:00 [queued]>
[2024-05-26T02:00:34.447+0000] {taskinstance.py:2076} INFO - Dependencies all met for dep_context=requeueable deps ti=<TaskInstance: DAG_catedra_airflow.second-step-el scheduled__2024-05-25T01:25:00+00:00 [queued]>
[2024-05-26T02:00:34.448+0000] {taskinstance.py:2306} INFO - Starting attempt 1 of 1
[2024-05-26T02:00:34.464+0000] {taskinstance.py:2330} INFO - Executing <Task(PythonOperator): second-step-el> on 2024-05-25 01:25:00+00:00
[2024-05-26T02:00:34.472+0000] {warnings.py:110} WARNING - /home/***/.local/lib/python3.12/site-packages/***/task/task_runner/standard_task_runner.py:61: DeprecationWarning: This process (pid=161) is multi-threaded, use of fork() may lead to deadlocks in the child.
  pid = os.fork()

[2024-05-26T02:00:34.474+0000] {standard_task_runner.py:63} INFO - Started process 163 to run task
[2024-05-26T02:00:34.474+0000] {standard_task_runner.py:90} INFO - Running: ['***', 'tasks', 'run', 'DAG_catedra_***', 'second-step-el', 'scheduled__2024-05-25T01:25:00+00:00', '--job-id', '32', '--raw', '--subdir', 'DAGS_FOLDER/dag_clase.py', '--cfg-path', '/tmp/tmpmmqk60mj']
[2024-05-26T02:00:34.476+0000] {standard_task_runner.py:91} INFO - Job 32: Subtask second-step-el
[2024-05-26T02:00:34.530+0000] {task_command.py:426} INFO - Running <TaskInstance: DAG_catedra_airflow.second-step-el scheduled__2024-05-25T01:25:00+00:00 [running]> on host da1b21f42040
[2024-05-26T02:00:34.643+0000] {taskinstance.py:2648} INFO - Exporting env vars: AIRFLOW_CTX_DAG_OWNER='***' AIRFLOW_CTX_DAG_ID='DAG_catedra_***' AIRFLOW_CTX_TASK_ID='second-step-el' AIRFLOW_CTX_EXECUTION_DATE='2024-05-25T01:25:00+00:00' AIRFLOW_CTX_TRY_NUMBER='1' AIRFLOW_CTX_DAG_RUN_ID='scheduled__2024-05-25T01:25:00+00:00'
[2024-05-26T02:00:34.645+0000] {taskinstance.py:430} INFO - ::endgroup::
[2024-05-26T02:00:34.652+0000] {logging_mixin.py:188} INFO - The connection to the DB was succesful
[2024-05-26T02:00:34.667+0000] {logging_mixin.py:188} INFO - Query completed
[2024-05-26T02:00:34.672+0000] {logging_mixin.py:188} INFO - execute_query_result_set()
[2024-05-26T02:00:34.679+0000] {logging_mixin.py:188} INFO - The connection to the DB was succesful
[2024-05-26T02:00:34.684+0000] {logging_mixin.py:188} INFO - Inserts were comitted
[2024-05-26T02:00:34.685+0000] {python.py:237} INFO - Done. Returned value was: None
[2024-05-26T02:00:34.685+0000] {taskinstance.py:441} INFO - ::group::Post task execution logs
[2024-05-26T02:00:34.695+0000] {taskinstance.py:1206} INFO - Marking task as SUCCESS. dag_id=DAG_catedra_***, task_id=second-step-el, run_id=scheduled__2024-05-25T01:25:00+00:00, execution_date=20240525T012500, start_date=20240526T020034, end_date=20240526T020034
[2024-05-26T02:00:34.729+0000] {local_task_job_runner.py:240} INFO - Task exited with return code 0
[2024-05-26T02:00:34.754+0000] {taskinstance.py:3498} INFO - 0 downstream tasks scheduled from follow-on schedule check
[2024-05-26T02:00:34.759+0000] {local_task_job_runner.py:222} INFO - ::endgroup::
