[2024-05-26T00:44:18.722+0000] {local_task_job_runner.py:120} INFO - ::group::Pre task execution logs
[2024-05-26T00:44:18.747+0000] {taskinstance.py:2076} INFO - Dependencies all met for dep_context=non-requeueable deps ti=<TaskInstance: DAG_catedra_airflow.first-step-el scheduled__2024-05-25T01:50:00+00:00 [queued]>
[2024-05-26T00:44:18.756+0000] {taskinstance.py:2076} INFO - Dependencies all met for dep_context=requeueable deps ti=<TaskInstance: DAG_catedra_airflow.first-step-el scheduled__2024-05-25T01:50:00+00:00 [queued]>
[2024-05-26T00:44:18.756+0000] {taskinstance.py:2306} INFO - Starting attempt 1 of 1
[2024-05-26T00:44:18.771+0000] {taskinstance.py:2330} INFO - Executing <Task(PythonOperator): first-step-el> on 2024-05-25 01:50:00+00:00
[2024-05-26T00:44:18.777+0000] {warnings.py:110} WARNING - /home/***/.local/lib/python3.12/site-packages/***/task/task_runner/standard_task_runner.py:61: DeprecationWarning: This process (pid=188) is multi-threaded, use of fork() may lead to deadlocks in the child.
  pid = os.fork()

[2024-05-26T00:44:18.778+0000] {standard_task_runner.py:63} INFO - Started process 190 to run task
[2024-05-26T00:44:18.779+0000] {standard_task_runner.py:90} INFO - Running: ['***', 'tasks', 'run', 'DAG_catedra_***', 'first-step-el', 'scheduled__2024-05-25T01:50:00+00:00', '--job-id', '41', '--raw', '--subdir', 'DAGS_FOLDER/dag_clase.py', '--cfg-path', '/tmp/tmp4zb0tt9y']
[2024-05-26T00:44:18.780+0000] {standard_task_runner.py:91} INFO - Job 41: Subtask first-step-el
[2024-05-26T00:44:18.827+0000] {task_command.py:426} INFO - Running <TaskInstance: DAG_catedra_airflow.first-step-el scheduled__2024-05-25T01:50:00+00:00 [running]> on host bb8f67d70e6d
[2024-05-26T00:44:18.922+0000] {taskinstance.py:2648} INFO - Exporting env vars: AIRFLOW_CTX_DAG_OWNER='***' AIRFLOW_CTX_DAG_ID='DAG_catedra_***' AIRFLOW_CTX_TASK_ID='first-step-el' AIRFLOW_CTX_EXECUTION_DATE='2024-05-25T01:50:00+00:00' AIRFLOW_CTX_TRY_NUMBER='1' AIRFLOW_CTX_DAG_RUN_ID='scheduled__2024-05-25T01:50:00+00:00'
[2024-05-26T00:44:18.924+0000] {taskinstance.py:430} INFO - ::endgroup::
[2024-05-26T00:44:18.930+0000] {logging_mixin.py:188} INFO - Connection to database was succesful
[2024-05-26T00:44:18.942+0000] {logging_mixin.py:188} INFO - Query completed
[2024-05-26T00:44:18.946+0000] {logging_mixin.py:188} INFO - execute_query_result_set()
[2024-05-26T00:44:18.952+0000] {logging_mixin.py:188} INFO - Connection to database was succesful
[2024-05-26T00:44:18.953+0000] {logging_mixin.py:188} INFO - ERROR, INSERTS COULDN`T BE DONE
[2024-05-26T00:44:18.954+0000] {python.py:237} INFO - Done. Returned value was: None
[2024-05-26T00:44:18.954+0000] {taskinstance.py:441} INFO - ::group::Post task execution logs
[2024-05-26T00:44:18.962+0000] {taskinstance.py:1206} INFO - Marking task as SUCCESS. dag_id=DAG_catedra_***, task_id=first-step-el, run_id=scheduled__2024-05-25T01:50:00+00:00, execution_date=20240525T015000, start_date=20240526T004418, end_date=20240526T004418
[2024-05-26T00:44:18.993+0000] {local_task_job_runner.py:240} INFO - Task exited with return code 0
[2024-05-26T00:44:19.020+0000] {taskinstance.py:3498} INFO - 1 downstream tasks scheduled from follow-on schedule check
[2024-05-26T00:44:19.026+0000] {local_task_job_runner.py:222} INFO - ::endgroup::
[2024-05-26T02:00:55.014+0000] {local_task_job_runner.py:120} INFO - ::group::Pre task execution logs
[2024-05-26T02:00:55.035+0000] {taskinstance.py:2076} INFO - Dependencies all met for dep_context=non-requeueable deps ti=<TaskInstance: DAG_catedra_airflow.first-step-el scheduled__2024-05-25T01:50:00+00:00 [queued]>
[2024-05-26T02:00:55.043+0000] {taskinstance.py:2076} INFO - Dependencies all met for dep_context=requeueable deps ti=<TaskInstance: DAG_catedra_airflow.first-step-el scheduled__2024-05-25T01:50:00+00:00 [queued]>
[2024-05-26T02:00:55.044+0000] {taskinstance.py:2306} INFO - Starting attempt 1 of 1
[2024-05-26T02:00:55.057+0000] {taskinstance.py:2330} INFO - Executing <Task(PythonOperator): first-step-el> on 2024-05-25 01:50:00+00:00
[2024-05-26T02:00:55.063+0000] {warnings.py:110} WARNING - /home/***/.local/lib/python3.12/site-packages/***/task/task_runner/standard_task_runner.py:61: DeprecationWarning: This process (pid=188) is multi-threaded, use of fork() may lead to deadlocks in the child.
  pid = os.fork()

[2024-05-26T02:00:55.065+0000] {standard_task_runner.py:63} INFO - Started process 190 to run task
[2024-05-26T02:00:55.065+0000] {standard_task_runner.py:90} INFO - Running: ['***', 'tasks', 'run', 'DAG_catedra_***', 'first-step-el', 'scheduled__2024-05-25T01:50:00+00:00', '--job-id', '41', '--raw', '--subdir', 'DAGS_FOLDER/dag_clase.py', '--cfg-path', '/tmp/tmp9mhnflop']
[2024-05-26T02:00:55.067+0000] {standard_task_runner.py:91} INFO - Job 41: Subtask first-step-el
[2024-05-26T02:00:55.110+0000] {task_command.py:426} INFO - Running <TaskInstance: DAG_catedra_airflow.first-step-el scheduled__2024-05-25T01:50:00+00:00 [running]> on host da1b21f42040
[2024-05-26T02:00:55.201+0000] {taskinstance.py:2648} INFO - Exporting env vars: AIRFLOW_CTX_DAG_OWNER='***' AIRFLOW_CTX_DAG_ID='DAG_catedra_***' AIRFLOW_CTX_TASK_ID='first-step-el' AIRFLOW_CTX_EXECUTION_DATE='2024-05-25T01:50:00+00:00' AIRFLOW_CTX_TRY_NUMBER='1' AIRFLOW_CTX_DAG_RUN_ID='scheduled__2024-05-25T01:50:00+00:00'
[2024-05-26T02:00:55.203+0000] {taskinstance.py:430} INFO - ::endgroup::
[2024-05-26T02:00:55.209+0000] {logging_mixin.py:188} INFO - The connection to the DB was succesful
[2024-05-26T02:00:55.220+0000] {logging_mixin.py:188} INFO - Query completed
[2024-05-26T02:00:55.223+0000] {logging_mixin.py:188} INFO - execute_query_result_set()
[2024-05-26T02:00:55.229+0000] {logging_mixin.py:188} INFO - The connection to the DB was succesful
[2024-05-26T02:00:55.235+0000] {logging_mixin.py:188} INFO - Inserts were comitted
[2024-05-26T02:00:55.236+0000] {python.py:237} INFO - Done. Returned value was: None
[2024-05-26T02:00:55.236+0000] {taskinstance.py:441} INFO - ::group::Post task execution logs
[2024-05-26T02:00:55.245+0000] {taskinstance.py:1206} INFO - Marking task as SUCCESS. dag_id=DAG_catedra_***, task_id=first-step-el, run_id=scheduled__2024-05-25T01:50:00+00:00, execution_date=20240525T015000, start_date=20240526T020055, end_date=20240526T020055
[2024-05-26T02:00:55.279+0000] {local_task_job_runner.py:240} INFO - Task exited with return code 0
[2024-05-26T02:00:55.301+0000] {taskinstance.py:3498} INFO - 1 downstream tasks scheduled from follow-on schedule check
[2024-05-26T02:00:55.305+0000] {local_task_job_runner.py:222} INFO - ::endgroup::
