[2024-05-26T02:05:23.192+0000] {local_task_job_runner.py:120} INFO - ::group::Pre task execution logs
[2024-05-26T02:05:23.215+0000] {taskinstance.py:2076} INFO - Dependencies all met for dep_context=non-requeueable deps ti=<TaskInstance: DAG_catedra_airflow.first-step-el scheduled__2024-05-25T04:00:00+00:00 [queued]>
[2024-05-26T02:05:23.224+0000] {taskinstance.py:2076} INFO - Dependencies all met for dep_context=requeueable deps ti=<TaskInstance: DAG_catedra_airflow.first-step-el scheduled__2024-05-25T04:00:00+00:00 [queued]>
[2024-05-26T02:05:23.225+0000] {taskinstance.py:2306} INFO - Starting attempt 1 of 1
[2024-05-26T02:05:23.238+0000] {taskinstance.py:2330} INFO - Executing <Task(PythonOperator): first-step-el> on 2024-05-25 04:00:00+00:00
[2024-05-26T02:05:23.244+0000] {warnings.py:110} WARNING - /home/***/.local/lib/python3.12/site-packages/***/task/task_runner/standard_task_runner.py:61: DeprecationWarning: This process (pid=401) is multi-threaded, use of fork() may lead to deadlocks in the child.
  pid = os.fork()

[2024-05-26T02:05:23.245+0000] {standard_task_runner.py:63} INFO - Started process 403 to run task
[2024-05-26T02:05:23.246+0000] {standard_task_runner.py:90} INFO - Running: ['***', 'tasks', 'run', 'DAG_catedra_***', 'first-step-el', 'scheduled__2024-05-25T04:00:00+00:00', '--job-id', '93', '--raw', '--subdir', 'DAGS_FOLDER/dag_clase.py', '--cfg-path', '/tmp/tmpgzwn6fcc']
[2024-05-26T02:05:23.247+0000] {standard_task_runner.py:91} INFO - Job 93: Subtask first-step-el
[2024-05-26T02:05:23.296+0000] {task_command.py:426} INFO - Running <TaskInstance: DAG_catedra_airflow.first-step-el scheduled__2024-05-25T04:00:00+00:00 [running]> on host da1b21f42040
[2024-05-26T02:05:23.405+0000] {taskinstance.py:2648} INFO - Exporting env vars: AIRFLOW_CTX_DAG_OWNER='***' AIRFLOW_CTX_DAG_ID='DAG_catedra_***' AIRFLOW_CTX_TASK_ID='first-step-el' AIRFLOW_CTX_EXECUTION_DATE='2024-05-25T04:00:00+00:00' AIRFLOW_CTX_TRY_NUMBER='1' AIRFLOW_CTX_DAG_RUN_ID='scheduled__2024-05-25T04:00:00+00:00'
[2024-05-26T02:05:23.407+0000] {taskinstance.py:430} INFO - ::endgroup::
[2024-05-26T02:05:23.414+0000] {logging_mixin.py:188} INFO - The connection to the DB was succesful
[2024-05-26T02:05:23.426+0000] {logging_mixin.py:188} INFO - Query completed
[2024-05-26T02:05:23.429+0000] {logging_mixin.py:188} INFO - execute_query_result_set()
[2024-05-26T02:05:23.435+0000] {logging_mixin.py:188} INFO - The connection to the DB was succesful
[2024-05-26T02:05:23.441+0000] {logging_mixin.py:188} INFO - Inserts were comitted
[2024-05-26T02:05:23.442+0000] {python.py:237} INFO - Done. Returned value was: None
[2024-05-26T02:05:23.442+0000] {taskinstance.py:441} INFO - ::group::Post task execution logs
[2024-05-26T02:05:23.450+0000] {taskinstance.py:1206} INFO - Marking task as SUCCESS. dag_id=DAG_catedra_***, task_id=first-step-el, run_id=scheduled__2024-05-25T04:00:00+00:00, execution_date=20240525T040000, start_date=20240526T020523, end_date=20240526T020523
[2024-05-26T02:05:23.500+0000] {local_task_job_runner.py:240} INFO - Task exited with return code 0
[2024-05-26T02:05:23.536+0000] {taskinstance.py:3498} INFO - 1 downstream tasks scheduled from follow-on schedule check
[2024-05-26T02:05:23.542+0000] {local_task_job_runner.py:222} INFO - ::endgroup::
