[2024-05-25T21:19:21.627+0000] {local_task_job_runner.py:120} INFO - ::group::Pre task execution logs
[2024-05-25T21:19:21.651+0000] {taskinstance.py:2076} INFO - Dependencies all met for dep_context=non-requeueable deps ti=<TaskInstance: DAG_catedra_airflow.second-step-el scheduled__2024-05-25T01:22:00+00:00 [queued]>
[2024-05-25T21:19:21.660+0000] {taskinstance.py:2076} INFO - Dependencies all met for dep_context=requeueable deps ti=<TaskInstance: DAG_catedra_airflow.second-step-el scheduled__2024-05-25T01:22:00+00:00 [queued]>
[2024-05-25T21:19:21.660+0000] {taskinstance.py:2306} INFO - Starting attempt 1 of 1
[2024-05-25T21:19:21.676+0000] {taskinstance.py:2330} INFO - Executing <Task(PythonOperator): second-step-el> on 2024-05-25 01:22:00+00:00
[2024-05-25T21:19:21.683+0000] {warnings.py:110} WARNING - /home/***/.local/lib/python3.12/site-packages/***/task/task_runner/standard_task_runner.py:61: DeprecationWarning: This process (pid=705) is multi-threaded, use of fork() may lead to deadlocks in the child.
  pid = os.fork()

[2024-05-25T21:19:21.686+0000] {standard_task_runner.py:63} INFO - Started process 707 to run task
[2024-05-25T21:19:21.687+0000] {standard_task_runner.py:90} INFO - Running: ['***', 'tasks', 'run', 'DAG_catedra_***', 'second-step-el', 'scheduled__2024-05-25T01:22:00+00:00', '--job-id', '177', '--raw', '--subdir', 'DAGS_FOLDER/dag_clase.py', '--cfg-path', '/tmp/tmp74v4a3ql']
[2024-05-25T21:19:21.688+0000] {standard_task_runner.py:91} INFO - Job 177: Subtask second-step-el
[2024-05-25T21:19:21.740+0000] {task_command.py:426} INFO - Running <TaskInstance: DAG_catedra_airflow.second-step-el scheduled__2024-05-25T01:22:00+00:00 [running]> on host b2cfee8f0b2b
[2024-05-25T21:19:21.863+0000] {taskinstance.py:2648} INFO - Exporting env vars: AIRFLOW_CTX_DAG_OWNER='***' AIRFLOW_CTX_DAG_ID='DAG_catedra_***' AIRFLOW_CTX_TASK_ID='second-step-el' AIRFLOW_CTX_EXECUTION_DATE='2024-05-25T01:22:00+00:00' AIRFLOW_CTX_TRY_NUMBER='1' AIRFLOW_CTX_DAG_RUN_ID='scheduled__2024-05-25T01:22:00+00:00'
[2024-05-25T21:19:21.866+0000] {taskinstance.py:430} INFO - ::endgroup::
[2024-05-25T21:19:21.873+0000] {logging_mixin.py:188} INFO - Connection to database was succesful
[2024-05-25T21:19:21.893+0000] {logging_mixin.py:188} INFO - Query completed
[2024-05-25T21:19:21.943+0000] {logging_mixin.py:188} INFO - execute_query_result_set()
[2024-05-25T21:19:21.949+0000] {logging_mixin.py:188} INFO - Connection to database was succesful
[2024-05-25T21:19:22.048+0000] {logging_mixin.py:188} INFO - Inserts performed wihout fail
[2024-05-25T21:19:22.050+0000] {python.py:237} INFO - Done. Returned value was: None
[2024-05-25T21:19:22.050+0000] {taskinstance.py:441} INFO - ::group::Post task execution logs
[2024-05-25T21:19:22.061+0000] {taskinstance.py:1206} INFO - Marking task as SUCCESS. dag_id=DAG_catedra_***, task_id=second-step-el, run_id=scheduled__2024-05-25T01:22:00+00:00, execution_date=20240525T012200, start_date=20240525T211921, end_date=20240525T211922
[2024-05-25T21:19:22.104+0000] {local_task_job_runner.py:240} INFO - Task exited with return code 0
[2024-05-25T21:19:22.123+0000] {taskinstance.py:3498} INFO - 0 downstream tasks scheduled from follow-on schedule check
[2024-05-25T21:19:22.128+0000] {local_task_job_runner.py:222} INFO - ::endgroup::
