[2024-05-25T21:20:27.774+0000] {local_task_job_runner.py:120} INFO - ::group::Pre task execution logs
[2024-05-25T21:20:27.800+0000] {taskinstance.py:2076} INFO - Dependencies all met for dep_context=non-requeueable deps ti=<TaskInstance: DAG_catedra_airflow.second-step-el scheduled__2024-05-25T01:35:00+00:00 [queued]>
[2024-05-25T21:20:27.810+0000] {taskinstance.py:2076} INFO - Dependencies all met for dep_context=requeueable deps ti=<TaskInstance: DAG_catedra_airflow.second-step-el scheduled__2024-05-25T01:35:00+00:00 [queued]>
[2024-05-25T21:20:27.810+0000] {taskinstance.py:2306} INFO - Starting attempt 1 of 1
[2024-05-25T21:20:27.827+0000] {taskinstance.py:2330} INFO - Executing <Task(PythonOperator): second-step-el> on 2024-05-25 01:35:00+00:00
[2024-05-25T21:20:27.833+0000] {warnings.py:110} WARNING - /home/***/.local/lib/python3.12/site-packages/***/task/task_runner/standard_task_runner.py:61: DeprecationWarning: This process (pid=796) is multi-threaded, use of fork() may lead to deadlocks in the child.
  pid = os.fork()

[2024-05-25T21:20:27.835+0000] {standard_task_runner.py:63} INFO - Started process 798 to run task
[2024-05-25T21:20:27.836+0000] {standard_task_runner.py:90} INFO - Running: ['***', 'tasks', 'run', 'DAG_catedra_***', 'second-step-el', 'scheduled__2024-05-25T01:35:00+00:00', '--job-id', '203', '--raw', '--subdir', 'DAGS_FOLDER/dag_clase.py', '--cfg-path', '/tmp/tmpq17pv_ur']
[2024-05-25T21:20:27.837+0000] {standard_task_runner.py:91} INFO - Job 203: Subtask second-step-el
[2024-05-25T21:20:27.888+0000] {task_command.py:426} INFO - Running <TaskInstance: DAG_catedra_airflow.second-step-el scheduled__2024-05-25T01:35:00+00:00 [running]> on host b2cfee8f0b2b
[2024-05-25T21:20:27.993+0000] {taskinstance.py:2648} INFO - Exporting env vars: AIRFLOW_CTX_DAG_OWNER='***' AIRFLOW_CTX_DAG_ID='DAG_catedra_***' AIRFLOW_CTX_TASK_ID='second-step-el' AIRFLOW_CTX_EXECUTION_DATE='2024-05-25T01:35:00+00:00' AIRFLOW_CTX_TRY_NUMBER='1' AIRFLOW_CTX_DAG_RUN_ID='scheduled__2024-05-25T01:35:00+00:00'
[2024-05-25T21:20:27.995+0000] {taskinstance.py:430} INFO - ::endgroup::
[2024-05-25T21:20:28.001+0000] {logging_mixin.py:188} INFO - Connection to database was succesful
[2024-05-25T21:20:28.020+0000] {logging_mixin.py:188} INFO - Query completed
[2024-05-25T21:20:28.075+0000] {logging_mixin.py:188} INFO - execute_query_result_set()
[2024-05-25T21:20:28.081+0000] {logging_mixin.py:188} INFO - Connection to database was succesful
[2024-05-25T21:20:28.178+0000] {logging_mixin.py:188} INFO - Inserts performed wihout fail
[2024-05-25T21:20:28.179+0000] {python.py:237} INFO - Done. Returned value was: None
[2024-05-25T21:20:28.180+0000] {taskinstance.py:441} INFO - ::group::Post task execution logs
[2024-05-25T21:20:28.188+0000] {taskinstance.py:1206} INFO - Marking task as SUCCESS. dag_id=DAG_catedra_***, task_id=second-step-el, run_id=scheduled__2024-05-25T01:35:00+00:00, execution_date=20240525T013500, start_date=20240525T212027, end_date=20240525T212028
[2024-05-25T21:20:28.210+0000] {local_task_job_runner.py:240} INFO - Task exited with return code 0
[2024-05-25T21:20:28.226+0000] {taskinstance.py:3498} INFO - 0 downstream tasks scheduled from follow-on schedule check
[2024-05-25T21:20:28.234+0000] {local_task_job_runner.py:222} INFO - ::endgroup::
[2024-05-26T00:44:05.093+0000] {local_task_job_runner.py:120} INFO - ::group::Pre task execution logs
[2024-05-26T00:44:05.112+0000] {taskinstance.py:2076} INFO - Dependencies all met for dep_context=non-requeueable deps ti=<TaskInstance: DAG_catedra_airflow.second-step-el scheduled__2024-05-25T01:35:00+00:00 [queued]>
[2024-05-26T00:44:05.119+0000] {taskinstance.py:2076} INFO - Dependencies all met for dep_context=requeueable deps ti=<TaskInstance: DAG_catedra_airflow.second-step-el scheduled__2024-05-25T01:35:00+00:00 [queued]>
[2024-05-26T00:44:05.119+0000] {taskinstance.py:2306} INFO - Starting attempt 1 of 1
[2024-05-26T00:44:05.131+0000] {taskinstance.py:2330} INFO - Executing <Task(PythonOperator): second-step-el> on 2024-05-25 01:35:00+00:00
[2024-05-26T00:44:05.138+0000] {warnings.py:110} WARNING - /home/***/.local/lib/python3.12/site-packages/***/task/task_runner/standard_task_runner.py:61: DeprecationWarning: This process (pid=173) is multi-threaded, use of fork() may lead to deadlocks in the child.
  pid = os.fork()

[2024-05-26T00:44:05.140+0000] {standard_task_runner.py:63} INFO - Started process 175 to run task
[2024-05-26T00:44:05.141+0000] {standard_task_runner.py:90} INFO - Running: ['***', 'tasks', 'run', 'DAG_catedra_***', 'second-step-el', 'scheduled__2024-05-25T01:35:00+00:00', '--job-id', '36', '--raw', '--subdir', 'DAGS_FOLDER/dag_clase.py', '--cfg-path', '/tmp/tmpal6dc96_']
[2024-05-26T00:44:05.142+0000] {standard_task_runner.py:91} INFO - Job 36: Subtask second-step-el
[2024-05-26T00:44:05.179+0000] {task_command.py:426} INFO - Running <TaskInstance: DAG_catedra_airflow.second-step-el scheduled__2024-05-25T01:35:00+00:00 [running]> on host bb8f67d70e6d
[2024-05-26T00:44:05.255+0000] {taskinstance.py:2648} INFO - Exporting env vars: AIRFLOW_CTX_DAG_OWNER='***' AIRFLOW_CTX_DAG_ID='DAG_catedra_***' AIRFLOW_CTX_TASK_ID='second-step-el' AIRFLOW_CTX_EXECUTION_DATE='2024-05-25T01:35:00+00:00' AIRFLOW_CTX_TRY_NUMBER='1' AIRFLOW_CTX_DAG_RUN_ID='scheduled__2024-05-25T01:35:00+00:00'
[2024-05-26T00:44:05.256+0000] {taskinstance.py:430} INFO - ::endgroup::
[2024-05-26T00:44:05.261+0000] {logging_mixin.py:188} INFO - Connection to database was succesful
[2024-05-26T00:44:05.267+0000] {logging_mixin.py:188} INFO - query failed, df empty
[2024-05-26T00:44:05.272+0000] {logging_mixin.py:188} INFO - execute_query_result_set()
[2024-05-26T00:44:05.276+0000] {logging_mixin.py:188} INFO - Connection to database was succesful
[2024-05-26T00:44:05.277+0000] {logging_mixin.py:188} INFO - Inserts performed wihout fail
[2024-05-26T00:44:05.277+0000] {python.py:237} INFO - Done. Returned value was: None
[2024-05-26T00:44:05.278+0000] {taskinstance.py:441} INFO - ::group::Post task execution logs
[2024-05-26T00:44:05.285+0000] {taskinstance.py:1206} INFO - Marking task as SUCCESS. dag_id=DAG_catedra_***, task_id=second-step-el, run_id=scheduled__2024-05-25T01:35:00+00:00, execution_date=20240525T013500, start_date=20240526T004405, end_date=20240526T004405
[2024-05-26T00:44:05.315+0000] {local_task_job_runner.py:240} INFO - Task exited with return code 0
[2024-05-26T00:44:05.332+0000] {taskinstance.py:3498} INFO - 0 downstream tasks scheduled from follow-on schedule check
[2024-05-26T00:44:05.336+0000] {local_task_job_runner.py:222} INFO - ::endgroup::
[2024-05-26T02:00:43.837+0000] {local_task_job_runner.py:120} INFO - ::group::Pre task execution logs
[2024-05-26T02:00:43.860+0000] {taskinstance.py:2076} INFO - Dependencies all met for dep_context=non-requeueable deps ti=<TaskInstance: DAG_catedra_airflow.second-step-el scheduled__2024-05-25T01:35:00+00:00 [queued]>
[2024-05-26T02:00:43.869+0000] {taskinstance.py:2076} INFO - Dependencies all met for dep_context=requeueable deps ti=<TaskInstance: DAG_catedra_airflow.second-step-el scheduled__2024-05-25T01:35:00+00:00 [queued]>
[2024-05-26T02:00:43.870+0000] {taskinstance.py:2306} INFO - Starting attempt 1 of 1
[2024-05-26T02:00:43.884+0000] {taskinstance.py:2330} INFO - Executing <Task(PythonOperator): second-step-el> on 2024-05-25 01:35:00+00:00
[2024-05-26T02:00:43.890+0000] {warnings.py:110} WARNING - /home/***/.local/lib/python3.12/site-packages/***/task/task_runner/standard_task_runner.py:61: DeprecationWarning: This process (pid=173) is multi-threaded, use of fork() may lead to deadlocks in the child.
  pid = os.fork()

[2024-05-26T02:00:43.892+0000] {standard_task_runner.py:63} INFO - Started process 175 to run task
[2024-05-26T02:00:43.893+0000] {standard_task_runner.py:90} INFO - Running: ['***', 'tasks', 'run', 'DAG_catedra_***', 'second-step-el', 'scheduled__2024-05-25T01:35:00+00:00', '--job-id', '36', '--raw', '--subdir', 'DAGS_FOLDER/dag_clase.py', '--cfg-path', '/tmp/tmpt72oabtf']
[2024-05-26T02:00:43.894+0000] {standard_task_runner.py:91} INFO - Job 36: Subtask second-step-el
[2024-05-26T02:00:43.950+0000] {task_command.py:426} INFO - Running <TaskInstance: DAG_catedra_airflow.second-step-el scheduled__2024-05-25T01:35:00+00:00 [running]> on host da1b21f42040
[2024-05-26T02:00:44.051+0000] {taskinstance.py:2648} INFO - Exporting env vars: AIRFLOW_CTX_DAG_OWNER='***' AIRFLOW_CTX_DAG_ID='DAG_catedra_***' AIRFLOW_CTX_TASK_ID='second-step-el' AIRFLOW_CTX_EXECUTION_DATE='2024-05-25T01:35:00+00:00' AIRFLOW_CTX_TRY_NUMBER='1' AIRFLOW_CTX_DAG_RUN_ID='scheduled__2024-05-25T01:35:00+00:00'
[2024-05-26T02:00:44.052+0000] {taskinstance.py:430} INFO - ::endgroup::
[2024-05-26T02:00:44.058+0000] {logging_mixin.py:188} INFO - The connection to the DB was succesful
[2024-05-26T02:00:44.072+0000] {logging_mixin.py:188} INFO - Query completed
[2024-05-26T02:00:44.077+0000] {logging_mixin.py:188} INFO - execute_query_result_set()
[2024-05-26T02:00:44.083+0000] {logging_mixin.py:188} INFO - The connection to the DB was succesful
[2024-05-26T02:00:44.088+0000] {logging_mixin.py:188} INFO - Inserts were comitted
[2024-05-26T02:00:44.089+0000] {python.py:237} INFO - Done. Returned value was: None
[2024-05-26T02:00:44.089+0000] {taskinstance.py:441} INFO - ::group::Post task execution logs
[2024-05-26T02:00:44.097+0000] {taskinstance.py:1206} INFO - Marking task as SUCCESS. dag_id=DAG_catedra_***, task_id=second-step-el, run_id=scheduled__2024-05-25T01:35:00+00:00, execution_date=20240525T013500, start_date=20240526T020043, end_date=20240526T020044
[2024-05-26T02:00:44.146+0000] {local_task_job_runner.py:240} INFO - Task exited with return code 0
[2024-05-26T02:00:44.163+0000] {taskinstance.py:3498} INFO - 0 downstream tasks scheduled from follow-on schedule check
[2024-05-26T02:00:44.167+0000] {local_task_job_runner.py:222} INFO - ::endgroup::
