[2024-05-25T21:20:00.908+0000] {local_task_job_runner.py:120} INFO - ::group::Pre task execution logs
[2024-05-25T21:20:00.930+0000] {taskinstance.py:2076} INFO - Dependencies all met for dep_context=non-requeueable deps ti=<TaskInstance: DAG_catedra_airflow.second-step-el scheduled__2024-05-25T01:30:00+00:00 [queued]>
[2024-05-25T21:20:00.939+0000] {taskinstance.py:2076} INFO - Dependencies all met for dep_context=requeueable deps ti=<TaskInstance: DAG_catedra_airflow.second-step-el scheduled__2024-05-25T01:30:00+00:00 [queued]>
[2024-05-25T21:20:00.939+0000] {taskinstance.py:2306} INFO - Starting attempt 1 of 1
[2024-05-25T21:20:00.953+0000] {taskinstance.py:2330} INFO - Executing <Task(PythonOperator): second-step-el> on 2024-05-25 01:30:00+00:00
[2024-05-25T21:20:00.958+0000] {warnings.py:110} WARNING - /home/***/.local/lib/python3.12/site-packages/***/task/task_runner/standard_task_runner.py:61: DeprecationWarning: This process (pid=759) is multi-threaded, use of fork() may lead to deadlocks in the child.
  pid = os.fork()

[2024-05-25T21:20:00.960+0000] {standard_task_runner.py:63} INFO - Started process 761 to run task
[2024-05-25T21:20:00.960+0000] {standard_task_runner.py:90} INFO - Running: ['***', 'tasks', 'run', 'DAG_catedra_***', 'second-step-el', 'scheduled__2024-05-25T01:30:00+00:00', '--job-id', '193', '--raw', '--subdir', 'DAGS_FOLDER/dag_clase.py', '--cfg-path', '/tmp/tmp18isrp8s']
[2024-05-25T21:20:00.962+0000] {standard_task_runner.py:91} INFO - Job 193: Subtask second-step-el
[2024-05-25T21:20:01.006+0000] {task_command.py:426} INFO - Running <TaskInstance: DAG_catedra_airflow.second-step-el scheduled__2024-05-25T01:30:00+00:00 [running]> on host b2cfee8f0b2b
[2024-05-25T21:20:01.102+0000] {taskinstance.py:2648} INFO - Exporting env vars: AIRFLOW_CTX_DAG_OWNER='***' AIRFLOW_CTX_DAG_ID='DAG_catedra_***' AIRFLOW_CTX_TASK_ID='second-step-el' AIRFLOW_CTX_EXECUTION_DATE='2024-05-25T01:30:00+00:00' AIRFLOW_CTX_TRY_NUMBER='1' AIRFLOW_CTX_DAG_RUN_ID='scheduled__2024-05-25T01:30:00+00:00'
[2024-05-25T21:20:01.103+0000] {taskinstance.py:430} INFO - ::endgroup::
[2024-05-25T21:20:01.110+0000] {logging_mixin.py:188} INFO - Connection to database was succesful
[2024-05-25T21:20:01.134+0000] {logging_mixin.py:188} INFO - Query completed
[2024-05-25T21:20:01.183+0000] {logging_mixin.py:188} INFO - execute_query_result_set()
[2024-05-25T21:20:01.190+0000] {logging_mixin.py:188} INFO - Connection to database was succesful
[2024-05-25T21:20:01.268+0000] {logging_mixin.py:188} INFO - Inserts performed wihout fail
[2024-05-25T21:20:01.269+0000] {python.py:237} INFO - Done. Returned value was: None
[2024-05-25T21:20:01.270+0000] {taskinstance.py:441} INFO - ::group::Post task execution logs
[2024-05-25T21:20:01.278+0000] {taskinstance.py:1206} INFO - Marking task as SUCCESS. dag_id=DAG_catedra_***, task_id=second-step-el, run_id=scheduled__2024-05-25T01:30:00+00:00, execution_date=20240525T013000, start_date=20240525T212000, end_date=20240525T212001
[2024-05-25T21:20:01.335+0000] {local_task_job_runner.py:240} INFO - Task exited with return code 0
[2024-05-25T21:20:01.363+0000] {taskinstance.py:3498} INFO - 0 downstream tasks scheduled from follow-on schedule check
[2024-05-25T21:20:01.368+0000] {local_task_job_runner.py:222} INFO - ::endgroup::
[2024-05-26T00:44:00.978+0000] {local_task_job_runner.py:120} INFO - ::group::Pre task execution logs
[2024-05-26T00:44:00.996+0000] {taskinstance.py:2076} INFO - Dependencies all met for dep_context=non-requeueable deps ti=<TaskInstance: DAG_catedra_airflow.second-step-el scheduled__2024-05-25T01:30:00+00:00 [queued]>
[2024-05-26T00:44:01.003+0000] {taskinstance.py:2076} INFO - Dependencies all met for dep_context=requeueable deps ti=<TaskInstance: DAG_catedra_airflow.second-step-el scheduled__2024-05-25T01:30:00+00:00 [queued]>
[2024-05-26T00:44:01.003+0000] {taskinstance.py:2306} INFO - Starting attempt 1 of 1
[2024-05-26T00:44:01.014+0000] {taskinstance.py:2330} INFO - Executing <Task(PythonOperator): second-step-el> on 2024-05-25 01:30:00+00:00
[2024-05-26T00:44:01.020+0000] {warnings.py:110} WARNING - /home/***/.local/lib/python3.12/site-packages/***/task/task_runner/standard_task_runner.py:61: DeprecationWarning: This process (pid=160) is multi-threaded, use of fork() may lead to deadlocks in the child.
  pid = os.fork()

[2024-05-26T00:44:01.021+0000] {standard_task_runner.py:63} INFO - Started process 162 to run task
[2024-05-26T00:44:01.022+0000] {standard_task_runner.py:90} INFO - Running: ['***', 'tasks', 'run', 'DAG_catedra_***', 'second-step-el', 'scheduled__2024-05-25T01:30:00+00:00', '--job-id', '34', '--raw', '--subdir', 'DAGS_FOLDER/dag_clase.py', '--cfg-path', '/tmp/tmpa5sd6ns_']
[2024-05-26T00:44:01.023+0000] {standard_task_runner.py:91} INFO - Job 34: Subtask second-step-el
[2024-05-26T00:44:01.059+0000] {task_command.py:426} INFO - Running <TaskInstance: DAG_catedra_airflow.second-step-el scheduled__2024-05-25T01:30:00+00:00 [running]> on host bb8f67d70e6d
[2024-05-26T00:44:01.132+0000] {taskinstance.py:2648} INFO - Exporting env vars: AIRFLOW_CTX_DAG_OWNER='***' AIRFLOW_CTX_DAG_ID='DAG_catedra_***' AIRFLOW_CTX_TASK_ID='second-step-el' AIRFLOW_CTX_EXECUTION_DATE='2024-05-25T01:30:00+00:00' AIRFLOW_CTX_TRY_NUMBER='1' AIRFLOW_CTX_DAG_RUN_ID='scheduled__2024-05-25T01:30:00+00:00'
[2024-05-26T00:44:01.134+0000] {taskinstance.py:430} INFO - ::endgroup::
[2024-05-26T00:44:01.140+0000] {logging_mixin.py:188} INFO - Connection to database was succesful
[2024-05-26T00:44:01.146+0000] {logging_mixin.py:188} INFO - query failed, df empty
[2024-05-26T00:44:01.149+0000] {logging_mixin.py:188} INFO - execute_query_result_set()
[2024-05-26T00:44:01.155+0000] {logging_mixin.py:188} INFO - Connection to database was succesful
[2024-05-26T00:44:01.155+0000] {logging_mixin.py:188} INFO - Inserts performed wihout fail
[2024-05-26T00:44:01.156+0000] {python.py:237} INFO - Done. Returned value was: None
[2024-05-26T00:44:01.156+0000] {taskinstance.py:441} INFO - ::group::Post task execution logs
[2024-05-26T00:44:01.163+0000] {taskinstance.py:1206} INFO - Marking task as SUCCESS. dag_id=DAG_catedra_***, task_id=second-step-el, run_id=scheduled__2024-05-25T01:30:00+00:00, execution_date=20240525T013000, start_date=20240526T004400, end_date=20240526T004401
[2024-05-26T00:44:01.195+0000] {local_task_job_runner.py:240} INFO - Task exited with return code 0
[2024-05-26T00:44:01.203+0000] {local_task_job_runner.py:222} INFO - ::endgroup::
[2024-05-26T02:00:38.944+0000] {local_task_job_runner.py:120} INFO - ::group::Pre task execution logs
[2024-05-26T02:00:38.970+0000] {taskinstance.py:2076} INFO - Dependencies all met for dep_context=non-requeueable deps ti=<TaskInstance: DAG_catedra_airflow.second-step-el scheduled__2024-05-25T01:30:00+00:00 [queued]>
[2024-05-26T02:00:38.980+0000] {taskinstance.py:2076} INFO - Dependencies all met for dep_context=requeueable deps ti=<TaskInstance: DAG_catedra_airflow.second-step-el scheduled__2024-05-25T01:30:00+00:00 [queued]>
[2024-05-26T02:00:38.981+0000] {taskinstance.py:2306} INFO - Starting attempt 1 of 1
[2024-05-26T02:00:38.996+0000] {taskinstance.py:2330} INFO - Executing <Task(PythonOperator): second-step-el> on 2024-05-25 01:30:00+00:00
[2024-05-26T02:00:39.003+0000] {warnings.py:110} WARNING - /home/***/.local/lib/python3.12/site-packages/***/task/task_runner/standard_task_runner.py:61: DeprecationWarning: This process (pid=167) is multi-threaded, use of fork() may lead to deadlocks in the child.
  pid = os.fork()

[2024-05-26T02:00:39.005+0000] {standard_task_runner.py:63} INFO - Started process 169 to run task
[2024-05-26T02:00:39.005+0000] {standard_task_runner.py:90} INFO - Running: ['***', 'tasks', 'run', 'DAG_catedra_***', 'second-step-el', 'scheduled__2024-05-25T01:30:00+00:00', '--job-id', '34', '--raw', '--subdir', 'DAGS_FOLDER/dag_clase.py', '--cfg-path', '/tmp/tmp473goytd']
[2024-05-26T02:00:39.006+0000] {standard_task_runner.py:91} INFO - Job 34: Subtask second-step-el
[2024-05-26T02:00:39.055+0000] {task_command.py:426} INFO - Running <TaskInstance: DAG_catedra_airflow.second-step-el scheduled__2024-05-25T01:30:00+00:00 [running]> on host da1b21f42040
[2024-05-26T02:00:39.170+0000] {taskinstance.py:2648} INFO - Exporting env vars: AIRFLOW_CTX_DAG_OWNER='***' AIRFLOW_CTX_DAG_ID='DAG_catedra_***' AIRFLOW_CTX_TASK_ID='second-step-el' AIRFLOW_CTX_EXECUTION_DATE='2024-05-25T01:30:00+00:00' AIRFLOW_CTX_TRY_NUMBER='1' AIRFLOW_CTX_DAG_RUN_ID='scheduled__2024-05-25T01:30:00+00:00'
[2024-05-26T02:00:39.172+0000] {taskinstance.py:430} INFO - ::endgroup::
[2024-05-26T02:00:39.180+0000] {logging_mixin.py:188} INFO - The connection to the DB was succesful
[2024-05-26T02:00:39.198+0000] {logging_mixin.py:188} INFO - Query completed
[2024-05-26T02:00:39.204+0000] {logging_mixin.py:188} INFO - execute_query_result_set()
[2024-05-26T02:00:39.212+0000] {logging_mixin.py:188} INFO - The connection to the DB was succesful
[2024-05-26T02:00:39.222+0000] {logging_mixin.py:188} INFO - Inserts were comitted
[2024-05-26T02:00:39.223+0000] {python.py:237} INFO - Done. Returned value was: None
[2024-05-26T02:00:39.224+0000] {taskinstance.py:441} INFO - ::group::Post task execution logs
[2024-05-26T02:00:39.234+0000] {taskinstance.py:1206} INFO - Marking task as SUCCESS. dag_id=DAG_catedra_***, task_id=second-step-el, run_id=scheduled__2024-05-25T01:30:00+00:00, execution_date=20240525T013000, start_date=20240526T020038, end_date=20240526T020039
[2024-05-26T02:00:39.259+0000] {local_task_job_runner.py:240} INFO - Task exited with return code 0
[2024-05-26T02:00:39.276+0000] {taskinstance.py:3498} INFO - 0 downstream tasks scheduled from follow-on schedule check
[2024-05-26T02:00:39.280+0000] {local_task_job_runner.py:222} INFO - ::endgroup::
