[2024-05-25T21:16:34.294+0000] {local_task_job_runner.py:120} INFO - ::group::Pre task execution logs
[2024-05-25T21:16:34.323+0000] {taskinstance.py:2076} INFO - Dependencies all met for dep_context=non-requeueable deps ti=<TaskInstance: DAG_catedra_airflow.first-step-el scheduled__2024-05-25T00:50:00+00:00 [queued]>
[2024-05-25T21:16:34.336+0000] {taskinstance.py:2076} INFO - Dependencies all met for dep_context=requeueable deps ti=<TaskInstance: DAG_catedra_airflow.first-step-el scheduled__2024-05-25T00:50:00+00:00 [queued]>
[2024-05-25T21:16:34.336+0000] {taskinstance.py:2306} INFO - Starting attempt 1 of 1
[2024-05-25T21:16:34.351+0000] {taskinstance.py:2330} INFO - Executing <Task(PythonOperator): first-step-el> on 2024-05-25 00:50:00+00:00
[2024-05-25T21:16:34.356+0000] {warnings.py:110} WARNING - /home/***/.local/lib/python3.12/site-packages/***/task/task_runner/standard_task_runner.py:61: DeprecationWarning: This process (pid=474) is multi-threaded, use of fork() may lead to deadlocks in the child.
  pid = os.fork()

[2024-05-25T21:16:34.358+0000] {standard_task_runner.py:63} INFO - Started process 476 to run task
[2024-05-25T21:16:34.359+0000] {standard_task_runner.py:90} INFO - Running: ['***', 'tasks', 'run', 'DAG_catedra_***', 'first-step-el', 'scheduled__2024-05-25T00:50:00+00:00', '--job-id', '112', '--raw', '--subdir', 'DAGS_FOLDER/dag_clase.py', '--cfg-path', '/tmp/tmpy9y8oxh8']
[2024-05-25T21:16:34.360+0000] {standard_task_runner.py:91} INFO - Job 112: Subtask first-step-el
[2024-05-25T21:16:34.407+0000] {task_command.py:426} INFO - Running <TaskInstance: DAG_catedra_airflow.first-step-el scheduled__2024-05-25T00:50:00+00:00 [running]> on host b2cfee8f0b2b
[2024-05-25T21:16:34.519+0000] {taskinstance.py:2648} INFO - Exporting env vars: AIRFLOW_CTX_DAG_OWNER='***' AIRFLOW_CTX_DAG_ID='DAG_catedra_***' AIRFLOW_CTX_TASK_ID='first-step-el' AIRFLOW_CTX_EXECUTION_DATE='2024-05-25T00:50:00+00:00' AIRFLOW_CTX_TRY_NUMBER='1' AIRFLOW_CTX_DAG_RUN_ID='scheduled__2024-05-25T00:50:00+00:00'
[2024-05-25T21:16:34.521+0000] {taskinstance.py:430} INFO - ::endgroup::
[2024-05-25T21:16:34.528+0000] {logging_mixin.py:188} INFO - Connection to database was succesful
[2024-05-25T21:16:34.539+0000] {logging_mixin.py:188} INFO - Query completed
[2024-05-25T21:16:34.543+0000] {logging_mixin.py:188} INFO - execute_query_result_set()
[2024-05-25T21:16:34.549+0000] {logging_mixin.py:188} INFO - Connection to database was succesful
[2024-05-25T21:16:34.555+0000] {logging_mixin.py:188} INFO - Inserts performed wihout fail
[2024-05-25T21:16:34.556+0000] {python.py:237} INFO - Done. Returned value was: None
[2024-05-25T21:16:34.556+0000] {taskinstance.py:441} INFO - ::group::Post task execution logs
[2024-05-25T21:16:34.565+0000] {taskinstance.py:1206} INFO - Marking task as SUCCESS. dag_id=DAG_catedra_***, task_id=first-step-el, run_id=scheduled__2024-05-25T00:50:00+00:00, execution_date=20240525T005000, start_date=20240525T211634, end_date=20240525T211634
[2024-05-25T21:16:34.615+0000] {local_task_job_runner.py:240} INFO - Task exited with return code 0
[2024-05-25T21:16:34.637+0000] {taskinstance.py:3498} INFO - 0 downstream tasks scheduled from follow-on schedule check
[2024-05-25T21:16:34.645+0000] {local_task_job_runner.py:222} INFO - ::endgroup::
[2024-05-26T00:43:24.460+0000] {local_task_job_runner.py:120} INFO - ::group::Pre task execution logs
[2024-05-26T00:43:24.487+0000] {taskinstance.py:2076} INFO - Dependencies all met for dep_context=non-requeueable deps ti=<TaskInstance: DAG_catedra_airflow.first-step-el scheduled__2024-05-25T00:50:00+00:00 [queued]>
[2024-05-26T00:43:24.494+0000] {taskinstance.py:2076} INFO - Dependencies all met for dep_context=requeueable deps ti=<TaskInstance: DAG_catedra_airflow.first-step-el scheduled__2024-05-25T00:50:00+00:00 [queued]>
[2024-05-26T00:43:24.495+0000] {taskinstance.py:2306} INFO - Starting attempt 1 of 1
[2024-05-26T00:43:24.507+0000] {taskinstance.py:2330} INFO - Executing <Task(PythonOperator): first-step-el> on 2024-05-25 00:50:00+00:00
[2024-05-26T00:43:24.512+0000] {warnings.py:110} WARNING - /home/***/.local/lib/python3.12/site-packages/***/task/task_runner/standard_task_runner.py:61: DeprecationWarning: This process (pid=102) is multi-threaded, use of fork() may lead to deadlocks in the child.
  pid = os.fork()

[2024-05-26T00:43:24.514+0000] {standard_task_runner.py:63} INFO - Started process 104 to run task
[2024-05-26T00:43:24.514+0000] {standard_task_runner.py:90} INFO - Running: ['***', 'tasks', 'run', 'DAG_catedra_***', 'first-step-el', 'scheduled__2024-05-25T00:50:00+00:00', '--job-id', '17', '--raw', '--subdir', 'DAGS_FOLDER/dag_clase.py', '--cfg-path', '/tmp/tmpm3wdv915']
[2024-05-26T00:43:24.515+0000] {standard_task_runner.py:91} INFO - Job 17: Subtask first-step-el
[2024-05-26T00:43:24.554+0000] {task_command.py:426} INFO - Running <TaskInstance: DAG_catedra_airflow.first-step-el scheduled__2024-05-25T00:50:00+00:00 [running]> on host bb8f67d70e6d
[2024-05-26T00:43:24.632+0000] {taskinstance.py:2648} INFO - Exporting env vars: AIRFLOW_CTX_DAG_OWNER='***' AIRFLOW_CTX_DAG_ID='DAG_catedra_***' AIRFLOW_CTX_TASK_ID='first-step-el' AIRFLOW_CTX_EXECUTION_DATE='2024-05-25T00:50:00+00:00' AIRFLOW_CTX_TRY_NUMBER='1' AIRFLOW_CTX_DAG_RUN_ID='scheduled__2024-05-25T00:50:00+00:00'
[2024-05-26T00:43:24.633+0000] {taskinstance.py:430} INFO - ::endgroup::
[2024-05-26T00:43:24.639+0000] {logging_mixin.py:188} INFO - Connection to database was succesful
[2024-05-26T00:43:24.648+0000] {logging_mixin.py:188} INFO - Query completed
[2024-05-26T00:43:24.652+0000] {logging_mixin.py:188} INFO - execute_query_result_set()
[2024-05-26T00:43:24.657+0000] {logging_mixin.py:188} INFO - Connection to database was succesful
[2024-05-26T00:43:24.658+0000] {logging_mixin.py:188} INFO - ERROR, INSERTS COULDN`T BE DONE
[2024-05-26T00:43:24.658+0000] {python.py:237} INFO - Done. Returned value was: None
[2024-05-26T00:43:24.658+0000] {taskinstance.py:441} INFO - ::group::Post task execution logs
[2024-05-26T00:43:24.665+0000] {taskinstance.py:1206} INFO - Marking task as SUCCESS. dag_id=DAG_catedra_***, task_id=first-step-el, run_id=scheduled__2024-05-25T00:50:00+00:00, execution_date=20240525T005000, start_date=20240526T004324, end_date=20240526T004324
[2024-05-26T00:43:24.687+0000] {local_task_job_runner.py:240} INFO - Task exited with return code 0
[2024-05-26T00:43:24.702+0000] {taskinstance.py:3498} INFO - 0 downstream tasks scheduled from follow-on schedule check
[2024-05-26T00:43:24.716+0000] {local_task_job_runner.py:222} INFO - ::endgroup::
[2024-05-26T01:59:52.822+0000] {local_task_job_runner.py:120} INFO - ::group::Pre task execution logs
[2024-05-26T01:59:52.850+0000] {taskinstance.py:2076} INFO - Dependencies all met for dep_context=non-requeueable deps ti=<TaskInstance: DAG_catedra_airflow.first-step-el scheduled__2024-05-25T00:50:00+00:00 [queued]>
[2024-05-26T01:59:52.861+0000] {taskinstance.py:2076} INFO - Dependencies all met for dep_context=requeueable deps ti=<TaskInstance: DAG_catedra_airflow.first-step-el scheduled__2024-05-25T00:50:00+00:00 [queued]>
[2024-05-26T01:59:52.862+0000] {taskinstance.py:2306} INFO - Starting attempt 1 of 1
[2024-05-26T01:59:52.877+0000] {taskinstance.py:2330} INFO - Executing <Task(PythonOperator): first-step-el> on 2024-05-25 00:50:00+00:00
[2024-05-26T01:59:52.884+0000] {warnings.py:110} WARNING - /home/***/.local/lib/python3.12/site-packages/***/task/task_runner/standard_task_runner.py:61: DeprecationWarning: This process (pid=109) is multi-threaded, use of fork() may lead to deadlocks in the child.
  pid = os.fork()

[2024-05-26T01:59:52.886+0000] {standard_task_runner.py:63} INFO - Started process 111 to run task
[2024-05-26T01:59:52.887+0000] {standard_task_runner.py:90} INFO - Running: ['***', 'tasks', 'run', 'DAG_catedra_***', 'first-step-el', 'scheduled__2024-05-25T00:50:00+00:00', '--job-id', '17', '--raw', '--subdir', 'DAGS_FOLDER/dag_clase.py', '--cfg-path', '/tmp/tmpv630jc7a']
[2024-05-26T01:59:52.888+0000] {standard_task_runner.py:91} INFO - Job 17: Subtask first-step-el
[2024-05-26T01:59:52.939+0000] {task_command.py:426} INFO - Running <TaskInstance: DAG_catedra_airflow.first-step-el scheduled__2024-05-25T00:50:00+00:00 [running]> on host da1b21f42040
[2024-05-26T01:59:53.048+0000] {taskinstance.py:2648} INFO - Exporting env vars: AIRFLOW_CTX_DAG_OWNER='***' AIRFLOW_CTX_DAG_ID='DAG_catedra_***' AIRFLOW_CTX_TASK_ID='first-step-el' AIRFLOW_CTX_EXECUTION_DATE='2024-05-25T00:50:00+00:00' AIRFLOW_CTX_TRY_NUMBER='1' AIRFLOW_CTX_DAG_RUN_ID='scheduled__2024-05-25T00:50:00+00:00'
[2024-05-26T01:59:53.050+0000] {taskinstance.py:430} INFO - ::endgroup::
[2024-05-26T01:59:53.058+0000] {logging_mixin.py:188} INFO - The connection to the DB was succesful
[2024-05-26T01:59:53.071+0000] {logging_mixin.py:188} INFO - Query completed
[2024-05-26T01:59:53.075+0000] {logging_mixin.py:188} INFO - execute_query_result_set()
[2024-05-26T01:59:53.081+0000] {logging_mixin.py:188} INFO - The connection to the DB was succesful
[2024-05-26T01:59:53.088+0000] {logging_mixin.py:188} INFO - Inserts were comitted
[2024-05-26T01:59:53.089+0000] {python.py:237} INFO - Done. Returned value was: None
[2024-05-26T01:59:53.089+0000] {taskinstance.py:441} INFO - ::group::Post task execution logs
[2024-05-26T01:59:53.098+0000] {taskinstance.py:1206} INFO - Marking task as SUCCESS. dag_id=DAG_catedra_***, task_id=first-step-el, run_id=scheduled__2024-05-25T00:50:00+00:00, execution_date=20240525T005000, start_date=20240526T015952, end_date=20240526T015953
[2024-05-26T01:59:53.141+0000] {local_task_job_runner.py:240} INFO - Task exited with return code 0
[2024-05-26T01:59:53.175+0000] {taskinstance.py:3498} INFO - 1 downstream tasks scheduled from follow-on schedule check
[2024-05-26T01:59:53.179+0000] {local_task_job_runner.py:222} INFO - ::endgroup::
