[2024-05-25T21:13:16.963+0000] {local_task_job_runner.py:120} INFO - ::group::Pre task execution logs
[2024-05-25T21:13:16.983+0000] {taskinstance.py:2076} INFO - Dependencies all met for dep_context=non-requeueable deps ti=<TaskInstance: DAG_catedra_airflow.first-step-el scheduled__2024-05-25T00:15:00+00:00 [queued]>
[2024-05-25T21:13:16.990+0000] {taskinstance.py:2076} INFO - Dependencies all met for dep_context=requeueable deps ti=<TaskInstance: DAG_catedra_airflow.first-step-el scheduled__2024-05-25T00:15:00+00:00 [queued]>
[2024-05-25T21:13:16.991+0000] {taskinstance.py:2306} INFO - Starting attempt 1 of 1
[2024-05-25T21:13:17.002+0000] {taskinstance.py:2330} INFO - Executing <Task(PythonOperator): first-step-el> on 2024-05-25 00:15:00+00:00
[2024-05-25T21:13:17.007+0000] {warnings.py:110} WARNING - /home/***/.local/lib/python3.12/site-packages/***/task/task_runner/standard_task_runner.py:61: DeprecationWarning: This process (pid=221) is multi-threaded, use of fork() may lead to deadlocks in the child.
  pid = os.fork()

[2024-05-25T21:13:17.009+0000] {standard_task_runner.py:63} INFO - Started process 223 to run task
[2024-05-25T21:13:17.009+0000] {standard_task_runner.py:90} INFO - Running: ['***', 'tasks', 'run', 'DAG_catedra_***', 'first-step-el', 'scheduled__2024-05-25T00:15:00+00:00', '--job-id', '42', '--raw', '--subdir', 'DAGS_FOLDER/dag_clase.py', '--cfg-path', '/tmp/tmphmzuey32']
[2024-05-25T21:13:17.010+0000] {standard_task_runner.py:91} INFO - Job 42: Subtask first-step-el
[2024-05-25T21:13:17.047+0000] {task_command.py:426} INFO - Running <TaskInstance: DAG_catedra_airflow.first-step-el scheduled__2024-05-25T00:15:00+00:00 [running]> on host b2cfee8f0b2b
[2024-05-25T21:13:17.118+0000] {taskinstance.py:2648} INFO - Exporting env vars: AIRFLOW_CTX_DAG_OWNER='***' AIRFLOW_CTX_DAG_ID='DAG_catedra_***' AIRFLOW_CTX_TASK_ID='first-step-el' AIRFLOW_CTX_EXECUTION_DATE='2024-05-25T00:15:00+00:00' AIRFLOW_CTX_TRY_NUMBER='1' AIRFLOW_CTX_DAG_RUN_ID='scheduled__2024-05-25T00:15:00+00:00'
[2024-05-25T21:13:17.119+0000] {taskinstance.py:430} INFO - ::endgroup::
[2024-05-25T21:13:17.125+0000] {logging_mixin.py:188} INFO - Connection to database was succesful
[2024-05-25T21:13:17.134+0000] {logging_mixin.py:188} INFO - Query completed
[2024-05-25T21:13:17.136+0000] {logging_mixin.py:188} INFO - execute_query_result_set()
[2024-05-25T21:13:17.141+0000] {logging_mixin.py:188} INFO - Connection to database was succesful
[2024-05-25T21:13:17.146+0000] {logging_mixin.py:188} INFO - Inserts performed wihout fail
[2024-05-25T21:13:17.146+0000] {python.py:237} INFO - Done. Returned value was: None
[2024-05-25T21:13:17.147+0000] {taskinstance.py:441} INFO - ::group::Post task execution logs
[2024-05-25T21:13:17.153+0000] {taskinstance.py:1206} INFO - Marking task as SUCCESS. dag_id=DAG_catedra_***, task_id=first-step-el, run_id=scheduled__2024-05-25T00:15:00+00:00, execution_date=20240525T001500, start_date=20240525T211316, end_date=20240525T211317
[2024-05-25T21:13:17.182+0000] {local_task_job_runner.py:240} INFO - Task exited with return code 0
[2024-05-25T21:13:17.204+0000] {taskinstance.py:3498} INFO - 1 downstream tasks scheduled from follow-on schedule check
[2024-05-25T21:13:17.212+0000] {local_task_job_runner.py:222} INFO - ::endgroup::
[2024-05-26T00:42:54.707+0000] {local_task_job_runner.py:120} INFO - ::group::Pre task execution logs
[2024-05-26T00:42:54.728+0000] {taskinstance.py:2076} INFO - Dependencies all met for dep_context=non-requeueable deps ti=<TaskInstance: DAG_catedra_airflow.first-step-el scheduled__2024-05-25T00:15:00+00:00 [queued]>
[2024-05-26T00:42:54.735+0000] {taskinstance.py:2076} INFO - Dependencies all met for dep_context=requeueable deps ti=<TaskInstance: DAG_catedra_airflow.first-step-el scheduled__2024-05-25T00:15:00+00:00 [queued]>
[2024-05-26T00:42:54.736+0000] {taskinstance.py:2306} INFO - Starting attempt 1 of 1
[2024-05-26T00:42:54.749+0000] {taskinstance.py:2330} INFO - Executing <Task(PythonOperator): first-step-el> on 2024-05-25 00:15:00+00:00
[2024-05-26T00:42:54.755+0000] {warnings.py:110} WARNING - /home/***/.local/lib/python3.12/site-packages/***/task/task_runner/standard_task_runner.py:61: DeprecationWarning: This process (pid=53) is multi-threaded, use of fork() may lead to deadlocks in the child.
  pid = os.fork()

[2024-05-26T00:42:54.756+0000] {standard_task_runner.py:63} INFO - Started process 55 to run task
[2024-05-26T00:42:54.756+0000] {standard_task_runner.py:90} INFO - Running: ['***', 'tasks', 'run', 'DAG_catedra_***', 'first-step-el', 'scheduled__2024-05-25T00:15:00+00:00', '--job-id', '3', '--raw', '--subdir', 'DAGS_FOLDER/dag_clase.py', '--cfg-path', '/tmp/tmphdluyep2']
[2024-05-26T00:42:54.757+0000] {standard_task_runner.py:91} INFO - Job 3: Subtask first-step-el
[2024-05-26T00:42:54.797+0000] {task_command.py:426} INFO - Running <TaskInstance: DAG_catedra_airflow.first-step-el scheduled__2024-05-25T00:15:00+00:00 [running]> on host bb8f67d70e6d
[2024-05-26T00:42:54.869+0000] {taskinstance.py:2648} INFO - Exporting env vars: AIRFLOW_CTX_DAG_OWNER='***' AIRFLOW_CTX_DAG_ID='DAG_catedra_***' AIRFLOW_CTX_TASK_ID='first-step-el' AIRFLOW_CTX_EXECUTION_DATE='2024-05-25T00:15:00+00:00' AIRFLOW_CTX_TRY_NUMBER='1' AIRFLOW_CTX_DAG_RUN_ID='scheduled__2024-05-25T00:15:00+00:00'
[2024-05-26T00:42:54.870+0000] {taskinstance.py:430} INFO - ::endgroup::
[2024-05-26T00:42:54.876+0000] {logging_mixin.py:188} INFO - Connection to database was succesful
[2024-05-26T00:42:54.887+0000] {logging_mixin.py:188} INFO - Query completed
[2024-05-26T00:42:54.891+0000] {logging_mixin.py:188} INFO - execute_query_result_set()
[2024-05-26T00:42:54.896+0000] {logging_mixin.py:188} INFO - Connection to database was succesful
[2024-05-26T00:42:54.898+0000] {logging_mixin.py:188} INFO - ERROR, INSERTS COULDN`T BE DONE
[2024-05-26T00:42:54.898+0000] {python.py:237} INFO - Done. Returned value was: None
[2024-05-26T00:42:54.898+0000] {taskinstance.py:441} INFO - ::group::Post task execution logs
[2024-05-26T00:42:54.905+0000] {taskinstance.py:1206} INFO - Marking task as SUCCESS. dag_id=DAG_catedra_***, task_id=first-step-el, run_id=scheduled__2024-05-25T00:15:00+00:00, execution_date=20240525T001500, start_date=20240526T004254, end_date=20240526T004254
[2024-05-26T00:42:54.930+0000] {local_task_job_runner.py:240} INFO - Task exited with return code 0
[2024-05-26T00:42:54.946+0000] {taskinstance.py:3498} INFO - 1 downstream tasks scheduled from follow-on schedule check
[2024-05-26T00:42:54.955+0000] {local_task_job_runner.py:222} INFO - ::endgroup::
[2024-05-26T01:06:00.525+0000] {local_task_job_runner.py:120} INFO - ::group::Pre task execution logs
[2024-05-26T01:06:00.545+0000] {taskinstance.py:2076} INFO - Dependencies all met for dep_context=non-requeueable deps ti=<TaskInstance: DAG_catedra_airflow.first-step-el scheduled__2024-05-25T00:15:00+00:00 [queued]>
[2024-05-26T01:06:00.552+0000] {taskinstance.py:2076} INFO - Dependencies all met for dep_context=requeueable deps ti=<TaskInstance: DAG_catedra_airflow.first-step-el scheduled__2024-05-25T00:15:00+00:00 [queued]>
[2024-05-26T01:06:00.552+0000] {taskinstance.py:2306} INFO - Starting attempt 1 of 1
[2024-05-26T01:06:00.566+0000] {taskinstance.py:2330} INFO - Executing <Task(PythonOperator): first-step-el> on 2024-05-25 00:15:00+00:00
[2024-05-26T01:06:00.573+0000] {warnings.py:110} WARNING - /home/***/.local/lib/python3.12/site-packages/***/task/task_runner/standard_task_runner.py:61: DeprecationWarning: This process (pid=516) is multi-threaded, use of fork() may lead to deadlocks in the child.
  pid = os.fork()

[2024-05-26T01:06:00.575+0000] {standard_task_runner.py:63} INFO - Started process 518 to run task
[2024-05-26T01:06:00.575+0000] {standard_task_runner.py:90} INFO - Running: ['***', 'tasks', 'run', 'DAG_catedra_***', 'first-step-el', 'scheduled__2024-05-25T00:15:00+00:00', '--job-id', '56', '--raw', '--subdir', 'DAGS_FOLDER/dag_clase.py', '--cfg-path', '/tmp/tmp3f0ea03n']
[2024-05-26T01:06:00.576+0000] {standard_task_runner.py:91} INFO - Job 56: Subtask first-step-el
[2024-05-26T01:06:00.620+0000] {task_command.py:426} INFO - Running <TaskInstance: DAG_catedra_airflow.first-step-el scheduled__2024-05-25T00:15:00+00:00 [running]> on host bb8f67d70e6d
[2024-05-26T01:06:00.693+0000] {taskinstance.py:2648} INFO - Exporting env vars: AIRFLOW_CTX_DAG_OWNER='***' AIRFLOW_CTX_DAG_ID='DAG_catedra_***' AIRFLOW_CTX_TASK_ID='first-step-el' AIRFLOW_CTX_EXECUTION_DATE='2024-05-25T00:15:00+00:00' AIRFLOW_CTX_TRY_NUMBER='1' AIRFLOW_CTX_DAG_RUN_ID='scheduled__2024-05-25T00:15:00+00:00'
[2024-05-26T01:06:00.694+0000] {taskinstance.py:430} INFO - ::endgroup::
[2024-05-26T01:06:00.704+0000] {logging_mixin.py:188} INFO - The connection to the DB was succesful
[2024-05-26T01:06:00.717+0000] {logging_mixin.py:188} INFO - Query completed
[2024-05-26T01:06:00.720+0000] {logging_mixin.py:188} INFO - execute_query_result_set()
[2024-05-26T01:06:00.726+0000] {logging_mixin.py:188} INFO - The connection to the DB was succesful
[2024-05-26T01:06:00.737+0000] {logging_mixin.py:188} INFO - Inserts were comitted
[2024-05-26T01:06:00.737+0000] {python.py:237} INFO - Done. Returned value was: None
[2024-05-26T01:06:00.738+0000] {taskinstance.py:441} INFO - ::group::Post task execution logs
[2024-05-26T01:06:00.746+0000] {taskinstance.py:1206} INFO - Marking task as SUCCESS. dag_id=DAG_catedra_***, task_id=first-step-el, run_id=scheduled__2024-05-25T00:15:00+00:00, execution_date=20240525T001500, start_date=20240526T010600, end_date=20240526T010600
[2024-05-26T01:06:00.789+0000] {local_task_job_runner.py:240} INFO - Task exited with return code 0
[2024-05-26T01:06:00.819+0000] {taskinstance.py:3498} INFO - 1 downstream tasks scheduled from follow-on schedule check
[2024-05-26T01:06:00.823+0000] {local_task_job_runner.py:222} INFO - ::endgroup::
[2024-05-26T01:20:01.821+0000] {local_task_job_runner.py:120} INFO - ::group::Pre task execution logs
[2024-05-26T01:20:01.842+0000] {taskinstance.py:2076} INFO - Dependencies all met for dep_context=non-requeueable deps ti=<TaskInstance: DAG_catedra_airflow.first-step-el scheduled__2024-05-25T00:15:00+00:00 [queued]>
[2024-05-26T01:20:01.849+0000] {taskinstance.py:2076} INFO - Dependencies all met for dep_context=requeueable deps ti=<TaskInstance: DAG_catedra_airflow.first-step-el scheduled__2024-05-25T00:15:00+00:00 [queued]>
[2024-05-26T01:20:01.850+0000] {taskinstance.py:2306} INFO - Starting attempt 1 of 1
[2024-05-26T01:20:01.863+0000] {taskinstance.py:2330} INFO - Executing <Task(PythonOperator): first-step-el> on 2024-05-25 00:15:00+00:00
[2024-05-26T01:20:01.868+0000] {warnings.py:110} WARNING - /home/***/.local/lib/python3.12/site-packages/***/task/task_runner/standard_task_runner.py:61: DeprecationWarning: This process (pid=58) is multi-threaded, use of fork() may lead to deadlocks in the child.
  pid = os.fork()

[2024-05-26T01:20:01.869+0000] {standard_task_runner.py:63} INFO - Started process 60 to run task
[2024-05-26T01:20:01.870+0000] {standard_task_runner.py:90} INFO - Running: ['***', 'tasks', 'run', 'DAG_catedra_***', 'first-step-el', 'scheduled__2024-05-25T00:15:00+00:00', '--job-id', '3', '--raw', '--subdir', 'DAGS_FOLDER/dag_clase.py', '--cfg-path', '/tmp/tmpbvd3pqon']
[2024-05-26T01:20:01.871+0000] {standard_task_runner.py:91} INFO - Job 3: Subtask first-step-el
[2024-05-26T01:20:01.913+0000] {task_command.py:426} INFO - Running <TaskInstance: DAG_catedra_airflow.first-step-el scheduled__2024-05-25T00:15:00+00:00 [running]> on host 47db2ca9c6bf
[2024-05-26T01:20:01.989+0000] {taskinstance.py:2648} INFO - Exporting env vars: AIRFLOW_CTX_DAG_OWNER='***' AIRFLOW_CTX_DAG_ID='DAG_catedra_***' AIRFLOW_CTX_TASK_ID='first-step-el' AIRFLOW_CTX_EXECUTION_DATE='2024-05-25T00:15:00+00:00' AIRFLOW_CTX_TRY_NUMBER='1' AIRFLOW_CTX_DAG_RUN_ID='scheduled__2024-05-25T00:15:00+00:00'
[2024-05-26T01:20:01.991+0000] {taskinstance.py:430} INFO - ::endgroup::
[2024-05-26T01:20:01.998+0000] {logging_mixin.py:188} INFO - The connection to the DB was succesful
[2024-05-26T01:20:02.010+0000] {logging_mixin.py:188} INFO - Query completed
[2024-05-26T01:20:02.013+0000] {logging_mixin.py:188} INFO - execute_query_result_set()
[2024-05-26T01:20:02.019+0000] {logging_mixin.py:188} INFO - The connection to the DB was succesful
[2024-05-26T01:20:02.025+0000] {logging_mixin.py:188} INFO - Inserts were comitted
[2024-05-26T01:20:02.026+0000] {python.py:237} INFO - Done. Returned value was: None
[2024-05-26T01:20:02.027+0000] {taskinstance.py:441} INFO - ::group::Post task execution logs
[2024-05-26T01:20:02.034+0000] {taskinstance.py:1206} INFO - Marking task as SUCCESS. dag_id=DAG_catedra_***, task_id=first-step-el, run_id=scheduled__2024-05-25T00:15:00+00:00, execution_date=20240525T001500, start_date=20240526T012001, end_date=20240526T012002
[2024-05-26T01:20:02.083+0000] {local_task_job_runner.py:240} INFO - Task exited with return code 0
[2024-05-26T01:20:02.118+0000] {taskinstance.py:3498} INFO - 1 downstream tasks scheduled from follow-on schedule check
[2024-05-26T01:20:02.125+0000] {local_task_job_runner.py:222} INFO - ::endgroup::
[2024-05-26T01:48:23.767+0000] {local_task_job_runner.py:120} INFO - ::group::Pre task execution logs
[2024-05-26T01:48:23.787+0000] {taskinstance.py:2076} INFO - Dependencies all met for dep_context=non-requeueable deps ti=<TaskInstance: DAG_catedra_airflow.first-step-el scheduled__2024-05-25T00:15:00+00:00 [queued]>
[2024-05-26T01:48:23.794+0000] {taskinstance.py:2076} INFO - Dependencies all met for dep_context=requeueable deps ti=<TaskInstance: DAG_catedra_airflow.first-step-el scheduled__2024-05-25T00:15:00+00:00 [queued]>
[2024-05-26T01:48:23.795+0000] {taskinstance.py:2306} INFO - Starting attempt 1 of 1
[2024-05-26T01:48:23.809+0000] {taskinstance.py:2330} INFO - Executing <Task(PythonOperator): first-step-el> on 2024-05-25 00:15:00+00:00
[2024-05-26T01:48:23.815+0000] {warnings.py:110} WARNING - /home/***/.local/lib/python3.12/site-packages/***/task/task_runner/standard_task_runner.py:61: DeprecationWarning: This process (pid=59) is multi-threaded, use of fork() may lead to deadlocks in the child.
  pid = os.fork()

[2024-05-26T01:48:23.816+0000] {standard_task_runner.py:63} INFO - Started process 61 to run task
[2024-05-26T01:48:23.817+0000] {standard_task_runner.py:90} INFO - Running: ['***', 'tasks', 'run', 'DAG_catedra_***', 'first-step-el', 'scheduled__2024-05-25T00:15:00+00:00', '--job-id', '3', '--raw', '--subdir', 'DAGS_FOLDER/dag_clase.py', '--cfg-path', '/tmp/tmpe9pc4f5i']
[2024-05-26T01:48:23.818+0000] {standard_task_runner.py:91} INFO - Job 3: Subtask first-step-el
[2024-05-26T01:48:23.864+0000] {task_command.py:426} INFO - Running <TaskInstance: DAG_catedra_airflow.first-step-el scheduled__2024-05-25T00:15:00+00:00 [running]> on host 07ce07c9aa35
[2024-05-26T01:48:23.935+0000] {taskinstance.py:2648} INFO - Exporting env vars: AIRFLOW_CTX_DAG_OWNER='***' AIRFLOW_CTX_DAG_ID='DAG_catedra_***' AIRFLOW_CTX_TASK_ID='first-step-el' AIRFLOW_CTX_EXECUTION_DATE='2024-05-25T00:15:00+00:00' AIRFLOW_CTX_TRY_NUMBER='1' AIRFLOW_CTX_DAG_RUN_ID='scheduled__2024-05-25T00:15:00+00:00'
[2024-05-26T01:48:23.937+0000] {taskinstance.py:430} INFO - ::endgroup::
[2024-05-26T01:48:23.945+0000] {logging_mixin.py:188} INFO - The connection to the DB was succesful
[2024-05-26T01:48:23.957+0000] {logging_mixin.py:188} INFO - Query completed
[2024-05-26T01:48:23.960+0000] {logging_mixin.py:188} INFO - execute_query_result_set()
[2024-05-26T01:48:23.966+0000] {logging_mixin.py:188} INFO - The connection to the DB was succesful
[2024-05-26T01:48:23.974+0000] {logging_mixin.py:188} INFO - Inserts were comitted
[2024-05-26T01:48:23.975+0000] {python.py:237} INFO - Done. Returned value was: None
[2024-05-26T01:48:23.975+0000] {taskinstance.py:441} INFO - ::group::Post task execution logs
[2024-05-26T01:48:23.982+0000] {taskinstance.py:1206} INFO - Marking task as SUCCESS. dag_id=DAG_catedra_***, task_id=first-step-el, run_id=scheduled__2024-05-25T00:15:00+00:00, execution_date=20240525T001500, start_date=20240526T014823, end_date=20240526T014823
[2024-05-26T01:48:24.031+0000] {local_task_job_runner.py:240} INFO - Task exited with return code 0
[2024-05-26T01:48:24.058+0000] {taskinstance.py:3498} INFO - 1 downstream tasks scheduled from follow-on schedule check
[2024-05-26T01:48:24.067+0000] {local_task_job_runner.py:222} INFO - ::endgroup::
[2024-05-26T01:49:39.568+0000] {local_task_job_runner.py:120} INFO - ::group::Pre task execution logs
[2024-05-26T01:49:39.587+0000] {taskinstance.py:2076} INFO - Dependencies all met for dep_context=non-requeueable deps ti=<TaskInstance: DAG_catedra_airflow.first-step-el scheduled__2024-05-25T00:15:00+00:00 [queued]>
[2024-05-26T01:49:39.594+0000] {taskinstance.py:2076} INFO - Dependencies all met for dep_context=requeueable deps ti=<TaskInstance: DAG_catedra_airflow.first-step-el scheduled__2024-05-25T00:15:00+00:00 [queued]>
[2024-05-26T01:49:39.595+0000] {taskinstance.py:2306} INFO - Starting attempt 1 of 1
[2024-05-26T01:49:39.607+0000] {taskinstance.py:2330} INFO - Executing <Task(PythonOperator): first-step-el> on 2024-05-25 00:15:00+00:00
[2024-05-26T01:49:39.614+0000] {warnings.py:110} WARNING - /home/***/.local/lib/python3.12/site-packages/***/task/task_runner/standard_task_runner.py:61: DeprecationWarning: This process (pid=97) is multi-threaded, use of fork() may lead to deadlocks in the child.
  pid = os.fork()

[2024-05-26T01:49:39.615+0000] {standard_task_runner.py:63} INFO - Started process 99 to run task
[2024-05-26T01:49:39.615+0000] {standard_task_runner.py:90} INFO - Running: ['***', 'tasks', 'run', 'DAG_catedra_***', 'first-step-el', 'scheduled__2024-05-25T00:15:00+00:00', '--job-id', '11', '--raw', '--subdir', 'DAGS_FOLDER/dag_clase.py', '--cfg-path', '/tmp/tmpbp6opjb7']
[2024-05-26T01:49:39.617+0000] {standard_task_runner.py:91} INFO - Job 11: Subtask first-step-el
[2024-05-26T01:49:39.660+0000] {task_command.py:426} INFO - Running <TaskInstance: DAG_catedra_airflow.first-step-el scheduled__2024-05-25T00:15:00+00:00 [running]> on host 07ce07c9aa35
[2024-05-26T01:49:39.743+0000] {taskinstance.py:2648} INFO - Exporting env vars: AIRFLOW_CTX_DAG_OWNER='***' AIRFLOW_CTX_DAG_ID='DAG_catedra_***' AIRFLOW_CTX_TASK_ID='first-step-el' AIRFLOW_CTX_EXECUTION_DATE='2024-05-25T00:15:00+00:00' AIRFLOW_CTX_TRY_NUMBER='1' AIRFLOW_CTX_DAG_RUN_ID='scheduled__2024-05-25T00:15:00+00:00'
[2024-05-26T01:49:39.745+0000] {taskinstance.py:430} INFO - ::endgroup::
[2024-05-26T01:49:39.750+0000] {logging_mixin.py:188} INFO - The connection to the DB was succesful
[2024-05-26T01:49:39.763+0000] {logging_mixin.py:188} INFO - Query completed
[2024-05-26T01:49:39.766+0000] {logging_mixin.py:188} INFO - execute_query_result_set()
[2024-05-26T01:49:39.771+0000] {logging_mixin.py:188} INFO - The connection to the DB was succesful
[2024-05-26T01:49:39.779+0000] {logging_mixin.py:188} INFO - Inserts were comitted
[2024-05-26T01:49:39.780+0000] {python.py:237} INFO - Done. Returned value was: None
[2024-05-26T01:49:39.780+0000] {taskinstance.py:441} INFO - ::group::Post task execution logs
[2024-05-26T01:49:39.789+0000] {taskinstance.py:1206} INFO - Marking task as SUCCESS. dag_id=DAG_catedra_***, task_id=first-step-el, run_id=scheduled__2024-05-25T00:15:00+00:00, execution_date=20240525T001500, start_date=20240526T014939, end_date=20240526T014939
[2024-05-26T01:49:39.829+0000] {local_task_job_runner.py:240} INFO - Task exited with return code 0
[2024-05-26T01:49:39.850+0000] {taskinstance.py:3498} INFO - 1 downstream tasks scheduled from follow-on schedule check
[2024-05-26T01:49:39.855+0000] {local_task_job_runner.py:222} INFO - ::endgroup::
[2024-05-26T01:59:18.617+0000] {local_task_job_runner.py:120} INFO - ::group::Pre task execution logs
[2024-05-26T01:59:18.648+0000] {taskinstance.py:2076} INFO - Dependencies all met for dep_context=non-requeueable deps ti=<TaskInstance: DAG_catedra_airflow.first-step-el scheduled__2024-05-25T00:15:00+00:00 [queued]>
[2024-05-26T01:59:18.661+0000] {taskinstance.py:2076} INFO - Dependencies all met for dep_context=requeueable deps ti=<TaskInstance: DAG_catedra_airflow.first-step-el scheduled__2024-05-25T00:15:00+00:00 [queued]>
[2024-05-26T01:59:18.661+0000] {taskinstance.py:2306} INFO - Starting attempt 1 of 1
[2024-05-26T01:59:18.685+0000] {taskinstance.py:2330} INFO - Executing <Task(PythonOperator): first-step-el> on 2024-05-25 00:15:00+00:00
[2024-05-26T01:59:18.691+0000] {warnings.py:110} WARNING - /home/***/.local/lib/python3.12/site-packages/***/task/task_runner/standard_task_runner.py:61: DeprecationWarning: This process (pid=61) is multi-threaded, use of fork() may lead to deadlocks in the child.
  pid = os.fork()

[2024-05-26T01:59:18.693+0000] {standard_task_runner.py:63} INFO - Started process 63 to run task
[2024-05-26T01:59:18.693+0000] {standard_task_runner.py:90} INFO - Running: ['***', 'tasks', 'run', 'DAG_catedra_***', 'first-step-el', 'scheduled__2024-05-25T00:15:00+00:00', '--job-id', '3', '--raw', '--subdir', 'DAGS_FOLDER/dag_clase.py', '--cfg-path', '/tmp/tmp1iy7hoz2']
[2024-05-26T01:59:18.694+0000] {standard_task_runner.py:91} INFO - Job 3: Subtask first-step-el
[2024-05-26T01:59:18.740+0000] {task_command.py:426} INFO - Running <TaskInstance: DAG_catedra_airflow.first-step-el scheduled__2024-05-25T00:15:00+00:00 [running]> on host da1b21f42040
[2024-05-26T01:59:18.837+0000] {taskinstance.py:2648} INFO - Exporting env vars: AIRFLOW_CTX_DAG_OWNER='***' AIRFLOW_CTX_DAG_ID='DAG_catedra_***' AIRFLOW_CTX_TASK_ID='first-step-el' AIRFLOW_CTX_EXECUTION_DATE='2024-05-25T00:15:00+00:00' AIRFLOW_CTX_TRY_NUMBER='1' AIRFLOW_CTX_DAG_RUN_ID='scheduled__2024-05-25T00:15:00+00:00'
[2024-05-26T01:59:18.838+0000] {taskinstance.py:430} INFO - ::endgroup::
[2024-05-26T01:59:18.848+0000] {logging_mixin.py:188} INFO - The connection to the DB was succesful
[2024-05-26T01:59:18.861+0000] {logging_mixin.py:188} INFO - Query completed
[2024-05-26T01:59:18.864+0000] {logging_mixin.py:188} INFO - execute_query_result_set()
[2024-05-26T01:59:18.870+0000] {logging_mixin.py:188} INFO - The connection to the DB was succesful
[2024-05-26T01:59:18.879+0000] {logging_mixin.py:188} INFO - Inserts were comitted
[2024-05-26T01:59:18.879+0000] {python.py:237} INFO - Done. Returned value was: None
[2024-05-26T01:59:18.880+0000] {taskinstance.py:441} INFO - ::group::Post task execution logs
[2024-05-26T01:59:18.887+0000] {taskinstance.py:1206} INFO - Marking task as SUCCESS. dag_id=DAG_catedra_***, task_id=first-step-el, run_id=scheduled__2024-05-25T00:15:00+00:00, execution_date=20240525T001500, start_date=20240526T015918, end_date=20240526T015918
[2024-05-26T01:59:18.908+0000] {local_task_job_runner.py:240} INFO - Task exited with return code 0
[2024-05-26T01:59:18.924+0000] {taskinstance.py:3498} INFO - 1 downstream tasks scheduled from follow-on schedule check
[2024-05-26T01:59:18.929+0000] {local_task_job_runner.py:222} INFO - ::endgroup::
