[2024-05-26T00:42:07.980+0000] {processor.py:161} INFO - Started process (PID=28) to work on /opt/airflow/dags/dag_clase.py
[2024-05-26T00:42:07.985+0000] {processor.py:830} INFO - Processing file /opt/airflow/dags/dag_clase.py for tasks to queue
[2024-05-26T00:42:07.992+0000] {logging_mixin.py:188} INFO - [2024-05-26T00:42:07.992+0000] {dagbag.py:545} INFO - Filling up the DagBag from /opt/airflow/dags/dag_clase.py
[2024-05-26T00:42:08.123+0000] {processor.py:840} INFO - DAG(s) 'DAG_catedra_airflow' retrieved from /opt/airflow/dags/dag_clase.py
[2024-05-26T00:42:08.583+0000] {logging_mixin.py:188} INFO - [2024-05-26T00:42:08.582+0000] {override.py:1829} INFO - Created Permission View: can read on DAG:DAG_catedra_airflow
[2024-05-26T00:42:08.601+0000] {logging_mixin.py:188} INFO - [2024-05-26T00:42:08.601+0000] {override.py:1829} INFO - Created Permission View: can edit on DAG:DAG_catedra_airflow
[2024-05-26T00:42:08.613+0000] {logging_mixin.py:188} INFO - [2024-05-26T00:42:08.613+0000] {override.py:1829} INFO - Created Permission View: can delete on DAG:DAG_catedra_airflow
[2024-05-26T00:42:08.614+0000] {logging_mixin.py:188} INFO - [2024-05-26T00:42:08.614+0000] {dag.py:3096} INFO - Sync 1 DAGs
[2024-05-26T00:42:08.624+0000] {logging_mixin.py:188} INFO - [2024-05-26T00:42:08.624+0000] {dag.py:3118} INFO - Creating ORM DAG for DAG_catedra_airflow
[2024-05-26T00:42:08.632+0000] {logging_mixin.py:188} INFO - [2024-05-26T00:42:08.632+0000] {dag.py:3954} INFO - Setting next_dagrun for DAG_catedra_airflow to 2024-05-25 00:15:00+00:00, run_after=2024-05-25 00:20:00+00:00
[2024-05-26T00:42:08.670+0000] {processor.py:183} INFO - Processing /opt/airflow/dags/dag_clase.py took 0.696 seconds
[2024-05-26T00:42:39.134+0000] {processor.py:161} INFO - Started process (PID=86) to work on /opt/airflow/dags/dag_clase.py
[2024-05-26T00:42:39.135+0000] {processor.py:830} INFO - Processing file /opt/airflow/dags/dag_clase.py for tasks to queue
[2024-05-26T00:42:39.137+0000] {logging_mixin.py:188} INFO - [2024-05-26T00:42:39.137+0000] {dagbag.py:545} INFO - Filling up the DagBag from /opt/airflow/dags/dag_clase.py
[2024-05-26T00:42:39.146+0000] {processor.py:840} INFO - DAG(s) 'DAG_catedra_airflow' retrieved from /opt/airflow/dags/dag_clase.py
[2024-05-26T00:42:39.233+0000] {logging_mixin.py:188} INFO - [2024-05-26T00:42:39.232+0000] {dag.py:3096} INFO - Sync 1 DAGs
[2024-05-26T00:42:39.249+0000] {logging_mixin.py:188} INFO - [2024-05-26T00:42:39.249+0000] {dag.py:3954} INFO - Setting next_dagrun for DAG_catedra_airflow to 2024-05-25 00:15:00+00:00, run_after=2024-05-25 00:20:00+00:00
[2024-05-26T00:42:39.266+0000] {processor.py:183} INFO - Processing /opt/airflow/dags/dag_clase.py took 0.138 seconds
[2024-05-26T00:43:09.784+0000] {processor.py:161} INFO - Started process (PID=145) to work on /opt/airflow/dags/dag_clase.py
[2024-05-26T00:43:09.785+0000] {processor.py:830} INFO - Processing file /opt/airflow/dags/dag_clase.py for tasks to queue
[2024-05-26T00:43:09.787+0000] {logging_mixin.py:188} INFO - [2024-05-26T00:43:09.786+0000] {dagbag.py:545} INFO - Filling up the DagBag from /opt/airflow/dags/dag_clase.py
[2024-05-26T00:43:09.796+0000] {processor.py:840} INFO - DAG(s) 'DAG_catedra_airflow' retrieved from /opt/airflow/dags/dag_clase.py
[2024-05-26T00:43:09.879+0000] {logging_mixin.py:188} INFO - [2024-05-26T00:43:09.879+0000] {dag.py:3096} INFO - Sync 1 DAGs
[2024-05-26T00:43:09.898+0000] {logging_mixin.py:188} INFO - [2024-05-26T00:43:09.897+0000] {dag.py:3954} INFO - Setting next_dagrun for DAG_catedra_airflow to 2024-05-25 00:35:00+00:00, run_after=2024-05-25 00:40:00+00:00
[2024-05-26T00:43:09.920+0000] {processor.py:183} INFO - Processing /opt/airflow/dags/dag_clase.py took 0.142 seconds
[2024-05-26T00:43:40.642+0000] {processor.py:161} INFO - Started process (PID=203) to work on /opt/airflow/dags/dag_clase.py
[2024-05-26T00:43:40.643+0000] {processor.py:830} INFO - Processing file /opt/airflow/dags/dag_clase.py for tasks to queue
[2024-05-26T00:43:40.645+0000] {logging_mixin.py:188} INFO - [2024-05-26T00:43:40.645+0000] {dagbag.py:545} INFO - Filling up the DagBag from /opt/airflow/dags/dag_clase.py
[2024-05-26T00:43:40.653+0000] {processor.py:840} INFO - DAG(s) 'DAG_catedra_airflow' retrieved from /opt/airflow/dags/dag_clase.py
[2024-05-26T00:43:40.746+0000] {logging_mixin.py:188} INFO - [2024-05-26T00:43:40.746+0000] {dag.py:3096} INFO - Sync 1 DAGs
[2024-05-26T00:43:40.766+0000] {logging_mixin.py:188} INFO - [2024-05-26T00:43:40.766+0000] {dag.py:3954} INFO - Setting next_dagrun for DAG_catedra_airflow to 2024-05-25 01:10:00+00:00, run_after=2024-05-25 01:15:00+00:00
[2024-05-26T00:43:40.784+0000] {processor.py:183} INFO - Processing /opt/airflow/dags/dag_clase.py took 0.147 seconds
[2024-05-26T00:44:10.830+0000] {processor.py:161} INFO - Started process (PID=262) to work on /opt/airflow/dags/dag_clase.py
[2024-05-26T00:44:10.831+0000] {processor.py:830} INFO - Processing file /opt/airflow/dags/dag_clase.py for tasks to queue
[2024-05-26T00:44:10.832+0000] {logging_mixin.py:188} INFO - [2024-05-26T00:44:10.832+0000] {dagbag.py:545} INFO - Filling up the DagBag from /opt/airflow/dags/dag_clase.py
[2024-05-26T00:44:10.841+0000] {processor.py:840} INFO - DAG(s) 'DAG_catedra_airflow' retrieved from /opt/airflow/dags/dag_clase.py
[2024-05-26T00:44:10.932+0000] {logging_mixin.py:188} INFO - [2024-05-26T00:44:10.932+0000] {dag.py:3096} INFO - Sync 1 DAGs
[2024-05-26T00:44:10.950+0000] {logging_mixin.py:188} INFO - [2024-05-26T00:44:10.949+0000] {dag.py:3954} INFO - Setting next_dagrun for DAG_catedra_airflow to 2024-05-25 01:45:00+00:00, run_after=2024-05-25 01:50:00+00:00
[2024-05-26T00:44:10.971+0000] {processor.py:183} INFO - Processing /opt/airflow/dags/dag_clase.py took 0.146 seconds
[2024-05-26T00:44:41.731+0000] {processor.py:161} INFO - Started process (PID=319) to work on /opt/airflow/dags/dag_clase.py
[2024-05-26T00:44:41.732+0000] {processor.py:830} INFO - Processing file /opt/airflow/dags/dag_clase.py for tasks to queue
[2024-05-26T00:44:41.735+0000] {logging_mixin.py:188} INFO - [2024-05-26T00:44:41.734+0000] {dagbag.py:545} INFO - Filling up the DagBag from /opt/airflow/dags/dag_clase.py
[2024-05-26T00:44:41.748+0000] {processor.py:840} INFO - DAG(s) 'DAG_catedra_airflow' retrieved from /opt/airflow/dags/dag_clase.py
[2024-05-26T00:44:41.902+0000] {logging_mixin.py:188} INFO - [2024-05-26T00:44:41.902+0000] {dag.py:3096} INFO - Sync 1 DAGs
[2024-05-26T00:44:41.977+0000] {processor.py:183} INFO - Processing /opt/airflow/dags/dag_clase.py took 0.255 seconds
[2024-05-26T00:45:12.136+0000] {processor.py:161} INFO - Started process (PID=377) to work on /opt/airflow/dags/dag_clase.py
[2024-05-26T00:45:12.137+0000] {processor.py:830} INFO - Processing file /opt/airflow/dags/dag_clase.py for tasks to queue
[2024-05-26T00:45:12.139+0000] {logging_mixin.py:188} INFO - [2024-05-26T00:45:12.139+0000] {dagbag.py:545} INFO - Filling up the DagBag from /opt/airflow/dags/dag_clase.py
[2024-05-26T00:45:12.148+0000] {processor.py:840} INFO - DAG(s) 'DAG_catedra_airflow' retrieved from /opt/airflow/dags/dag_clase.py
[2024-05-26T00:45:12.224+0000] {logging_mixin.py:188} INFO - [2024-05-26T00:45:12.224+0000] {dag.py:3096} INFO - Sync 1 DAGs
[2024-05-26T00:45:12.257+0000] {processor.py:183} INFO - Processing /opt/airflow/dags/dag_clase.py took 0.126 seconds
[2024-05-26T00:45:42.289+0000] {processor.py:161} INFO - Started process (PID=436) to work on /opt/airflow/dags/dag_clase.py
[2024-05-26T00:45:42.290+0000] {processor.py:830} INFO - Processing file /opt/airflow/dags/dag_clase.py for tasks to queue
[2024-05-26T00:45:42.292+0000] {logging_mixin.py:188} INFO - [2024-05-26T00:45:42.292+0000] {dagbag.py:545} INFO - Filling up the DagBag from /opt/airflow/dags/dag_clase.py
[2024-05-26T00:45:42.305+0000] {processor.py:840} INFO - DAG(s) 'DAG_catedra_airflow' retrieved from /opt/airflow/dags/dag_clase.py
[2024-05-26T00:45:42.496+0000] {logging_mixin.py:188} INFO - [2024-05-26T00:45:42.495+0000] {dag.py:3096} INFO - Sync 1 DAGs
[2024-05-26T00:45:42.542+0000] {processor.py:183} INFO - Processing /opt/airflow/dags/dag_clase.py took 0.259 seconds
[2024-05-26T00:46:13.024+0000] {processor.py:161} INFO - Started process (PID=493) to work on /opt/airflow/dags/dag_clase.py
[2024-05-26T00:46:13.025+0000] {processor.py:830} INFO - Processing file /opt/airflow/dags/dag_clase.py for tasks to queue
[2024-05-26T00:46:13.029+0000] {logging_mixin.py:188} INFO - [2024-05-26T00:46:13.028+0000] {dagbag.py:545} INFO - Filling up the DagBag from /opt/airflow/dags/dag_clase.py
[2024-05-26T00:46:13.038+0000] {processor.py:840} INFO - DAG(s) 'DAG_catedra_airflow' retrieved from /opt/airflow/dags/dag_clase.py
[2024-05-26T00:46:13.124+0000] {logging_mixin.py:188} INFO - [2024-05-26T00:46:13.124+0000] {dag.py:3096} INFO - Sync 1 DAGs
[2024-05-26T00:46:13.166+0000] {processor.py:183} INFO - Processing /opt/airflow/dags/dag_clase.py took 0.149 seconds
[2024-05-26T00:46:43.801+0000] {processor.py:161} INFO - Started process (PID=551) to work on /opt/airflow/dags/dag_clase.py
[2024-05-26T00:46:43.802+0000] {processor.py:830} INFO - Processing file /opt/airflow/dags/dag_clase.py for tasks to queue
[2024-05-26T00:46:43.804+0000] {logging_mixin.py:188} INFO - [2024-05-26T00:46:43.804+0000] {dagbag.py:545} INFO - Filling up the DagBag from /opt/airflow/dags/dag_clase.py
[2024-05-26T00:46:43.817+0000] {processor.py:840} INFO - DAG(s) 'DAG_catedra_airflow' retrieved from /opt/airflow/dags/dag_clase.py
[2024-05-26T00:46:43.914+0000] {logging_mixin.py:188} INFO - [2024-05-26T00:46:43.914+0000] {dag.py:3096} INFO - Sync 1 DAGs
[2024-05-26T00:46:43.957+0000] {processor.py:183} INFO - Processing /opt/airflow/dags/dag_clase.py took 0.162 seconds
[2024-05-26T00:47:14.629+0000] {processor.py:161} INFO - Started process (PID=609) to work on /opt/airflow/dags/dag_clase.py
[2024-05-26T00:47:14.630+0000] {processor.py:830} INFO - Processing file /opt/airflow/dags/dag_clase.py for tasks to queue
[2024-05-26T00:47:14.633+0000] {logging_mixin.py:188} INFO - [2024-05-26T00:47:14.632+0000] {dagbag.py:545} INFO - Filling up the DagBag from /opt/airflow/dags/dag_clase.py
[2024-05-26T00:47:14.642+0000] {processor.py:840} INFO - DAG(s) 'DAG_catedra_airflow' retrieved from /opt/airflow/dags/dag_clase.py
[2024-05-26T00:47:14.727+0000] {logging_mixin.py:188} INFO - [2024-05-26T00:47:14.727+0000] {dag.py:3096} INFO - Sync 1 DAGs
[2024-05-26T00:47:14.761+0000] {processor.py:183} INFO - Processing /opt/airflow/dags/dag_clase.py took 0.140 seconds
[2024-05-26T00:47:45.490+0000] {processor.py:161} INFO - Started process (PID=667) to work on /opt/airflow/dags/dag_clase.py
[2024-05-26T00:47:45.491+0000] {processor.py:830} INFO - Processing file /opt/airflow/dags/dag_clase.py for tasks to queue
[2024-05-26T00:47:45.493+0000] {logging_mixin.py:188} INFO - [2024-05-26T00:47:45.493+0000] {dagbag.py:545} INFO - Filling up the DagBag from /opt/airflow/dags/dag_clase.py
[2024-05-26T00:47:45.503+0000] {processor.py:840} INFO - DAG(s) 'DAG_catedra_airflow' retrieved from /opt/airflow/dags/dag_clase.py
[2024-05-26T00:47:45.590+0000] {logging_mixin.py:188} INFO - [2024-05-26T00:47:45.590+0000] {dag.py:3096} INFO - Sync 1 DAGs
[2024-05-26T00:47:45.626+0000] {processor.py:183} INFO - Processing /opt/airflow/dags/dag_clase.py took 0.141 seconds
[2024-05-26T00:48:16.252+0000] {processor.py:161} INFO - Started process (PID=725) to work on /opt/airflow/dags/dag_clase.py
[2024-05-26T00:48:16.253+0000] {processor.py:830} INFO - Processing file /opt/airflow/dags/dag_clase.py for tasks to queue
[2024-05-26T00:48:16.255+0000] {logging_mixin.py:188} INFO - [2024-05-26T00:48:16.255+0000] {dagbag.py:545} INFO - Filling up the DagBag from /opt/airflow/dags/dag_clase.py
[2024-05-26T00:48:16.264+0000] {processor.py:840} INFO - DAG(s) 'DAG_catedra_airflow' retrieved from /opt/airflow/dags/dag_clase.py
[2024-05-26T00:48:16.349+0000] {logging_mixin.py:188} INFO - [2024-05-26T00:48:16.349+0000] {dag.py:3096} INFO - Sync 1 DAGs
[2024-05-26T00:48:16.383+0000] {processor.py:183} INFO - Processing /opt/airflow/dags/dag_clase.py took 0.137 seconds
[2024-05-26T00:48:46.815+0000] {processor.py:161} INFO - Started process (PID=782) to work on /opt/airflow/dags/dag_clase.py
[2024-05-26T00:48:46.816+0000] {processor.py:830} INFO - Processing file /opt/airflow/dags/dag_clase.py for tasks to queue
[2024-05-26T00:48:46.818+0000] {logging_mixin.py:188} INFO - [2024-05-26T00:48:46.818+0000] {dagbag.py:545} INFO - Filling up the DagBag from /opt/airflow/dags/dag_clase.py
[2024-05-26T00:48:46.828+0000] {processor.py:840} INFO - DAG(s) 'DAG_catedra_airflow' retrieved from /opt/airflow/dags/dag_clase.py
[2024-05-26T00:48:46.909+0000] {logging_mixin.py:188} INFO - [2024-05-26T00:48:46.909+0000] {dag.py:3096} INFO - Sync 1 DAGs
[2024-05-26T00:48:46.944+0000] {processor.py:183} INFO - Processing /opt/airflow/dags/dag_clase.py took 0.137 seconds
[2024-05-26T00:49:17.372+0000] {processor.py:161} INFO - Started process (PID=840) to work on /opt/airflow/dags/dag_clase.py
[2024-05-26T00:49:17.373+0000] {processor.py:830} INFO - Processing file /opt/airflow/dags/dag_clase.py for tasks to queue
[2024-05-26T00:49:17.376+0000] {logging_mixin.py:188} INFO - [2024-05-26T00:49:17.375+0000] {dagbag.py:545} INFO - Filling up the DagBag from /opt/airflow/dags/dag_clase.py
[2024-05-26T00:49:17.387+0000] {processor.py:840} INFO - DAG(s) 'DAG_catedra_airflow' retrieved from /opt/airflow/dags/dag_clase.py
[2024-05-26T00:49:17.486+0000] {logging_mixin.py:188} INFO - [2024-05-26T00:49:17.486+0000] {dag.py:3096} INFO - Sync 1 DAGs
[2024-05-26T00:49:17.523+0000] {processor.py:183} INFO - Processing /opt/airflow/dags/dag_clase.py took 0.156 seconds
[2024-05-26T00:49:47.935+0000] {processor.py:161} INFO - Started process (PID=898) to work on /opt/airflow/dags/dag_clase.py
[2024-05-26T00:49:47.936+0000] {processor.py:830} INFO - Processing file /opt/airflow/dags/dag_clase.py for tasks to queue
[2024-05-26T00:49:47.939+0000] {logging_mixin.py:188} INFO - [2024-05-26T00:49:47.938+0000] {dagbag.py:545} INFO - Filling up the DagBag from /opt/airflow/dags/dag_clase.py
[2024-05-26T00:49:47.947+0000] {processor.py:840} INFO - DAG(s) 'DAG_catedra_airflow' retrieved from /opt/airflow/dags/dag_clase.py
[2024-05-26T00:49:48.030+0000] {logging_mixin.py:188} INFO - [2024-05-26T00:49:48.030+0000] {dag.py:3096} INFO - Sync 1 DAGs
[2024-05-26T00:49:48.065+0000] {processor.py:183} INFO - Processing /opt/airflow/dags/dag_clase.py took 0.137 seconds
[2024-05-26T00:50:18.496+0000] {processor.py:161} INFO - Started process (PID=956) to work on /opt/airflow/dags/dag_clase.py
[2024-05-26T00:50:18.497+0000] {processor.py:830} INFO - Processing file /opt/airflow/dags/dag_clase.py for tasks to queue
[2024-05-26T00:50:18.499+0000] {logging_mixin.py:188} INFO - [2024-05-26T00:50:18.498+0000] {dagbag.py:545} INFO - Filling up the DagBag from /opt/airflow/dags/dag_clase.py
[2024-05-26T00:50:18.508+0000] {processor.py:840} INFO - DAG(s) 'DAG_catedra_airflow' retrieved from /opt/airflow/dags/dag_clase.py
[2024-05-26T00:50:18.599+0000] {logging_mixin.py:188} INFO - [2024-05-26T00:50:18.599+0000] {dag.py:3096} INFO - Sync 1 DAGs
[2024-05-26T00:50:18.638+0000] {processor.py:183} INFO - Processing /opt/airflow/dags/dag_clase.py took 0.149 seconds
[2024-05-26T00:50:49.189+0000] {processor.py:161} INFO - Started process (PID=1014) to work on /opt/airflow/dags/dag_clase.py
[2024-05-26T00:50:49.190+0000] {processor.py:830} INFO - Processing file /opt/airflow/dags/dag_clase.py for tasks to queue
[2024-05-26T00:50:49.192+0000] {logging_mixin.py:188} INFO - [2024-05-26T00:50:49.192+0000] {dagbag.py:545} INFO - Filling up the DagBag from /opt/airflow/dags/dag_clase.py
[2024-05-26T00:50:49.200+0000] {processor.py:840} INFO - DAG(s) 'DAG_catedra_airflow' retrieved from /opt/airflow/dags/dag_clase.py
[2024-05-26T00:50:49.275+0000] {logging_mixin.py:188} INFO - [2024-05-26T00:50:49.274+0000] {dag.py:3096} INFO - Sync 1 DAGs
[2024-05-26T00:50:49.322+0000] {processor.py:183} INFO - Processing /opt/airflow/dags/dag_clase.py took 0.138 seconds
[2024-05-26T00:51:19.757+0000] {processor.py:161} INFO - Started process (PID=1072) to work on /opt/airflow/dags/dag_clase.py
[2024-05-26T00:51:19.758+0000] {processor.py:830} INFO - Processing file /opt/airflow/dags/dag_clase.py for tasks to queue
[2024-05-26T00:51:19.760+0000] {logging_mixin.py:188} INFO - [2024-05-26T00:51:19.760+0000] {dagbag.py:545} INFO - Filling up the DagBag from /opt/airflow/dags/dag_clase.py
[2024-05-26T00:51:19.769+0000] {processor.py:840} INFO - DAG(s) 'DAG_catedra_airflow' retrieved from /opt/airflow/dags/dag_clase.py
[2024-05-26T00:51:19.846+0000] {logging_mixin.py:188} INFO - [2024-05-26T00:51:19.845+0000] {dag.py:3096} INFO - Sync 1 DAGs
[2024-05-26T00:51:19.878+0000] {processor.py:183} INFO - Processing /opt/airflow/dags/dag_clase.py took 0.126 seconds
[2024-05-26T00:51:50.320+0000] {processor.py:161} INFO - Started process (PID=1130) to work on /opt/airflow/dags/dag_clase.py
[2024-05-26T00:51:50.321+0000] {processor.py:830} INFO - Processing file /opt/airflow/dags/dag_clase.py for tasks to queue
[2024-05-26T00:51:50.322+0000] {logging_mixin.py:188} INFO - [2024-05-26T00:51:50.322+0000] {dagbag.py:545} INFO - Filling up the DagBag from /opt/airflow/dags/dag_clase.py
[2024-05-26T00:51:50.331+0000] {processor.py:840} INFO - DAG(s) 'DAG_catedra_airflow' retrieved from /opt/airflow/dags/dag_clase.py
[2024-05-26T00:51:50.406+0000] {logging_mixin.py:188} INFO - [2024-05-26T00:51:50.405+0000] {dag.py:3096} INFO - Sync 1 DAGs
[2024-05-26T00:51:50.447+0000] {processor.py:183} INFO - Processing /opt/airflow/dags/dag_clase.py took 0.133 seconds
[2024-05-26T00:52:20.954+0000] {processor.py:161} INFO - Started process (PID=1188) to work on /opt/airflow/dags/dag_clase.py
[2024-05-26T00:52:20.955+0000] {processor.py:830} INFO - Processing file /opt/airflow/dags/dag_clase.py for tasks to queue
[2024-05-26T00:52:20.957+0000] {logging_mixin.py:188} INFO - [2024-05-26T00:52:20.957+0000] {dagbag.py:545} INFO - Filling up the DagBag from /opt/airflow/dags/dag_clase.py
[2024-05-26T00:52:20.965+0000] {processor.py:840} INFO - DAG(s) 'DAG_catedra_airflow' retrieved from /opt/airflow/dags/dag_clase.py
[2024-05-26T00:52:21.047+0000] {logging_mixin.py:188} INFO - [2024-05-26T00:52:21.047+0000] {dag.py:3096} INFO - Sync 1 DAGs
[2024-05-26T00:52:21.084+0000] {processor.py:183} INFO - Processing /opt/airflow/dags/dag_clase.py took 0.135 seconds
[2024-05-26T00:52:51.572+0000] {processor.py:161} INFO - Started process (PID=1247) to work on /opt/airflow/dags/dag_clase.py
[2024-05-26T00:52:51.573+0000] {processor.py:830} INFO - Processing file /opt/airflow/dags/dag_clase.py for tasks to queue
[2024-05-26T00:52:51.575+0000] {logging_mixin.py:188} INFO - [2024-05-26T00:52:51.575+0000] {dagbag.py:545} INFO - Filling up the DagBag from /opt/airflow/dags/dag_clase.py
[2024-05-26T00:52:51.584+0000] {processor.py:840} INFO - DAG(s) 'DAG_catedra_airflow' retrieved from /opt/airflow/dags/dag_clase.py
[2024-05-26T00:52:51.662+0000] {logging_mixin.py:188} INFO - [2024-05-26T00:52:51.662+0000] {dag.py:3096} INFO - Sync 1 DAGs
[2024-05-26T00:52:51.699+0000] {processor.py:183} INFO - Processing /opt/airflow/dags/dag_clase.py took 0.132 seconds
[2024-05-26T00:53:22.102+0000] {processor.py:161} INFO - Started process (PID=1305) to work on /opt/airflow/dags/dag_clase.py
[2024-05-26T00:53:22.103+0000] {processor.py:830} INFO - Processing file /opt/airflow/dags/dag_clase.py for tasks to queue
[2024-05-26T00:53:22.106+0000] {logging_mixin.py:188} INFO - [2024-05-26T00:53:22.105+0000] {dagbag.py:545} INFO - Filling up the DagBag from /opt/airflow/dags/dag_clase.py
[2024-05-26T00:53:22.116+0000] {processor.py:840} INFO - DAG(s) 'DAG_catedra_airflow' retrieved from /opt/airflow/dags/dag_clase.py
[2024-05-26T00:53:22.196+0000] {logging_mixin.py:188} INFO - [2024-05-26T00:53:22.196+0000] {dag.py:3096} INFO - Sync 1 DAGs
[2024-05-26T00:53:22.228+0000] {processor.py:183} INFO - Processing /opt/airflow/dags/dag_clase.py took 0.134 seconds
[2024-05-26T00:53:52.610+0000] {processor.py:161} INFO - Started process (PID=1363) to work on /opt/airflow/dags/dag_clase.py
[2024-05-26T00:53:52.611+0000] {processor.py:830} INFO - Processing file /opt/airflow/dags/dag_clase.py for tasks to queue
[2024-05-26T00:53:52.613+0000] {logging_mixin.py:188} INFO - [2024-05-26T00:53:52.612+0000] {dagbag.py:545} INFO - Filling up the DagBag from /opt/airflow/dags/dag_clase.py
[2024-05-26T00:53:52.621+0000] {processor.py:840} INFO - DAG(s) 'DAG_catedra_airflow' retrieved from /opt/airflow/dags/dag_clase.py
[2024-05-26T00:53:52.701+0000] {logging_mixin.py:188} INFO - [2024-05-26T00:53:52.701+0000] {dag.py:3096} INFO - Sync 1 DAGs
[2024-05-26T00:53:52.738+0000] {processor.py:183} INFO - Processing /opt/airflow/dags/dag_clase.py took 0.133 seconds
[2024-05-26T00:54:23.208+0000] {processor.py:161} INFO - Started process (PID=1421) to work on /opt/airflow/dags/dag_clase.py
[2024-05-26T00:54:23.209+0000] {processor.py:830} INFO - Processing file /opt/airflow/dags/dag_clase.py for tasks to queue
[2024-05-26T00:54:23.211+0000] {logging_mixin.py:188} INFO - [2024-05-26T00:54:23.210+0000] {dagbag.py:545} INFO - Filling up the DagBag from /opt/airflow/dags/dag_clase.py
[2024-05-26T00:54:23.220+0000] {processor.py:840} INFO - DAG(s) 'DAG_catedra_airflow' retrieved from /opt/airflow/dags/dag_clase.py
[2024-05-26T00:54:23.299+0000] {logging_mixin.py:188} INFO - [2024-05-26T00:54:23.299+0000] {dag.py:3096} INFO - Sync 1 DAGs
[2024-05-26T00:54:23.333+0000] {processor.py:183} INFO - Processing /opt/airflow/dags/dag_clase.py took 0.131 seconds
[2024-05-26T00:54:53.785+0000] {processor.py:161} INFO - Started process (PID=1479) to work on /opt/airflow/dags/dag_clase.py
[2024-05-26T00:54:53.786+0000] {processor.py:830} INFO - Processing file /opt/airflow/dags/dag_clase.py for tasks to queue
[2024-05-26T00:54:53.789+0000] {logging_mixin.py:188} INFO - [2024-05-26T00:54:53.788+0000] {dagbag.py:545} INFO - Filling up the DagBag from /opt/airflow/dags/dag_clase.py
[2024-05-26T00:54:53.797+0000] {processor.py:840} INFO - DAG(s) 'DAG_catedra_airflow' retrieved from /opt/airflow/dags/dag_clase.py
[2024-05-26T00:54:53.873+0000] {logging_mixin.py:188} INFO - [2024-05-26T00:54:53.873+0000] {dag.py:3096} INFO - Sync 1 DAGs
[2024-05-26T00:54:53.916+0000] {processor.py:183} INFO - Processing /opt/airflow/dags/dag_clase.py took 0.137 seconds
[2024-05-26T00:55:24.428+0000] {processor.py:161} INFO - Started process (PID=1537) to work on /opt/airflow/dags/dag_clase.py
[2024-05-26T00:55:24.429+0000] {processor.py:830} INFO - Processing file /opt/airflow/dags/dag_clase.py for tasks to queue
[2024-05-26T00:55:24.431+0000] {logging_mixin.py:188} INFO - [2024-05-26T00:55:24.431+0000] {dagbag.py:545} INFO - Filling up the DagBag from /opt/airflow/dags/dag_clase.py
[2024-05-26T00:55:24.440+0000] {processor.py:840} INFO - DAG(s) 'DAG_catedra_airflow' retrieved from /opt/airflow/dags/dag_clase.py
[2024-05-26T00:55:24.521+0000] {logging_mixin.py:188} INFO - [2024-05-26T00:55:24.521+0000] {dag.py:3096} INFO - Sync 1 DAGs
[2024-05-26T00:55:24.559+0000] {processor.py:183} INFO - Processing /opt/airflow/dags/dag_clase.py took 0.138 seconds
[2024-05-26T00:55:54.987+0000] {processor.py:161} INFO - Started process (PID=1600) to work on /opt/airflow/dags/dag_clase.py
[2024-05-26T00:55:54.988+0000] {processor.py:830} INFO - Processing file /opt/airflow/dags/dag_clase.py for tasks to queue
[2024-05-26T00:55:54.990+0000] {logging_mixin.py:188} INFO - [2024-05-26T00:55:54.989+0000] {dagbag.py:545} INFO - Filling up the DagBag from /opt/airflow/dags/dag_clase.py
[2024-05-26T00:55:55.001+0000] {processor.py:840} INFO - DAG(s) 'DAG_catedra_airflow' retrieved from /opt/airflow/dags/dag_clase.py
[2024-05-26T00:55:55.081+0000] {logging_mixin.py:188} INFO - [2024-05-26T00:55:55.081+0000] {dag.py:3096} INFO - Sync 1 DAGs
[2024-05-26T00:55:55.125+0000] {processor.py:183} INFO - Processing /opt/airflow/dags/dag_clase.py took 0.143 seconds
[2024-05-26T00:55:56.580+0000] {processor.py:161} INFO - Started process (PID=1608) to work on /opt/airflow/dags/dag_clase.py
[2024-05-26T00:55:56.581+0000] {processor.py:830} INFO - Processing file /opt/airflow/dags/dag_clase.py for tasks to queue
[2024-05-26T00:55:56.583+0000] {logging_mixin.py:188} INFO - [2024-05-26T00:55:56.582+0000] {dagbag.py:545} INFO - Filling up the DagBag from /opt/airflow/dags/dag_clase.py
[2024-05-26T00:55:56.593+0000] {processor.py:840} INFO - DAG(s) 'DAG_catedra_airflow' retrieved from /opt/airflow/dags/dag_clase.py
[2024-05-26T00:55:56.604+0000] {logging_mixin.py:188} INFO - [2024-05-26T00:55:56.604+0000] {dag.py:3096} INFO - Sync 1 DAGs
[2024-05-26T00:55:56.640+0000] {processor.py:183} INFO - Processing /opt/airflow/dags/dag_clase.py took 0.065 seconds
[2024-05-26T00:56:27.117+0000] {processor.py:161} INFO - Started process (PID=1666) to work on /opt/airflow/dags/dag_clase.py
[2024-05-26T00:56:27.118+0000] {processor.py:830} INFO - Processing file /opt/airflow/dags/dag_clase.py for tasks to queue
[2024-05-26T00:56:27.120+0000] {logging_mixin.py:188} INFO - [2024-05-26T00:56:27.119+0000] {dagbag.py:545} INFO - Filling up the DagBag from /opt/airflow/dags/dag_clase.py
[2024-05-26T00:56:27.129+0000] {processor.py:840} INFO - DAG(s) 'DAG_catedra_airflow' retrieved from /opt/airflow/dags/dag_clase.py
[2024-05-26T00:56:27.204+0000] {logging_mixin.py:188} INFO - [2024-05-26T00:56:27.203+0000] {dag.py:3096} INFO - Sync 1 DAGs
[2024-05-26T00:56:27.237+0000] {processor.py:183} INFO - Processing /opt/airflow/dags/dag_clase.py took 0.125 seconds
[2024-05-26T00:56:57.717+0000] {processor.py:161} INFO - Started process (PID=1724) to work on /opt/airflow/dags/dag_clase.py
[2024-05-26T00:56:57.718+0000] {processor.py:830} INFO - Processing file /opt/airflow/dags/dag_clase.py for tasks to queue
[2024-05-26T00:56:57.720+0000] {logging_mixin.py:188} INFO - [2024-05-26T00:56:57.719+0000] {dagbag.py:545} INFO - Filling up the DagBag from /opt/airflow/dags/dag_clase.py
[2024-05-26T00:56:57.728+0000] {processor.py:840} INFO - DAG(s) 'DAG_catedra_airflow' retrieved from /opt/airflow/dags/dag_clase.py
[2024-05-26T00:56:57.805+0000] {logging_mixin.py:188} INFO - [2024-05-26T00:56:57.805+0000] {dag.py:3096} INFO - Sync 1 DAGs
[2024-05-26T00:56:57.846+0000] {processor.py:183} INFO - Processing /opt/airflow/dags/dag_clase.py took 0.136 seconds
[2024-05-26T00:57:28.188+0000] {processor.py:161} INFO - Started process (PID=1782) to work on /opt/airflow/dags/dag_clase.py
[2024-05-26T00:57:28.189+0000] {processor.py:830} INFO - Processing file /opt/airflow/dags/dag_clase.py for tasks to queue
[2024-05-26T00:57:28.191+0000] {logging_mixin.py:188} INFO - [2024-05-26T00:57:28.190+0000] {dagbag.py:545} INFO - Filling up the DagBag from /opt/airflow/dags/dag_clase.py
[2024-05-26T00:57:28.199+0000] {processor.py:840} INFO - DAG(s) 'DAG_catedra_airflow' retrieved from /opt/airflow/dags/dag_clase.py
[2024-05-26T00:57:28.284+0000] {logging_mixin.py:188} INFO - [2024-05-26T00:57:28.283+0000] {dag.py:3096} INFO - Sync 1 DAGs
[2024-05-26T00:57:28.319+0000] {processor.py:183} INFO - Processing /opt/airflow/dags/dag_clase.py took 0.136 seconds
[2024-05-26T00:57:58.720+0000] {processor.py:161} INFO - Started process (PID=1840) to work on /opt/airflow/dags/dag_clase.py
[2024-05-26T00:57:58.721+0000] {processor.py:830} INFO - Processing file /opt/airflow/dags/dag_clase.py for tasks to queue
[2024-05-26T00:57:58.724+0000] {logging_mixin.py:188} INFO - [2024-05-26T00:57:58.723+0000] {dagbag.py:545} INFO - Filling up the DagBag from /opt/airflow/dags/dag_clase.py
[2024-05-26T00:57:58.735+0000] {processor.py:840} INFO - DAG(s) 'DAG_catedra_airflow' retrieved from /opt/airflow/dags/dag_clase.py
[2024-05-26T00:57:58.812+0000] {logging_mixin.py:188} INFO - [2024-05-26T00:57:58.812+0000] {dag.py:3096} INFO - Sync 1 DAGs
[2024-05-26T00:57:58.848+0000] {processor.py:183} INFO - Processing /opt/airflow/dags/dag_clase.py took 0.134 seconds
[2024-05-26T00:58:29.445+0000] {processor.py:161} INFO - Started process (PID=1898) to work on /opt/airflow/dags/dag_clase.py
[2024-05-26T00:58:29.446+0000] {processor.py:830} INFO - Processing file /opt/airflow/dags/dag_clase.py for tasks to queue
[2024-05-26T00:58:29.448+0000] {logging_mixin.py:188} INFO - [2024-05-26T00:58:29.447+0000] {dagbag.py:545} INFO - Filling up the DagBag from /opt/airflow/dags/dag_clase.py
[2024-05-26T00:58:29.457+0000] {processor.py:840} INFO - DAG(s) 'DAG_catedra_airflow' retrieved from /opt/airflow/dags/dag_clase.py
[2024-05-26T00:58:29.533+0000] {logging_mixin.py:188} INFO - [2024-05-26T00:58:29.533+0000] {dag.py:3096} INFO - Sync 1 DAGs
[2024-05-26T00:58:29.570+0000] {processor.py:183} INFO - Processing /opt/airflow/dags/dag_clase.py took 0.130 seconds
[2024-05-26T00:59:00.149+0000] {processor.py:161} INFO - Started process (PID=1956) to work on /opt/airflow/dags/dag_clase.py
[2024-05-26T00:59:00.150+0000] {processor.py:830} INFO - Processing file /opt/airflow/dags/dag_clase.py for tasks to queue
[2024-05-26T00:59:00.152+0000] {logging_mixin.py:188} INFO - [2024-05-26T00:59:00.152+0000] {dagbag.py:545} INFO - Filling up the DagBag from /opt/airflow/dags/dag_clase.py
[2024-05-26T00:59:00.160+0000] {processor.py:840} INFO - DAG(s) 'DAG_catedra_airflow' retrieved from /opt/airflow/dags/dag_clase.py
[2024-05-26T00:59:00.240+0000] {logging_mixin.py:188} INFO - [2024-05-26T00:59:00.240+0000] {dag.py:3096} INFO - Sync 1 DAGs
[2024-05-26T00:59:00.281+0000] {processor.py:183} INFO - Processing /opt/airflow/dags/dag_clase.py took 0.136 seconds
[2024-05-26T00:59:30.943+0000] {processor.py:161} INFO - Started process (PID=2014) to work on /opt/airflow/dags/dag_clase.py
[2024-05-26T00:59:30.944+0000] {processor.py:830} INFO - Processing file /opt/airflow/dags/dag_clase.py for tasks to queue
[2024-05-26T00:59:30.948+0000] {logging_mixin.py:188} INFO - [2024-05-26T00:59:30.947+0000] {dagbag.py:545} INFO - Filling up the DagBag from /opt/airflow/dags/dag_clase.py
[2024-05-26T00:59:30.958+0000] {processor.py:840} INFO - DAG(s) 'DAG_catedra_airflow' retrieved from /opt/airflow/dags/dag_clase.py
[2024-05-26T00:59:31.045+0000] {logging_mixin.py:188} INFO - [2024-05-26T00:59:31.045+0000] {dag.py:3096} INFO - Sync 1 DAGs
[2024-05-26T00:59:31.083+0000] {processor.py:183} INFO - Processing /opt/airflow/dags/dag_clase.py took 0.144 seconds
[2024-05-26T01:00:01.691+0000] {processor.py:161} INFO - Started process (PID=2072) to work on /opt/airflow/dags/dag_clase.py
[2024-05-26T01:00:01.692+0000] {processor.py:830} INFO - Processing file /opt/airflow/dags/dag_clase.py for tasks to queue
[2024-05-26T01:00:01.693+0000] {logging_mixin.py:188} INFO - [2024-05-26T01:00:01.693+0000] {dagbag.py:545} INFO - Filling up the DagBag from /opt/airflow/dags/dag_clase.py
[2024-05-26T01:00:01.702+0000] {processor.py:840} INFO - DAG(s) 'DAG_catedra_airflow' retrieved from /opt/airflow/dags/dag_clase.py
[2024-05-26T01:00:01.796+0000] {logging_mixin.py:188} INFO - [2024-05-26T01:00:01.795+0000] {dag.py:3096} INFO - Sync 1 DAGs
[2024-05-26T01:00:01.829+0000] {processor.py:183} INFO - Processing /opt/airflow/dags/dag_clase.py took 0.144 seconds
[2024-05-26T01:00:32.334+0000] {processor.py:161} INFO - Started process (PID=2130) to work on /opt/airflow/dags/dag_clase.py
[2024-05-26T01:00:32.335+0000] {processor.py:830} INFO - Processing file /opt/airflow/dags/dag_clase.py for tasks to queue
[2024-05-26T01:00:32.337+0000] {logging_mixin.py:188} INFO - [2024-05-26T01:00:32.336+0000] {dagbag.py:545} INFO - Filling up the DagBag from /opt/airflow/dags/dag_clase.py
[2024-05-26T01:00:32.345+0000] {processor.py:840} INFO - DAG(s) 'DAG_catedra_airflow' retrieved from /opt/airflow/dags/dag_clase.py
[2024-05-26T01:00:32.421+0000] {logging_mixin.py:188} INFO - [2024-05-26T01:00:32.421+0000] {dag.py:3096} INFO - Sync 1 DAGs
[2024-05-26T01:00:32.460+0000] {processor.py:183} INFO - Processing /opt/airflow/dags/dag_clase.py took 0.131 seconds
[2024-05-26T01:01:03.078+0000] {processor.py:161} INFO - Started process (PID=2187) to work on /opt/airflow/dags/dag_clase.py
[2024-05-26T01:01:03.079+0000] {processor.py:830} INFO - Processing file /opt/airflow/dags/dag_clase.py for tasks to queue
[2024-05-26T01:01:03.080+0000] {logging_mixin.py:188} INFO - [2024-05-26T01:01:03.080+0000] {dagbag.py:545} INFO - Filling up the DagBag from /opt/airflow/dags/dag_clase.py
[2024-05-26T01:01:03.089+0000] {processor.py:840} INFO - DAG(s) 'DAG_catedra_airflow' retrieved from /opt/airflow/dags/dag_clase.py
[2024-05-26T01:01:03.170+0000] {logging_mixin.py:188} INFO - [2024-05-26T01:01:03.169+0000] {dag.py:3096} INFO - Sync 1 DAGs
[2024-05-26T01:01:03.203+0000] {processor.py:183} INFO - Processing /opt/airflow/dags/dag_clase.py took 0.132 seconds
[2024-05-26T01:01:33.611+0000] {processor.py:161} INFO - Started process (PID=2245) to work on /opt/airflow/dags/dag_clase.py
[2024-05-26T01:01:33.612+0000] {processor.py:830} INFO - Processing file /opt/airflow/dags/dag_clase.py for tasks to queue
[2024-05-26T01:01:33.614+0000] {logging_mixin.py:188} INFO - [2024-05-26T01:01:33.613+0000] {dagbag.py:545} INFO - Filling up the DagBag from /opt/airflow/dags/dag_clase.py
[2024-05-26T01:01:33.622+0000] {processor.py:840} INFO - DAG(s) 'DAG_catedra_airflow' retrieved from /opt/airflow/dags/dag_clase.py
[2024-05-26T01:01:33.697+0000] {logging_mixin.py:188} INFO - [2024-05-26T01:01:33.697+0000] {dag.py:3096} INFO - Sync 1 DAGs
[2024-05-26T01:01:33.732+0000] {processor.py:183} INFO - Processing /opt/airflow/dags/dag_clase.py took 0.126 seconds
[2024-05-26T01:02:04.200+0000] {processor.py:161} INFO - Started process (PID=2303) to work on /opt/airflow/dags/dag_clase.py
[2024-05-26T01:02:04.201+0000] {processor.py:830} INFO - Processing file /opt/airflow/dags/dag_clase.py for tasks to queue
[2024-05-26T01:02:04.203+0000] {logging_mixin.py:188} INFO - [2024-05-26T01:02:04.202+0000] {dagbag.py:545} INFO - Filling up the DagBag from /opt/airflow/dags/dag_clase.py
[2024-05-26T01:02:04.214+0000] {processor.py:840} INFO - DAG(s) 'DAG_catedra_airflow' retrieved from /opt/airflow/dags/dag_clase.py
[2024-05-26T01:02:04.291+0000] {logging_mixin.py:188} INFO - [2024-05-26T01:02:04.291+0000] {dag.py:3096} INFO - Sync 1 DAGs
[2024-05-26T01:02:04.327+0000] {processor.py:183} INFO - Processing /opt/airflow/dags/dag_clase.py took 0.133 seconds
[2024-05-26T01:02:34.803+0000] {processor.py:161} INFO - Started process (PID=2361) to work on /opt/airflow/dags/dag_clase.py
[2024-05-26T01:02:34.804+0000] {processor.py:830} INFO - Processing file /opt/airflow/dags/dag_clase.py for tasks to queue
[2024-05-26T01:02:34.806+0000] {logging_mixin.py:188} INFO - [2024-05-26T01:02:34.805+0000] {dagbag.py:545} INFO - Filling up the DagBag from /opt/airflow/dags/dag_clase.py
[2024-05-26T01:02:34.814+0000] {processor.py:840} INFO - DAG(s) 'DAG_catedra_airflow' retrieved from /opt/airflow/dags/dag_clase.py
[2024-05-26T01:02:34.893+0000] {logging_mixin.py:188} INFO - [2024-05-26T01:02:34.892+0000] {dag.py:3096} INFO - Sync 1 DAGs
[2024-05-26T01:02:34.927+0000] {processor.py:183} INFO - Processing /opt/airflow/dags/dag_clase.py took 0.130 seconds
[2024-05-26T01:03:05.242+0000] {processor.py:161} INFO - Started process (PID=2419) to work on /opt/airflow/dags/dag_clase.py
[2024-05-26T01:03:05.243+0000] {processor.py:830} INFO - Processing file /opt/airflow/dags/dag_clase.py for tasks to queue
[2024-05-26T01:03:05.245+0000] {logging_mixin.py:188} INFO - [2024-05-26T01:03:05.244+0000] {dagbag.py:545} INFO - Filling up the DagBag from /opt/airflow/dags/dag_clase.py
[2024-05-26T01:03:05.254+0000] {processor.py:840} INFO - DAG(s) 'DAG_catedra_airflow' retrieved from /opt/airflow/dags/dag_clase.py
[2024-05-26T01:03:05.334+0000] {logging_mixin.py:188} INFO - [2024-05-26T01:03:05.334+0000] {dag.py:3096} INFO - Sync 1 DAGs
[2024-05-26T01:03:05.373+0000] {processor.py:183} INFO - Processing /opt/airflow/dags/dag_clase.py took 0.136 seconds
[2024-05-26T01:03:35.776+0000] {processor.py:161} INFO - Started process (PID=2477) to work on /opt/airflow/dags/dag_clase.py
[2024-05-26T01:03:35.777+0000] {processor.py:830} INFO - Processing file /opt/airflow/dags/dag_clase.py for tasks to queue
[2024-05-26T01:03:35.779+0000] {logging_mixin.py:188} INFO - [2024-05-26T01:03:35.779+0000] {dagbag.py:545} INFO - Filling up the DagBag from /opt/airflow/dags/dag_clase.py
[2024-05-26T01:03:35.788+0000] {processor.py:840} INFO - DAG(s) 'DAG_catedra_airflow' retrieved from /opt/airflow/dags/dag_clase.py
[2024-05-26T01:03:35.868+0000] {logging_mixin.py:188} INFO - [2024-05-26T01:03:35.867+0000] {dag.py:3096} INFO - Sync 1 DAGs
[2024-05-26T01:03:35.908+0000] {processor.py:183} INFO - Processing /opt/airflow/dags/dag_clase.py took 0.137 seconds
[2024-05-26T01:04:06.489+0000] {processor.py:161} INFO - Started process (PID=2535) to work on /opt/airflow/dags/dag_clase.py
[2024-05-26T01:04:06.490+0000] {processor.py:830} INFO - Processing file /opt/airflow/dags/dag_clase.py for tasks to queue
[2024-05-26T01:04:06.492+0000] {logging_mixin.py:188} INFO - [2024-05-26T01:04:06.492+0000] {dagbag.py:545} INFO - Filling up the DagBag from /opt/airflow/dags/dag_clase.py
[2024-05-26T01:04:06.505+0000] {processor.py:840} INFO - DAG(s) 'DAG_catedra_airflow' retrieved from /opt/airflow/dags/dag_clase.py
[2024-05-26T01:04:06.595+0000] {logging_mixin.py:188} INFO - [2024-05-26T01:04:06.594+0000] {dag.py:3096} INFO - Sync 1 DAGs
[2024-05-26T01:04:06.632+0000] {processor.py:183} INFO - Processing /opt/airflow/dags/dag_clase.py took 0.149 seconds
[2024-05-26T01:05:22.257+0000] {processor.py:161} INFO - Started process (PID=2580) to work on /opt/airflow/dags/dag_clase.py
[2024-05-26T01:05:22.271+0000] {processor.py:830} INFO - Processing file /opt/airflow/dags/dag_clase.py for tasks to queue
[2024-05-26T01:05:22.276+0000] {logging_mixin.py:188} INFO - [2024-05-26T01:05:22.275+0000] {dagbag.py:545} INFO - Filling up the DagBag from /opt/airflow/dags/dag_clase.py
[2024-05-26T01:05:22.302+0000] {processor.py:840} INFO - DAG(s) 'DAG_catedra_airflow' retrieved from /opt/airflow/dags/dag_clase.py
[2024-05-26T01:05:22.565+0000] {logging_mixin.py:188} INFO - [2024-05-26T01:05:22.565+0000] {dag.py:3096} INFO - Sync 1 DAGs
[2024-05-26T01:05:22.580+0000] {logging_mixin.py:188} INFO - [2024-05-26T01:05:22.580+0000] {dag.py:3118} INFO - Creating ORM DAG for DAG_catedra_airflow
[2024-05-26T01:05:22.599+0000] {logging_mixin.py:188} INFO - [2024-05-26T01:05:22.598+0000] {dag.py:3954} INFO - Setting next_dagrun for DAG_catedra_airflow to 2024-05-25 00:15:00+00:00, run_after=2024-05-25 00:20:00+00:00
[2024-05-26T01:05:22.613+0000] {processor.py:186} ERROR - Got an exception! Propagating...
Traceback (most recent call last):
  File "/home/airflow/.local/lib/python3.12/site-packages/airflow/dag_processing/processor.py", line 182, in _run_file_processor
    _handle_dag_file_processing()
  File "/home/airflow/.local/lib/python3.12/site-packages/airflow/dag_processing/processor.py", line 163, in _handle_dag_file_processing
    result: tuple[int, int] = dag_file_processor.process_file(
                              ^^^^^^^^^^^^^^^^^^^^^^^^^^^^^^^^
  File "/home/airflow/.local/lib/python3.12/site-packages/airflow/utils/session.py", line 79, in wrapper
    return func(*args, session=session, **kwargs)
           ^^^^^^^^^^^^^^^^^^^^^^^^^^^^^^^^^^^^^^
  File "/home/airflow/.local/lib/python3.12/site-packages/airflow/dag_processing/processor.py", line 859, in process_file
    serialize_errors = DagFileProcessor.save_dag_to_db(
                       ^^^^^^^^^^^^^^^^^^^^^^^^^^^^^^^^
  File "/home/airflow/.local/lib/python3.12/site-packages/airflow/api_internal/internal_api_call.py", line 115, in wrapper
    return func(*args, **kwargs)
           ^^^^^^^^^^^^^^^^^^^^^
  File "/home/airflow/.local/lib/python3.12/site-packages/airflow/utils/session.py", line 79, in wrapper
    return func(*args, session=session, **kwargs)
           ^^^^^^^^^^^^^^^^^^^^^^^^^^^^^^^^^^^^^^
  File "/home/airflow/.local/lib/python3.12/site-packages/airflow/dag_processing/processor.py", line 895, in save_dag_to_db
    import_errors = DagBag._sync_to_db(dags=dags, processor_subdir=dag_directory, session=session)
                    ^^^^^^^^^^^^^^^^^^^^^^^^^^^^^^^^^^^^^^^^^^^^^^^^^^^^^^^^^^^^^^^^^^^^^^^^^^^^^^
  File "/home/airflow/.local/lib/python3.12/site-packages/airflow/utils/session.py", line 76, in wrapper
    return func(*args, **kwargs)
           ^^^^^^^^^^^^^^^^^^^^^
  File "/home/airflow/.local/lib/python3.12/site-packages/airflow/models/dagbag.py", line 664, in _sync_to_db
    for attempt in run_with_db_retries(logger=log):
  File "/home/airflow/.local/lib/python3.12/site-packages/tenacity/__init__.py", line 347, in __iter__
    do = self.iter(retry_state=retry_state)
         ^^^^^^^^^^^^^^^^^^^^^^^^^^^^^^^^^^
  File "/home/airflow/.local/lib/python3.12/site-packages/tenacity/__init__.py", line 314, in iter
    return fut.result()
           ^^^^^^^^^^^^
  File "/usr/local/lib/python3.12/concurrent/futures/_base.py", line 449, in result
    return self.__get_result()
           ^^^^^^^^^^^^^^^^^^^
  File "/usr/local/lib/python3.12/concurrent/futures/_base.py", line 401, in __get_result
    raise self._exception
  File "/home/airflow/.local/lib/python3.12/site-packages/airflow/models/dagbag.py", line 680, in _sync_to_db
    DAG.bulk_write_to_db(dags.values(), processor_subdir=processor_subdir, session=session)
  File "/home/airflow/.local/lib/python3.12/site-packages/airflow/utils/session.py", line 76, in wrapper
    return func(*args, **kwargs)
           ^^^^^^^^^^^^^^^^^^^^^
  File "/home/airflow/.local/lib/python3.12/site-packages/airflow/models/dag.py", line 3260, in bulk_write_to_db
    dataset_manager.create_datasets(dataset_models=new_datasets, session=session)
  File "/home/airflow/.local/lib/python3.12/site-packages/airflow/datasets/manager.py", line 53, in create_datasets
    session.flush()
  File "/home/airflow/.local/lib/python3.12/site-packages/sqlalchemy/orm/session.py", line 3449, in flush
    self._flush(objects)
  File "/home/airflow/.local/lib/python3.12/site-packages/sqlalchemy/orm/session.py", line 3588, in _flush
    with util.safe_reraise():
  File "/home/airflow/.local/lib/python3.12/site-packages/sqlalchemy/util/langhelpers.py", line 70, in __exit__
    compat.raise_(
  File "/home/airflow/.local/lib/python3.12/site-packages/sqlalchemy/util/compat.py", line 211, in raise_
    raise exception
  File "/home/airflow/.local/lib/python3.12/site-packages/sqlalchemy/orm/session.py", line 3549, in _flush
    flush_context.execute()
  File "/home/airflow/.local/lib/python3.12/site-packages/sqlalchemy/orm/unitofwork.py", line 456, in execute
    rec.execute(self)
  File "/home/airflow/.local/lib/python3.12/site-packages/sqlalchemy/orm/unitofwork.py", line 630, in execute
    util.preloaded.orm_persistence.save_obj(
  File "/home/airflow/.local/lib/python3.12/site-packages/sqlalchemy/orm/persistence.py", line 237, in save_obj
    _emit_update_statements(
  File "/home/airflow/.local/lib/python3.12/site-packages/sqlalchemy/orm/persistence.py", line 1035, in _emit_update_statements
    raise orm_exc.StaleDataError(
sqlalchemy.orm.exc.StaleDataError: UPDATE statement on table 'serialized_dag' expected to update 1 row(s); 0 were matched.
[2024-05-26T01:05:53.473+0000] {processor.py:161} INFO - Started process (PID=2639) to work on /opt/airflow/dags/dag_clase.py
[2024-05-26T01:05:53.475+0000] {processor.py:830} INFO - Processing file /opt/airflow/dags/dag_clase.py for tasks to queue
[2024-05-26T01:05:53.479+0000] {logging_mixin.py:188} INFO - [2024-05-26T01:05:53.479+0000] {dagbag.py:545} INFO - Filling up the DagBag from /opt/airflow/dags/dag_clase.py
[2024-05-26T01:05:53.492+0000] {processor.py:840} INFO - DAG(s) 'DAG_catedra_airflow' retrieved from /opt/airflow/dags/dag_clase.py
[2024-05-26T01:05:53.595+0000] {logging_mixin.py:188} INFO - [2024-05-26T01:05:53.595+0000] {dag.py:3096} INFO - Sync 1 DAGs
[2024-05-26T01:05:53.604+0000] {logging_mixin.py:188} INFO - [2024-05-26T01:05:53.603+0000] {dag.py:3118} INFO - Creating ORM DAG for DAG_catedra_airflow
[2024-05-26T01:05:53.613+0000] {logging_mixin.py:188} INFO - [2024-05-26T01:05:53.613+0000] {dag.py:3954} INFO - Setting next_dagrun for DAG_catedra_airflow to 2024-05-25 00:15:00+00:00, run_after=2024-05-25 00:20:00+00:00
[2024-05-26T01:05:53.635+0000] {processor.py:183} INFO - Processing /opt/airflow/dags/dag_clase.py took 0.192 seconds
[2024-05-26T01:06:24.149+0000] {processor.py:161} INFO - Started process (PID=2697) to work on /opt/airflow/dags/dag_clase.py
[2024-05-26T01:06:24.150+0000] {processor.py:830} INFO - Processing file /opt/airflow/dags/dag_clase.py for tasks to queue
[2024-05-26T01:06:24.153+0000] {logging_mixin.py:188} INFO - [2024-05-26T01:06:24.152+0000] {dagbag.py:545} INFO - Filling up the DagBag from /opt/airflow/dags/dag_clase.py
[2024-05-26T01:06:24.163+0000] {processor.py:840} INFO - DAG(s) 'DAG_catedra_airflow' retrieved from /opt/airflow/dags/dag_clase.py
[2024-05-26T01:06:24.262+0000] {logging_mixin.py:188} INFO - [2024-05-26T01:06:24.262+0000] {dag.py:3096} INFO - Sync 1 DAGs
[2024-05-26T01:06:24.300+0000] {processor.py:183} INFO - Processing /opt/airflow/dags/dag_clase.py took 0.159 seconds
[2024-05-26T01:06:54.339+0000] {processor.py:161} INFO - Started process (PID=2756) to work on /opt/airflow/dags/dag_clase.py
[2024-05-26T01:06:54.340+0000] {processor.py:830} INFO - Processing file /opt/airflow/dags/dag_clase.py for tasks to queue
[2024-05-26T01:06:54.343+0000] {logging_mixin.py:188} INFO - [2024-05-26T01:06:54.342+0000] {dagbag.py:545} INFO - Filling up the DagBag from /opt/airflow/dags/dag_clase.py
[2024-05-26T01:06:54.352+0000] {processor.py:840} INFO - DAG(s) 'DAG_catedra_airflow' retrieved from /opt/airflow/dags/dag_clase.py
[2024-05-26T01:06:54.455+0000] {logging_mixin.py:188} INFO - [2024-05-26T01:06:54.455+0000] {dag.py:3096} INFO - Sync 1 DAGs
[2024-05-26T01:06:54.492+0000] {processor.py:183} INFO - Processing /opt/airflow/dags/dag_clase.py took 0.159 seconds
[2024-05-26T01:07:24.584+0000] {processor.py:161} INFO - Started process (PID=2815) to work on /opt/airflow/dags/dag_clase.py
[2024-05-26T01:07:24.585+0000] {processor.py:830} INFO - Processing file /opt/airflow/dags/dag_clase.py for tasks to queue
[2024-05-26T01:07:24.587+0000] {logging_mixin.py:188} INFO - [2024-05-26T01:07:24.587+0000] {dagbag.py:545} INFO - Filling up the DagBag from /opt/airflow/dags/dag_clase.py
[2024-05-26T01:07:24.597+0000] {processor.py:840} INFO - DAG(s) 'DAG_catedra_airflow' retrieved from /opt/airflow/dags/dag_clase.py
[2024-05-26T01:07:24.687+0000] {logging_mixin.py:188} INFO - [2024-05-26T01:07:24.687+0000] {dag.py:3096} INFO - Sync 1 DAGs
[2024-05-26T01:07:24.720+0000] {processor.py:183} INFO - Processing /opt/airflow/dags/dag_clase.py took 0.142 seconds
[2024-05-26T01:07:54.790+0000] {processor.py:161} INFO - Started process (PID=2874) to work on /opt/airflow/dags/dag_clase.py
[2024-05-26T01:07:54.790+0000] {processor.py:830} INFO - Processing file /opt/airflow/dags/dag_clase.py for tasks to queue
[2024-05-26T01:07:54.793+0000] {logging_mixin.py:188} INFO - [2024-05-26T01:07:54.792+0000] {dagbag.py:545} INFO - Filling up the DagBag from /opt/airflow/dags/dag_clase.py
[2024-05-26T01:07:54.802+0000] {processor.py:840} INFO - DAG(s) 'DAG_catedra_airflow' retrieved from /opt/airflow/dags/dag_clase.py
[2024-05-26T01:07:54.901+0000] {logging_mixin.py:188} INFO - [2024-05-26T01:07:54.901+0000] {dag.py:3096} INFO - Sync 1 DAGs
[2024-05-26T01:07:54.932+0000] {processor.py:183} INFO - Processing /opt/airflow/dags/dag_clase.py took 0.148 seconds
[2024-05-26T01:08:25.332+0000] {processor.py:161} INFO - Started process (PID=2930) to work on /opt/airflow/dags/dag_clase.py
[2024-05-26T01:08:25.334+0000] {processor.py:830} INFO - Processing file /opt/airflow/dags/dag_clase.py for tasks to queue
[2024-05-26T01:08:25.337+0000] {logging_mixin.py:188} INFO - [2024-05-26T01:08:25.337+0000] {dagbag.py:545} INFO - Filling up the DagBag from /opt/airflow/dags/dag_clase.py
[2024-05-26T01:08:25.348+0000] {processor.py:840} INFO - DAG(s) 'DAG_catedra_airflow' retrieved from /opt/airflow/dags/dag_clase.py
[2024-05-26T01:08:25.476+0000] {logging_mixin.py:188} INFO - [2024-05-26T01:08:25.475+0000] {dag.py:3096} INFO - Sync 1 DAGs
[2024-05-26T01:08:25.488+0000] {logging_mixin.py:188} INFO - [2024-05-26T01:08:25.488+0000] {dag.py:3118} INFO - Creating ORM DAG for DAG_catedra_airflow
[2024-05-26T01:08:25.505+0000] {logging_mixin.py:188} INFO - [2024-05-26T01:08:25.505+0000] {dag.py:3954} INFO - Setting next_dagrun for DAG_catedra_airflow to 2024-05-25 00:15:00+00:00, run_after=2024-05-25 00:20:00+00:00
[2024-05-26T01:08:25.527+0000] {processor.py:183} INFO - Processing /opt/airflow/dags/dag_clase.py took 0.205 seconds
[2024-05-26T01:13:02.023+0000] {processor.py:161} INFO - Started process (PID=2982) to work on /opt/airflow/dags/dag_clase.py
[2024-05-26T01:13:02.079+0000] {processor.py:830} INFO - Processing file /opt/airflow/dags/dag_clase.py for tasks to queue
[2024-05-26T01:13:05.561+0000] {logging_mixin.py:188} INFO - [2024-05-26T01:13:04.228+0000] {dagbag.py:545} INFO - Filling up the DagBag from /opt/airflow/dags/dag_clase.py
[2024-05-26T01:13:53.156+0000] {logging_mixin.py:188} INFO - [2024-05-26T01:13:52.990+0000] {timeout.py:68} ERROR - Process timed out, PID: 2982
[2024-05-26T01:18:49.654+0000] {processor.py:161} INFO - Started process (PID=28) to work on /opt/airflow/dags/dag_clase.py
[2024-05-26T01:18:49.655+0000] {processor.py:830} INFO - Processing file /opt/airflow/dags/dag_clase.py for tasks to queue
[2024-05-26T01:18:49.661+0000] {logging_mixin.py:188} INFO - [2024-05-26T01:18:49.660+0000] {dagbag.py:545} INFO - Filling up the DagBag from /opt/airflow/dags/dag_clase.py
[2024-05-26T01:18:49.688+0000] {processor.py:840} INFO - DAG(s) 'DAG_catedra_airflow' retrieved from /opt/airflow/dags/dag_clase.py
[2024-05-26T01:18:50.153+0000] {logging_mixin.py:188} INFO - [2024-05-26T01:18:50.152+0000] {override.py:1829} INFO - Created Permission View: can edit on DAG:DAG_catedra_airflow
[2024-05-26T01:18:50.175+0000] {logging_mixin.py:188} INFO - [2024-05-26T01:18:50.174+0000] {override.py:1829} INFO - Created Permission View: can read on DAG:DAG_catedra_airflow
[2024-05-26T01:18:50.187+0000] {logging_mixin.py:188} INFO - [2024-05-26T01:18:50.186+0000] {override.py:1829} INFO - Created Permission View: can delete on DAG:DAG_catedra_airflow
[2024-05-26T01:18:50.187+0000] {logging_mixin.py:188} INFO - [2024-05-26T01:18:50.187+0000] {dag.py:3096} INFO - Sync 1 DAGs
[2024-05-26T01:18:50.200+0000] {logging_mixin.py:188} INFO - [2024-05-26T01:18:50.199+0000] {dag.py:3118} INFO - Creating ORM DAG for DAG_catedra_airflow
[2024-05-26T01:18:50.213+0000] {logging_mixin.py:188} INFO - [2024-05-26T01:18:50.212+0000] {dag.py:3954} INFO - Setting next_dagrun for DAG_catedra_airflow to 2024-05-25 00:15:00+00:00, run_after=2024-05-25 00:20:00+00:00
[2024-05-26T01:18:50.248+0000] {processor.py:183} INFO - Processing /opt/airflow/dags/dag_clase.py took 0.601 seconds
[2024-05-26T01:19:20.806+0000] {processor.py:161} INFO - Started process (PID=86) to work on /opt/airflow/dags/dag_clase.py
[2024-05-26T01:19:20.806+0000] {processor.py:830} INFO - Processing file /opt/airflow/dags/dag_clase.py for tasks to queue
[2024-05-26T01:19:20.808+0000] {logging_mixin.py:188} INFO - [2024-05-26T01:19:20.808+0000] {dagbag.py:545} INFO - Filling up the DagBag from /opt/airflow/dags/dag_clase.py
[2024-05-26T01:19:20.816+0000] {processor.py:840} INFO - DAG(s) 'DAG_catedra_airflow' retrieved from /opt/airflow/dags/dag_clase.py
[2024-05-26T01:19:20.899+0000] {logging_mixin.py:188} INFO - [2024-05-26T01:19:20.899+0000] {dag.py:3096} INFO - Sync 1 DAGs
[2024-05-26T01:19:20.914+0000] {logging_mixin.py:188} INFO - [2024-05-26T01:19:20.914+0000] {dag.py:3954} INFO - Setting next_dagrun for DAG_catedra_airflow to 2024-05-25 00:15:00+00:00, run_after=2024-05-25 00:20:00+00:00
[2024-05-26T01:19:20.935+0000] {processor.py:183} INFO - Processing /opt/airflow/dags/dag_clase.py took 0.135 seconds
[2024-05-26T01:19:51.882+0000] {processor.py:161} INFO - Started process (PID=144) to work on /opt/airflow/dags/dag_clase.py
[2024-05-26T01:19:51.883+0000] {processor.py:830} INFO - Processing file /opt/airflow/dags/dag_clase.py for tasks to queue
[2024-05-26T01:19:51.886+0000] {logging_mixin.py:188} INFO - [2024-05-26T01:19:51.886+0000] {dagbag.py:545} INFO - Filling up the DagBag from /opt/airflow/dags/dag_clase.py
[2024-05-26T01:19:51.896+0000] {processor.py:840} INFO - DAG(s) 'DAG_catedra_airflow' retrieved from /opt/airflow/dags/dag_clase.py
[2024-05-26T01:19:51.976+0000] {logging_mixin.py:188} INFO - [2024-05-26T01:19:51.975+0000] {dag.py:3096} INFO - Sync 1 DAGs
[2024-05-26T01:19:51.994+0000] {logging_mixin.py:188} INFO - [2024-05-26T01:19:51.994+0000] {dag.py:3954} INFO - Setting next_dagrun for DAG_catedra_airflow to 2024-05-25 00:15:00+00:00, run_after=2024-05-25 00:20:00+00:00
[2024-05-26T01:19:52.015+0000] {processor.py:183} INFO - Processing /opt/airflow/dags/dag_clase.py took 0.140 seconds
[2024-05-26T01:20:22.737+0000] {processor.py:161} INFO - Started process (PID=202) to work on /opt/airflow/dags/dag_clase.py
[2024-05-26T01:20:22.739+0000] {processor.py:830} INFO - Processing file /opt/airflow/dags/dag_clase.py for tasks to queue
[2024-05-26T01:20:22.742+0000] {logging_mixin.py:188} INFO - [2024-05-26T01:20:22.741+0000] {dagbag.py:545} INFO - Filling up the DagBag from /opt/airflow/dags/dag_clase.py
[2024-05-26T01:20:22.752+0000] {processor.py:840} INFO - DAG(s) 'DAG_catedra_airflow' retrieved from /opt/airflow/dags/dag_clase.py
[2024-05-26T01:20:22.869+0000] {logging_mixin.py:188} INFO - [2024-05-26T01:20:22.869+0000] {dag.py:3096} INFO - Sync 1 DAGs
[2024-05-26T01:20:22.930+0000] {processor.py:183} INFO - Processing /opt/airflow/dags/dag_clase.py took 0.200 seconds
[2024-05-26T01:20:53.304+0000] {processor.py:161} INFO - Started process (PID=260) to work on /opt/airflow/dags/dag_clase.py
[2024-05-26T01:20:53.305+0000] {processor.py:830} INFO - Processing file /opt/airflow/dags/dag_clase.py for tasks to queue
[2024-05-26T01:20:53.307+0000] {logging_mixin.py:188} INFO - [2024-05-26T01:20:53.307+0000] {dagbag.py:545} INFO - Filling up the DagBag from /opt/airflow/dags/dag_clase.py
[2024-05-26T01:20:53.316+0000] {processor.py:840} INFO - DAG(s) 'DAG_catedra_airflow' retrieved from /opt/airflow/dags/dag_clase.py
[2024-05-26T01:20:53.404+0000] {logging_mixin.py:188} INFO - [2024-05-26T01:20:53.403+0000] {dag.py:3096} INFO - Sync 1 DAGs
[2024-05-26T01:20:53.443+0000] {processor.py:183} INFO - Processing /opt/airflow/dags/dag_clase.py took 0.146 seconds
[2024-05-26T01:21:24.315+0000] {processor.py:161} INFO - Started process (PID=318) to work on /opt/airflow/dags/dag_clase.py
[2024-05-26T01:21:24.316+0000] {processor.py:830} INFO - Processing file /opt/airflow/dags/dag_clase.py for tasks to queue
[2024-05-26T01:21:24.318+0000] {logging_mixin.py:188} INFO - [2024-05-26T01:21:24.318+0000] {dagbag.py:545} INFO - Filling up the DagBag from /opt/airflow/dags/dag_clase.py
[2024-05-26T01:21:24.329+0000] {processor.py:840} INFO - DAG(s) 'DAG_catedra_airflow' retrieved from /opt/airflow/dags/dag_clase.py
[2024-05-26T01:21:24.414+0000] {logging_mixin.py:188} INFO - [2024-05-26T01:21:24.414+0000] {dag.py:3096} INFO - Sync 1 DAGs
[2024-05-26T01:21:24.449+0000] {processor.py:183} INFO - Processing /opt/airflow/dags/dag_clase.py took 0.139 seconds
[2024-05-26T01:21:54.525+0000] {processor.py:161} INFO - Started process (PID=377) to work on /opt/airflow/dags/dag_clase.py
[2024-05-26T01:21:54.526+0000] {processor.py:830} INFO - Processing file /opt/airflow/dags/dag_clase.py for tasks to queue
[2024-05-26T01:21:54.528+0000] {logging_mixin.py:188} INFO - [2024-05-26T01:21:54.527+0000] {dagbag.py:545} INFO - Filling up the DagBag from /opt/airflow/dags/dag_clase.py
[2024-05-26T01:21:54.538+0000] {processor.py:840} INFO - DAG(s) 'DAG_catedra_airflow' retrieved from /opt/airflow/dags/dag_clase.py
[2024-05-26T01:21:54.626+0000] {logging_mixin.py:188} INFO - [2024-05-26T01:21:54.626+0000] {dag.py:3096} INFO - Sync 1 DAGs
[2024-05-26T01:21:54.660+0000] {processor.py:183} INFO - Processing /opt/airflow/dags/dag_clase.py took 0.140 seconds
[2024-05-26T01:22:25.358+0000] {processor.py:161} INFO - Started process (PID=434) to work on /opt/airflow/dags/dag_clase.py
[2024-05-26T01:22:25.359+0000] {processor.py:830} INFO - Processing file /opt/airflow/dags/dag_clase.py for tasks to queue
[2024-05-26T01:22:25.362+0000] {logging_mixin.py:188} INFO - [2024-05-26T01:22:25.361+0000] {dagbag.py:545} INFO - Filling up the DagBag from /opt/airflow/dags/dag_clase.py
[2024-05-26T01:22:25.372+0000] {processor.py:840} INFO - DAG(s) 'DAG_catedra_airflow' retrieved from /opt/airflow/dags/dag_clase.py
[2024-05-26T01:22:25.455+0000] {logging_mixin.py:188} INFO - [2024-05-26T01:22:25.455+0000] {dag.py:3096} INFO - Sync 1 DAGs
[2024-05-26T01:22:25.488+0000] {processor.py:183} INFO - Processing /opt/airflow/dags/dag_clase.py took 0.135 seconds
[2024-05-26T01:22:56.073+0000] {processor.py:161} INFO - Started process (PID=492) to work on /opt/airflow/dags/dag_clase.py
[2024-05-26T01:22:56.074+0000] {processor.py:830} INFO - Processing file /opt/airflow/dags/dag_clase.py for tasks to queue
[2024-05-26T01:22:56.076+0000] {logging_mixin.py:188} INFO - [2024-05-26T01:22:56.076+0000] {dagbag.py:545} INFO - Filling up the DagBag from /opt/airflow/dags/dag_clase.py
[2024-05-26T01:22:56.087+0000] {processor.py:840} INFO - DAG(s) 'DAG_catedra_airflow' retrieved from /opt/airflow/dags/dag_clase.py
[2024-05-26T01:22:56.167+0000] {logging_mixin.py:188} INFO - [2024-05-26T01:22:56.167+0000] {dag.py:3096} INFO - Sync 1 DAGs
[2024-05-26T01:22:56.204+0000] {processor.py:183} INFO - Processing /opt/airflow/dags/dag_clase.py took 0.139 seconds
[2024-05-26T01:23:26.677+0000] {processor.py:161} INFO - Started process (PID=550) to work on /opt/airflow/dags/dag_clase.py
[2024-05-26T01:23:26.678+0000] {processor.py:830} INFO - Processing file /opt/airflow/dags/dag_clase.py for tasks to queue
[2024-05-26T01:23:26.680+0000] {logging_mixin.py:188} INFO - [2024-05-26T01:23:26.680+0000] {dagbag.py:545} INFO - Filling up the DagBag from /opt/airflow/dags/dag_clase.py
[2024-05-26T01:23:26.691+0000] {processor.py:840} INFO - DAG(s) 'DAG_catedra_airflow' retrieved from /opt/airflow/dags/dag_clase.py
[2024-05-26T01:23:26.770+0000] {logging_mixin.py:188} INFO - [2024-05-26T01:23:26.769+0000] {dag.py:3096} INFO - Sync 1 DAGs
[2024-05-26T01:23:26.806+0000] {processor.py:183} INFO - Processing /opt/airflow/dags/dag_clase.py took 0.135 seconds
[2024-05-26T01:23:57.316+0000] {processor.py:161} INFO - Started process (PID=608) to work on /opt/airflow/dags/dag_clase.py
[2024-05-26T01:23:57.317+0000] {processor.py:830} INFO - Processing file /opt/airflow/dags/dag_clase.py for tasks to queue
[2024-05-26T01:23:57.319+0000] {logging_mixin.py:188} INFO - [2024-05-26T01:23:57.319+0000] {dagbag.py:545} INFO - Filling up the DagBag from /opt/airflow/dags/dag_clase.py
[2024-05-26T01:23:57.327+0000] {processor.py:840} INFO - DAG(s) 'DAG_catedra_airflow' retrieved from /opt/airflow/dags/dag_clase.py
[2024-05-26T01:23:57.420+0000] {logging_mixin.py:188} INFO - [2024-05-26T01:23:57.420+0000] {dag.py:3096} INFO - Sync 1 DAGs
[2024-05-26T01:23:57.459+0000] {processor.py:183} INFO - Processing /opt/airflow/dags/dag_clase.py took 0.148 seconds
[2024-05-26T01:24:17.063+0000] {processor.py:161} INFO - Started process (PID=666) to work on /opt/airflow/dags/dag_clase.py
[2024-05-26T01:24:17.064+0000] {processor.py:830} INFO - Processing file /opt/airflow/dags/dag_clase.py for tasks to queue
[2024-05-26T01:24:17.066+0000] {logging_mixin.py:188} INFO - [2024-05-26T01:24:17.066+0000] {dagbag.py:545} INFO - Filling up the DagBag from /opt/airflow/dags/dag_clase.py
[2024-05-26T01:24:17.079+0000] {processor.py:840} INFO - DAG(s) 'DAG_catedra_airflow' retrieved from /opt/airflow/dags/dag_clase.py
[2024-05-26T01:24:17.088+0000] {logging_mixin.py:188} INFO - [2024-05-26T01:24:17.088+0000] {dag.py:3096} INFO - Sync 1 DAGs
[2024-05-26T01:24:17.128+0000] {processor.py:183} INFO - Processing /opt/airflow/dags/dag_clase.py took 0.071 seconds
[2024-05-26T01:24:47.886+0000] {processor.py:161} INFO - Started process (PID=725) to work on /opt/airflow/dags/dag_clase.py
[2024-05-26T01:24:47.887+0000] {processor.py:830} INFO - Processing file /opt/airflow/dags/dag_clase.py for tasks to queue
[2024-05-26T01:24:47.889+0000] {logging_mixin.py:188} INFO - [2024-05-26T01:24:47.889+0000] {dagbag.py:545} INFO - Filling up the DagBag from /opt/airflow/dags/dag_clase.py
[2024-05-26T01:24:47.897+0000] {processor.py:840} INFO - DAG(s) 'DAG_catedra_airflow' retrieved from /opt/airflow/dags/dag_clase.py
[2024-05-26T01:24:47.964+0000] {logging_mixin.py:188} INFO - [2024-05-26T01:24:47.964+0000] {dag.py:3096} INFO - Sync 1 DAGs
[2024-05-26T01:24:47.996+0000] {processor.py:183} INFO - Processing /opt/airflow/dags/dag_clase.py took 0.115 seconds
[2024-05-26T01:25:02.080+0000] {processor.py:161} INFO - Started process (PID=760) to work on /opt/airflow/dags/dag_clase.py
[2024-05-26T01:25:02.081+0000] {processor.py:830} INFO - Processing file /opt/airflow/dags/dag_clase.py for tasks to queue
[2024-05-26T01:25:02.083+0000] {logging_mixin.py:188} INFO - [2024-05-26T01:25:02.083+0000] {dagbag.py:545} INFO - Filling up the DagBag from /opt/airflow/dags/dag_clase.py
[2024-05-26T01:25:02.094+0000] {processor.py:840} INFO - DAG(s) 'DAG_catedra_airflow' retrieved from /opt/airflow/dags/dag_clase.py
[2024-05-26T01:25:02.105+0000] {logging_mixin.py:188} INFO - [2024-05-26T01:25:02.104+0000] {dag.py:3096} INFO - Sync 1 DAGs
[2024-05-26T01:25:02.158+0000] {processor.py:183} INFO - Processing /opt/airflow/dags/dag_clase.py took 0.083 seconds
[2024-05-26T01:25:32.231+0000] {processor.py:161} INFO - Started process (PID=818) to work on /opt/airflow/dags/dag_clase.py
[2024-05-26T01:25:32.232+0000] {processor.py:830} INFO - Processing file /opt/airflow/dags/dag_clase.py for tasks to queue
[2024-05-26T01:25:32.235+0000] {logging_mixin.py:188} INFO - [2024-05-26T01:25:32.234+0000] {dagbag.py:545} INFO - Filling up the DagBag from /opt/airflow/dags/dag_clase.py
[2024-05-26T01:25:32.247+0000] {processor.py:840} INFO - DAG(s) 'DAG_catedra_airflow' retrieved from /opt/airflow/dags/dag_clase.py
[2024-05-26T01:25:32.360+0000] {logging_mixin.py:188} INFO - [2024-05-26T01:25:32.360+0000] {dag.py:3096} INFO - Sync 1 DAGs
[2024-05-26T01:25:32.379+0000] {logging_mixin.py:188} INFO - [2024-05-26T01:25:32.379+0000] {dag.py:3118} INFO - Creating ORM DAG for DAG_catedra_airflow
[2024-05-26T01:25:32.398+0000] {logging_mixin.py:188} INFO - [2024-05-26T01:25:32.397+0000] {dag.py:3954} INFO - Setting next_dagrun for DAG_catedra_airflow to 2024-05-25 00:15:00+00:00, run_after=2024-05-25 00:20:00+00:00
[2024-05-26T01:25:32.425+0000] {processor.py:183} INFO - Processing /opt/airflow/dags/dag_clase.py took 0.200 seconds
[2024-05-26T01:38:46.310+0000] {processor.py:161} INFO - Started process (PID=28) to work on /opt/airflow/dags/dag_clase.py
[2024-05-26T01:38:46.313+0000] {processor.py:830} INFO - Processing file /opt/airflow/dags/dag_clase.py for tasks to queue
[2024-05-26T01:38:46.320+0000] {logging_mixin.py:188} INFO - [2024-05-26T01:38:46.319+0000] {dagbag.py:545} INFO - Filling up the DagBag from /opt/airflow/dags/dag_clase.py
[2024-05-26T01:38:46.358+0000] {processor.py:840} INFO - DAG(s) 'DAG_catedra_airflow' retrieved from /opt/airflow/dags/dag_clase.py
[2024-05-26T01:38:46.943+0000] {logging_mixin.py:188} INFO - [2024-05-26T01:38:46.942+0000] {dag.py:3096} INFO - Sync 1 DAGs
[2024-05-26T01:38:46.972+0000] {logging_mixin.py:188} INFO - [2024-05-26T01:38:46.972+0000] {dag.py:3954} INFO - Setting next_dagrun for DAG_catedra_airflow to 2024-05-25 01:30:00+00:00, run_after=2024-05-25 01:35:00+00:00
[2024-05-26T01:38:47.093+0000] {processor.py:183} INFO - Processing /opt/airflow/dags/dag_clase.py took 0.788 seconds
[2024-05-26T01:39:17.540+0000] {processor.py:161} INFO - Started process (PID=86) to work on /opt/airflow/dags/dag_clase.py
[2024-05-26T01:39:17.540+0000] {processor.py:830} INFO - Processing file /opt/airflow/dags/dag_clase.py for tasks to queue
[2024-05-26T01:39:17.542+0000] {logging_mixin.py:188} INFO - [2024-05-26T01:39:17.542+0000] {dagbag.py:545} INFO - Filling up the DagBag from /opt/airflow/dags/dag_clase.py
[2024-05-26T01:39:17.551+0000] {processor.py:840} INFO - DAG(s) 'DAG_catedra_airflow' retrieved from /opt/airflow/dags/dag_clase.py
[2024-05-26T01:39:17.641+0000] {logging_mixin.py:188} INFO - [2024-05-26T01:39:17.641+0000] {dag.py:3096} INFO - Sync 1 DAGs
[2024-05-26T01:39:17.657+0000] {logging_mixin.py:188} INFO - [2024-05-26T01:39:17.657+0000] {dag.py:3954} INFO - Setting next_dagrun for DAG_catedra_airflow to 2024-05-25 01:30:00+00:00, run_after=2024-05-25 01:35:00+00:00
[2024-05-26T01:39:17.676+0000] {processor.py:183} INFO - Processing /opt/airflow/dags/dag_clase.py took 0.142 seconds
[2024-05-26T01:39:47.917+0000] {processor.py:161} INFO - Started process (PID=144) to work on /opt/airflow/dags/dag_clase.py
[2024-05-26T01:39:47.918+0000] {processor.py:830} INFO - Processing file /opt/airflow/dags/dag_clase.py for tasks to queue
[2024-05-26T01:39:47.920+0000] {logging_mixin.py:188} INFO - [2024-05-26T01:39:47.920+0000] {dagbag.py:545} INFO - Filling up the DagBag from /opt/airflow/dags/dag_clase.py
[2024-05-26T01:39:47.929+0000] {processor.py:840} INFO - DAG(s) 'DAG_catedra_airflow' retrieved from /opt/airflow/dags/dag_clase.py
[2024-05-26T01:39:48.005+0000] {logging_mixin.py:188} INFO - [2024-05-26T01:39:48.005+0000] {dag.py:3096} INFO - Sync 1 DAGs
[2024-05-26T01:39:48.022+0000] {logging_mixin.py:188} INFO - [2024-05-26T01:39:48.021+0000] {dag.py:3954} INFO - Setting next_dagrun for DAG_catedra_airflow to 2024-05-25 01:30:00+00:00, run_after=2024-05-25 01:35:00+00:00
[2024-05-26T01:39:48.039+0000] {processor.py:183} INFO - Processing /opt/airflow/dags/dag_clase.py took 0.128 seconds
[2024-05-26T01:40:18.828+0000] {processor.py:161} INFO - Started process (PID=202) to work on /opt/airflow/dags/dag_clase.py
[2024-05-26T01:40:18.829+0000] {processor.py:830} INFO - Processing file /opt/airflow/dags/dag_clase.py for tasks to queue
[2024-05-26T01:40:18.830+0000] {logging_mixin.py:188} INFO - [2024-05-26T01:40:18.830+0000] {dagbag.py:545} INFO - Filling up the DagBag from /opt/airflow/dags/dag_clase.py
[2024-05-26T01:40:18.840+0000] {processor.py:840} INFO - DAG(s) 'DAG_catedra_airflow' retrieved from /opt/airflow/dags/dag_clase.py
[2024-05-26T01:40:18.924+0000] {logging_mixin.py:188} INFO - [2024-05-26T01:40:18.923+0000] {dag.py:3096} INFO - Sync 1 DAGs
[2024-05-26T01:40:18.942+0000] {logging_mixin.py:188} INFO - [2024-05-26T01:40:18.942+0000] {dag.py:3954} INFO - Setting next_dagrun for DAG_catedra_airflow to 2024-05-25 01:30:00+00:00, run_after=2024-05-25 01:35:00+00:00
[2024-05-26T01:40:18.963+0000] {processor.py:183} INFO - Processing /opt/airflow/dags/dag_clase.py took 0.140 seconds
[2024-05-26T01:40:28.338+0000] {processor.py:161} INFO - Started process (PID=254) to work on /opt/airflow/dags/dag_clase.py
[2024-05-26T01:40:28.339+0000] {processor.py:830} INFO - Processing file /opt/airflow/dags/dag_clase.py for tasks to queue
[2024-05-26T01:40:28.341+0000] {logging_mixin.py:188} INFO - [2024-05-26T01:40:28.341+0000] {dagbag.py:545} INFO - Filling up the DagBag from /opt/airflow/dags/dag_clase.py
[2024-05-26T01:40:28.345+0000] {logging_mixin.py:188} INFO - [2024-05-26T01:40:28.344+0000] {dagbag.py:355} ERROR - Failed to import: /opt/airflow/dags/dag_clase.py
Traceback (most recent call last):
  File "/home/airflow/.local/lib/python3.12/site-packages/airflow/models/dagbag.py", line 351, in parse
    loader.exec_module(new_module)
  File "<frozen importlib._bootstrap_external>", line 991, in exec_module
  File "<frozen importlib._bootstrap_external>", line 1129, in get_code
  File "<frozen importlib._bootstrap_external>", line 1059, in source_to_code
  File "<frozen importlib._bootstrap>", line 488, in _call_with_frames_removed
  File "/opt/airflow/dags/dag_clase.py", line 56
    start_date=datetime(2024,5,25,01,30), ##3 hs adelantado!!!
                                  ^
SyntaxError: leading zeros in decimal integer literals are not permitted; use an 0o prefix for octal integers
[2024-05-26T01:40:28.346+0000] {processor.py:842} WARNING - No viable dags retrieved from /opt/airflow/dags/dag_clase.py
[2024-05-26T01:40:28.364+0000] {processor.py:183} INFO - Processing /opt/airflow/dags/dag_clase.py took 0.033 seconds
[2024-05-26T01:40:38.423+0000] {processor.py:161} INFO - Started process (PID=261) to work on /opt/airflow/dags/dag_clase.py
[2024-05-26T01:40:38.423+0000] {processor.py:830} INFO - Processing file /opt/airflow/dags/dag_clase.py for tasks to queue
[2024-05-26T01:40:38.425+0000] {logging_mixin.py:188} INFO - [2024-05-26T01:40:38.425+0000] {dagbag.py:545} INFO - Filling up the DagBag from /opt/airflow/dags/dag_clase.py
[2024-05-26T01:40:38.429+0000] {logging_mixin.py:188} INFO - [2024-05-26T01:40:38.428+0000] {dagbag.py:355} ERROR - Failed to import: /opt/airflow/dags/dag_clase.py
Traceback (most recent call last):
  File "/home/airflow/.local/lib/python3.12/site-packages/airflow/models/dagbag.py", line 351, in parse
    loader.exec_module(new_module)
  File "<frozen importlib._bootstrap_external>", line 991, in exec_module
  File "<frozen importlib._bootstrap_external>", line 1129, in get_code
  File "<frozen importlib._bootstrap_external>", line 1059, in source_to_code
  File "<frozen importlib._bootstrap>", line 488, in _call_with_frames_removed
  File "/opt/airflow/dags/dag_clase.py", line 56
    start_date=datetime(2024,5,26,01,30), ##3 hs adelantado!!!
                                  ^
SyntaxError: leading zeros in decimal integer literals are not permitted; use an 0o prefix for octal integers
[2024-05-26T01:40:38.430+0000] {processor.py:842} WARNING - No viable dags retrieved from /opt/airflow/dags/dag_clase.py
[2024-05-26T01:40:38.447+0000] {processor.py:183} INFO - Processing /opt/airflow/dags/dag_clase.py took 0.030 seconds
[2024-05-26T01:40:50.831+0000] {processor.py:161} INFO - Started process (PID=269) to work on /opt/airflow/dags/dag_clase.py
[2024-05-26T01:40:50.832+0000] {processor.py:830} INFO - Processing file /opt/airflow/dags/dag_clase.py for tasks to queue
[2024-05-26T01:40:50.835+0000] {logging_mixin.py:188} INFO - [2024-05-26T01:40:50.834+0000] {dagbag.py:545} INFO - Filling up the DagBag from /opt/airflow/dags/dag_clase.py
[2024-05-26T01:40:50.847+0000] {processor.py:840} INFO - DAG(s) 'DAG_catedra_airflow' retrieved from /opt/airflow/dags/dag_clase.py
[2024-05-26T01:40:50.941+0000] {logging_mixin.py:188} INFO - [2024-05-26T01:40:50.941+0000] {dag.py:3096} INFO - Sync 1 DAGs
[2024-05-26T01:40:50.960+0000] {logging_mixin.py:188} INFO - [2024-05-26T01:40:50.960+0000] {dag.py:3954} INFO - Setting next_dagrun for DAG_catedra_airflow to 2024-05-26 01:30:00+00:00, run_after=2024-05-26 01:35:00+00:00
[2024-05-26T01:40:50.985+0000] {processor.py:183} INFO - Processing /opt/airflow/dags/dag_clase.py took 0.159 seconds
[2024-05-26T01:41:21.455+0000] {processor.py:161} INFO - Started process (PID=327) to work on /opt/airflow/dags/dag_clase.py
[2024-05-26T01:41:21.457+0000] {processor.py:830} INFO - Processing file /opt/airflow/dags/dag_clase.py for tasks to queue
[2024-05-26T01:41:21.466+0000] {logging_mixin.py:188} INFO - [2024-05-26T01:41:21.465+0000] {dagbag.py:545} INFO - Filling up the DagBag from /opt/airflow/dags/dag_clase.py
[2024-05-26T01:41:21.482+0000] {processor.py:840} INFO - DAG(s) 'DAG_catedra_airflow' retrieved from /opt/airflow/dags/dag_clase.py
[2024-05-26T01:41:21.612+0000] {logging_mixin.py:188} INFO - [2024-05-26T01:41:21.612+0000] {dag.py:3096} INFO - Sync 1 DAGs
[2024-05-26T01:41:21.637+0000] {logging_mixin.py:188} INFO - [2024-05-26T01:41:21.637+0000] {dag.py:3954} INFO - Setting next_dagrun for DAG_catedra_airflow to 2024-05-26 01:30:00+00:00, run_after=2024-05-26 01:35:00+00:00
[2024-05-26T01:41:21.659+0000] {processor.py:183} INFO - Processing /opt/airflow/dags/dag_clase.py took 0.213 seconds
[2024-05-26T01:41:50.008+0000] {processor.py:161} INFO - Started process (PID=378) to work on /opt/airflow/dags/dag_clase.py
[2024-05-26T01:41:50.009+0000] {processor.py:830} INFO - Processing file /opt/airflow/dags/dag_clase.py for tasks to queue
[2024-05-26T01:41:50.011+0000] {logging_mixin.py:188} INFO - [2024-05-26T01:41:50.011+0000] {dagbag.py:545} INFO - Filling up the DagBag from /opt/airflow/dags/dag_clase.py
[2024-05-26T01:41:50.022+0000] {processor.py:840} INFO - DAG(s) 'DAG_catedra_airflow' retrieved from /opt/airflow/dags/dag_clase.py
[2024-05-26T01:41:50.032+0000] {logging_mixin.py:188} INFO - [2024-05-26T01:41:50.032+0000] {dag.py:3096} INFO - Sync 1 DAGs
[2024-05-26T01:41:50.052+0000] {logging_mixin.py:188} INFO - [2024-05-26T01:41:50.051+0000] {dag.py:3954} INFO - Setting next_dagrun for DAG_catedra_airflow to 2024-05-25 00:15:00+00:00, run_after=2024-05-25 00:20:00+00:00
[2024-05-26T01:41:50.076+0000] {processor.py:183} INFO - Processing /opt/airflow/dags/dag_clase.py took 0.074 seconds
[2024-05-26T01:42:20.980+0000] {processor.py:161} INFO - Started process (PID=436) to work on /opt/airflow/dags/dag_clase.py
[2024-05-26T01:42:20.981+0000] {processor.py:830} INFO - Processing file /opt/airflow/dags/dag_clase.py for tasks to queue
[2024-05-26T01:42:20.983+0000] {logging_mixin.py:188} INFO - [2024-05-26T01:42:20.983+0000] {dagbag.py:545} INFO - Filling up the DagBag from /opt/airflow/dags/dag_clase.py
[2024-05-26T01:42:20.992+0000] {processor.py:840} INFO - DAG(s) 'DAG_catedra_airflow' retrieved from /opt/airflow/dags/dag_clase.py
[2024-05-26T01:42:21.081+0000] {logging_mixin.py:188} INFO - [2024-05-26T01:42:21.080+0000] {dag.py:3096} INFO - Sync 1 DAGs
[2024-05-26T01:42:21.096+0000] {logging_mixin.py:188} INFO - [2024-05-26T01:42:21.096+0000] {dag.py:3954} INFO - Setting next_dagrun for DAG_catedra_airflow to 2024-05-25 00:15:00+00:00, run_after=2024-05-25 00:20:00+00:00
[2024-05-26T01:42:21.114+0000] {processor.py:183} INFO - Processing /opt/airflow/dags/dag_clase.py took 0.138 seconds
[2024-05-26T01:43:50.922+0000] {processor.py:161} INFO - Started process (PID=494) to work on /opt/airflow/dags/dag_clase.py
[2024-05-26T01:43:50.943+0000] {processor.py:830} INFO - Processing file /opt/airflow/dags/dag_clase.py for tasks to queue
[2024-05-26T01:43:51.003+0000] {logging_mixin.py:188} INFO - [2024-05-26T01:43:50.992+0000] {dagbag.py:545} INFO - Filling up the DagBag from /opt/airflow/dags/dag_clase.py
[2024-05-26T01:43:51.259+0000] {processor.py:840} INFO - DAG(s) 'DAG_catedra_airflow' retrieved from /opt/airflow/dags/dag_clase.py
[2024-05-26T01:43:52.674+0000] {logging_mixin.py:188} INFO - [2024-05-26T01:43:52.674+0000] {dag.py:3096} INFO - Sync 1 DAGs
[2024-05-26T01:43:52.753+0000] {logging_mixin.py:188} INFO - [2024-05-26T01:43:52.752+0000] {dag.py:3954} INFO - Setting next_dagrun for DAG_catedra_airflow to 2024-05-25 00:15:00+00:00, run_after=2024-05-25 00:20:00+00:00
[2024-05-26T01:43:52.851+0000] {processor.py:183} INFO - Processing /opt/airflow/dags/dag_clase.py took 2.059 seconds
[2024-05-26T01:47:20.271+0000] {processor.py:161} INFO - Started process (PID=35) to work on /opt/airflow/dags/dag_clase.py
[2024-05-26T01:47:20.274+0000] {processor.py:830} INFO - Processing file /opt/airflow/dags/dag_clase.py for tasks to queue
[2024-05-26T01:47:20.280+0000] {logging_mixin.py:188} INFO - [2024-05-26T01:47:20.280+0000] {dagbag.py:545} INFO - Filling up the DagBag from /opt/airflow/dags/dag_clase.py
[2024-05-26T01:47:20.360+0000] {processor.py:840} INFO - DAG(s) 'DAG_catedra_airflow' retrieved from /opt/airflow/dags/dag_clase.py
[2024-05-26T01:47:21.567+0000] {logging_mixin.py:188} INFO - [2024-05-26T01:47:21.566+0000] {override.py:1829} INFO - Created Permission View: can delete on DAG:DAG_catedra_airflow
[2024-05-26T01:47:21.599+0000] {logging_mixin.py:188} INFO - [2024-05-26T01:47:21.598+0000] {override.py:1829} INFO - Created Permission View: can edit on DAG:DAG_catedra_airflow
[2024-05-26T01:47:21.611+0000] {logging_mixin.py:188} INFO - [2024-05-26T01:47:21.611+0000] {override.py:1829} INFO - Created Permission View: can read on DAG:DAG_catedra_airflow
[2024-05-26T01:47:21.612+0000] {logging_mixin.py:188} INFO - [2024-05-26T01:47:21.612+0000] {dag.py:3096} INFO - Sync 1 DAGs
[2024-05-26T01:47:21.636+0000] {logging_mixin.py:188} INFO - [2024-05-26T01:47:21.635+0000] {dag.py:3118} INFO - Creating ORM DAG for DAG_catedra_airflow
[2024-05-26T01:47:21.668+0000] {logging_mixin.py:188} INFO - [2024-05-26T01:47:21.666+0000] {dag.py:3954} INFO - Setting next_dagrun for DAG_catedra_airflow to 2024-05-25 00:15:00+00:00, run_after=2024-05-25 00:20:00+00:00
[2024-05-26T01:47:21.713+0000] {processor.py:183} INFO - Processing /opt/airflow/dags/dag_clase.py took 1.464 seconds
[2024-05-26T01:47:52.327+0000] {processor.py:161} INFO - Started process (PID=93) to work on /opt/airflow/dags/dag_clase.py
[2024-05-26T01:47:52.328+0000] {processor.py:830} INFO - Processing file /opt/airflow/dags/dag_clase.py for tasks to queue
[2024-05-26T01:47:52.331+0000] {logging_mixin.py:188} INFO - [2024-05-26T01:47:52.330+0000] {dagbag.py:545} INFO - Filling up the DagBag from /opt/airflow/dags/dag_clase.py
[2024-05-26T01:47:52.343+0000] {processor.py:840} INFO - DAG(s) 'DAG_catedra_airflow' retrieved from /opt/airflow/dags/dag_clase.py
[2024-05-26T01:47:52.437+0000] {logging_mixin.py:188} INFO - [2024-05-26T01:47:52.436+0000] {dag.py:3096} INFO - Sync 1 DAGs
[2024-05-26T01:47:52.456+0000] {logging_mixin.py:188} INFO - [2024-05-26T01:47:52.456+0000] {dag.py:3954} INFO - Setting next_dagrun for DAG_catedra_airflow to 2024-05-25 00:15:00+00:00, run_after=2024-05-25 00:20:00+00:00
[2024-05-26T01:47:52.474+0000] {processor.py:183} INFO - Processing /opt/airflow/dags/dag_clase.py took 0.153 seconds
[2024-05-26T01:48:23.468+0000] {processor.py:161} INFO - Started process (PID=151) to work on /opt/airflow/dags/dag_clase.py
[2024-05-26T01:48:23.473+0000] {processor.py:830} INFO - Processing file /opt/airflow/dags/dag_clase.py for tasks to queue
[2024-05-26T01:48:23.477+0000] {logging_mixin.py:188} INFO - [2024-05-26T01:48:23.476+0000] {dagbag.py:545} INFO - Filling up the DagBag from /opt/airflow/dags/dag_clase.py
[2024-05-26T01:48:23.489+0000] {processor.py:840} INFO - DAG(s) 'DAG_catedra_airflow' retrieved from /opt/airflow/dags/dag_clase.py
[2024-05-26T01:48:23.571+0000] {logging_mixin.py:188} INFO - [2024-05-26T01:48:23.571+0000] {dag.py:3096} INFO - Sync 1 DAGs
[2024-05-26T01:48:23.611+0000] {processor.py:183} INFO - Processing /opt/airflow/dags/dag_clase.py took 0.150 seconds
[2024-05-26T01:48:53.726+0000] {processor.py:161} INFO - Started process (PID=210) to work on /opt/airflow/dags/dag_clase.py
[2024-05-26T01:48:53.727+0000] {processor.py:830} INFO - Processing file /opt/airflow/dags/dag_clase.py for tasks to queue
[2024-05-26T01:48:53.730+0000] {logging_mixin.py:188} INFO - [2024-05-26T01:48:53.729+0000] {dagbag.py:545} INFO - Filling up the DagBag from /opt/airflow/dags/dag_clase.py
[2024-05-26T01:48:53.743+0000] {processor.py:840} INFO - DAG(s) 'DAG_catedra_airflow' retrieved from /opt/airflow/dags/dag_clase.py
[2024-05-26T01:48:53.838+0000] {logging_mixin.py:188} INFO - [2024-05-26T01:48:53.837+0000] {dag.py:3096} INFO - Sync 1 DAGs
[2024-05-26T01:48:53.854+0000] {logging_mixin.py:188} INFO - [2024-05-26T01:48:53.853+0000] {dag.py:3118} INFO - Creating ORM DAG for DAG_catedra_airflow
[2024-05-26T01:48:53.870+0000] {logging_mixin.py:188} INFO - [2024-05-26T01:48:53.870+0000] {dag.py:3954} INFO - Setting next_dagrun for DAG_catedra_airflow to 2024-05-25 00:15:00+00:00, run_after=2024-05-25 00:20:00+00:00
[2024-05-26T01:48:53.895+0000] {processor.py:183} INFO - Processing /opt/airflow/dags/dag_clase.py took 0.176 seconds
[2024-05-26T01:49:24.528+0000] {processor.py:161} INFO - Started process (PID=267) to work on /opt/airflow/dags/dag_clase.py
[2024-05-26T01:49:24.529+0000] {processor.py:830} INFO - Processing file /opt/airflow/dags/dag_clase.py for tasks to queue
[2024-05-26T01:49:24.531+0000] {logging_mixin.py:188} INFO - [2024-05-26T01:49:24.531+0000] {dagbag.py:545} INFO - Filling up the DagBag from /opt/airflow/dags/dag_clase.py
[2024-05-26T01:49:24.543+0000] {processor.py:840} INFO - DAG(s) 'DAG_catedra_airflow' retrieved from /opt/airflow/dags/dag_clase.py
[2024-05-26T01:49:24.628+0000] {logging_mixin.py:188} INFO - [2024-05-26T01:49:24.628+0000] {dag.py:3096} INFO - Sync 1 DAGs
[2024-05-26T01:49:24.645+0000] {logging_mixin.py:188} INFO - [2024-05-26T01:49:24.645+0000] {dag.py:3954} INFO - Setting next_dagrun for DAG_catedra_airflow to 2024-05-25 00:15:00+00:00, run_after=2024-05-25 00:20:00+00:00
[2024-05-26T01:49:24.665+0000] {processor.py:183} INFO - Processing /opt/airflow/dags/dag_clase.py took 0.143 seconds
[2024-05-26T01:49:55.171+0000] {processor.py:161} INFO - Started process (PID=325) to work on /opt/airflow/dags/dag_clase.py
[2024-05-26T01:49:55.172+0000] {processor.py:830} INFO - Processing file /opt/airflow/dags/dag_clase.py for tasks to queue
[2024-05-26T01:49:55.174+0000] {logging_mixin.py:188} INFO - [2024-05-26T01:49:55.174+0000] {dagbag.py:545} INFO - Filling up the DagBag from /opt/airflow/dags/dag_clase.py
[2024-05-26T01:49:55.183+0000] {processor.py:840} INFO - DAG(s) 'DAG_catedra_airflow' retrieved from /opt/airflow/dags/dag_clase.py
[2024-05-26T01:49:55.267+0000] {logging_mixin.py:188} INFO - [2024-05-26T01:49:55.267+0000] {dag.py:3096} INFO - Sync 1 DAGs
[2024-05-26T01:49:55.283+0000] {logging_mixin.py:188} INFO - [2024-05-26T01:49:55.283+0000] {dag.py:3954} INFO - Setting next_dagrun for DAG_catedra_airflow to 2024-05-25 00:20:00+00:00, run_after=2024-05-25 00:25:00+00:00
[2024-05-26T01:49:55.300+0000] {processor.py:183} INFO - Processing /opt/airflow/dags/dag_clase.py took 0.134 seconds
[2024-05-26T01:50:25.854+0000] {processor.py:161} INFO - Started process (PID=383) to work on /opt/airflow/dags/dag_clase.py
[2024-05-26T01:50:25.856+0000] {processor.py:830} INFO - Processing file /opt/airflow/dags/dag_clase.py for tasks to queue
[2024-05-26T01:50:25.859+0000] {logging_mixin.py:188} INFO - [2024-05-26T01:50:25.859+0000] {dagbag.py:545} INFO - Filling up the DagBag from /opt/airflow/dags/dag_clase.py
[2024-05-26T01:50:25.925+0000] {processor.py:840} INFO - DAG(s) 'DAG_catedra_airflow' retrieved from /opt/airflow/dags/dag_clase.py
[2024-05-26T01:50:26.097+0000] {logging_mixin.py:188} INFO - [2024-05-26T01:50:26.096+0000] {dag.py:3096} INFO - Sync 1 DAGs
[2024-05-26T01:50:26.147+0000] {processor.py:183} INFO - Processing /opt/airflow/dags/dag_clase.py took 0.305 seconds
[2024-05-26T01:50:56.214+0000] {processor.py:161} INFO - Started process (PID=441) to work on /opt/airflow/dags/dag_clase.py
[2024-05-26T01:50:56.215+0000] {processor.py:830} INFO - Processing file /opt/airflow/dags/dag_clase.py for tasks to queue
[2024-05-26T01:50:56.217+0000] {logging_mixin.py:188} INFO - [2024-05-26T01:50:56.217+0000] {dagbag.py:545} INFO - Filling up the DagBag from /opt/airflow/dags/dag_clase.py
[2024-05-26T01:50:56.236+0000] {processor.py:840} INFO - DAG(s) 'DAG_catedra_airflow' retrieved from /opt/airflow/dags/dag_clase.py
[2024-05-26T01:50:56.336+0000] {logging_mixin.py:188} INFO - [2024-05-26T01:50:56.336+0000] {dag.py:3096} INFO - Sync 1 DAGs
[2024-05-26T01:50:56.371+0000] {processor.py:183} INFO - Processing /opt/airflow/dags/dag_clase.py took 0.163 seconds
[2024-05-26T01:51:26.975+0000] {processor.py:161} INFO - Started process (PID=499) to work on /opt/airflow/dags/dag_clase.py
[2024-05-26T01:51:26.976+0000] {processor.py:830} INFO - Processing file /opt/airflow/dags/dag_clase.py for tasks to queue
[2024-05-26T01:51:26.979+0000] {logging_mixin.py:188} INFO - [2024-05-26T01:51:26.978+0000] {dagbag.py:545} INFO - Filling up the DagBag from /opt/airflow/dags/dag_clase.py
[2024-05-26T01:51:26.988+0000] {processor.py:840} INFO - DAG(s) 'DAG_catedra_airflow' retrieved from /opt/airflow/dags/dag_clase.py
[2024-05-26T01:51:27.086+0000] {logging_mixin.py:188} INFO - [2024-05-26T01:51:27.085+0000] {dag.py:3096} INFO - Sync 1 DAGs
[2024-05-26T01:51:27.121+0000] {processor.py:183} INFO - Processing /opt/airflow/dags/dag_clase.py took 0.153 seconds
[2024-05-26T01:51:57.569+0000] {processor.py:161} INFO - Started process (PID=558) to work on /opt/airflow/dags/dag_clase.py
[2024-05-26T01:51:57.570+0000] {processor.py:830} INFO - Processing file /opt/airflow/dags/dag_clase.py for tasks to queue
[2024-05-26T01:51:57.573+0000] {logging_mixin.py:188} INFO - [2024-05-26T01:51:57.573+0000] {dagbag.py:545} INFO - Filling up the DagBag from /opt/airflow/dags/dag_clase.py
[2024-05-26T01:51:57.587+0000] {processor.py:840} INFO - DAG(s) 'DAG_catedra_airflow' retrieved from /opt/airflow/dags/dag_clase.py
[2024-05-26T01:51:57.728+0000] {logging_mixin.py:188} INFO - [2024-05-26T01:51:57.728+0000] {dag.py:3096} INFO - Sync 1 DAGs
[2024-05-26T01:51:57.774+0000] {processor.py:183} INFO - Processing /opt/airflow/dags/dag_clase.py took 0.214 seconds
[2024-05-26T01:52:28.398+0000] {processor.py:161} INFO - Started process (PID=616) to work on /opt/airflow/dags/dag_clase.py
[2024-05-26T01:52:28.399+0000] {processor.py:830} INFO - Processing file /opt/airflow/dags/dag_clase.py for tasks to queue
[2024-05-26T01:52:28.411+0000] {logging_mixin.py:188} INFO - [2024-05-26T01:52:28.410+0000] {dagbag.py:545} INFO - Filling up the DagBag from /opt/airflow/dags/dag_clase.py
[2024-05-26T01:52:28.420+0000] {processor.py:840} INFO - DAG(s) 'DAG_catedra_airflow' retrieved from /opt/airflow/dags/dag_clase.py
[2024-05-26T01:52:28.561+0000] {logging_mixin.py:188} INFO - [2024-05-26T01:52:28.560+0000] {dag.py:3096} INFO - Sync 1 DAGs
[2024-05-26T01:52:28.607+0000] {processor.py:183} INFO - Processing /opt/airflow/dags/dag_clase.py took 0.217 seconds
[2024-05-26T01:58:28.606+0000] {processor.py:161} INFO - Started process (PID=28) to work on /opt/airflow/dags/dag_clase.py
[2024-05-26T01:58:28.607+0000] {processor.py:830} INFO - Processing file /opt/airflow/dags/dag_clase.py for tasks to queue
[2024-05-26T01:58:28.609+0000] {logging_mixin.py:188} INFO - [2024-05-26T01:58:28.609+0000] {dagbag.py:545} INFO - Filling up the DagBag from /opt/airflow/dags/dag_clase.py
[2024-05-26T01:58:28.636+0000] {processor.py:840} INFO - DAG(s) 'DAG_catedra_airflow' retrieved from /opt/airflow/dags/dag_clase.py
[2024-05-26T01:58:29.118+0000] {logging_mixin.py:188} INFO - [2024-05-26T01:58:29.117+0000] {override.py:1829} INFO - Created Permission View: can read on DAG:DAG_catedra_airflow
[2024-05-26T01:58:29.132+0000] {logging_mixin.py:188} INFO - [2024-05-26T01:58:29.132+0000] {override.py:1829} INFO - Created Permission View: can delete on DAG:DAG_catedra_airflow
[2024-05-26T01:58:29.158+0000] {logging_mixin.py:188} INFO - [2024-05-26T01:58:29.157+0000] {override.py:1829} INFO - Created Permission View: can edit on DAG:DAG_catedra_airflow
[2024-05-26T01:58:29.158+0000] {logging_mixin.py:188} INFO - [2024-05-26T01:58:29.158+0000] {dag.py:3096} INFO - Sync 1 DAGs
[2024-05-26T01:58:29.172+0000] {logging_mixin.py:188} INFO - [2024-05-26T01:58:29.172+0000] {dag.py:3118} INFO - Creating ORM DAG for DAG_catedra_airflow
[2024-05-26T01:58:29.186+0000] {logging_mixin.py:188} INFO - [2024-05-26T01:58:29.186+0000] {dag.py:3954} INFO - Setting next_dagrun for DAG_catedra_airflow to 2024-05-25 00:15:00+00:00, run_after=2024-05-25 00:20:00+00:00
[2024-05-26T01:58:29.214+0000] {processor.py:183} INFO - Processing /opt/airflow/dags/dag_clase.py took 0.613 seconds
[2024-05-26T01:58:59.862+0000] {processor.py:161} INFO - Started process (PID=86) to work on /opt/airflow/dags/dag_clase.py
[2024-05-26T01:58:59.863+0000] {processor.py:830} INFO - Processing file /opt/airflow/dags/dag_clase.py for tasks to queue
[2024-05-26T01:58:59.865+0000] {logging_mixin.py:188} INFO - [2024-05-26T01:58:59.865+0000] {dagbag.py:545} INFO - Filling up the DagBag from /opt/airflow/dags/dag_clase.py
[2024-05-26T01:58:59.875+0000] {processor.py:840} INFO - DAG(s) 'DAG_catedra_airflow' retrieved from /opt/airflow/dags/dag_clase.py
[2024-05-26T01:58:59.959+0000] {logging_mixin.py:188} INFO - [2024-05-26T01:58:59.958+0000] {dag.py:3096} INFO - Sync 1 DAGs
[2024-05-26T01:58:59.974+0000] {logging_mixin.py:188} INFO - [2024-05-26T01:58:59.974+0000] {dag.py:3954} INFO - Setting next_dagrun for DAG_catedra_airflow to 2024-05-25 00:15:00+00:00, run_after=2024-05-25 00:20:00+00:00
[2024-05-26T01:58:59.992+0000] {processor.py:183} INFO - Processing /opt/airflow/dags/dag_clase.py took 0.135 seconds
[2024-05-26T01:59:30.029+0000] {processor.py:161} INFO - Started process (PID=145) to work on /opt/airflow/dags/dag_clase.py
[2024-05-26T01:59:30.031+0000] {processor.py:830} INFO - Processing file /opt/airflow/dags/dag_clase.py for tasks to queue
[2024-05-26T01:59:30.033+0000] {logging_mixin.py:188} INFO - [2024-05-26T01:59:30.032+0000] {dagbag.py:545} INFO - Filling up the DagBag from /opt/airflow/dags/dag_clase.py
[2024-05-26T01:59:30.048+0000] {processor.py:840} INFO - DAG(s) 'DAG_catedra_airflow' retrieved from /opt/airflow/dags/dag_clase.py
[2024-05-26T01:59:30.186+0000] {logging_mixin.py:188} INFO - [2024-05-26T01:59:30.185+0000] {dag.py:3096} INFO - Sync 1 DAGs
[2024-05-26T01:59:30.239+0000] {processor.py:183} INFO - Processing /opt/airflow/dags/dag_clase.py took 0.217 seconds
[2024-05-26T02:00:00.288+0000] {processor.py:161} INFO - Started process (PID=204) to work on /opt/airflow/dags/dag_clase.py
[2024-05-26T02:00:00.289+0000] {processor.py:830} INFO - Processing file /opt/airflow/dags/dag_clase.py for tasks to queue
[2024-05-26T02:00:00.293+0000] {logging_mixin.py:188} INFO - [2024-05-26T02:00:00.292+0000] {dagbag.py:545} INFO - Filling up the DagBag from /opt/airflow/dags/dag_clase.py
[2024-05-26T02:00:00.310+0000] {processor.py:840} INFO - DAG(s) 'DAG_catedra_airflow' retrieved from /opt/airflow/dags/dag_clase.py
[2024-05-26T02:00:00.430+0000] {logging_mixin.py:188} INFO - [2024-05-26T02:00:00.430+0000] {dag.py:3096} INFO - Sync 1 DAGs
[2024-05-26T02:00:00.473+0000] {processor.py:183} INFO - Processing /opt/airflow/dags/dag_clase.py took 0.193 seconds
[2024-05-26T02:00:30.522+0000] {processor.py:161} INFO - Started process (PID=262) to work on /opt/airflow/dags/dag_clase.py
[2024-05-26T02:00:30.523+0000] {processor.py:830} INFO - Processing file /opt/airflow/dags/dag_clase.py for tasks to queue
[2024-05-26T02:00:30.526+0000] {logging_mixin.py:188} INFO - [2024-05-26T02:00:30.525+0000] {dagbag.py:545} INFO - Filling up the DagBag from /opt/airflow/dags/dag_clase.py
[2024-05-26T02:00:30.538+0000] {processor.py:840} INFO - DAG(s) 'DAG_catedra_airflow' retrieved from /opt/airflow/dags/dag_clase.py
[2024-05-26T02:00:30.662+0000] {logging_mixin.py:188} INFO - [2024-05-26T02:00:30.661+0000] {dag.py:3096} INFO - Sync 1 DAGs
[2024-05-26T02:00:30.707+0000] {processor.py:183} INFO - Processing /opt/airflow/dags/dag_clase.py took 0.191 seconds
[2024-05-26T02:01:01.260+0000] {processor.py:161} INFO - Started process (PID=319) to work on /opt/airflow/dags/dag_clase.py
[2024-05-26T02:01:01.273+0000] {processor.py:830} INFO - Processing file /opt/airflow/dags/dag_clase.py for tasks to queue
[2024-05-26T02:01:01.283+0000] {logging_mixin.py:188} INFO - [2024-05-26T02:01:01.282+0000] {dagbag.py:545} INFO - Filling up the DagBag from /opt/airflow/dags/dag_clase.py
[2024-05-26T02:01:01.336+0000] {processor.py:840} INFO - DAG(s) 'DAG_catedra_airflow' retrieved from /opt/airflow/dags/dag_clase.py
[2024-05-26T02:01:01.732+0000] {logging_mixin.py:188} INFO - [2024-05-26T02:01:01.729+0000] {dag.py:3096} INFO - Sync 1 DAGs
[2024-05-26T02:01:01.839+0000] {processor.py:183} INFO - Processing /opt/airflow/dags/dag_clase.py took 0.608 seconds
[2024-05-26T02:01:32.564+0000] {processor.py:161} INFO - Started process (PID=378) to work on /opt/airflow/dags/dag_clase.py
[2024-05-26T02:01:32.566+0000] {processor.py:830} INFO - Processing file /opt/airflow/dags/dag_clase.py for tasks to queue
[2024-05-26T02:01:32.570+0000] {logging_mixin.py:188} INFO - [2024-05-26T02:01:32.569+0000] {dagbag.py:545} INFO - Filling up the DagBag from /opt/airflow/dags/dag_clase.py
[2024-05-26T02:01:32.591+0000] {processor.py:840} INFO - DAG(s) 'DAG_catedra_airflow' retrieved from /opt/airflow/dags/dag_clase.py
[2024-05-26T02:01:32.804+0000] {logging_mixin.py:188} INFO - [2024-05-26T02:01:32.804+0000] {dag.py:3096} INFO - Sync 1 DAGs
[2024-05-26T02:01:32.894+0000] {processor.py:183} INFO - Processing /opt/airflow/dags/dag_clase.py took 0.343 seconds
[2024-05-26T02:02:03.624+0000] {processor.py:161} INFO - Started process (PID=436) to work on /opt/airflow/dags/dag_clase.py
[2024-05-26T02:02:03.625+0000] {processor.py:830} INFO - Processing file /opt/airflow/dags/dag_clase.py for tasks to queue
[2024-05-26T02:02:03.627+0000] {logging_mixin.py:188} INFO - [2024-05-26T02:02:03.627+0000] {dagbag.py:545} INFO - Filling up the DagBag from /opt/airflow/dags/dag_clase.py
[2024-05-26T02:02:03.637+0000] {processor.py:840} INFO - DAG(s) 'DAG_catedra_airflow' retrieved from /opt/airflow/dags/dag_clase.py
[2024-05-26T02:02:03.727+0000] {logging_mixin.py:188} INFO - [2024-05-26T02:02:03.727+0000] {dag.py:3096} INFO - Sync 1 DAGs
[2024-05-26T02:02:03.768+0000] {processor.py:183} INFO - Processing /opt/airflow/dags/dag_clase.py took 0.151 seconds
[2024-05-26T02:02:34.253+0000] {processor.py:161} INFO - Started process (PID=494) to work on /opt/airflow/dags/dag_clase.py
[2024-05-26T02:02:34.254+0000] {processor.py:830} INFO - Processing file /opt/airflow/dags/dag_clase.py for tasks to queue
[2024-05-26T02:02:34.256+0000] {logging_mixin.py:188} INFO - [2024-05-26T02:02:34.256+0000] {dagbag.py:545} INFO - Filling up the DagBag from /opt/airflow/dags/dag_clase.py
[2024-05-26T02:02:34.264+0000] {processor.py:840} INFO - DAG(s) 'DAG_catedra_airflow' retrieved from /opt/airflow/dags/dag_clase.py
[2024-05-26T02:02:34.343+0000] {logging_mixin.py:188} INFO - [2024-05-26T02:02:34.342+0000] {dag.py:3096} INFO - Sync 1 DAGs
[2024-05-26T02:02:34.379+0000] {processor.py:183} INFO - Processing /opt/airflow/dags/dag_clase.py took 0.132 seconds
[2024-05-26T02:03:04.935+0000] {processor.py:161} INFO - Started process (PID=552) to work on /opt/airflow/dags/dag_clase.py
[2024-05-26T02:03:04.936+0000] {processor.py:830} INFO - Processing file /opt/airflow/dags/dag_clase.py for tasks to queue
[2024-05-26T02:03:04.938+0000] {logging_mixin.py:188} INFO - [2024-05-26T02:03:04.937+0000] {dagbag.py:545} INFO - Filling up the DagBag from /opt/airflow/dags/dag_clase.py
[2024-05-26T02:03:04.947+0000] {processor.py:840} INFO - DAG(s) 'DAG_catedra_airflow' retrieved from /opt/airflow/dags/dag_clase.py
[2024-05-26T02:03:05.026+0000] {logging_mixin.py:188} INFO - [2024-05-26T02:03:05.026+0000] {dag.py:3096} INFO - Sync 1 DAGs
[2024-05-26T02:03:05.067+0000] {processor.py:183} INFO - Processing /opt/airflow/dags/dag_clase.py took 0.154 seconds
[2024-05-26T02:03:35.591+0000] {processor.py:161} INFO - Started process (PID=610) to work on /opt/airflow/dags/dag_clase.py
[2024-05-26T02:03:35.592+0000] {processor.py:830} INFO - Processing file /opt/airflow/dags/dag_clase.py for tasks to queue
[2024-05-26T02:03:35.594+0000] {logging_mixin.py:188} INFO - [2024-05-26T02:03:35.594+0000] {dagbag.py:545} INFO - Filling up the DagBag from /opt/airflow/dags/dag_clase.py
[2024-05-26T02:03:35.605+0000] {processor.py:840} INFO - DAG(s) 'DAG_catedra_airflow' retrieved from /opt/airflow/dags/dag_clase.py
[2024-05-26T02:03:35.682+0000] {logging_mixin.py:188} INFO - [2024-05-26T02:03:35.682+0000] {dag.py:3096} INFO - Sync 1 DAGs
[2024-05-26T02:03:35.717+0000] {processor.py:183} INFO - Processing /opt/airflow/dags/dag_clase.py took 0.132 seconds
[2024-05-26T02:04:06.112+0000] {processor.py:161} INFO - Started process (PID=669) to work on /opt/airflow/dags/dag_clase.py
[2024-05-26T02:04:06.113+0000] {processor.py:830} INFO - Processing file /opt/airflow/dags/dag_clase.py for tasks to queue
[2024-05-26T02:04:06.115+0000] {logging_mixin.py:188} INFO - [2024-05-26T02:04:06.115+0000] {dagbag.py:545} INFO - Filling up the DagBag from /opt/airflow/dags/dag_clase.py
[2024-05-26T02:04:06.125+0000] {processor.py:840} INFO - DAG(s) 'DAG_catedra_airflow' retrieved from /opt/airflow/dags/dag_clase.py
[2024-05-26T02:04:06.209+0000] {logging_mixin.py:188} INFO - [2024-05-26T02:04:06.209+0000] {dag.py:3096} INFO - Sync 1 DAGs
[2024-05-26T02:04:06.245+0000] {processor.py:183} INFO - Processing /opt/airflow/dags/dag_clase.py took 0.139 seconds
[2024-05-26T02:04:36.801+0000] {processor.py:161} INFO - Started process (PID=727) to work on /opt/airflow/dags/dag_clase.py
[2024-05-26T02:04:36.802+0000] {processor.py:830} INFO - Processing file /opt/airflow/dags/dag_clase.py for tasks to queue
[2024-05-26T02:04:36.805+0000] {logging_mixin.py:188} INFO - [2024-05-26T02:04:36.804+0000] {dagbag.py:545} INFO - Filling up the DagBag from /opt/airflow/dags/dag_clase.py
[2024-05-26T02:04:36.816+0000] {processor.py:840} INFO - DAG(s) 'DAG_catedra_airflow' retrieved from /opt/airflow/dags/dag_clase.py
[2024-05-26T02:04:36.911+0000] {logging_mixin.py:188} INFO - [2024-05-26T02:04:36.911+0000] {dag.py:3096} INFO - Sync 1 DAGs
[2024-05-26T02:04:36.948+0000] {processor.py:183} INFO - Processing /opt/airflow/dags/dag_clase.py took 0.154 seconds
[2024-05-26T02:05:07.008+0000] {processor.py:161} INFO - Started process (PID=786) to work on /opt/airflow/dags/dag_clase.py
[2024-05-26T02:05:07.009+0000] {processor.py:830} INFO - Processing file /opt/airflow/dags/dag_clase.py for tasks to queue
[2024-05-26T02:05:07.011+0000] {logging_mixin.py:188} INFO - [2024-05-26T02:05:07.010+0000] {dagbag.py:545} INFO - Filling up the DagBag from /opt/airflow/dags/dag_clase.py
[2024-05-26T02:05:07.020+0000] {processor.py:840} INFO - DAG(s) 'DAG_catedra_airflow' retrieved from /opt/airflow/dags/dag_clase.py
[2024-05-26T02:05:07.133+0000] {logging_mixin.py:188} INFO - [2024-05-26T02:05:07.132+0000] {dag.py:3096} INFO - Sync 1 DAGs
[2024-05-26T02:05:07.173+0000] {processor.py:183} INFO - Processing /opt/airflow/dags/dag_clase.py took 0.171 seconds
[2024-05-26T02:05:37.597+0000] {processor.py:161} INFO - Started process (PID=844) to work on /opt/airflow/dags/dag_clase.py
[2024-05-26T02:05:37.598+0000] {processor.py:830} INFO - Processing file /opt/airflow/dags/dag_clase.py for tasks to queue
[2024-05-26T02:05:37.600+0000] {logging_mixin.py:188} INFO - [2024-05-26T02:05:37.600+0000] {dagbag.py:545} INFO - Filling up the DagBag from /opt/airflow/dags/dag_clase.py
[2024-05-26T02:05:37.610+0000] {processor.py:840} INFO - DAG(s) 'DAG_catedra_airflow' retrieved from /opt/airflow/dags/dag_clase.py
[2024-05-26T02:05:37.718+0000] {logging_mixin.py:188} INFO - [2024-05-26T02:05:37.718+0000] {dag.py:3096} INFO - Sync 1 DAGs
[2024-05-26T02:05:37.763+0000] {processor.py:183} INFO - Processing /opt/airflow/dags/dag_clase.py took 0.173 seconds
[2024-05-26T02:07:01.590+0000] {processor.py:161} INFO - Started process (PID=901) to work on /opt/airflow/dags/dag_clase.py
[2024-05-26T02:07:01.621+0000] {processor.py:830} INFO - Processing file /opt/airflow/dags/dag_clase.py for tasks to queue
[2024-05-26T02:07:01.647+0000] {logging_mixin.py:188} INFO - [2024-05-26T02:07:01.646+0000] {dagbag.py:545} INFO - Filling up the DagBag from /opt/airflow/dags/dag_clase.py
[2024-05-26T02:07:01.945+0000] {processor.py:840} INFO - DAG(s) 'DAG_catedra_airflow' retrieved from /opt/airflow/dags/dag_clase.py
[2024-05-26T02:07:02.810+0000] {logging_mixin.py:188} INFO - [2024-05-26T02:07:02.809+0000] {dag.py:3096} INFO - Sync 1 DAGs
