[2024-05-25T21:17:24.602+0000] {local_task_job_runner.py:120} INFO - ::group::Pre task execution logs
[2024-05-25T21:17:24.625+0000] {taskinstance.py:2076} INFO - Dependencies all met for dep_context=non-requeueable deps ti=<TaskInstance: DAG_catedra_airflow.first-step-el scheduled__2024-05-25T01:00:00+00:00 [queued]>
[2024-05-25T21:17:24.633+0000] {taskinstance.py:2076} INFO - Dependencies all met for dep_context=requeueable deps ti=<TaskInstance: DAG_catedra_airflow.first-step-el scheduled__2024-05-25T01:00:00+00:00 [queued]>
[2024-05-25T21:17:24.634+0000] {taskinstance.py:2306} INFO - Starting attempt 1 of 1
[2024-05-25T21:17:24.647+0000] {taskinstance.py:2330} INFO - Executing <Task(PythonOperator): first-step-el> on 2024-05-25 01:00:00+00:00
[2024-05-25T21:17:24.652+0000] {warnings.py:110} WARNING - /home/***/.local/lib/python3.12/site-packages/***/task/task_runner/standard_task_runner.py:61: DeprecationWarning: This process (pid=541) is multi-threaded, use of fork() may lead to deadlocks in the child.
  pid = os.fork()

[2024-05-25T21:17:24.654+0000] {standard_task_runner.py:63} INFO - Started process 543 to run task
[2024-05-25T21:17:24.654+0000] {standard_task_runner.py:90} INFO - Running: ['***', 'tasks', 'run', 'DAG_catedra_***', 'first-step-el', 'scheduled__2024-05-25T01:00:00+00:00', '--job-id', '132', '--raw', '--subdir', 'DAGS_FOLDER/dag_clase.py', '--cfg-path', '/tmp/tmpfnfi13mw']
[2024-05-25T21:17:24.655+0000] {standard_task_runner.py:91} INFO - Job 132: Subtask first-step-el
[2024-05-25T21:17:24.696+0000] {task_command.py:426} INFO - Running <TaskInstance: DAG_catedra_airflow.first-step-el scheduled__2024-05-25T01:00:00+00:00 [running]> on host b2cfee8f0b2b
[2024-05-25T21:17:24.784+0000] {taskinstance.py:2648} INFO - Exporting env vars: AIRFLOW_CTX_DAG_OWNER='***' AIRFLOW_CTX_DAG_ID='DAG_catedra_***' AIRFLOW_CTX_TASK_ID='first-step-el' AIRFLOW_CTX_EXECUTION_DATE='2024-05-25T01:00:00+00:00' AIRFLOW_CTX_TRY_NUMBER='1' AIRFLOW_CTX_DAG_RUN_ID='scheduled__2024-05-25T01:00:00+00:00'
[2024-05-25T21:17:24.785+0000] {taskinstance.py:430} INFO - ::endgroup::
[2024-05-25T21:17:24.791+0000] {logging_mixin.py:188} INFO - Connection to database was succesful
[2024-05-25T21:17:24.802+0000] {logging_mixin.py:188} INFO - Query completed
[2024-05-25T21:17:24.804+0000] {logging_mixin.py:188} INFO - execute_query_result_set()
[2024-05-25T21:17:24.809+0000] {logging_mixin.py:188} INFO - Connection to database was succesful
[2024-05-25T21:17:24.815+0000] {logging_mixin.py:188} INFO - Inserts performed wihout fail
[2024-05-25T21:17:24.815+0000] {python.py:237} INFO - Done. Returned value was: None
[2024-05-25T21:17:24.815+0000] {taskinstance.py:441} INFO - ::group::Post task execution logs
[2024-05-25T21:17:24.823+0000] {taskinstance.py:1206} INFO - Marking task as SUCCESS. dag_id=DAG_catedra_***, task_id=first-step-el, run_id=scheduled__2024-05-25T01:00:00+00:00, execution_date=20240525T010000, start_date=20240525T211724, end_date=20240525T211724
[2024-05-25T21:17:24.868+0000] {local_task_job_runner.py:240} INFO - Task exited with return code 0
[2024-05-25T21:17:24.903+0000] {taskinstance.py:3498} INFO - 1 downstream tasks scheduled from follow-on schedule check
[2024-05-25T21:17:24.910+0000] {local_task_job_runner.py:222} INFO - ::endgroup::
[2024-05-26T00:43:32.812+0000] {local_task_job_runner.py:120} INFO - ::group::Pre task execution logs
[2024-05-26T00:43:32.833+0000] {taskinstance.py:2076} INFO - Dependencies all met for dep_context=non-requeueable deps ti=<TaskInstance: DAG_catedra_airflow.first-step-el scheduled__2024-05-25T01:00:00+00:00 [queued]>
[2024-05-26T00:43:32.841+0000] {taskinstance.py:2076} INFO - Dependencies all met for dep_context=requeueable deps ti=<TaskInstance: DAG_catedra_airflow.first-step-el scheduled__2024-05-25T01:00:00+00:00 [queued]>
[2024-05-26T00:43:32.841+0000] {taskinstance.py:2306} INFO - Starting attempt 1 of 1
[2024-05-26T00:43:32.853+0000] {taskinstance.py:2330} INFO - Executing <Task(PythonOperator): first-step-el> on 2024-05-25 01:00:00+00:00
[2024-05-26T00:43:32.859+0000] {warnings.py:110} WARNING - /home/***/.local/lib/python3.12/site-packages/***/task/task_runner/standard_task_runner.py:61: DeprecationWarning: This process (pid=121) is multi-threaded, use of fork() may lead to deadlocks in the child.
  pid = os.fork()

[2024-05-26T00:43:32.861+0000] {standard_task_runner.py:63} INFO - Started process 123 to run task
[2024-05-26T00:43:32.861+0000] {standard_task_runner.py:90} INFO - Running: ['***', 'tasks', 'run', 'DAG_catedra_***', 'first-step-el', 'scheduled__2024-05-25T01:00:00+00:00', '--job-id', '21', '--raw', '--subdir', 'DAGS_FOLDER/dag_clase.py', '--cfg-path', '/tmp/tmpqb5b3_ks']
[2024-05-26T00:43:32.862+0000] {standard_task_runner.py:91} INFO - Job 21: Subtask first-step-el
[2024-05-26T00:43:32.900+0000] {task_command.py:426} INFO - Running <TaskInstance: DAG_catedra_airflow.first-step-el scheduled__2024-05-25T01:00:00+00:00 [running]> on host bb8f67d70e6d
[2024-05-26T00:43:32.977+0000] {taskinstance.py:2648} INFO - Exporting env vars: AIRFLOW_CTX_DAG_OWNER='***' AIRFLOW_CTX_DAG_ID='DAG_catedra_***' AIRFLOW_CTX_TASK_ID='first-step-el' AIRFLOW_CTX_EXECUTION_DATE='2024-05-25T01:00:00+00:00' AIRFLOW_CTX_TRY_NUMBER='1' AIRFLOW_CTX_DAG_RUN_ID='scheduled__2024-05-25T01:00:00+00:00'
[2024-05-26T00:43:32.979+0000] {taskinstance.py:430} INFO - ::endgroup::
[2024-05-26T00:43:32.984+0000] {logging_mixin.py:188} INFO - Connection to database was succesful
[2024-05-26T00:43:32.995+0000] {logging_mixin.py:188} INFO - Query completed
[2024-05-26T00:43:32.998+0000] {logging_mixin.py:188} INFO - execute_query_result_set()
[2024-05-26T00:43:33.006+0000] {logging_mixin.py:188} INFO - Connection to database was succesful
[2024-05-26T00:43:33.008+0000] {logging_mixin.py:188} INFO - ERROR, INSERTS COULDN`T BE DONE
[2024-05-26T00:43:33.008+0000] {python.py:237} INFO - Done. Returned value was: None
[2024-05-26T00:43:33.009+0000] {taskinstance.py:441} INFO - ::group::Post task execution logs
[2024-05-26T00:43:33.017+0000] {taskinstance.py:1206} INFO - Marking task as SUCCESS. dag_id=DAG_catedra_***, task_id=first-step-el, run_id=scheduled__2024-05-25T01:00:00+00:00, execution_date=20240525T010000, start_date=20240526T004332, end_date=20240526T004333
[2024-05-26T00:43:33.075+0000] {local_task_job_runner.py:240} INFO - Task exited with return code 0
[2024-05-26T00:43:33.093+0000] {taskinstance.py:3498} INFO - 1 downstream tasks scheduled from follow-on schedule check
[2024-05-26T00:43:33.097+0000] {local_task_job_runner.py:222} INFO - ::endgroup::
[2024-05-26T02:00:03.957+0000] {local_task_job_runner.py:120} INFO - ::group::Pre task execution logs
[2024-05-26T02:00:04.013+0000] {taskinstance.py:2076} INFO - Dependencies all met for dep_context=non-requeueable deps ti=<TaskInstance: DAG_catedra_airflow.first-step-el scheduled__2024-05-25T01:00:00+00:00 [queued]>
[2024-05-26T02:00:04.037+0000] {taskinstance.py:2076} INFO - Dependencies all met for dep_context=requeueable deps ti=<TaskInstance: DAG_catedra_airflow.first-step-el scheduled__2024-05-25T01:00:00+00:00 [queued]>
[2024-05-26T02:00:04.038+0000] {taskinstance.py:2306} INFO - Starting attempt 1 of 1
[2024-05-26T02:00:04.063+0000] {taskinstance.py:2330} INFO - Executing <Task(PythonOperator): first-step-el> on 2024-05-25 01:00:00+00:00
[2024-05-26T02:00:04.075+0000] {warnings.py:110} WARNING - /home/***/.local/lib/python3.12/site-packages/***/task/task_runner/standard_task_runner.py:61: DeprecationWarning: This process (pid=121) is multi-threaded, use of fork() may lead to deadlocks in the child.
  pid = os.fork()

[2024-05-26T02:00:04.078+0000] {standard_task_runner.py:63} INFO - Started process 123 to run task
[2024-05-26T02:00:04.079+0000] {standard_task_runner.py:90} INFO - Running: ['***', 'tasks', 'run', 'DAG_catedra_***', 'first-step-el', 'scheduled__2024-05-25T01:00:00+00:00', '--job-id', '21', '--raw', '--subdir', 'DAGS_FOLDER/dag_clase.py', '--cfg-path', '/tmp/tmpjfzymmbl']
[2024-05-26T02:00:04.083+0000] {standard_task_runner.py:91} INFO - Job 21: Subtask first-step-el
[2024-05-26T02:00:04.182+0000] {task_command.py:426} INFO - Running <TaskInstance: DAG_catedra_airflow.first-step-el scheduled__2024-05-25T01:00:00+00:00 [running]> on host da1b21f42040
[2024-05-26T02:00:04.387+0000] {taskinstance.py:2648} INFO - Exporting env vars: AIRFLOW_CTX_DAG_OWNER='***' AIRFLOW_CTX_DAG_ID='DAG_catedra_***' AIRFLOW_CTX_TASK_ID='first-step-el' AIRFLOW_CTX_EXECUTION_DATE='2024-05-25T01:00:00+00:00' AIRFLOW_CTX_TRY_NUMBER='1' AIRFLOW_CTX_DAG_RUN_ID='scheduled__2024-05-25T01:00:00+00:00'
[2024-05-26T02:00:04.391+0000] {taskinstance.py:430} INFO - ::endgroup::
[2024-05-26T02:00:04.405+0000] {logging_mixin.py:188} INFO - The connection to the DB was succesful
[2024-05-26T02:00:04.429+0000] {logging_mixin.py:188} INFO - Query completed
[2024-05-26T02:00:04.435+0000] {logging_mixin.py:188} INFO - execute_query_result_set()
[2024-05-26T02:00:04.445+0000] {logging_mixin.py:188} INFO - The connection to the DB was succesful
[2024-05-26T02:00:04.456+0000] {logging_mixin.py:188} INFO - Inserts were comitted
[2024-05-26T02:00:04.457+0000] {python.py:237} INFO - Done. Returned value was: None
[2024-05-26T02:00:04.458+0000] {taskinstance.py:441} INFO - ::group::Post task execution logs
[2024-05-26T02:00:04.475+0000] {taskinstance.py:1206} INFO - Marking task as SUCCESS. dag_id=DAG_catedra_***, task_id=first-step-el, run_id=scheduled__2024-05-25T01:00:00+00:00, execution_date=20240525T010000, start_date=20240526T020004, end_date=20240526T020004
[2024-05-26T02:00:04.541+0000] {local_task_job_runner.py:240} INFO - Task exited with return code 0
[2024-05-26T02:00:04.587+0000] {taskinstance.py:3498} INFO - 1 downstream tasks scheduled from follow-on schedule check
[2024-05-26T02:00:04.593+0000] {local_task_job_runner.py:222} INFO - ::endgroup::
