[2024-05-26T02:01:54.214+0000] {local_task_job_runner.py:120} INFO - ::group::Pre task execution logs
[2024-05-26T02:01:54.242+0000] {taskinstance.py:2076} INFO - Dependencies all met for dep_context=non-requeueable deps ti=<TaskInstance: DAG_catedra_airflow.first-step-el scheduled__2024-05-25T02:45:00+00:00 [queued]>
[2024-05-26T02:01:54.253+0000] {taskinstance.py:2076} INFO - Dependencies all met for dep_context=requeueable deps ti=<TaskInstance: DAG_catedra_airflow.first-step-el scheduled__2024-05-25T02:45:00+00:00 [queued]>
[2024-05-26T02:01:54.254+0000] {taskinstance.py:2306} INFO - Starting attempt 1 of 1
[2024-05-26T02:01:54.272+0000] {taskinstance.py:2330} INFO - Executing <Task(PythonOperator): first-step-el> on 2024-05-25 02:45:00+00:00
[2024-05-26T02:01:54.279+0000] {warnings.py:110} WARNING - /home/***/.local/lib/python3.12/site-packages/***/task/task_runner/standard_task_runner.py:61: DeprecationWarning: This process (pid=268) is multi-threaded, use of fork() may lead to deadlocks in the child.
  pid = os.fork()

[2024-05-26T02:01:54.281+0000] {standard_task_runner.py:63} INFO - Started process 270 to run task
[2024-05-26T02:01:54.281+0000] {standard_task_runner.py:90} INFO - Running: ['***', 'tasks', 'run', 'DAG_catedra_***', 'first-step-el', 'scheduled__2024-05-25T02:45:00+00:00', '--job-id', '63', '--raw', '--subdir', 'DAGS_FOLDER/dag_clase.py', '--cfg-path', '/tmp/tmpoyfzgj6w']
[2024-05-26T02:01:54.282+0000] {standard_task_runner.py:91} INFO - Job 63: Subtask first-step-el
[2024-05-26T02:01:54.332+0000] {task_command.py:426} INFO - Running <TaskInstance: DAG_catedra_airflow.first-step-el scheduled__2024-05-25T02:45:00+00:00 [running]> on host da1b21f42040
[2024-05-26T02:01:54.446+0000] {taskinstance.py:2648} INFO - Exporting env vars: AIRFLOW_CTX_DAG_OWNER='***' AIRFLOW_CTX_DAG_ID='DAG_catedra_***' AIRFLOW_CTX_TASK_ID='first-step-el' AIRFLOW_CTX_EXECUTION_DATE='2024-05-25T02:45:00+00:00' AIRFLOW_CTX_TRY_NUMBER='1' AIRFLOW_CTX_DAG_RUN_ID='scheduled__2024-05-25T02:45:00+00:00'
[2024-05-26T02:01:54.447+0000] {taskinstance.py:430} INFO - ::endgroup::
[2024-05-26T02:01:54.454+0000] {logging_mixin.py:188} INFO - The connection to the DB was succesful
[2024-05-26T02:01:54.467+0000] {logging_mixin.py:188} INFO - Query completed
[2024-05-26T02:01:54.470+0000] {logging_mixin.py:188} INFO - execute_query_result_set()
[2024-05-26T02:01:54.477+0000] {logging_mixin.py:188} INFO - The connection to the DB was succesful
[2024-05-26T02:01:54.484+0000] {logging_mixin.py:188} INFO - Inserts were comitted
[2024-05-26T02:01:54.485+0000] {python.py:237} INFO - Done. Returned value was: None
[2024-05-26T02:01:54.485+0000] {taskinstance.py:441} INFO - ::group::Post task execution logs
[2024-05-26T02:01:54.495+0000] {taskinstance.py:1206} INFO - Marking task as SUCCESS. dag_id=DAG_catedra_***, task_id=first-step-el, run_id=scheduled__2024-05-25T02:45:00+00:00, execution_date=20240525T024500, start_date=20240526T020154, end_date=20240526T020154
[2024-05-26T02:01:54.535+0000] {local_task_job_runner.py:240} INFO - Task exited with return code 0
[2024-05-26T02:01:54.562+0000] {taskinstance.py:3498} INFO - 1 downstream tasks scheduled from follow-on schedule check
[2024-05-26T02:01:54.568+0000] {local_task_job_runner.py:222} INFO - ::endgroup::
