[2024-05-25T21:15:40.662+0000] {local_task_job_runner.py:120} INFO - ::group::Pre task execution logs
[2024-05-25T21:15:40.691+0000] {taskinstance.py:2076} INFO - Dependencies all met for dep_context=non-requeueable deps ti=<TaskInstance: DAG_catedra_airflow.first-step-el scheduled__2024-05-25T00:40:00+00:00 [queued]>
[2024-05-25T21:15:40.706+0000] {taskinstance.py:2076} INFO - Dependencies all met for dep_context=requeueable deps ti=<TaskInstance: DAG_catedra_airflow.first-step-el scheduled__2024-05-25T00:40:00+00:00 [queued]>
[2024-05-25T21:15:40.707+0000] {taskinstance.py:2306} INFO - Starting attempt 1 of 1
[2024-05-25T21:15:40.722+0000] {taskinstance.py:2330} INFO - Executing <Task(PythonOperator): first-step-el> on 2024-05-25 00:40:00+00:00
[2024-05-25T21:15:40.729+0000] {warnings.py:110} WARNING - /home/***/.local/lib/python3.12/site-packages/***/task/task_runner/standard_task_runner.py:61: DeprecationWarning: This process (pid=400) is multi-threaded, use of fork() may lead to deadlocks in the child.
  pid = os.fork()

[2024-05-25T21:15:40.731+0000] {standard_task_runner.py:63} INFO - Started process 402 to run task
[2024-05-25T21:15:40.731+0000] {standard_task_runner.py:90} INFO - Running: ['***', 'tasks', 'run', 'DAG_catedra_***', 'first-step-el', 'scheduled__2024-05-25T00:40:00+00:00', '--job-id', '92', '--raw', '--subdir', 'DAGS_FOLDER/dag_clase.py', '--cfg-path', '/tmp/tmpkgcg2fr1']
[2024-05-25T21:15:40.733+0000] {standard_task_runner.py:91} INFO - Job 92: Subtask first-step-el
[2024-05-25T21:15:40.782+0000] {task_command.py:426} INFO - Running <TaskInstance: DAG_catedra_airflow.first-step-el scheduled__2024-05-25T00:40:00+00:00 [running]> on host b2cfee8f0b2b
[2024-05-25T21:15:40.893+0000] {taskinstance.py:2648} INFO - Exporting env vars: AIRFLOW_CTX_DAG_OWNER='***' AIRFLOW_CTX_DAG_ID='DAG_catedra_***' AIRFLOW_CTX_TASK_ID='first-step-el' AIRFLOW_CTX_EXECUTION_DATE='2024-05-25T00:40:00+00:00' AIRFLOW_CTX_TRY_NUMBER='1' AIRFLOW_CTX_DAG_RUN_ID='scheduled__2024-05-25T00:40:00+00:00'
[2024-05-25T21:15:40.896+0000] {taskinstance.py:430} INFO - ::endgroup::
[2024-05-25T21:15:40.906+0000] {logging_mixin.py:188} INFO - Connection to database was succesful
[2024-05-25T21:15:40.922+0000] {logging_mixin.py:188} INFO - Query completed
[2024-05-25T21:15:40.928+0000] {logging_mixin.py:188} INFO - execute_query_result_set()
[2024-05-25T21:15:40.935+0000] {logging_mixin.py:188} INFO - Connection to database was succesful
[2024-05-25T21:15:40.944+0000] {logging_mixin.py:188} INFO - Inserts performed wihout fail
[2024-05-25T21:15:40.948+0000] {python.py:237} INFO - Done. Returned value was: None
[2024-05-25T21:15:40.948+0000] {taskinstance.py:441} INFO - ::group::Post task execution logs
[2024-05-25T21:15:40.962+0000] {taskinstance.py:1206} INFO - Marking task as SUCCESS. dag_id=DAG_catedra_***, task_id=first-step-el, run_id=scheduled__2024-05-25T00:40:00+00:00, execution_date=20240525T004000, start_date=20240525T211540, end_date=20240525T211540
[2024-05-25T21:15:40.985+0000] {local_task_job_runner.py:240} INFO - Task exited with return code 0
[2024-05-25T21:15:41.013+0000] {taskinstance.py:3498} INFO - 1 downstream tasks scheduled from follow-on schedule check
[2024-05-25T21:15:41.017+0000] {local_task_job_runner.py:222} INFO - ::endgroup::
[2024-05-26T00:43:16.489+0000] {local_task_job_runner.py:120} INFO - ::group::Pre task execution logs
[2024-05-26T00:43:16.509+0000] {taskinstance.py:2076} INFO - Dependencies all met for dep_context=non-requeueable deps ti=<TaskInstance: DAG_catedra_airflow.first-step-el scheduled__2024-05-25T00:40:00+00:00 [queued]>
[2024-05-26T00:43:16.516+0000] {taskinstance.py:2076} INFO - Dependencies all met for dep_context=requeueable deps ti=<TaskInstance: DAG_catedra_airflow.first-step-el scheduled__2024-05-25T00:40:00+00:00 [queued]>
[2024-05-26T00:43:16.517+0000] {taskinstance.py:2306} INFO - Starting attempt 1 of 1
[2024-05-26T00:43:16.529+0000] {taskinstance.py:2330} INFO - Executing <Task(PythonOperator): first-step-el> on 2024-05-25 00:40:00+00:00
[2024-05-26T00:43:16.534+0000] {warnings.py:110} WARNING - /home/***/.local/lib/python3.12/site-packages/***/task/task_runner/standard_task_runner.py:61: DeprecationWarning: This process (pid=90) is multi-threaded, use of fork() may lead to deadlocks in the child.
  pid = os.fork()

[2024-05-26T00:43:16.536+0000] {standard_task_runner.py:63} INFO - Started process 92 to run task
[2024-05-26T00:43:16.536+0000] {standard_task_runner.py:90} INFO - Running: ['***', 'tasks', 'run', 'DAG_catedra_***', 'first-step-el', 'scheduled__2024-05-25T00:40:00+00:00', '--job-id', '13', '--raw', '--subdir', 'DAGS_FOLDER/dag_clase.py', '--cfg-path', '/tmp/tmpb0xiagqe']
[2024-05-26T00:43:16.537+0000] {standard_task_runner.py:91} INFO - Job 13: Subtask first-step-el
[2024-05-26T00:43:16.578+0000] {task_command.py:426} INFO - Running <TaskInstance: DAG_catedra_airflow.first-step-el scheduled__2024-05-25T00:40:00+00:00 [running]> on host bb8f67d70e6d
[2024-05-26T00:43:16.657+0000] {taskinstance.py:2648} INFO - Exporting env vars: AIRFLOW_CTX_DAG_OWNER='***' AIRFLOW_CTX_DAG_ID='DAG_catedra_***' AIRFLOW_CTX_TASK_ID='first-step-el' AIRFLOW_CTX_EXECUTION_DATE='2024-05-25T00:40:00+00:00' AIRFLOW_CTX_TRY_NUMBER='1' AIRFLOW_CTX_DAG_RUN_ID='scheduled__2024-05-25T00:40:00+00:00'
[2024-05-26T00:43:16.658+0000] {taskinstance.py:430} INFO - ::endgroup::
[2024-05-26T00:43:16.664+0000] {logging_mixin.py:188} INFO - Connection to database was succesful
[2024-05-26T00:43:16.674+0000] {logging_mixin.py:188} INFO - Query completed
[2024-05-26T00:43:16.678+0000] {logging_mixin.py:188} INFO - execute_query_result_set()
[2024-05-26T00:43:16.685+0000] {logging_mixin.py:188} INFO - Connection to database was succesful
[2024-05-26T00:43:16.687+0000] {logging_mixin.py:188} INFO - ERROR, INSERTS COULDN`T BE DONE
[2024-05-26T00:43:16.688+0000] {python.py:237} INFO - Done. Returned value was: None
[2024-05-26T00:43:16.688+0000] {taskinstance.py:441} INFO - ::group::Post task execution logs
[2024-05-26T00:43:16.698+0000] {taskinstance.py:1206} INFO - Marking task as SUCCESS. dag_id=DAG_catedra_***, task_id=first-step-el, run_id=scheduled__2024-05-25T00:40:00+00:00, execution_date=20240525T004000, start_date=20240526T004316, end_date=20240526T004316
[2024-05-26T00:43:16.750+0000] {local_task_job_runner.py:240} INFO - Task exited with return code 0
[2024-05-26T00:43:16.769+0000] {taskinstance.py:3498} INFO - 1 downstream tasks scheduled from follow-on schedule check
[2024-05-26T00:43:16.772+0000] {local_task_job_runner.py:222} INFO - ::endgroup::
[2024-05-26T01:50:18.503+0000] {local_task_job_runner.py:120} INFO - ::group::Pre task execution logs
[2024-05-26T01:50:18.558+0000] {taskinstance.py:2076} INFO - Dependencies all met for dep_context=non-requeueable deps ti=<TaskInstance: DAG_catedra_airflow.first-step-el scheduled__2024-05-25T00:40:00+00:00 [queued]>
[2024-05-26T01:50:18.575+0000] {taskinstance.py:2076} INFO - Dependencies all met for dep_context=requeueable deps ti=<TaskInstance: DAG_catedra_airflow.first-step-el scheduled__2024-05-25T00:40:00+00:00 [queued]>
[2024-05-26T01:50:18.576+0000] {taskinstance.py:2306} INFO - Starting attempt 1 of 1
[2024-05-26T01:50:18.599+0000] {taskinstance.py:2330} INFO - Executing <Task(PythonOperator): first-step-el> on 2024-05-25 00:40:00+00:00
[2024-05-26T01:50:18.608+0000] {warnings.py:110} WARNING - /home/***/.local/lib/python3.12/site-packages/***/task/task_runner/standard_task_runner.py:61: DeprecationWarning: This process (pid=148) is multi-threaded, use of fork() may lead to deadlocks in the child.
  pid = os.fork()

[2024-05-26T01:50:18.611+0000] {standard_task_runner.py:63} INFO - Started process 150 to run task
[2024-05-26T01:50:18.615+0000] {standard_task_runner.py:90} INFO - Running: ['***', 'tasks', 'run', 'DAG_catedra_***', 'first-step-el', 'scheduled__2024-05-25T00:40:00+00:00', '--job-id', '23', '--raw', '--subdir', 'DAGS_FOLDER/dag_clase.py', '--cfg-path', '/tmp/tmp7v3szr91']
[2024-05-26T01:50:18.617+0000] {standard_task_runner.py:91} INFO - Job 23: Subtask first-step-el
[2024-05-26T01:50:18.699+0000] {task_command.py:426} INFO - Running <TaskInstance: DAG_catedra_airflow.first-step-el scheduled__2024-05-25T00:40:00+00:00 [running]> on host 07ce07c9aa35
[2024-05-26T01:50:18.859+0000] {taskinstance.py:2648} INFO - Exporting env vars: AIRFLOW_CTX_DAG_OWNER='***' AIRFLOW_CTX_DAG_ID='DAG_catedra_***' AIRFLOW_CTX_TASK_ID='first-step-el' AIRFLOW_CTX_EXECUTION_DATE='2024-05-25T00:40:00+00:00' AIRFLOW_CTX_TRY_NUMBER='1' AIRFLOW_CTX_DAG_RUN_ID='scheduled__2024-05-25T00:40:00+00:00'
[2024-05-26T01:50:18.862+0000] {taskinstance.py:430} INFO - ::endgroup::
[2024-05-26T01:50:18.878+0000] {logging_mixin.py:188} INFO - The connection to the DB was succesful
[2024-05-26T01:50:18.898+0000] {logging_mixin.py:188} INFO - Query completed
[2024-05-26T01:50:18.906+0000] {logging_mixin.py:188} INFO - execute_query_result_set()
[2024-05-26T01:50:18.918+0000] {logging_mixin.py:188} INFO - The connection to the DB was succesful
[2024-05-26T01:50:18.927+0000] {logging_mixin.py:188} INFO - Inserts were comitted
[2024-05-26T01:50:18.929+0000] {python.py:237} INFO - Done. Returned value was: None
[2024-05-26T01:50:18.930+0000] {taskinstance.py:441} INFO - ::group::Post task execution logs
[2024-05-26T01:50:18.945+0000] {taskinstance.py:1206} INFO - Marking task as SUCCESS. dag_id=DAG_catedra_***, task_id=first-step-el, run_id=scheduled__2024-05-25T00:40:00+00:00, execution_date=20240525T004000, start_date=20240526T015018, end_date=20240526T015018
[2024-05-26T01:50:18.988+0000] {local_task_job_runner.py:240} INFO - Task exited with return code 0
[2024-05-26T01:50:19.033+0000] {taskinstance.py:3498} INFO - 1 downstream tasks scheduled from follow-on schedule check
[2024-05-26T01:50:19.038+0000] {local_task_job_runner.py:222} INFO - ::endgroup::
[2024-05-26T01:59:42.432+0000] {local_task_job_runner.py:120} INFO - ::group::Pre task execution logs
[2024-05-26T01:59:42.467+0000] {taskinstance.py:2076} INFO - Dependencies all met for dep_context=non-requeueable deps ti=<TaskInstance: DAG_catedra_airflow.first-step-el scheduled__2024-05-25T00:40:00+00:00 [queued]>
[2024-05-26T01:59:42.483+0000] {taskinstance.py:2076} INFO - Dependencies all met for dep_context=requeueable deps ti=<TaskInstance: DAG_catedra_airflow.first-step-el scheduled__2024-05-25T00:40:00+00:00 [queued]>
[2024-05-26T01:59:42.484+0000] {taskinstance.py:2306} INFO - Starting attempt 1 of 1
[2024-05-26T01:59:42.500+0000] {taskinstance.py:2330} INFO - Executing <Task(PythonOperator): first-step-el> on 2024-05-25 00:40:00+00:00
[2024-05-26T01:59:42.508+0000] {warnings.py:110} WARNING - /home/***/.local/lib/python3.12/site-packages/***/task/task_runner/standard_task_runner.py:61: DeprecationWarning: This process (pid=91) is multi-threaded, use of fork() may lead to deadlocks in the child.
  pid = os.fork()

[2024-05-26T01:59:42.510+0000] {standard_task_runner.py:63} INFO - Started process 93 to run task
[2024-05-26T01:59:42.511+0000] {standard_task_runner.py:90} INFO - Running: ['***', 'tasks', 'run', 'DAG_catedra_***', 'first-step-el', 'scheduled__2024-05-25T00:40:00+00:00', '--job-id', '13', '--raw', '--subdir', 'DAGS_FOLDER/dag_clase.py', '--cfg-path', '/tmp/tmp2sltzvzn']
[2024-05-26T01:59:42.512+0000] {standard_task_runner.py:91} INFO - Job 13: Subtask first-step-el
[2024-05-26T01:59:42.577+0000] {task_command.py:426} INFO - Running <TaskInstance: DAG_catedra_airflow.first-step-el scheduled__2024-05-25T00:40:00+00:00 [running]> on host da1b21f42040
[2024-05-26T01:59:42.694+0000] {taskinstance.py:2648} INFO - Exporting env vars: AIRFLOW_CTX_DAG_OWNER='***' AIRFLOW_CTX_DAG_ID='DAG_catedra_***' AIRFLOW_CTX_TASK_ID='first-step-el' AIRFLOW_CTX_EXECUTION_DATE='2024-05-25T00:40:00+00:00' AIRFLOW_CTX_TRY_NUMBER='1' AIRFLOW_CTX_DAG_RUN_ID='scheduled__2024-05-25T00:40:00+00:00'
[2024-05-26T01:59:42.697+0000] {taskinstance.py:430} INFO - ::endgroup::
[2024-05-26T01:59:42.705+0000] {logging_mixin.py:188} INFO - The connection to the DB was succesful
[2024-05-26T01:59:42.719+0000] {logging_mixin.py:188} INFO - Query completed
[2024-05-26T01:59:42.722+0000] {logging_mixin.py:188} INFO - execute_query_result_set()
[2024-05-26T01:59:42.728+0000] {logging_mixin.py:188} INFO - The connection to the DB was succesful
[2024-05-26T01:59:42.736+0000] {logging_mixin.py:188} INFO - Inserts were comitted
[2024-05-26T01:59:42.737+0000] {python.py:237} INFO - Done. Returned value was: None
[2024-05-26T01:59:42.738+0000] {taskinstance.py:441} INFO - ::group::Post task execution logs
[2024-05-26T01:59:42.747+0000] {taskinstance.py:1206} INFO - Marking task as SUCCESS. dag_id=DAG_catedra_***, task_id=first-step-el, run_id=scheduled__2024-05-25T00:40:00+00:00, execution_date=20240525T004000, start_date=20240526T015942, end_date=20240526T015942
[2024-05-26T01:59:42.805+0000] {local_task_job_runner.py:240} INFO - Task exited with return code 0
[2024-05-26T01:59:42.853+0000] {taskinstance.py:3498} INFO - 1 downstream tasks scheduled from follow-on schedule check
[2024-05-26T01:59:42.858+0000] {local_task_job_runner.py:222} INFO - ::endgroup::
