[2024-05-26T02:04:09.433+0000] {local_task_job_runner.py:120} INFO - ::group::Pre task execution logs
[2024-05-26T02:04:09.469+0000] {taskinstance.py:2076} INFO - Dependencies all met for dep_context=non-requeueable deps ti=<TaskInstance: DAG_catedra_airflow.first-step-el scheduled__2024-05-25T02:50:00+00:00 [queued]>
[2024-05-26T02:04:09.480+0000] {taskinstance.py:2076} INFO - Dependencies all met for dep_context=requeueable deps ti=<TaskInstance: DAG_catedra_airflow.first-step-el scheduled__2024-05-25T02:50:00+00:00 [queued]>
[2024-05-26T02:04:09.481+0000] {taskinstance.py:2306} INFO - Starting attempt 1 of 1
[2024-05-26T02:04:09.494+0000] {taskinstance.py:2330} INFO - Executing <Task(PythonOperator): first-step-el> on 2024-05-25 02:50:00+00:00
[2024-05-26T02:04:09.500+0000] {warnings.py:110} WARNING - /home/***/.local/lib/python3.12/site-packages/***/task/task_runner/standard_task_runner.py:61: DeprecationWarning: This process (pid=303) is multi-threaded, use of fork() may lead to deadlocks in the child.
  pid = os.fork()

[2024-05-26T02:04:09.502+0000] {standard_task_runner.py:63} INFO - Started process 305 to run task
[2024-05-26T02:04:09.502+0000] {standard_task_runner.py:90} INFO - Running: ['***', 'tasks', 'run', 'DAG_catedra_***', 'first-step-el', 'scheduled__2024-05-25T02:50:00+00:00', '--job-id', '65', '--raw', '--subdir', 'DAGS_FOLDER/dag_clase.py', '--cfg-path', '/tmp/tmp182ngtkk']
[2024-05-26T02:04:09.504+0000] {standard_task_runner.py:91} INFO - Job 65: Subtask first-step-el
[2024-05-26T02:04:09.555+0000] {task_command.py:426} INFO - Running <TaskInstance: DAG_catedra_airflow.first-step-el scheduled__2024-05-25T02:50:00+00:00 [running]> on host da1b21f42040
[2024-05-26T02:04:09.659+0000] {taskinstance.py:2648} INFO - Exporting env vars: AIRFLOW_CTX_DAG_OWNER='***' AIRFLOW_CTX_DAG_ID='DAG_catedra_***' AIRFLOW_CTX_TASK_ID='first-step-el' AIRFLOW_CTX_EXECUTION_DATE='2024-05-25T02:50:00+00:00' AIRFLOW_CTX_TRY_NUMBER='1' AIRFLOW_CTX_DAG_RUN_ID='scheduled__2024-05-25T02:50:00+00:00'
[2024-05-26T02:04:09.660+0000] {taskinstance.py:430} INFO - ::endgroup::
[2024-05-26T02:04:09.665+0000] {logging_mixin.py:188} INFO - The connection to the DB was succesful
[2024-05-26T02:04:09.675+0000] {logging_mixin.py:188} INFO - Query completed
[2024-05-26T02:04:09.678+0000] {logging_mixin.py:188} INFO - execute_query_result_set()
[2024-05-26T02:04:09.683+0000] {logging_mixin.py:188} INFO - The connection to the DB was succesful
[2024-05-26T02:04:09.691+0000] {logging_mixin.py:188} INFO - Inserts were comitted
[2024-05-26T02:04:09.692+0000] {python.py:237} INFO - Done. Returned value was: None
[2024-05-26T02:04:09.692+0000] {taskinstance.py:441} INFO - ::group::Post task execution logs
[2024-05-26T02:04:09.699+0000] {taskinstance.py:1206} INFO - Marking task as SUCCESS. dag_id=DAG_catedra_***, task_id=first-step-el, run_id=scheduled__2024-05-25T02:50:00+00:00, execution_date=20240525T025000, start_date=20240526T020409, end_date=20240526T020409
[2024-05-26T02:04:09.755+0000] {local_task_job_runner.py:240} INFO - Task exited with return code 0
[2024-05-26T02:04:09.795+0000] {taskinstance.py:3498} INFO - 1 downstream tasks scheduled from follow-on schedule check
[2024-05-26T02:04:09.801+0000] {local_task_job_runner.py:222} INFO - ::endgroup::
