[2024-05-26T00:44:23.581+0000] {local_task_job_runner.py:120} INFO - ::group::Pre task execution logs
[2024-05-26T00:44:23.607+0000] {taskinstance.py:2076} INFO - Dependencies all met for dep_context=non-requeueable deps ti=<TaskInstance: DAG_catedra_airflow.first-step-el scheduled__2024-05-25T01:55:00+00:00 [queued]>
[2024-05-26T00:44:23.617+0000] {taskinstance.py:2076} INFO - Dependencies all met for dep_context=requeueable deps ti=<TaskInstance: DAG_catedra_airflow.first-step-el scheduled__2024-05-25T01:55:00+00:00 [queued]>
[2024-05-26T00:44:23.617+0000] {taskinstance.py:2306} INFO - Starting attempt 1 of 1
[2024-05-26T00:44:23.635+0000] {taskinstance.py:2330} INFO - Executing <Task(PythonOperator): first-step-el> on 2024-05-25 01:55:00+00:00
[2024-05-26T00:44:23.640+0000] {warnings.py:110} WARNING - /home/***/.local/lib/python3.12/site-packages/***/task/task_runner/standard_task_runner.py:61: DeprecationWarning: This process (pid=194) is multi-threaded, use of fork() may lead to deadlocks in the child.
  pid = os.fork()

[2024-05-26T00:44:23.642+0000] {standard_task_runner.py:63} INFO - Started process 196 to run task
[2024-05-26T00:44:23.642+0000] {standard_task_runner.py:90} INFO - Running: ['***', 'tasks', 'run', 'DAG_catedra_***', 'first-step-el', 'scheduled__2024-05-25T01:55:00+00:00', '--job-id', '43', '--raw', '--subdir', 'DAGS_FOLDER/dag_clase.py', '--cfg-path', '/tmp/tmp59mnjlwc']
[2024-05-26T00:44:23.644+0000] {standard_task_runner.py:91} INFO - Job 43: Subtask first-step-el
[2024-05-26T00:44:23.686+0000] {task_command.py:426} INFO - Running <TaskInstance: DAG_catedra_airflow.first-step-el scheduled__2024-05-25T01:55:00+00:00 [running]> on host bb8f67d70e6d
[2024-05-26T00:44:23.771+0000] {taskinstance.py:2648} INFO - Exporting env vars: AIRFLOW_CTX_DAG_OWNER='***' AIRFLOW_CTX_DAG_ID='DAG_catedra_***' AIRFLOW_CTX_TASK_ID='first-step-el' AIRFLOW_CTX_EXECUTION_DATE='2024-05-25T01:55:00+00:00' AIRFLOW_CTX_TRY_NUMBER='1' AIRFLOW_CTX_DAG_RUN_ID='scheduled__2024-05-25T01:55:00+00:00'
[2024-05-26T00:44:23.772+0000] {taskinstance.py:430} INFO - ::endgroup::
[2024-05-26T00:44:23.778+0000] {logging_mixin.py:188} INFO - Connection to database was succesful
[2024-05-26T00:44:23.790+0000] {logging_mixin.py:188} INFO - Query completed
[2024-05-26T00:44:23.795+0000] {logging_mixin.py:188} INFO - execute_query_result_set()
[2024-05-26T00:44:23.800+0000] {logging_mixin.py:188} INFO - Connection to database was succesful
[2024-05-26T00:44:23.802+0000] {logging_mixin.py:188} INFO - ERROR, INSERTS COULDN`T BE DONE
[2024-05-26T00:44:23.802+0000] {python.py:237} INFO - Done. Returned value was: None
[2024-05-26T00:44:23.803+0000] {taskinstance.py:441} INFO - ::group::Post task execution logs
[2024-05-26T00:44:23.811+0000] {taskinstance.py:1206} INFO - Marking task as SUCCESS. dag_id=DAG_catedra_***, task_id=first-step-el, run_id=scheduled__2024-05-25T01:55:00+00:00, execution_date=20240525T015500, start_date=20240526T004423, end_date=20240526T004423
[2024-05-26T00:44:23.856+0000] {local_task_job_runner.py:240} INFO - Task exited with return code 0
[2024-05-26T00:44:23.892+0000] {taskinstance.py:3498} INFO - 1 downstream tasks scheduled from follow-on schedule check
[2024-05-26T00:44:23.897+0000] {local_task_job_runner.py:222} INFO - ::endgroup::
[2024-05-26T02:01:01.038+0000] {local_task_job_runner.py:120} INFO - ::group::Pre task execution logs
[2024-05-26T02:01:01.093+0000] {taskinstance.py:2076} INFO - Dependencies all met for dep_context=non-requeueable deps ti=<TaskInstance: DAG_catedra_airflow.first-step-el scheduled__2024-05-25T01:55:00+00:00 [queued]>
[2024-05-26T02:01:01.118+0000] {taskinstance.py:2076} INFO - Dependencies all met for dep_context=requeueable deps ti=<TaskInstance: DAG_catedra_airflow.first-step-el scheduled__2024-05-25T01:55:00+00:00 [queued]>
[2024-05-26T02:01:01.119+0000] {taskinstance.py:2306} INFO - Starting attempt 1 of 1
[2024-05-26T02:01:01.143+0000] {taskinstance.py:2330} INFO - Executing <Task(PythonOperator): first-step-el> on 2024-05-25 01:55:00+00:00
[2024-05-26T02:01:01.158+0000] {warnings.py:110} WARNING - /home/***/.local/lib/python3.12/site-packages/***/task/task_runner/standard_task_runner.py:61: DeprecationWarning: This process (pid=201) is multi-threaded, use of fork() may lead to deadlocks in the child.
  pid = os.fork()

[2024-05-26T02:01:01.161+0000] {standard_task_runner.py:63} INFO - Started process 203 to run task
[2024-05-26T02:01:01.173+0000] {standard_task_runner.py:90} INFO - Running: ['***', 'tasks', 'run', 'DAG_catedra_***', 'first-step-el', 'scheduled__2024-05-25T01:55:00+00:00', '--job-id', '43', '--raw', '--subdir', 'DAGS_FOLDER/dag_clase.py', '--cfg-path', '/tmp/tmpig_48er0']
[2024-05-26T02:01:01.175+0000] {standard_task_runner.py:91} INFO - Job 43: Subtask first-step-el
[2024-05-26T02:01:01.283+0000] {task_command.py:426} INFO - Running <TaskInstance: DAG_catedra_airflow.first-step-el scheduled__2024-05-25T01:55:00+00:00 [running]> on host da1b21f42040
[2024-05-26T02:01:01.491+0000] {taskinstance.py:2648} INFO - Exporting env vars: AIRFLOW_CTX_DAG_OWNER='***' AIRFLOW_CTX_DAG_ID='DAG_catedra_***' AIRFLOW_CTX_TASK_ID='first-step-el' AIRFLOW_CTX_EXECUTION_DATE='2024-05-25T01:55:00+00:00' AIRFLOW_CTX_TRY_NUMBER='1' AIRFLOW_CTX_DAG_RUN_ID='scheduled__2024-05-25T01:55:00+00:00'
[2024-05-26T02:01:01.494+0000] {taskinstance.py:430} INFO - ::endgroup::
[2024-05-26T02:01:01.517+0000] {logging_mixin.py:188} INFO - The connection to the DB was succesful
[2024-05-26T02:01:01.570+0000] {logging_mixin.py:188} INFO - Query completed
[2024-05-26T02:01:01.598+0000] {logging_mixin.py:188} INFO - execute_query_result_set()
[2024-05-26T02:01:01.618+0000] {logging_mixin.py:188} INFO - The connection to the DB was succesful
[2024-05-26T02:01:01.629+0000] {logging_mixin.py:188} INFO - Inserts were comitted
[2024-05-26T02:01:01.636+0000] {python.py:237} INFO - Done. Returned value was: None
[2024-05-26T02:01:01.638+0000] {taskinstance.py:441} INFO - ::group::Post task execution logs
[2024-05-26T02:01:01.661+0000] {taskinstance.py:1206} INFO - Marking task as SUCCESS. dag_id=DAG_catedra_***, task_id=first-step-el, run_id=scheduled__2024-05-25T01:55:00+00:00, execution_date=20240525T015500, start_date=20240526T020101, end_date=20240526T020101
[2024-05-26T02:01:01.709+0000] {local_task_job_runner.py:240} INFO - Task exited with return code 0
[2024-05-26T02:01:01.757+0000] {taskinstance.py:3498} INFO - 1 downstream tasks scheduled from follow-on schedule check
[2024-05-26T02:01:01.766+0000] {local_task_job_runner.py:222} INFO - ::endgroup::
