[2024-05-25T21:19:07.674+0000] {local_task_job_runner.py:120} INFO - ::group::Pre task execution logs
[2024-05-25T21:19:07.711+0000] {taskinstance.py:2076} INFO - Dependencies all met for dep_context=non-requeueable deps ti=<TaskInstance: DAG_catedra_airflow.first-step-el scheduled__2024-05-25T01:20:00+00:00 [queued]>
[2024-05-25T21:19:07.721+0000] {taskinstance.py:2076} INFO - Dependencies all met for dep_context=requeueable deps ti=<TaskInstance: DAG_catedra_airflow.first-step-el scheduled__2024-05-25T01:20:00+00:00 [queued]>
[2024-05-25T21:19:07.722+0000] {taskinstance.py:2306} INFO - Starting attempt 1 of 1
[2024-05-25T21:19:07.738+0000] {taskinstance.py:2330} INFO - Executing <Task(PythonOperator): first-step-el> on 2024-05-25 01:20:00+00:00
[2024-05-25T21:19:07.745+0000] {warnings.py:110} WARNING - /home/***/.local/lib/python3.12/site-packages/***/task/task_runner/standard_task_runner.py:61: DeprecationWarning: This process (pid=683) is multi-threaded, use of fork() may lead to deadlocks in the child.
  pid = os.fork()

[2024-05-25T21:19:07.747+0000] {standard_task_runner.py:63} INFO - Started process 685 to run task
[2024-05-25T21:19:07.747+0000] {standard_task_runner.py:90} INFO - Running: ['***', 'tasks', 'run', 'DAG_catedra_***', 'first-step-el', 'scheduled__2024-05-25T01:20:00+00:00', '--job-id', '172', '--raw', '--subdir', 'DAGS_FOLDER/dag_clase.py', '--cfg-path', '/tmp/tmp5kdb0ge2']
[2024-05-25T21:19:07.749+0000] {standard_task_runner.py:91} INFO - Job 172: Subtask first-step-el
[2024-05-25T21:19:07.807+0000] {task_command.py:426} INFO - Running <TaskInstance: DAG_catedra_airflow.first-step-el scheduled__2024-05-25T01:20:00+00:00 [running]> on host b2cfee8f0b2b
[2024-05-25T21:19:07.924+0000] {taskinstance.py:2648} INFO - Exporting env vars: AIRFLOW_CTX_DAG_OWNER='***' AIRFLOW_CTX_DAG_ID='DAG_catedra_***' AIRFLOW_CTX_TASK_ID='first-step-el' AIRFLOW_CTX_EXECUTION_DATE='2024-05-25T01:20:00+00:00' AIRFLOW_CTX_TRY_NUMBER='1' AIRFLOW_CTX_DAG_RUN_ID='scheduled__2024-05-25T01:20:00+00:00'
[2024-05-25T21:19:07.925+0000] {taskinstance.py:430} INFO - ::endgroup::
[2024-05-25T21:19:07.937+0000] {logging_mixin.py:188} INFO - Connection to database was succesful
[2024-05-25T21:19:07.952+0000] {logging_mixin.py:188} INFO - Query completed
[2024-05-25T21:19:07.954+0000] {logging_mixin.py:188} INFO - execute_query_result_set()
[2024-05-25T21:19:07.961+0000] {logging_mixin.py:188} INFO - Connection to database was succesful
[2024-05-25T21:19:07.967+0000] {logging_mixin.py:188} INFO - Inserts performed wihout fail
[2024-05-25T21:19:07.968+0000] {python.py:237} INFO - Done. Returned value was: None
[2024-05-25T21:19:07.968+0000] {taskinstance.py:441} INFO - ::group::Post task execution logs
[2024-05-25T21:19:07.978+0000] {taskinstance.py:1206} INFO - Marking task as SUCCESS. dag_id=DAG_catedra_***, task_id=first-step-el, run_id=scheduled__2024-05-25T01:20:00+00:00, execution_date=20240525T012000, start_date=20240525T211907, end_date=20240525T211907
[2024-05-25T21:19:08.003+0000] {local_task_job_runner.py:240} INFO - Task exited with return code 0
[2024-05-25T21:19:08.026+0000] {taskinstance.py:3498} INFO - 1 downstream tasks scheduled from follow-on schedule check
[2024-05-25T21:19:08.035+0000] {local_task_job_runner.py:222} INFO - ::endgroup::
[2024-05-26T00:43:51.955+0000] {local_task_job_runner.py:120} INFO - ::group::Pre task execution logs
[2024-05-26T00:43:51.975+0000] {taskinstance.py:2076} INFO - Dependencies all met for dep_context=non-requeueable deps ti=<TaskInstance: DAG_catedra_airflow.first-step-el scheduled__2024-05-25T01:20:00+00:00 [queued]>
[2024-05-26T00:43:51.982+0000] {taskinstance.py:2076} INFO - Dependencies all met for dep_context=requeueable deps ti=<TaskInstance: DAG_catedra_airflow.first-step-el scheduled__2024-05-25T01:20:00+00:00 [queued]>
[2024-05-26T00:43:51.983+0000] {taskinstance.py:2306} INFO - Starting attempt 1 of 1
[2024-05-26T00:43:51.995+0000] {taskinstance.py:2330} INFO - Executing <Task(PythonOperator): first-step-el> on 2024-05-25 01:20:00+00:00
[2024-05-26T00:43:52.002+0000] {warnings.py:110} WARNING - /home/***/.local/lib/python3.12/site-packages/***/task/task_runner/standard_task_runner.py:61: DeprecationWarning: This process (pid=145) is multi-threaded, use of fork() may lead to deadlocks in the child.
  pid = os.fork()

[2024-05-26T00:43:52.004+0000] {standard_task_runner.py:63} INFO - Started process 147 to run task
[2024-05-26T00:43:52.004+0000] {standard_task_runner.py:90} INFO - Running: ['***', 'tasks', 'run', 'DAG_catedra_***', 'first-step-el', 'scheduled__2024-05-25T01:20:00+00:00', '--job-id', '29', '--raw', '--subdir', 'DAGS_FOLDER/dag_clase.py', '--cfg-path', '/tmp/tmpr_brnbmu']
[2024-05-26T00:43:52.005+0000] {standard_task_runner.py:91} INFO - Job 29: Subtask first-step-el
[2024-05-26T00:43:52.041+0000] {task_command.py:426} INFO - Running <TaskInstance: DAG_catedra_airflow.first-step-el scheduled__2024-05-25T01:20:00+00:00 [running]> on host bb8f67d70e6d
[2024-05-26T00:43:52.113+0000] {taskinstance.py:2648} INFO - Exporting env vars: AIRFLOW_CTX_DAG_OWNER='***' AIRFLOW_CTX_DAG_ID='DAG_catedra_***' AIRFLOW_CTX_TASK_ID='first-step-el' AIRFLOW_CTX_EXECUTION_DATE='2024-05-25T01:20:00+00:00' AIRFLOW_CTX_TRY_NUMBER='1' AIRFLOW_CTX_DAG_RUN_ID='scheduled__2024-05-25T01:20:00+00:00'
[2024-05-26T00:43:52.115+0000] {taskinstance.py:430} INFO - ::endgroup::
[2024-05-26T00:43:52.120+0000] {logging_mixin.py:188} INFO - Connection to database was succesful
[2024-05-26T00:43:52.129+0000] {logging_mixin.py:188} INFO - Query completed
[2024-05-26T00:43:52.132+0000] {logging_mixin.py:188} INFO - execute_query_result_set()
[2024-05-26T00:43:52.137+0000] {logging_mixin.py:188} INFO - Connection to database was succesful
[2024-05-26T00:43:52.138+0000] {logging_mixin.py:188} INFO - ERROR, INSERTS COULDN`T BE DONE
[2024-05-26T00:43:52.139+0000] {python.py:237} INFO - Done. Returned value was: None
[2024-05-26T00:43:52.139+0000] {taskinstance.py:441} INFO - ::group::Post task execution logs
[2024-05-26T00:43:52.146+0000] {taskinstance.py:1206} INFO - Marking task as SUCCESS. dag_id=DAG_catedra_***, task_id=first-step-el, run_id=scheduled__2024-05-25T01:20:00+00:00, execution_date=20240525T012000, start_date=20240526T004351, end_date=20240526T004352
[2024-05-26T00:43:52.178+0000] {local_task_job_runner.py:240} INFO - Task exited with return code 0
[2024-05-26T00:43:52.200+0000] {taskinstance.py:3498} INFO - 1 downstream tasks scheduled from follow-on schedule check
[2024-05-26T00:43:52.204+0000] {local_task_job_runner.py:222} INFO - ::endgroup::
[2024-05-26T02:00:25.615+0000] {local_task_job_runner.py:120} INFO - ::group::Pre task execution logs
[2024-05-26T02:00:25.682+0000] {taskinstance.py:2076} INFO - Dependencies all met for dep_context=non-requeueable deps ti=<TaskInstance: DAG_catedra_airflow.first-step-el scheduled__2024-05-25T01:20:00+00:00 [queued]>
[2024-05-26T02:00:25.704+0000] {taskinstance.py:2076} INFO - Dependencies all met for dep_context=requeueable deps ti=<TaskInstance: DAG_catedra_airflow.first-step-el scheduled__2024-05-25T01:20:00+00:00 [queued]>
[2024-05-26T02:00:25.705+0000] {taskinstance.py:2306} INFO - Starting attempt 1 of 1
[2024-05-26T02:00:25.734+0000] {taskinstance.py:2330} INFO - Executing <Task(PythonOperator): first-step-el> on 2024-05-25 01:20:00+00:00
[2024-05-26T02:00:25.746+0000] {warnings.py:110} WARNING - /home/***/.local/lib/python3.12/site-packages/***/task/task_runner/standard_task_runner.py:61: DeprecationWarning: This process (pid=152) is multi-threaded, use of fork() may lead to deadlocks in the child.
  pid = os.fork()

[2024-05-26T02:00:25.749+0000] {standard_task_runner.py:63} INFO - Started process 154 to run task
[2024-05-26T02:00:25.750+0000] {standard_task_runner.py:90} INFO - Running: ['***', 'tasks', 'run', 'DAG_catedra_***', 'first-step-el', 'scheduled__2024-05-25T01:20:00+00:00', '--job-id', '29', '--raw', '--subdir', 'DAGS_FOLDER/dag_clase.py', '--cfg-path', '/tmp/tmpcegpc3l3']
[2024-05-26T02:00:25.753+0000] {standard_task_runner.py:91} INFO - Job 29: Subtask first-step-el
[2024-05-26T02:00:25.857+0000] {task_command.py:426} INFO - Running <TaskInstance: DAG_catedra_airflow.first-step-el scheduled__2024-05-25T01:20:00+00:00 [running]> on host da1b21f42040
[2024-05-26T02:00:26.058+0000] {taskinstance.py:2648} INFO - Exporting env vars: AIRFLOW_CTX_DAG_OWNER='***' AIRFLOW_CTX_DAG_ID='DAG_catedra_***' AIRFLOW_CTX_TASK_ID='first-step-el' AIRFLOW_CTX_EXECUTION_DATE='2024-05-25T01:20:00+00:00' AIRFLOW_CTX_TRY_NUMBER='1' AIRFLOW_CTX_DAG_RUN_ID='scheduled__2024-05-25T01:20:00+00:00'
[2024-05-26T02:00:26.063+0000] {taskinstance.py:430} INFO - ::endgroup::
[2024-05-26T02:00:26.079+0000] {logging_mixin.py:188} INFO - The connection to the DB was succesful
[2024-05-26T02:00:26.115+0000] {logging_mixin.py:188} INFO - Query completed
[2024-05-26T02:00:26.123+0000] {logging_mixin.py:188} INFO - execute_query_result_set()
[2024-05-26T02:00:26.139+0000] {logging_mixin.py:188} INFO - The connection to the DB was succesful
[2024-05-26T02:00:26.152+0000] {logging_mixin.py:188} INFO - Inserts were comitted
[2024-05-26T02:00:26.153+0000] {python.py:237} INFO - Done. Returned value was: None
[2024-05-26T02:00:26.154+0000] {taskinstance.py:441} INFO - ::group::Post task execution logs
[2024-05-26T02:00:26.173+0000] {taskinstance.py:1206} INFO - Marking task as SUCCESS. dag_id=DAG_catedra_***, task_id=first-step-el, run_id=scheduled__2024-05-25T01:20:00+00:00, execution_date=20240525T012000, start_date=20240526T020025, end_date=20240526T020026
[2024-05-26T02:00:26.218+0000] {local_task_job_runner.py:240} INFO - Task exited with return code 0
[2024-05-26T02:00:26.284+0000] {taskinstance.py:3498} INFO - 1 downstream tasks scheduled from follow-on schedule check
[2024-05-26T02:00:26.293+0000] {local_task_job_runner.py:222} INFO - ::endgroup::
