[2024-05-25T21:19:59.120+0000] {local_task_job_runner.py:120} INFO - ::group::Pre task execution logs
[2024-05-25T21:19:59.144+0000] {taskinstance.py:2076} INFO - Dependencies all met for dep_context=non-requeueable deps ti=<TaskInstance: DAG_catedra_airflow.first-step-el scheduled__2024-05-25T01:30:00+00:00 [queued]>
[2024-05-25T21:19:59.152+0000] {taskinstance.py:2076} INFO - Dependencies all met for dep_context=requeueable deps ti=<TaskInstance: DAG_catedra_airflow.first-step-el scheduled__2024-05-25T01:30:00+00:00 [queued]>
[2024-05-25T21:19:59.153+0000] {taskinstance.py:2306} INFO - Starting attempt 1 of 1
[2024-05-25T21:19:59.166+0000] {taskinstance.py:2330} INFO - Executing <Task(PythonOperator): first-step-el> on 2024-05-25 01:30:00+00:00
[2024-05-25T21:19:59.173+0000] {warnings.py:110} WARNING - /home/***/.local/lib/python3.12/site-packages/***/task/task_runner/standard_task_runner.py:61: DeprecationWarning: This process (pid=756) is multi-threaded, use of fork() may lead to deadlocks in the child.
  pid = os.fork()

[2024-05-25T21:19:59.175+0000] {standard_task_runner.py:63} INFO - Started process 758 to run task
[2024-05-25T21:19:59.175+0000] {standard_task_runner.py:90} INFO - Running: ['***', 'tasks', 'run', 'DAG_catedra_***', 'first-step-el', 'scheduled__2024-05-25T01:30:00+00:00', '--job-id', '192', '--raw', '--subdir', 'DAGS_FOLDER/dag_clase.py', '--cfg-path', '/tmp/tmpe4ia9nge']
[2024-05-25T21:19:59.176+0000] {standard_task_runner.py:91} INFO - Job 192: Subtask first-step-el
[2024-05-25T21:19:59.213+0000] {task_command.py:426} INFO - Running <TaskInstance: DAG_catedra_airflow.first-step-el scheduled__2024-05-25T01:30:00+00:00 [running]> on host b2cfee8f0b2b
[2024-05-25T21:19:59.299+0000] {taskinstance.py:2648} INFO - Exporting env vars: AIRFLOW_CTX_DAG_OWNER='***' AIRFLOW_CTX_DAG_ID='DAG_catedra_***' AIRFLOW_CTX_TASK_ID='first-step-el' AIRFLOW_CTX_EXECUTION_DATE='2024-05-25T01:30:00+00:00' AIRFLOW_CTX_TRY_NUMBER='1' AIRFLOW_CTX_DAG_RUN_ID='scheduled__2024-05-25T01:30:00+00:00'
[2024-05-25T21:19:59.300+0000] {taskinstance.py:430} INFO - ::endgroup::
[2024-05-25T21:19:59.305+0000] {logging_mixin.py:188} INFO - Connection to database was succesful
[2024-05-25T21:19:59.315+0000] {logging_mixin.py:188} INFO - Query completed
[2024-05-25T21:19:59.318+0000] {logging_mixin.py:188} INFO - execute_query_result_set()
[2024-05-25T21:19:59.324+0000] {logging_mixin.py:188} INFO - Connection to database was succesful
[2024-05-25T21:19:59.332+0000] {logging_mixin.py:188} INFO - Inserts performed wihout fail
[2024-05-25T21:19:59.332+0000] {python.py:237} INFO - Done. Returned value was: None
[2024-05-25T21:19:59.333+0000] {taskinstance.py:441} INFO - ::group::Post task execution logs
[2024-05-25T21:19:59.342+0000] {taskinstance.py:1206} INFO - Marking task as SUCCESS. dag_id=DAG_catedra_***, task_id=first-step-el, run_id=scheduled__2024-05-25T01:30:00+00:00, execution_date=20240525T013000, start_date=20240525T211959, end_date=20240525T211959
[2024-05-25T21:19:59.388+0000] {local_task_job_runner.py:240} INFO - Task exited with return code 0
[2024-05-25T21:19:59.407+0000] {taskinstance.py:3498} INFO - 1 downstream tasks scheduled from follow-on schedule check
[2024-05-25T21:19:59.413+0000] {local_task_job_runner.py:222} INFO - ::endgroup::
[2024-05-26T00:43:59.553+0000] {local_task_job_runner.py:120} INFO - ::group::Pre task execution logs
[2024-05-26T00:43:59.573+0000] {taskinstance.py:2076} INFO - Dependencies all met for dep_context=non-requeueable deps ti=<TaskInstance: DAG_catedra_airflow.first-step-el scheduled__2024-05-25T01:30:00+00:00 [queued]>
[2024-05-26T00:43:59.581+0000] {taskinstance.py:2076} INFO - Dependencies all met for dep_context=requeueable deps ti=<TaskInstance: DAG_catedra_airflow.first-step-el scheduled__2024-05-25T01:30:00+00:00 [queued]>
[2024-05-26T00:43:59.582+0000] {taskinstance.py:2306} INFO - Starting attempt 1 of 1
[2024-05-26T00:43:59.594+0000] {taskinstance.py:2330} INFO - Executing <Task(PythonOperator): first-step-el> on 2024-05-25 01:30:00+00:00
[2024-05-26T00:43:59.601+0000] {warnings.py:110} WARNING - /home/***/.local/lib/python3.12/site-packages/***/task/task_runner/standard_task_runner.py:61: DeprecationWarning: This process (pid=157) is multi-threaded, use of fork() may lead to deadlocks in the child.
  pid = os.fork()

[2024-05-26T00:43:59.603+0000] {standard_task_runner.py:63} INFO - Started process 159 to run task
[2024-05-26T00:43:59.603+0000] {standard_task_runner.py:90} INFO - Running: ['***', 'tasks', 'run', 'DAG_catedra_***', 'first-step-el', 'scheduled__2024-05-25T01:30:00+00:00', '--job-id', '33', '--raw', '--subdir', 'DAGS_FOLDER/dag_clase.py', '--cfg-path', '/tmp/tmpmae4v3kh']
[2024-05-26T00:43:59.605+0000] {standard_task_runner.py:91} INFO - Job 33: Subtask first-step-el
[2024-05-26T00:43:59.643+0000] {task_command.py:426} INFO - Running <TaskInstance: DAG_catedra_airflow.first-step-el scheduled__2024-05-25T01:30:00+00:00 [running]> on host bb8f67d70e6d
[2024-05-26T00:43:59.719+0000] {taskinstance.py:2648} INFO - Exporting env vars: AIRFLOW_CTX_DAG_OWNER='***' AIRFLOW_CTX_DAG_ID='DAG_catedra_***' AIRFLOW_CTX_TASK_ID='first-step-el' AIRFLOW_CTX_EXECUTION_DATE='2024-05-25T01:30:00+00:00' AIRFLOW_CTX_TRY_NUMBER='1' AIRFLOW_CTX_DAG_RUN_ID='scheduled__2024-05-25T01:30:00+00:00'
[2024-05-26T00:43:59.720+0000] {taskinstance.py:430} INFO - ::endgroup::
[2024-05-26T00:43:59.725+0000] {logging_mixin.py:188} INFO - Connection to database was succesful
[2024-05-26T00:43:59.734+0000] {logging_mixin.py:188} INFO - Query completed
[2024-05-26T00:43:59.737+0000] {logging_mixin.py:188} INFO - execute_query_result_set()
[2024-05-26T00:43:59.742+0000] {logging_mixin.py:188} INFO - Connection to database was succesful
[2024-05-26T00:43:59.743+0000] {logging_mixin.py:188} INFO - ERROR, INSERTS COULDN`T BE DONE
[2024-05-26T00:43:59.744+0000] {python.py:237} INFO - Done. Returned value was: None
[2024-05-26T00:43:59.744+0000] {taskinstance.py:441} INFO - ::group::Post task execution logs
[2024-05-26T00:43:59.751+0000] {taskinstance.py:1206} INFO - Marking task as SUCCESS. dag_id=DAG_catedra_***, task_id=first-step-el, run_id=scheduled__2024-05-25T01:30:00+00:00, execution_date=20240525T013000, start_date=20240526T004359, end_date=20240526T004359
[2024-05-26T00:43:59.777+0000] {local_task_job_runner.py:240} INFO - Task exited with return code 0
[2024-05-26T00:43:59.795+0000] {taskinstance.py:3498} INFO - 1 downstream tasks scheduled from follow-on schedule check
[2024-05-26T00:43:59.803+0000] {local_task_job_runner.py:222} INFO - ::endgroup::
[2024-05-26T02:00:37.300+0000] {local_task_job_runner.py:120} INFO - ::group::Pre task execution logs
[2024-05-26T02:00:37.330+0000] {taskinstance.py:2076} INFO - Dependencies all met for dep_context=non-requeueable deps ti=<TaskInstance: DAG_catedra_airflow.first-step-el scheduled__2024-05-25T01:30:00+00:00 [queued]>
[2024-05-26T02:00:37.342+0000] {taskinstance.py:2076} INFO - Dependencies all met for dep_context=requeueable deps ti=<TaskInstance: DAG_catedra_airflow.first-step-el scheduled__2024-05-25T01:30:00+00:00 [queued]>
[2024-05-26T02:00:37.342+0000] {taskinstance.py:2306} INFO - Starting attempt 1 of 1
[2024-05-26T02:00:37.359+0000] {taskinstance.py:2330} INFO - Executing <Task(PythonOperator): first-step-el> on 2024-05-25 01:30:00+00:00
[2024-05-26T02:00:37.366+0000] {warnings.py:110} WARNING - /home/***/.local/lib/python3.12/site-packages/***/task/task_runner/standard_task_runner.py:61: DeprecationWarning: This process (pid=164) is multi-threaded, use of fork() may lead to deadlocks in the child.
  pid = os.fork()

[2024-05-26T02:00:37.368+0000] {standard_task_runner.py:63} INFO - Started process 166 to run task
[2024-05-26T02:00:37.369+0000] {standard_task_runner.py:90} INFO - Running: ['***', 'tasks', 'run', 'DAG_catedra_***', 'first-step-el', 'scheduled__2024-05-25T01:30:00+00:00', '--job-id', '33', '--raw', '--subdir', 'DAGS_FOLDER/dag_clase.py', '--cfg-path', '/tmp/tmpsegimwve']
[2024-05-26T02:00:37.370+0000] {standard_task_runner.py:91} INFO - Job 33: Subtask first-step-el
[2024-05-26T02:00:37.424+0000] {task_command.py:426} INFO - Running <TaskInstance: DAG_catedra_airflow.first-step-el scheduled__2024-05-25T01:30:00+00:00 [running]> on host da1b21f42040
[2024-05-26T02:00:37.534+0000] {taskinstance.py:2648} INFO - Exporting env vars: AIRFLOW_CTX_DAG_OWNER='***' AIRFLOW_CTX_DAG_ID='DAG_catedra_***' AIRFLOW_CTX_TASK_ID='first-step-el' AIRFLOW_CTX_EXECUTION_DATE='2024-05-25T01:30:00+00:00' AIRFLOW_CTX_TRY_NUMBER='1' AIRFLOW_CTX_DAG_RUN_ID='scheduled__2024-05-25T01:30:00+00:00'
[2024-05-26T02:00:37.536+0000] {taskinstance.py:430} INFO - ::endgroup::
[2024-05-26T02:00:37.543+0000] {logging_mixin.py:188} INFO - The connection to the DB was succesful
[2024-05-26T02:00:37.556+0000] {logging_mixin.py:188} INFO - Query completed
[2024-05-26T02:00:37.561+0000] {logging_mixin.py:188} INFO - execute_query_result_set()
[2024-05-26T02:00:37.569+0000] {logging_mixin.py:188} INFO - The connection to the DB was succesful
[2024-05-26T02:00:37.575+0000] {logging_mixin.py:188} INFO - Inserts were comitted
[2024-05-26T02:00:37.576+0000] {python.py:237} INFO - Done. Returned value was: None
[2024-05-26T02:00:37.576+0000] {taskinstance.py:441} INFO - ::group::Post task execution logs
[2024-05-26T02:00:37.585+0000] {taskinstance.py:1206} INFO - Marking task as SUCCESS. dag_id=DAG_catedra_***, task_id=first-step-el, run_id=scheduled__2024-05-25T01:30:00+00:00, execution_date=20240525T013000, start_date=20240526T020037, end_date=20240526T020037
[2024-05-26T02:00:37.622+0000] {local_task_job_runner.py:240} INFO - Task exited with return code 0
[2024-05-26T02:00:37.656+0000] {taskinstance.py:3498} INFO - 1 downstream tasks scheduled from follow-on schedule check
[2024-05-26T02:00:37.665+0000] {local_task_job_runner.py:222} INFO - ::endgroup::
