[2024-05-26T02:04:07.407+0000] {local_task_job_runner.py:120} INFO - ::group::Pre task execution logs
[2024-05-26T02:04:07.425+0000] {taskinstance.py:2076} INFO - Dependencies all met for dep_context=non-requeueable deps ti=<TaskInstance: DAG_catedra_airflow.second-step-el scheduled__2024-05-25T02:45:00+00:00 [queued]>
[2024-05-26T02:04:07.433+0000] {taskinstance.py:2076} INFO - Dependencies all met for dep_context=requeueable deps ti=<TaskInstance: DAG_catedra_airflow.second-step-el scheduled__2024-05-25T02:45:00+00:00 [queued]>
[2024-05-26T02:04:07.433+0000] {taskinstance.py:2306} INFO - Starting attempt 1 of 1
[2024-05-26T02:04:07.447+0000] {taskinstance.py:2330} INFO - Executing <Task(PythonOperator): second-step-el> on 2024-05-25 02:45:00+00:00
[2024-05-26T02:04:07.453+0000] {warnings.py:110} WARNING - /home/***/.local/lib/python3.12/site-packages/***/task/task_runner/standard_task_runner.py:61: DeprecationWarning: This process (pid=300) is multi-threaded, use of fork() may lead to deadlocks in the child.
  pid = os.fork()

[2024-05-26T02:04:07.454+0000] {standard_task_runner.py:63} INFO - Started process 302 to run task
[2024-05-26T02:04:07.455+0000] {standard_task_runner.py:90} INFO - Running: ['***', 'tasks', 'run', 'DAG_catedra_***', 'second-step-el', 'scheduled__2024-05-25T02:45:00+00:00', '--job-id', '64', '--raw', '--subdir', 'DAGS_FOLDER/dag_clase.py', '--cfg-path', '/tmp/tmptrnmwm56']
[2024-05-26T02:04:07.456+0000] {standard_task_runner.py:91} INFO - Job 64: Subtask second-step-el
[2024-05-26T02:04:07.493+0000] {task_command.py:426} INFO - Running <TaskInstance: DAG_catedra_airflow.second-step-el scheduled__2024-05-25T02:45:00+00:00 [running]> on host da1b21f42040
[2024-05-26T02:04:07.582+0000] {taskinstance.py:2648} INFO - Exporting env vars: AIRFLOW_CTX_DAG_OWNER='***' AIRFLOW_CTX_DAG_ID='DAG_catedra_***' AIRFLOW_CTX_TASK_ID='second-step-el' AIRFLOW_CTX_EXECUTION_DATE='2024-05-25T02:45:00+00:00' AIRFLOW_CTX_TRY_NUMBER='1' AIRFLOW_CTX_DAG_RUN_ID='scheduled__2024-05-25T02:45:00+00:00'
[2024-05-26T02:04:07.586+0000] {taskinstance.py:430} INFO - ::endgroup::
[2024-05-26T02:04:07.594+0000] {logging_mixin.py:188} INFO - The connection to the DB was succesful
[2024-05-26T02:04:07.611+0000] {logging_mixin.py:188} INFO - Query completed
[2024-05-26T02:04:07.617+0000] {logging_mixin.py:188} INFO - execute_query_result_set()
[2024-05-26T02:04:07.623+0000] {logging_mixin.py:188} INFO - The connection to the DB was succesful
[2024-05-26T02:04:07.633+0000] {logging_mixin.py:188} INFO - Inserts were comitted
[2024-05-26T02:04:07.634+0000] {python.py:237} INFO - Done. Returned value was: None
[2024-05-26T02:04:07.635+0000] {taskinstance.py:441} INFO - ::group::Post task execution logs
[2024-05-26T02:04:07.644+0000] {taskinstance.py:1206} INFO - Marking task as SUCCESS. dag_id=DAG_catedra_***, task_id=second-step-el, run_id=scheduled__2024-05-25T02:45:00+00:00, execution_date=20240525T024500, start_date=20240526T020407, end_date=20240526T020407
[2024-05-26T02:04:07.708+0000] {local_task_job_runner.py:240} INFO - Task exited with return code 0
[2024-05-26T02:04:07.722+0000] {taskinstance.py:3498} INFO - 0 downstream tasks scheduled from follow-on schedule check
[2024-05-26T02:04:07.726+0000] {local_task_job_runner.py:222} INFO - ::endgroup::
