[2024-05-26T00:44:46.387+0000] {local_task_job_runner.py:120} INFO - ::group::Pre task execution logs
[2024-05-26T00:44:46.441+0000] {taskinstance.py:2076} INFO - Dependencies all met for dep_context=non-requeueable deps ti=<TaskInstance: DAG_catedra_airflow.first-step-el scheduled__2024-05-25T02:15:00+00:00 [queued]>
[2024-05-26T00:44:46.459+0000] {taskinstance.py:2076} INFO - Dependencies all met for dep_context=requeueable deps ti=<TaskInstance: DAG_catedra_airflow.first-step-el scheduled__2024-05-25T02:15:00+00:00 [queued]>
[2024-05-26T00:44:46.460+0000] {taskinstance.py:2306} INFO - Starting attempt 1 of 1
[2024-05-26T00:44:46.491+0000] {taskinstance.py:2330} INFO - Executing <Task(PythonOperator): first-step-el> on 2024-05-25 02:15:00+00:00
[2024-05-26T00:44:46.506+0000] {warnings.py:110} WARNING - /home/***/.local/lib/python3.12/site-packages/***/task/task_runner/standard_task_runner.py:61: DeprecationWarning: This process (pid=225) is multi-threaded, use of fork() may lead to deadlocks in the child.
  pid = os.fork()

[2024-05-26T00:44:46.510+0000] {standard_task_runner.py:63} INFO - Started process 227 to run task
[2024-05-26T00:44:46.508+0000] {standard_task_runner.py:90} INFO - Running: ['***', 'tasks', 'run', 'DAG_catedra_***', 'first-step-el', 'scheduled__2024-05-25T02:15:00+00:00', '--job-id', '51', '--raw', '--subdir', 'DAGS_FOLDER/dag_clase.py', '--cfg-path', '/tmp/tmpag2_m988']
[2024-05-26T00:44:46.511+0000] {standard_task_runner.py:91} INFO - Job 51: Subtask first-step-el
[2024-05-26T00:44:46.618+0000] {task_command.py:426} INFO - Running <TaskInstance: DAG_catedra_airflow.first-step-el scheduled__2024-05-25T02:15:00+00:00 [running]> on host bb8f67d70e6d
[2024-05-26T00:44:46.833+0000] {taskinstance.py:2648} INFO - Exporting env vars: AIRFLOW_CTX_DAG_OWNER='***' AIRFLOW_CTX_DAG_ID='DAG_catedra_***' AIRFLOW_CTX_TASK_ID='first-step-el' AIRFLOW_CTX_EXECUTION_DATE='2024-05-25T02:15:00+00:00' AIRFLOW_CTX_TRY_NUMBER='1' AIRFLOW_CTX_DAG_RUN_ID='scheduled__2024-05-25T02:15:00+00:00'
[2024-05-26T00:44:46.838+0000] {taskinstance.py:430} INFO - ::endgroup::
[2024-05-26T00:44:46.851+0000] {logging_mixin.py:188} INFO - Connection to database was succesful
[2024-05-26T00:44:46.876+0000] {logging_mixin.py:188} INFO - Query completed
[2024-05-26T00:44:46.883+0000] {logging_mixin.py:188} INFO - execute_query_result_set()
[2024-05-26T00:44:46.900+0000] {logging_mixin.py:188} INFO - Connection to database was succesful
[2024-05-26T00:44:46.902+0000] {logging_mixin.py:188} INFO - ERROR, INSERTS COULDN`T BE DONE
[2024-05-26T00:44:46.906+0000] {python.py:237} INFO - Done. Returned value was: None
[2024-05-26T00:44:46.909+0000] {taskinstance.py:441} INFO - ::group::Post task execution logs
[2024-05-26T00:44:46.924+0000] {taskinstance.py:1206} INFO - Marking task as SUCCESS. dag_id=DAG_catedra_***, task_id=first-step-el, run_id=scheduled__2024-05-25T02:15:00+00:00, execution_date=20240525T021500, start_date=20240526T004446, end_date=20240526T004446
[2024-05-26T00:44:46.970+0000] {local_task_job_runner.py:240} INFO - Task exited with return code 0
[2024-05-26T00:44:47.011+0000] {taskinstance.py:3498} INFO - 1 downstream tasks scheduled from follow-on schedule check
[2024-05-26T00:44:47.021+0000] {local_task_job_runner.py:222} INFO - ::endgroup::
[2024-05-26T02:01:21.453+0000] {local_task_job_runner.py:120} INFO - ::group::Pre task execution logs
[2024-05-26T02:01:21.475+0000] {taskinstance.py:2076} INFO - Dependencies all met for dep_context=non-requeueable deps ti=<TaskInstance: DAG_catedra_airflow.first-step-el scheduled__2024-05-25T02:15:00+00:00 [queued]>
[2024-05-26T02:01:21.483+0000] {taskinstance.py:2076} INFO - Dependencies all met for dep_context=requeueable deps ti=<TaskInstance: DAG_catedra_airflow.first-step-el scheduled__2024-05-25T02:15:00+00:00 [queued]>
[2024-05-26T02:01:21.483+0000] {taskinstance.py:2306} INFO - Starting attempt 1 of 1
[2024-05-26T02:01:21.499+0000] {taskinstance.py:2330} INFO - Executing <Task(PythonOperator): first-step-el> on 2024-05-25 02:15:00+00:00
[2024-05-26T02:01:21.504+0000] {warnings.py:110} WARNING - /home/***/.local/lib/python3.12/site-packages/***/task/task_runner/standard_task_runner.py:61: DeprecationWarning: This process (pid=225) is multi-threaded, use of fork() may lead to deadlocks in the child.
  pid = os.fork()

[2024-05-26T02:01:21.506+0000] {standard_task_runner.py:63} INFO - Started process 227 to run task
[2024-05-26T02:01:21.506+0000] {standard_task_runner.py:90} INFO - Running: ['***', 'tasks', 'run', 'DAG_catedra_***', 'first-step-el', 'scheduled__2024-05-25T02:15:00+00:00', '--job-id', '51', '--raw', '--subdir', 'DAGS_FOLDER/dag_clase.py', '--cfg-path', '/tmp/tmpanamkhg1']
[2024-05-26T02:01:21.507+0000] {standard_task_runner.py:91} INFO - Job 51: Subtask first-step-el
[2024-05-26T02:01:21.548+0000] {task_command.py:426} INFO - Running <TaskInstance: DAG_catedra_airflow.first-step-el scheduled__2024-05-25T02:15:00+00:00 [running]> on host da1b21f42040
[2024-05-26T02:01:21.635+0000] {taskinstance.py:2648} INFO - Exporting env vars: AIRFLOW_CTX_DAG_OWNER='***' AIRFLOW_CTX_DAG_ID='DAG_catedra_***' AIRFLOW_CTX_TASK_ID='first-step-el' AIRFLOW_CTX_EXECUTION_DATE='2024-05-25T02:15:00+00:00' AIRFLOW_CTX_TRY_NUMBER='1' AIRFLOW_CTX_DAG_RUN_ID='scheduled__2024-05-25T02:15:00+00:00'
[2024-05-26T02:01:21.636+0000] {taskinstance.py:430} INFO - ::endgroup::
[2024-05-26T02:01:21.642+0000] {logging_mixin.py:188} INFO - The connection to the DB was succesful
[2024-05-26T02:01:21.652+0000] {logging_mixin.py:188} INFO - Query completed
[2024-05-26T02:01:21.655+0000] {logging_mixin.py:188} INFO - execute_query_result_set()
[2024-05-26T02:01:21.661+0000] {logging_mixin.py:188} INFO - The connection to the DB was succesful
[2024-05-26T02:01:21.669+0000] {logging_mixin.py:188} INFO - Inserts were comitted
[2024-05-26T02:01:21.670+0000] {python.py:237} INFO - Done. Returned value was: None
[2024-05-26T02:01:21.670+0000] {taskinstance.py:441} INFO - ::group::Post task execution logs
[2024-05-26T02:01:21.679+0000] {taskinstance.py:1206} INFO - Marking task as SUCCESS. dag_id=DAG_catedra_***, task_id=first-step-el, run_id=scheduled__2024-05-25T02:15:00+00:00, execution_date=20240525T021500, start_date=20240526T020121, end_date=20240526T020121
[2024-05-26T02:01:21.720+0000] {local_task_job_runner.py:240} INFO - Task exited with return code 0
[2024-05-26T02:01:21.749+0000] {taskinstance.py:3498} INFO - 1 downstream tasks scheduled from follow-on schedule check
[2024-05-26T02:01:21.755+0000] {local_task_job_runner.py:222} INFO - ::endgroup::
