[2024-05-26T00:44:25.603+0000] {local_task_job_runner.py:120} INFO - ::group::Pre task execution logs
[2024-05-26T00:44:25.631+0000] {taskinstance.py:2076} INFO - Dependencies all met for dep_context=non-requeueable deps ti=<TaskInstance: DAG_catedra_airflow.second-step-el scheduled__2024-05-25T01:55:00+00:00 [queued]>
[2024-05-26T00:44:25.640+0000] {taskinstance.py:2076} INFO - Dependencies all met for dep_context=requeueable deps ti=<TaskInstance: DAG_catedra_airflow.second-step-el scheduled__2024-05-25T01:55:00+00:00 [queued]>
[2024-05-26T00:44:25.641+0000] {taskinstance.py:2306} INFO - Starting attempt 1 of 1
[2024-05-26T00:44:25.659+0000] {taskinstance.py:2330} INFO - Executing <Task(PythonOperator): second-step-el> on 2024-05-25 01:55:00+00:00
[2024-05-26T00:44:25.668+0000] {warnings.py:110} WARNING - /home/***/.local/lib/python3.12/site-packages/***/task/task_runner/standard_task_runner.py:61: DeprecationWarning: This process (pid=197) is multi-threaded, use of fork() may lead to deadlocks in the child.
  pid = os.fork()

[2024-05-26T00:44:25.670+0000] {standard_task_runner.py:63} INFO - Started process 199 to run task
[2024-05-26T00:44:25.671+0000] {standard_task_runner.py:90} INFO - Running: ['***', 'tasks', 'run', 'DAG_catedra_***', 'second-step-el', 'scheduled__2024-05-25T01:55:00+00:00', '--job-id', '44', '--raw', '--subdir', 'DAGS_FOLDER/dag_clase.py', '--cfg-path', '/tmp/tmpdw1d1qvp']
[2024-05-26T00:44:25.673+0000] {standard_task_runner.py:91} INFO - Job 44: Subtask second-step-el
[2024-05-26T00:44:25.728+0000] {task_command.py:426} INFO - Running <TaskInstance: DAG_catedra_airflow.second-step-el scheduled__2024-05-25T01:55:00+00:00 [running]> on host bb8f67d70e6d
[2024-05-26T00:44:25.839+0000] {taskinstance.py:2648} INFO - Exporting env vars: AIRFLOW_CTX_DAG_OWNER='***' AIRFLOW_CTX_DAG_ID='DAG_catedra_***' AIRFLOW_CTX_TASK_ID='second-step-el' AIRFLOW_CTX_EXECUTION_DATE='2024-05-25T01:55:00+00:00' AIRFLOW_CTX_TRY_NUMBER='1' AIRFLOW_CTX_DAG_RUN_ID='scheduled__2024-05-25T01:55:00+00:00'
[2024-05-26T00:44:25.840+0000] {taskinstance.py:430} INFO - ::endgroup::
[2024-05-26T00:44:25.847+0000] {logging_mixin.py:188} INFO - Connection to database was succesful
[2024-05-26T00:44:25.855+0000] {logging_mixin.py:188} INFO - query failed, df empty
[2024-05-26T00:44:25.861+0000] {logging_mixin.py:188} INFO - execute_query_result_set()
[2024-05-26T00:44:25.867+0000] {logging_mixin.py:188} INFO - Connection to database was succesful
[2024-05-26T00:44:25.867+0000] {logging_mixin.py:188} INFO - Inserts performed wihout fail
[2024-05-26T00:44:25.868+0000] {python.py:237} INFO - Done. Returned value was: None
[2024-05-26T00:44:25.869+0000] {taskinstance.py:441} INFO - ::group::Post task execution logs
[2024-05-26T00:44:25.877+0000] {taskinstance.py:1206} INFO - Marking task as SUCCESS. dag_id=DAG_catedra_***, task_id=second-step-el, run_id=scheduled__2024-05-25T01:55:00+00:00, execution_date=20240525T015500, start_date=20240526T004425, end_date=20240526T004425
[2024-05-26T00:44:25.925+0000] {local_task_job_runner.py:240} INFO - Task exited with return code 0
[2024-05-26T00:44:25.950+0000] {taskinstance.py:3498} INFO - 0 downstream tasks scheduled from follow-on schedule check
[2024-05-26T00:44:25.956+0000] {local_task_job_runner.py:222} INFO - ::endgroup::
[2024-05-26T02:01:04.623+0000] {local_task_job_runner.py:120} INFO - ::group::Pre task execution logs
[2024-05-26T02:01:04.665+0000] {taskinstance.py:2076} INFO - Dependencies all met for dep_context=non-requeueable deps ti=<TaskInstance: DAG_catedra_airflow.second-step-el scheduled__2024-05-25T01:55:00+00:00 [queued]>
[2024-05-26T02:01:04.685+0000] {taskinstance.py:2076} INFO - Dependencies all met for dep_context=requeueable deps ti=<TaskInstance: DAG_catedra_airflow.second-step-el scheduled__2024-05-25T01:55:00+00:00 [queued]>
[2024-05-26T02:01:04.686+0000] {taskinstance.py:2306} INFO - Starting attempt 1 of 1
[2024-05-26T02:01:04.711+0000] {taskinstance.py:2330} INFO - Executing <Task(PythonOperator): second-step-el> on 2024-05-25 01:55:00+00:00
[2024-05-26T02:01:04.726+0000] {standard_task_runner.py:90} INFO - Running: ['***', 'tasks', 'run', 'DAG_catedra_***', 'second-step-el', 'scheduled__2024-05-25T01:55:00+00:00', '--job-id', '44', '--raw', '--subdir', 'DAGS_FOLDER/dag_clase.py', '--cfg-path', '/tmp/tmp9b10gu98']
[2024-05-26T02:01:04.723+0000] {warnings.py:110} WARNING - /home/***/.local/lib/python3.12/site-packages/***/task/task_runner/standard_task_runner.py:61: DeprecationWarning: This process (pid=204) is multi-threaded, use of fork() may lead to deadlocks in the child.
  pid = os.fork()

[2024-05-26T02:01:04.728+0000] {standard_task_runner.py:91} INFO - Job 44: Subtask second-step-el
[2024-05-26T02:01:04.728+0000] {standard_task_runner.py:63} INFO - Started process 206 to run task
[2024-05-26T02:01:04.804+0000] {task_command.py:426} INFO - Running <TaskInstance: DAG_catedra_airflow.second-step-el scheduled__2024-05-25T01:55:00+00:00 [running]> on host da1b21f42040
[2024-05-26T02:01:04.963+0000] {taskinstance.py:2648} INFO - Exporting env vars: AIRFLOW_CTX_DAG_OWNER='***' AIRFLOW_CTX_DAG_ID='DAG_catedra_***' AIRFLOW_CTX_TASK_ID='second-step-el' AIRFLOW_CTX_EXECUTION_DATE='2024-05-25T01:55:00+00:00' AIRFLOW_CTX_TRY_NUMBER='1' AIRFLOW_CTX_DAG_RUN_ID='scheduled__2024-05-25T01:55:00+00:00'
[2024-05-26T02:01:04.965+0000] {taskinstance.py:430} INFO - ::endgroup::
[2024-05-26T02:01:04.974+0000] {logging_mixin.py:188} INFO - The connection to the DB was succesful
[2024-05-26T02:01:04.997+0000] {logging_mixin.py:188} INFO - Query completed
[2024-05-26T02:01:05.007+0000] {logging_mixin.py:188} INFO - execute_query_result_set()
[2024-05-26T02:01:05.016+0000] {logging_mixin.py:188} INFO - The connection to the DB was succesful
[2024-05-26T02:01:05.024+0000] {logging_mixin.py:188} INFO - Inserts were comitted
[2024-05-26T02:01:05.026+0000] {python.py:237} INFO - Done. Returned value was: None
[2024-05-26T02:01:05.026+0000] {taskinstance.py:441} INFO - ::group::Post task execution logs
[2024-05-26T02:01:05.039+0000] {taskinstance.py:1206} INFO - Marking task as SUCCESS. dag_id=DAG_catedra_***, task_id=second-step-el, run_id=scheduled__2024-05-25T01:55:00+00:00, execution_date=20240525T015500, start_date=20240526T020104, end_date=20240526T020105
[2024-05-26T02:01:05.106+0000] {local_task_job_runner.py:240} INFO - Task exited with return code 0
[2024-05-26T02:01:05.131+0000] {taskinstance.py:3498} INFO - 0 downstream tasks scheduled from follow-on schedule check
[2024-05-26T02:01:05.140+0000] {local_task_job_runner.py:222} INFO - ::endgroup::
