[2024-05-25T21:15:17.816+0000] {local_task_job_runner.py:120} INFO - ::group::Pre task execution logs
[2024-05-25T21:15:17.856+0000] {taskinstance.py:2076} INFO - Dependencies all met for dep_context=non-requeueable deps ti=<TaskInstance: DAG_catedra_airflow.second-step-el scheduled__2024-05-25T00:35:00+00:00 [queued]>
[2024-05-25T21:15:17.869+0000] {taskinstance.py:2076} INFO - Dependencies all met for dep_context=requeueable deps ti=<TaskInstance: DAG_catedra_airflow.second-step-el scheduled__2024-05-25T00:35:00+00:00 [queued]>
[2024-05-25T21:15:17.870+0000] {taskinstance.py:2306} INFO - Starting attempt 1 of 1
[2024-05-25T21:15:17.889+0000] {taskinstance.py:2330} INFO - Executing <Task(PythonOperator): second-step-el> on 2024-05-25 00:35:00+00:00
[2024-05-25T21:15:17.898+0000] {warnings.py:110} WARNING - /home/***/.local/lib/python3.12/site-packages/***/task/task_runner/standard_task_runner.py:61: DeprecationWarning: This process (pid=373) is multi-threaded, use of fork() may lead to deadlocks in the child.
  pid = os.fork()

[2024-05-25T21:15:17.900+0000] {standard_task_runner.py:63} INFO - Started process 375 to run task
[2024-05-25T21:15:17.901+0000] {standard_task_runner.py:90} INFO - Running: ['***', 'tasks', 'run', 'DAG_catedra_***', 'second-step-el', 'scheduled__2024-05-25T00:35:00+00:00', '--job-id', '83', '--raw', '--subdir', 'DAGS_FOLDER/dag_clase.py', '--cfg-path', '/tmp/tmp013vdo8i']
[2024-05-25T21:15:17.903+0000] {standard_task_runner.py:91} INFO - Job 83: Subtask second-step-el
[2024-05-25T21:15:17.968+0000] {task_command.py:426} INFO - Running <TaskInstance: DAG_catedra_airflow.second-step-el scheduled__2024-05-25T00:35:00+00:00 [running]> on host b2cfee8f0b2b
[2024-05-25T21:15:18.112+0000] {taskinstance.py:2648} INFO - Exporting env vars: AIRFLOW_CTX_DAG_OWNER='***' AIRFLOW_CTX_DAG_ID='DAG_catedra_***' AIRFLOW_CTX_TASK_ID='second-step-el' AIRFLOW_CTX_EXECUTION_DATE='2024-05-25T00:35:00+00:00' AIRFLOW_CTX_TRY_NUMBER='1' AIRFLOW_CTX_DAG_RUN_ID='scheduled__2024-05-25T00:35:00+00:00'
[2024-05-25T21:15:18.114+0000] {taskinstance.py:430} INFO - ::endgroup::
[2024-05-25T21:15:18.126+0000] {logging_mixin.py:188} INFO - Connection to database was succesful
[2024-05-25T21:15:18.148+0000] {logging_mixin.py:188} INFO - Query completed
[2024-05-25T21:15:18.180+0000] {logging_mixin.py:188} INFO - execute_query_result_set()
[2024-05-25T21:15:18.189+0000] {logging_mixin.py:188} INFO - Connection to database was succesful
[2024-05-25T21:15:18.247+0000] {logging_mixin.py:188} INFO - Inserts performed wihout fail
[2024-05-25T21:15:18.248+0000] {python.py:237} INFO - Done. Returned value was: None
[2024-05-25T21:15:18.248+0000] {taskinstance.py:441} INFO - ::group::Post task execution logs
[2024-05-25T21:15:18.259+0000] {taskinstance.py:1206} INFO - Marking task as SUCCESS. dag_id=DAG_catedra_***, task_id=second-step-el, run_id=scheduled__2024-05-25T00:35:00+00:00, execution_date=20240525T003500, start_date=20240525T211517, end_date=20240525T211518
[2024-05-25T21:15:18.316+0000] {local_task_job_runner.py:240} INFO - Task exited with return code 0
[2024-05-25T21:15:18.340+0000] {taskinstance.py:3498} INFO - 0 downstream tasks scheduled from follow-on schedule check
[2024-05-25T21:15:18.348+0000] {local_task_job_runner.py:222} INFO - ::endgroup::
[2024-05-26T00:43:13.686+0000] {local_task_job_runner.py:120} INFO - ::group::Pre task execution logs
[2024-05-26T00:43:13.704+0000] {taskinstance.py:2076} INFO - Dependencies all met for dep_context=non-requeueable deps ti=<TaskInstance: DAG_catedra_airflow.second-step-el scheduled__2024-05-25T00:35:00+00:00 [queued]>
[2024-05-26T00:43:13.710+0000] {taskinstance.py:2076} INFO - Dependencies all met for dep_context=requeueable deps ti=<TaskInstance: DAG_catedra_airflow.second-step-el scheduled__2024-05-25T00:35:00+00:00 [queued]>
[2024-05-26T00:43:13.711+0000] {taskinstance.py:2306} INFO - Starting attempt 1 of 1
[2024-05-26T00:43:13.722+0000] {taskinstance.py:2330} INFO - Executing <Task(PythonOperator): second-step-el> on 2024-05-25 00:35:00+00:00
[2024-05-26T00:43:13.730+0000] {warnings.py:110} WARNING - /home/***/.local/lib/python3.12/site-packages/***/task/task_runner/standard_task_runner.py:61: DeprecationWarning: This process (pid=87) is multi-threaded, use of fork() may lead to deadlocks in the child.
  pid = os.fork()

[2024-05-26T00:43:13.732+0000] {standard_task_runner.py:63} INFO - Started process 89 to run task
[2024-05-26T00:43:13.732+0000] {standard_task_runner.py:90} INFO - Running: ['***', 'tasks', 'run', 'DAG_catedra_***', 'second-step-el', 'scheduled__2024-05-25T00:35:00+00:00', '--job-id', '12', '--raw', '--subdir', 'DAGS_FOLDER/dag_clase.py', '--cfg-path', '/tmp/tmp8vtn09_1']
[2024-05-26T00:43:13.733+0000] {standard_task_runner.py:91} INFO - Job 12: Subtask second-step-el
[2024-05-26T00:43:13.769+0000] {task_command.py:426} INFO - Running <TaskInstance: DAG_catedra_airflow.second-step-el scheduled__2024-05-25T00:35:00+00:00 [running]> on host bb8f67d70e6d
[2024-05-26T00:43:13.842+0000] {taskinstance.py:2648} INFO - Exporting env vars: AIRFLOW_CTX_DAG_OWNER='***' AIRFLOW_CTX_DAG_ID='DAG_catedra_***' AIRFLOW_CTX_TASK_ID='second-step-el' AIRFLOW_CTX_EXECUTION_DATE='2024-05-25T00:35:00+00:00' AIRFLOW_CTX_TRY_NUMBER='1' AIRFLOW_CTX_DAG_RUN_ID='scheduled__2024-05-25T00:35:00+00:00'
[2024-05-26T00:43:13.844+0000] {taskinstance.py:430} INFO - ::endgroup::
[2024-05-26T00:43:13.849+0000] {logging_mixin.py:188} INFO - Connection to database was succesful
[2024-05-26T00:43:13.855+0000] {logging_mixin.py:188} INFO - query failed, df empty
[2024-05-26T00:43:13.859+0000] {logging_mixin.py:188} INFO - execute_query_result_set()
[2024-05-26T00:43:13.863+0000] {logging_mixin.py:188} INFO - Connection to database was succesful
[2024-05-26T00:43:13.864+0000] {logging_mixin.py:188} INFO - Inserts performed wihout fail
[2024-05-26T00:43:13.864+0000] {python.py:237} INFO - Done. Returned value was: None
[2024-05-26T00:43:13.865+0000] {taskinstance.py:441} INFO - ::group::Post task execution logs
[2024-05-26T00:43:13.871+0000] {taskinstance.py:1206} INFO - Marking task as SUCCESS. dag_id=DAG_catedra_***, task_id=second-step-el, run_id=scheduled__2024-05-25T00:35:00+00:00, execution_date=20240525T003500, start_date=20240526T004313, end_date=20240526T004313
[2024-05-26T00:43:13.905+0000] {local_task_job_runner.py:240} INFO - Task exited with return code 0
[2024-05-26T00:43:13.920+0000] {taskinstance.py:3498} INFO - 0 downstream tasks scheduled from follow-on schedule check
[2024-05-26T00:43:13.928+0000] {local_task_job_runner.py:222} INFO - ::endgroup::
[2024-05-26T01:50:14.354+0000] {local_task_job_runner.py:120} INFO - ::group::Pre task execution logs
[2024-05-26T01:50:14.381+0000] {taskinstance.py:2076} INFO - Dependencies all met for dep_context=non-requeueable deps ti=<TaskInstance: DAG_catedra_airflow.second-step-el scheduled__2024-05-25T00:35:00+00:00 [queued]>
[2024-05-26T01:50:14.391+0000] {taskinstance.py:2076} INFO - Dependencies all met for dep_context=requeueable deps ti=<TaskInstance: DAG_catedra_airflow.second-step-el scheduled__2024-05-25T00:35:00+00:00 [queued]>
[2024-05-26T01:50:14.391+0000] {taskinstance.py:2306} INFO - Starting attempt 1 of 1
[2024-05-26T01:50:14.407+0000] {taskinstance.py:2330} INFO - Executing <Task(PythonOperator): second-step-el> on 2024-05-25 00:35:00+00:00
[2024-05-26T01:50:14.413+0000] {warnings.py:110} WARNING - /home/***/.local/lib/python3.12/site-packages/***/task/task_runner/standard_task_runner.py:61: DeprecationWarning: This process (pid=138) is multi-threaded, use of fork() may lead to deadlocks in the child.
  pid = os.fork()

[2024-05-26T01:50:14.415+0000] {standard_task_runner.py:63} INFO - Started process 140 to run task
[2024-05-26T01:50:14.416+0000] {standard_task_runner.py:90} INFO - Running: ['***', 'tasks', 'run', 'DAG_catedra_***', 'second-step-el', 'scheduled__2024-05-25T00:35:00+00:00', '--job-id', '22', '--raw', '--subdir', 'DAGS_FOLDER/dag_clase.py', '--cfg-path', '/tmp/tmp28paobyv']
[2024-05-26T01:50:14.418+0000] {standard_task_runner.py:91} INFO - Job 22: Subtask second-step-el
[2024-05-26T01:50:14.466+0000] {task_command.py:426} INFO - Running <TaskInstance: DAG_catedra_airflow.second-step-el scheduled__2024-05-25T00:35:00+00:00 [running]> on host 07ce07c9aa35
[2024-05-26T01:50:14.562+0000] {taskinstance.py:2648} INFO - Exporting env vars: AIRFLOW_CTX_DAG_OWNER='***' AIRFLOW_CTX_DAG_ID='DAG_catedra_***' AIRFLOW_CTX_TASK_ID='second-step-el' AIRFLOW_CTX_EXECUTION_DATE='2024-05-25T00:35:00+00:00' AIRFLOW_CTX_TRY_NUMBER='1' AIRFLOW_CTX_DAG_RUN_ID='scheduled__2024-05-25T00:35:00+00:00'
[2024-05-26T01:50:14.564+0000] {taskinstance.py:430} INFO - ::endgroup::
[2024-05-26T01:50:14.571+0000] {logging_mixin.py:188} INFO - The connection to the DB was succesful
[2024-05-26T01:50:14.585+0000] {logging_mixin.py:188} INFO - Query completed
[2024-05-26T01:50:14.591+0000] {logging_mixin.py:188} INFO - execute_query_result_set()
[2024-05-26T01:50:14.597+0000] {logging_mixin.py:188} INFO - The connection to the DB was succesful
[2024-05-26T01:50:14.603+0000] {logging_mixin.py:188} INFO - Inserts were comitted
[2024-05-26T01:50:14.604+0000] {python.py:237} INFO - Done. Returned value was: None
[2024-05-26T01:50:14.604+0000] {taskinstance.py:441} INFO - ::group::Post task execution logs
[2024-05-26T01:50:14.613+0000] {taskinstance.py:1206} INFO - Marking task as SUCCESS. dag_id=DAG_catedra_***, task_id=second-step-el, run_id=scheduled__2024-05-25T00:35:00+00:00, execution_date=20240525T003500, start_date=20240526T015014, end_date=20240526T015014
[2024-05-26T01:50:14.670+0000] {local_task_job_runner.py:240} INFO - Task exited with return code 0
[2024-05-26T01:50:14.698+0000] {taskinstance.py:3498} INFO - 0 downstream tasks scheduled from follow-on schedule check
[2024-05-26T01:50:14.703+0000] {local_task_job_runner.py:222} INFO - ::endgroup::
[2024-05-26T01:59:39.532+0000] {local_task_job_runner.py:120} INFO - ::group::Pre task execution logs
[2024-05-26T01:59:39.552+0000] {taskinstance.py:2076} INFO - Dependencies all met for dep_context=non-requeueable deps ti=<TaskInstance: DAG_catedra_airflow.second-step-el scheduled__2024-05-25T00:35:00+00:00 [queued]>
[2024-05-26T01:59:39.559+0000] {taskinstance.py:2076} INFO - Dependencies all met for dep_context=requeueable deps ti=<TaskInstance: DAG_catedra_airflow.second-step-el scheduled__2024-05-25T00:35:00+00:00 [queued]>
[2024-05-26T01:59:39.559+0000] {taskinstance.py:2306} INFO - Starting attempt 1 of 1
[2024-05-26T01:59:39.571+0000] {taskinstance.py:2330} INFO - Executing <Task(PythonOperator): second-step-el> on 2024-05-25 00:35:00+00:00
[2024-05-26T01:59:39.577+0000] {warnings.py:110} WARNING - /home/***/.local/lib/python3.12/site-packages/***/task/task_runner/standard_task_runner.py:61: DeprecationWarning: This process (pid=88) is multi-threaded, use of fork() may lead to deadlocks in the child.
  pid = os.fork()

[2024-05-26T01:59:39.579+0000] {standard_task_runner.py:63} INFO - Started process 90 to run task
[2024-05-26T01:59:39.579+0000] {standard_task_runner.py:90} INFO - Running: ['***', 'tasks', 'run', 'DAG_catedra_***', 'second-step-el', 'scheduled__2024-05-25T00:35:00+00:00', '--job-id', '12', '--raw', '--subdir', 'DAGS_FOLDER/dag_clase.py', '--cfg-path', '/tmp/tmpytgpko9h']
[2024-05-26T01:59:39.580+0000] {standard_task_runner.py:91} INFO - Job 12: Subtask second-step-el
[2024-05-26T01:59:39.617+0000] {task_command.py:426} INFO - Running <TaskInstance: DAG_catedra_airflow.second-step-el scheduled__2024-05-25T00:35:00+00:00 [running]> on host da1b21f42040
[2024-05-26T01:59:39.692+0000] {taskinstance.py:2648} INFO - Exporting env vars: AIRFLOW_CTX_DAG_OWNER='***' AIRFLOW_CTX_DAG_ID='DAG_catedra_***' AIRFLOW_CTX_TASK_ID='second-step-el' AIRFLOW_CTX_EXECUTION_DATE='2024-05-25T00:35:00+00:00' AIRFLOW_CTX_TRY_NUMBER='1' AIRFLOW_CTX_DAG_RUN_ID='scheduled__2024-05-25T00:35:00+00:00'
[2024-05-26T01:59:39.693+0000] {taskinstance.py:430} INFO - ::endgroup::
[2024-05-26T01:59:39.698+0000] {logging_mixin.py:188} INFO - The connection to the DB was succesful
[2024-05-26T01:59:39.709+0000] {logging_mixin.py:188} INFO - Query completed
[2024-05-26T01:59:39.713+0000] {logging_mixin.py:188} INFO - execute_query_result_set()
[2024-05-26T01:59:39.718+0000] {logging_mixin.py:188} INFO - The connection to the DB was succesful
[2024-05-26T01:59:39.722+0000] {logging_mixin.py:188} INFO - Inserts were comitted
[2024-05-26T01:59:39.723+0000] {python.py:237} INFO - Done. Returned value was: None
[2024-05-26T01:59:39.723+0000] {taskinstance.py:441} INFO - ::group::Post task execution logs
[2024-05-26T01:59:39.730+0000] {taskinstance.py:1206} INFO - Marking task as SUCCESS. dag_id=DAG_catedra_***, task_id=second-step-el, run_id=scheduled__2024-05-25T00:35:00+00:00, execution_date=20240525T003500, start_date=20240526T015939, end_date=20240526T015939
[2024-05-26T01:59:39.752+0000] {local_task_job_runner.py:240} INFO - Task exited with return code 0
[2024-05-26T01:59:39.765+0000] {taskinstance.py:3498} INFO - 0 downstream tasks scheduled from follow-on schedule check
[2024-05-26T01:59:39.776+0000] {local_task_job_runner.py:222} INFO - ::endgroup::
