[2024-05-26T00:44:28.651+0000] {local_task_job_runner.py:120} INFO - ::group::Pre task execution logs
[2024-05-26T00:44:28.672+0000] {taskinstance.py:2076} INFO - Dependencies all met for dep_context=non-requeueable deps ti=<TaskInstance: DAG_catedra_airflow.first-step-el scheduled__2024-05-25T02:00:00+00:00 [queued]>
[2024-05-26T00:44:28.681+0000] {taskinstance.py:2076} INFO - Dependencies all met for dep_context=requeueable deps ti=<TaskInstance: DAG_catedra_airflow.first-step-el scheduled__2024-05-25T02:00:00+00:00 [queued]>
[2024-05-26T00:44:28.682+0000] {taskinstance.py:2306} INFO - Starting attempt 1 of 1
[2024-05-26T00:44:28.696+0000] {taskinstance.py:2330} INFO - Executing <Task(PythonOperator): first-step-el> on 2024-05-25 02:00:00+00:00
[2024-05-26T00:44:28.703+0000] {warnings.py:110} WARNING - /home/***/.local/lib/python3.12/site-packages/***/task/task_runner/standard_task_runner.py:61: DeprecationWarning: This process (pid=200) is multi-threaded, use of fork() may lead to deadlocks in the child.
  pid = os.fork()

[2024-05-26T00:44:28.705+0000] {standard_task_runner.py:63} INFO - Started process 202 to run task
[2024-05-26T00:44:28.706+0000] {standard_task_runner.py:90} INFO - Running: ['***', 'tasks', 'run', 'DAG_catedra_***', 'first-step-el', 'scheduled__2024-05-25T02:00:00+00:00', '--job-id', '45', '--raw', '--subdir', 'DAGS_FOLDER/dag_clase.py', '--cfg-path', '/tmp/tmp39z9prnj']
[2024-05-26T00:44:28.707+0000] {standard_task_runner.py:91} INFO - Job 45: Subtask first-step-el
[2024-05-26T00:44:28.751+0000] {task_command.py:426} INFO - Running <TaskInstance: DAG_catedra_airflow.first-step-el scheduled__2024-05-25T02:00:00+00:00 [running]> on host bb8f67d70e6d
[2024-05-26T00:44:28.848+0000] {taskinstance.py:2648} INFO - Exporting env vars: AIRFLOW_CTX_DAG_OWNER='***' AIRFLOW_CTX_DAG_ID='DAG_catedra_***' AIRFLOW_CTX_TASK_ID='first-step-el' AIRFLOW_CTX_EXECUTION_DATE='2024-05-25T02:00:00+00:00' AIRFLOW_CTX_TRY_NUMBER='1' AIRFLOW_CTX_DAG_RUN_ID='scheduled__2024-05-25T02:00:00+00:00'
[2024-05-26T00:44:28.850+0000] {taskinstance.py:430} INFO - ::endgroup::
[2024-05-26T00:44:28.856+0000] {logging_mixin.py:188} INFO - Connection to database was succesful
[2024-05-26T00:44:28.867+0000] {logging_mixin.py:188} INFO - Query completed
[2024-05-26T00:44:28.871+0000] {logging_mixin.py:188} INFO - execute_query_result_set()
[2024-05-26T00:44:28.876+0000] {logging_mixin.py:188} INFO - Connection to database was succesful
[2024-05-26T00:44:28.878+0000] {logging_mixin.py:188} INFO - ERROR, INSERTS COULDN`T BE DONE
[2024-05-26T00:44:28.878+0000] {python.py:237} INFO - Done. Returned value was: None
[2024-05-26T00:44:28.879+0000] {taskinstance.py:441} INFO - ::group::Post task execution logs
[2024-05-26T00:44:28.887+0000] {taskinstance.py:1206} INFO - Marking task as SUCCESS. dag_id=DAG_catedra_***, task_id=first-step-el, run_id=scheduled__2024-05-25T02:00:00+00:00, execution_date=20240525T020000, start_date=20240526T004428, end_date=20240526T004428
[2024-05-26T00:44:28.919+0000] {local_task_job_runner.py:240} INFO - Task exited with return code 0
[2024-05-26T00:44:28.942+0000] {taskinstance.py:3498} INFO - 1 downstream tasks scheduled from follow-on schedule check
[2024-05-26T00:44:28.947+0000] {local_task_job_runner.py:222} INFO - ::endgroup::
[2024-05-26T02:01:07.520+0000] {local_task_job_runner.py:120} INFO - ::group::Pre task execution logs
[2024-05-26T02:01:07.550+0000] {taskinstance.py:2076} INFO - Dependencies all met for dep_context=non-requeueable deps ti=<TaskInstance: DAG_catedra_airflow.first-step-el scheduled__2024-05-25T02:00:00+00:00 [queued]>
[2024-05-26T02:01:07.564+0000] {taskinstance.py:2076} INFO - Dependencies all met for dep_context=requeueable deps ti=<TaskInstance: DAG_catedra_airflow.first-step-el scheduled__2024-05-25T02:00:00+00:00 [queued]>
[2024-05-26T02:01:07.564+0000] {taskinstance.py:2306} INFO - Starting attempt 1 of 1
[2024-05-26T02:01:07.586+0000] {taskinstance.py:2330} INFO - Executing <Task(PythonOperator): first-step-el> on 2024-05-25 02:00:00+00:00
[2024-05-26T02:01:07.594+0000] {warnings.py:110} WARNING - /home/***/.local/lib/python3.12/site-packages/***/task/task_runner/standard_task_runner.py:61: DeprecationWarning: This process (pid=207) is multi-threaded, use of fork() may lead to deadlocks in the child.
  pid = os.fork()

[2024-05-26T02:01:07.596+0000] {standard_task_runner.py:63} INFO - Started process 209 to run task
[2024-05-26T02:01:07.597+0000] {standard_task_runner.py:90} INFO - Running: ['***', 'tasks', 'run', 'DAG_catedra_***', 'first-step-el', 'scheduled__2024-05-25T02:00:00+00:00', '--job-id', '45', '--raw', '--subdir', 'DAGS_FOLDER/dag_clase.py', '--cfg-path', '/tmp/tmpzj6a3i00']
[2024-05-26T02:01:07.599+0000] {standard_task_runner.py:91} INFO - Job 45: Subtask first-step-el
[2024-05-26T02:01:07.648+0000] {task_command.py:426} INFO - Running <TaskInstance: DAG_catedra_airflow.first-step-el scheduled__2024-05-25T02:00:00+00:00 [running]> on host da1b21f42040
[2024-05-26T02:01:07.760+0000] {taskinstance.py:2648} INFO - Exporting env vars: AIRFLOW_CTX_DAG_OWNER='***' AIRFLOW_CTX_DAG_ID='DAG_catedra_***' AIRFLOW_CTX_TASK_ID='first-step-el' AIRFLOW_CTX_EXECUTION_DATE='2024-05-25T02:00:00+00:00' AIRFLOW_CTX_TRY_NUMBER='1' AIRFLOW_CTX_DAG_RUN_ID='scheduled__2024-05-25T02:00:00+00:00'
[2024-05-26T02:01:07.761+0000] {taskinstance.py:430} INFO - ::endgroup::
[2024-05-26T02:01:07.768+0000] {logging_mixin.py:188} INFO - The connection to the DB was succesful
[2024-05-26T02:01:07.780+0000] {logging_mixin.py:188} INFO - Query completed
[2024-05-26T02:01:07.783+0000] {logging_mixin.py:188} INFO - execute_query_result_set()
[2024-05-26T02:01:07.789+0000] {logging_mixin.py:188} INFO - The connection to the DB was succesful
[2024-05-26T02:01:07.795+0000] {logging_mixin.py:188} INFO - Inserts were comitted
[2024-05-26T02:01:07.796+0000] {python.py:237} INFO - Done. Returned value was: None
[2024-05-26T02:01:07.796+0000] {taskinstance.py:441} INFO - ::group::Post task execution logs
[2024-05-26T02:01:07.806+0000] {taskinstance.py:1206} INFO - Marking task as SUCCESS. dag_id=DAG_catedra_***, task_id=first-step-el, run_id=scheduled__2024-05-25T02:00:00+00:00, execution_date=20240525T020000, start_date=20240526T020107, end_date=20240526T020107
[2024-05-26T02:01:07.851+0000] {local_task_job_runner.py:240} INFO - Task exited with return code 0
[2024-05-26T02:01:07.888+0000] {taskinstance.py:3498} INFO - 1 downstream tasks scheduled from follow-on schedule check
[2024-05-26T02:01:07.892+0000] {local_task_job_runner.py:222} INFO - ::endgroup::
