[2024-05-25T21:14:20.699+0000] {local_task_job_runner.py:120} INFO - ::group::Pre task execution logs
[2024-05-25T21:14:20.721+0000] {taskinstance.py:2076} INFO - Dependencies all met for dep_context=non-requeueable deps ti=<TaskInstance: DAG_catedra_airflow.first-step-el scheduled__2024-05-25T00:25:00+00:00 [queued]>
[2024-05-25T21:14:20.728+0000] {taskinstance.py:2076} INFO - Dependencies all met for dep_context=requeueable deps ti=<TaskInstance: DAG_catedra_airflow.first-step-el scheduled__2024-05-25T00:25:00+00:00 [queued]>
[2024-05-25T21:14:20.729+0000] {taskinstance.py:2306} INFO - Starting attempt 1 of 1
[2024-05-25T21:14:20.741+0000] {taskinstance.py:2330} INFO - Executing <Task(PythonOperator): first-step-el> on 2024-05-25 00:25:00+00:00
[2024-05-25T21:14:20.747+0000] {warnings.py:110} WARNING - /home/***/.local/lib/python3.12/site-packages/***/task/task_runner/standard_task_runner.py:61: DeprecationWarning: This process (pid=295) is multi-threaded, use of fork() may lead to deadlocks in the child.
  pid = os.fork()

[2024-05-25T21:14:20.748+0000] {standard_task_runner.py:63} INFO - Started process 297 to run task
[2024-05-25T21:14:20.749+0000] {standard_task_runner.py:90} INFO - Running: ['***', 'tasks', 'run', 'DAG_catedra_***', 'first-step-el', 'scheduled__2024-05-25T00:25:00+00:00', '--job-id', '62', '--raw', '--subdir', 'DAGS_FOLDER/dag_clase.py', '--cfg-path', '/tmp/tmpwmud8ooe']
[2024-05-25T21:14:20.750+0000] {standard_task_runner.py:91} INFO - Job 62: Subtask first-step-el
[2024-05-25T21:14:20.791+0000] {task_command.py:426} INFO - Running <TaskInstance: DAG_catedra_airflow.first-step-el scheduled__2024-05-25T00:25:00+00:00 [running]> on host b2cfee8f0b2b
[2024-05-25T21:14:20.874+0000] {taskinstance.py:2648} INFO - Exporting env vars: AIRFLOW_CTX_DAG_OWNER='***' AIRFLOW_CTX_DAG_ID='DAG_catedra_***' AIRFLOW_CTX_TASK_ID='first-step-el' AIRFLOW_CTX_EXECUTION_DATE='2024-05-25T00:25:00+00:00' AIRFLOW_CTX_TRY_NUMBER='1' AIRFLOW_CTX_DAG_RUN_ID='scheduled__2024-05-25T00:25:00+00:00'
[2024-05-25T21:14:20.875+0000] {taskinstance.py:430} INFO - ::endgroup::
[2024-05-25T21:14:20.880+0000] {logging_mixin.py:188} INFO - Connection to database was succesful
[2024-05-25T21:14:20.891+0000] {logging_mixin.py:188} INFO - Query completed
[2024-05-25T21:14:20.893+0000] {logging_mixin.py:188} INFO - execute_query_result_set()
[2024-05-25T21:14:20.898+0000] {logging_mixin.py:188} INFO - Connection to database was succesful
[2024-05-25T21:14:20.903+0000] {logging_mixin.py:188} INFO - Inserts performed wihout fail
[2024-05-25T21:14:20.904+0000] {python.py:237} INFO - Done. Returned value was: None
[2024-05-25T21:14:20.904+0000] {taskinstance.py:441} INFO - ::group::Post task execution logs
[2024-05-25T21:14:20.913+0000] {taskinstance.py:1206} INFO - Marking task as SUCCESS. dag_id=DAG_catedra_***, task_id=first-step-el, run_id=scheduled__2024-05-25T00:25:00+00:00, execution_date=20240525T002500, start_date=20240525T211420, end_date=20240525T211420
[2024-05-25T21:14:20.962+0000] {local_task_job_runner.py:240} INFO - Task exited with return code 0
[2024-05-25T21:14:20.983+0000] {taskinstance.py:3498} INFO - 1 downstream tasks scheduled from follow-on schedule check
[2024-05-25T21:14:20.987+0000] {local_task_job_runner.py:222} INFO - ::endgroup::
[2024-05-26T00:43:03.533+0000] {local_task_job_runner.py:120} INFO - ::group::Pre task execution logs
[2024-05-26T00:43:03.556+0000] {taskinstance.py:2076} INFO - Dependencies all met for dep_context=non-requeueable deps ti=<TaskInstance: DAG_catedra_airflow.first-step-el scheduled__2024-05-25T00:25:00+00:00 [queued]>
[2024-05-26T00:43:03.563+0000] {taskinstance.py:2076} INFO - Dependencies all met for dep_context=requeueable deps ti=<TaskInstance: DAG_catedra_airflow.first-step-el scheduled__2024-05-25T00:25:00+00:00 [queued]>
[2024-05-26T00:43:03.564+0000] {taskinstance.py:2306} INFO - Starting attempt 1 of 1
[2024-05-26T00:43:03.576+0000] {taskinstance.py:2330} INFO - Executing <Task(PythonOperator): first-step-el> on 2024-05-25 00:25:00+00:00
[2024-05-26T00:43:03.581+0000] {warnings.py:110} WARNING - /home/***/.local/lib/python3.12/site-packages/***/task/task_runner/standard_task_runner.py:61: DeprecationWarning: This process (pid=72) is multi-threaded, use of fork() may lead to deadlocks in the child.
  pid = os.fork()

[2024-05-26T00:43:03.583+0000] {standard_task_runner.py:63} INFO - Started process 74 to run task
[2024-05-26T00:43:03.583+0000] {standard_task_runner.py:90} INFO - Running: ['***', 'tasks', 'run', 'DAG_catedra_***', 'first-step-el', 'scheduled__2024-05-25T00:25:00+00:00', '--job-id', '7', '--raw', '--subdir', 'DAGS_FOLDER/dag_clase.py', '--cfg-path', '/tmp/tmpor7f1h6t']
[2024-05-26T00:43:03.584+0000] {standard_task_runner.py:91} INFO - Job 7: Subtask first-step-el
[2024-05-26T00:43:03.622+0000] {task_command.py:426} INFO - Running <TaskInstance: DAG_catedra_airflow.first-step-el scheduled__2024-05-25T00:25:00+00:00 [running]> on host bb8f67d70e6d
[2024-05-26T00:43:03.708+0000] {taskinstance.py:2648} INFO - Exporting env vars: AIRFLOW_CTX_DAG_OWNER='***' AIRFLOW_CTX_DAG_ID='DAG_catedra_***' AIRFLOW_CTX_TASK_ID='first-step-el' AIRFLOW_CTX_EXECUTION_DATE='2024-05-25T00:25:00+00:00' AIRFLOW_CTX_TRY_NUMBER='1' AIRFLOW_CTX_DAG_RUN_ID='scheduled__2024-05-25T00:25:00+00:00'
[2024-05-26T00:43:03.710+0000] {taskinstance.py:430} INFO - ::endgroup::
[2024-05-26T00:43:03.714+0000] {logging_mixin.py:188} INFO - Connection to database was succesful
[2024-05-26T00:43:03.723+0000] {logging_mixin.py:188} INFO - Query completed
[2024-05-26T00:43:03.726+0000] {logging_mixin.py:188} INFO - execute_query_result_set()
[2024-05-26T00:43:03.731+0000] {logging_mixin.py:188} INFO - Connection to database was succesful
[2024-05-26T00:43:03.732+0000] {logging_mixin.py:188} INFO - ERROR, INSERTS COULDN`T BE DONE
[2024-05-26T00:43:03.732+0000] {python.py:237} INFO - Done. Returned value was: None
[2024-05-26T00:43:03.732+0000] {taskinstance.py:441} INFO - ::group::Post task execution logs
[2024-05-26T00:43:03.739+0000] {taskinstance.py:1206} INFO - Marking task as SUCCESS. dag_id=DAG_catedra_***, task_id=first-step-el, run_id=scheduled__2024-05-25T00:25:00+00:00, execution_date=20240525T002500, start_date=20240526T004303, end_date=20240526T004303
[2024-05-26T00:43:03.757+0000] {local_task_job_runner.py:240} INFO - Task exited with return code 0
[2024-05-26T00:43:03.774+0000] {taskinstance.py:3498} INFO - 1 downstream tasks scheduled from follow-on schedule check
[2024-05-26T00:43:03.783+0000] {local_task_job_runner.py:222} INFO - ::endgroup::
[2024-05-26T01:48:34.811+0000] {local_task_job_runner.py:120} INFO - ::group::Pre task execution logs
[2024-05-26T01:48:34.870+0000] {taskinstance.py:2076} INFO - Dependencies all met for dep_context=non-requeueable deps ti=<TaskInstance: DAG_catedra_airflow.first-step-el scheduled__2024-05-25T00:25:00+00:00 [queued]>
[2024-05-26T01:48:34.888+0000] {taskinstance.py:2076} INFO - Dependencies all met for dep_context=requeueable deps ti=<TaskInstance: DAG_catedra_airflow.first-step-el scheduled__2024-05-25T00:25:00+00:00 [queued]>
[2024-05-26T01:48:34.889+0000] {taskinstance.py:2306} INFO - Starting attempt 1 of 1
[2024-05-26T01:48:34.930+0000] {taskinstance.py:2330} INFO - Executing <Task(PythonOperator): first-step-el> on 2024-05-25 00:25:00+00:00
[2024-05-26T01:48:34.948+0000] {warnings.py:110} WARNING - /home/***/.local/lib/python3.12/site-packages/***/task/task_runner/standard_task_runner.py:61: DeprecationWarning: This process (pid=71) is multi-threaded, use of fork() may lead to deadlocks in the child.
  pid = os.fork()

[2024-05-26T01:48:34.953+0000] {standard_task_runner.py:63} INFO - Started process 80 to run task
[2024-05-26T01:48:34.953+0000] {standard_task_runner.py:90} INFO - Running: ['***', 'tasks', 'run', 'DAG_catedra_***', 'first-step-el', 'scheduled__2024-05-25T00:25:00+00:00', '--job-id', '7', '--raw', '--subdir', 'DAGS_FOLDER/dag_clase.py', '--cfg-path', '/tmp/tmpdh3tnhtt']
[2024-05-26T01:48:34.956+0000] {standard_task_runner.py:91} INFO - Job 7: Subtask first-step-el
[2024-05-26T01:48:35.073+0000] {task_command.py:426} INFO - Running <TaskInstance: DAG_catedra_airflow.first-step-el scheduled__2024-05-25T00:25:00+00:00 [running]> on host 07ce07c9aa35
[2024-05-26T01:48:35.330+0000] {taskinstance.py:2648} INFO - Exporting env vars: AIRFLOW_CTX_DAG_OWNER='***' AIRFLOW_CTX_DAG_ID='DAG_catedra_***' AIRFLOW_CTX_TASK_ID='first-step-el' AIRFLOW_CTX_EXECUTION_DATE='2024-05-25T00:25:00+00:00' AIRFLOW_CTX_TRY_NUMBER='1' AIRFLOW_CTX_DAG_RUN_ID='scheduled__2024-05-25T00:25:00+00:00'
[2024-05-26T01:48:35.334+0000] {taskinstance.py:430} INFO - ::endgroup::
[2024-05-26T01:48:35.353+0000] {logging_mixin.py:188} INFO - The connection to the DB was succesful
[2024-05-26T01:48:35.378+0000] {logging_mixin.py:188} INFO - Query completed
[2024-05-26T01:48:35.406+0000] {logging_mixin.py:188} INFO - execute_query_result_set()
[2024-05-26T01:48:35.420+0000] {logging_mixin.py:188} INFO - The connection to the DB was succesful
[2024-05-26T01:48:35.433+0000] {logging_mixin.py:188} INFO - Inserts were comitted
[2024-05-26T01:48:35.434+0000] {python.py:237} INFO - Done. Returned value was: None
[2024-05-26T01:48:35.438+0000] {taskinstance.py:441} INFO - ::group::Post task execution logs
[2024-05-26T01:48:35.462+0000] {taskinstance.py:1206} INFO - Marking task as SUCCESS. dag_id=DAG_catedra_***, task_id=first-step-el, run_id=scheduled__2024-05-25T00:25:00+00:00, execution_date=20240525T002500, start_date=20240526T014834, end_date=20240526T014835
[2024-05-26T01:48:35.546+0000] {local_task_job_runner.py:240} INFO - Task exited with return code 0
[2024-05-26T01:48:35.594+0000] {taskinstance.py:3498} INFO - 1 downstream tasks scheduled from follow-on schedule check
[2024-05-26T01:48:35.599+0000] {local_task_job_runner.py:222} INFO - ::endgroup::
[2024-05-26T01:50:01.937+0000] {local_task_job_runner.py:120} INFO - ::group::Pre task execution logs
[2024-05-26T01:50:01.956+0000] {taskinstance.py:2076} INFO - Dependencies all met for dep_context=non-requeueable deps ti=<TaskInstance: DAG_catedra_airflow.first-step-el scheduled__2024-05-25T00:25:00+00:00 [queued]>
[2024-05-26T01:50:01.963+0000] {taskinstance.py:2076} INFO - Dependencies all met for dep_context=requeueable deps ti=<TaskInstance: DAG_catedra_airflow.first-step-el scheduled__2024-05-25T00:25:00+00:00 [queued]>
[2024-05-26T01:50:01.964+0000] {taskinstance.py:2306} INFO - Starting attempt 1 of 1
[2024-05-26T01:50:01.975+0000] {taskinstance.py:2330} INFO - Executing <Task(PythonOperator): first-step-el> on 2024-05-25 00:25:00+00:00
[2024-05-26T01:50:01.982+0000] {warnings.py:110} WARNING - /home/***/.local/lib/python3.12/site-packages/***/task/task_runner/standard_task_runner.py:61: DeprecationWarning: This process (pid=123) is multi-threaded, use of fork() may lead to deadlocks in the child.
  pid = os.fork()

[2024-05-26T01:50:01.983+0000] {standard_task_runner.py:63} INFO - Started process 125 to run task
[2024-05-26T01:50:01.984+0000] {standard_task_runner.py:90} INFO - Running: ['***', 'tasks', 'run', 'DAG_catedra_***', 'first-step-el', 'scheduled__2024-05-25T00:25:00+00:00', '--job-id', '17', '--raw', '--subdir', 'DAGS_FOLDER/dag_clase.py', '--cfg-path', '/tmp/tmpyqhnazdz']
[2024-05-26T01:50:01.985+0000] {standard_task_runner.py:91} INFO - Job 17: Subtask first-step-el
[2024-05-26T01:50:02.021+0000] {task_command.py:426} INFO - Running <TaskInstance: DAG_catedra_airflow.first-step-el scheduled__2024-05-25T00:25:00+00:00 [running]> on host 07ce07c9aa35
[2024-05-26T01:50:02.093+0000] {taskinstance.py:2648} INFO - Exporting env vars: AIRFLOW_CTX_DAG_OWNER='***' AIRFLOW_CTX_DAG_ID='DAG_catedra_***' AIRFLOW_CTX_TASK_ID='first-step-el' AIRFLOW_CTX_EXECUTION_DATE='2024-05-25T00:25:00+00:00' AIRFLOW_CTX_TRY_NUMBER='1' AIRFLOW_CTX_DAG_RUN_ID='scheduled__2024-05-25T00:25:00+00:00'
[2024-05-26T01:50:02.095+0000] {taskinstance.py:430} INFO - ::endgroup::
[2024-05-26T01:50:02.100+0000] {logging_mixin.py:188} INFO - The connection to the DB was succesful
[2024-05-26T01:50:02.109+0000] {logging_mixin.py:188} INFO - Query completed
[2024-05-26T01:50:02.112+0000] {logging_mixin.py:188} INFO - execute_query_result_set()
[2024-05-26T01:50:02.117+0000] {logging_mixin.py:188} INFO - The connection to the DB was succesful
[2024-05-26T01:50:02.123+0000] {logging_mixin.py:188} INFO - Inserts were comitted
[2024-05-26T01:50:02.124+0000] {python.py:237} INFO - Done. Returned value was: None
[2024-05-26T01:50:02.124+0000] {taskinstance.py:441} INFO - ::group::Post task execution logs
[2024-05-26T01:50:02.131+0000] {taskinstance.py:1206} INFO - Marking task as SUCCESS. dag_id=DAG_catedra_***, task_id=first-step-el, run_id=scheduled__2024-05-25T00:25:00+00:00, execution_date=20240525T002500, start_date=20240526T015001, end_date=20240526T015002
[2024-05-26T01:50:02.157+0000] {local_task_job_runner.py:240} INFO - Task exited with return code 0
[2024-05-26T01:50:02.177+0000] {taskinstance.py:3498} INFO - 1 downstream tasks scheduled from follow-on schedule check
[2024-05-26T01:50:02.185+0000] {local_task_job_runner.py:222} INFO - ::endgroup::
[2024-05-26T01:59:27.686+0000] {local_task_job_runner.py:120} INFO - ::group::Pre task execution logs
[2024-05-26T01:59:27.715+0000] {taskinstance.py:2076} INFO - Dependencies all met for dep_context=non-requeueable deps ti=<TaskInstance: DAG_catedra_airflow.first-step-el scheduled__2024-05-25T00:25:00+00:00 [queued]>
[2024-05-26T01:59:27.728+0000] {taskinstance.py:2076} INFO - Dependencies all met for dep_context=requeueable deps ti=<TaskInstance: DAG_catedra_airflow.first-step-el scheduled__2024-05-25T00:25:00+00:00 [queued]>
[2024-05-26T01:59:27.729+0000] {taskinstance.py:2306} INFO - Starting attempt 1 of 1
[2024-05-26T01:59:27.746+0000] {taskinstance.py:2330} INFO - Executing <Task(PythonOperator): first-step-el> on 2024-05-25 00:25:00+00:00
[2024-05-26T01:59:27.754+0000] {warnings.py:110} WARNING - /home/***/.local/lib/python3.12/site-packages/***/task/task_runner/standard_task_runner.py:61: DeprecationWarning: This process (pid=73) is multi-threaded, use of fork() may lead to deadlocks in the child.
  pid = os.fork()

[2024-05-26T01:59:27.757+0000] {standard_task_runner.py:63} INFO - Started process 75 to run task
[2024-05-26T01:59:27.758+0000] {standard_task_runner.py:90} INFO - Running: ['***', 'tasks', 'run', 'DAG_catedra_***', 'first-step-el', 'scheduled__2024-05-25T00:25:00+00:00', '--job-id', '7', '--raw', '--subdir', 'DAGS_FOLDER/dag_clase.py', '--cfg-path', '/tmp/tmpimz_eo35']
[2024-05-26T01:59:27.760+0000] {standard_task_runner.py:91} INFO - Job 7: Subtask first-step-el
[2024-05-26T01:59:27.818+0000] {task_command.py:426} INFO - Running <TaskInstance: DAG_catedra_airflow.first-step-el scheduled__2024-05-25T00:25:00+00:00 [running]> on host da1b21f42040
[2024-05-26T01:59:27.941+0000] {taskinstance.py:2648} INFO - Exporting env vars: AIRFLOW_CTX_DAG_OWNER='***' AIRFLOW_CTX_DAG_ID='DAG_catedra_***' AIRFLOW_CTX_TASK_ID='first-step-el' AIRFLOW_CTX_EXECUTION_DATE='2024-05-25T00:25:00+00:00' AIRFLOW_CTX_TRY_NUMBER='1' AIRFLOW_CTX_DAG_RUN_ID='scheduled__2024-05-25T00:25:00+00:00'
[2024-05-26T01:59:27.943+0000] {taskinstance.py:430} INFO - ::endgroup::
[2024-05-26T01:59:27.949+0000] {logging_mixin.py:188} INFO - The connection to the DB was succesful
[2024-05-26T01:59:27.965+0000] {logging_mixin.py:188} INFO - Query completed
[2024-05-26T01:59:27.970+0000] {logging_mixin.py:188} INFO - execute_query_result_set()
[2024-05-26T01:59:27.977+0000] {logging_mixin.py:188} INFO - The connection to the DB was succesful
[2024-05-26T01:59:27.985+0000] {logging_mixin.py:188} INFO - Inserts were comitted
[2024-05-26T01:59:27.986+0000] {python.py:237} INFO - Done. Returned value was: None
[2024-05-26T01:59:27.988+0000] {taskinstance.py:441} INFO - ::group::Post task execution logs
[2024-05-26T01:59:27.999+0000] {taskinstance.py:1206} INFO - Marking task as SUCCESS. dag_id=DAG_catedra_***, task_id=first-step-el, run_id=scheduled__2024-05-25T00:25:00+00:00, execution_date=20240525T002500, start_date=20240526T015927, end_date=20240526T015927
[2024-05-26T01:59:28.054+0000] {local_task_job_runner.py:240} INFO - Task exited with return code 0
[2024-05-26T01:59:28.078+0000] {taskinstance.py:3498} INFO - 1 downstream tasks scheduled from follow-on schedule check
[2024-05-26T01:59:28.082+0000] {local_task_job_runner.py:222} INFO - ::endgroup::
