[2024-05-25T21:20:51.095+0000] {local_task_job_runner.py:120} INFO - ::group::Pre task execution logs
[2024-05-25T21:20:51.125+0000] {taskinstance.py:2076} INFO - Dependencies all met for dep_context=non-requeueable deps ti=<TaskInstance: DAG_catedra_airflow.first-step-el scheduled__2024-05-25T01:40:00+00:00 [queued]>
[2024-05-25T21:20:51.137+0000] {taskinstance.py:2076} INFO - Dependencies all met for dep_context=requeueable deps ti=<TaskInstance: DAG_catedra_airflow.first-step-el scheduled__2024-05-25T01:40:00+00:00 [queued]>
[2024-05-25T21:20:51.138+0000] {taskinstance.py:2306} INFO - Starting attempt 1 of 1
[2024-05-25T21:20:51.155+0000] {taskinstance.py:2330} INFO - Executing <Task(PythonOperator): first-step-el> on 2024-05-25 01:40:00+00:00
[2024-05-25T21:20:51.162+0000] {warnings.py:110} WARNING - /home/***/.local/lib/python3.12/site-packages/***/task/task_runner/standard_task_runner.py:61: DeprecationWarning: This process (pid=823) is multi-threaded, use of fork() may lead to deadlocks in the child.
  pid = os.fork()

[2024-05-25T21:20:51.165+0000] {standard_task_runner.py:63} INFO - Started process 825 to run task
[2024-05-25T21:20:51.165+0000] {standard_task_runner.py:90} INFO - Running: ['***', 'tasks', 'run', 'DAG_catedra_***', 'first-step-el', 'scheduled__2024-05-25T01:40:00+00:00', '--job-id', '212', '--raw', '--subdir', 'DAGS_FOLDER/dag_clase.py', '--cfg-path', '/tmp/tmpwt88czzr']
[2024-05-25T21:20:51.167+0000] {standard_task_runner.py:91} INFO - Job 212: Subtask first-step-el
[2024-05-25T21:20:51.215+0000] {task_command.py:426} INFO - Running <TaskInstance: DAG_catedra_airflow.first-step-el scheduled__2024-05-25T01:40:00+00:00 [running]> on host b2cfee8f0b2b
[2024-05-25T21:20:51.321+0000] {taskinstance.py:2648} INFO - Exporting env vars: AIRFLOW_CTX_DAG_OWNER='***' AIRFLOW_CTX_DAG_ID='DAG_catedra_***' AIRFLOW_CTX_TASK_ID='first-step-el' AIRFLOW_CTX_EXECUTION_DATE='2024-05-25T01:40:00+00:00' AIRFLOW_CTX_TRY_NUMBER='1' AIRFLOW_CTX_DAG_RUN_ID='scheduled__2024-05-25T01:40:00+00:00'
[2024-05-25T21:20:51.323+0000] {taskinstance.py:430} INFO - ::endgroup::
[2024-05-25T21:20:51.331+0000] {logging_mixin.py:188} INFO - Connection to database was succesful
[2024-05-25T21:20:51.343+0000] {logging_mixin.py:188} INFO - Query completed
[2024-05-25T21:20:51.346+0000] {logging_mixin.py:188} INFO - execute_query_result_set()
[2024-05-25T21:20:51.352+0000] {logging_mixin.py:188} INFO - Connection to database was succesful
[2024-05-25T21:20:51.359+0000] {logging_mixin.py:188} INFO - Inserts performed wihout fail
[2024-05-25T21:20:51.359+0000] {python.py:237} INFO - Done. Returned value was: None
[2024-05-25T21:20:51.360+0000] {taskinstance.py:441} INFO - ::group::Post task execution logs
[2024-05-25T21:20:51.369+0000] {taskinstance.py:1206} INFO - Marking task as SUCCESS. dag_id=DAG_catedra_***, task_id=first-step-el, run_id=scheduled__2024-05-25T01:40:00+00:00, execution_date=20240525T014000, start_date=20240525T212051, end_date=20240525T212051
[2024-05-25T21:20:51.419+0000] {local_task_job_runner.py:240} INFO - Task exited with return code 0
[2024-05-25T21:20:51.431+0000] {local_task_job_runner.py:222} INFO - ::endgroup::
[2024-05-26T00:44:08.256+0000] {local_task_job_runner.py:120} INFO - ::group::Pre task execution logs
[2024-05-26T00:44:08.275+0000] {taskinstance.py:2076} INFO - Dependencies all met for dep_context=non-requeueable deps ti=<TaskInstance: DAG_catedra_airflow.first-step-el scheduled__2024-05-25T01:40:00+00:00 [queued]>
[2024-05-26T00:44:08.282+0000] {taskinstance.py:2076} INFO - Dependencies all met for dep_context=requeueable deps ti=<TaskInstance: DAG_catedra_airflow.first-step-el scheduled__2024-05-25T01:40:00+00:00 [queued]>
[2024-05-26T00:44:08.283+0000] {taskinstance.py:2306} INFO - Starting attempt 1 of 1
[2024-05-26T00:44:08.294+0000] {taskinstance.py:2330} INFO - Executing <Task(PythonOperator): first-step-el> on 2024-05-25 01:40:00+00:00
[2024-05-26T00:44:08.300+0000] {warnings.py:110} WARNING - /home/***/.local/lib/python3.12/site-packages/***/task/task_runner/standard_task_runner.py:61: DeprecationWarning: This process (pid=176) is multi-threaded, use of fork() may lead to deadlocks in the child.
  pid = os.fork()

[2024-05-26T00:44:08.302+0000] {standard_task_runner.py:63} INFO - Started process 178 to run task
[2024-05-26T00:44:08.303+0000] {standard_task_runner.py:90} INFO - Running: ['***', 'tasks', 'run', 'DAG_catedra_***', 'first-step-el', 'scheduled__2024-05-25T01:40:00+00:00', '--job-id', '37', '--raw', '--subdir', 'DAGS_FOLDER/dag_clase.py', '--cfg-path', '/tmp/tmp2btgt17o']
[2024-05-26T00:44:08.304+0000] {standard_task_runner.py:91} INFO - Job 37: Subtask first-step-el
[2024-05-26T00:44:08.344+0000] {task_command.py:426} INFO - Running <TaskInstance: DAG_catedra_airflow.first-step-el scheduled__2024-05-25T01:40:00+00:00 [running]> on host bb8f67d70e6d
[2024-05-26T00:44:08.424+0000] {taskinstance.py:2648} INFO - Exporting env vars: AIRFLOW_CTX_DAG_OWNER='***' AIRFLOW_CTX_DAG_ID='DAG_catedra_***' AIRFLOW_CTX_TASK_ID='first-step-el' AIRFLOW_CTX_EXECUTION_DATE='2024-05-25T01:40:00+00:00' AIRFLOW_CTX_TRY_NUMBER='1' AIRFLOW_CTX_DAG_RUN_ID='scheduled__2024-05-25T01:40:00+00:00'
[2024-05-26T00:44:08.426+0000] {taskinstance.py:430} INFO - ::endgroup::
[2024-05-26T00:44:08.431+0000] {logging_mixin.py:188} INFO - Connection to database was succesful
[2024-05-26T00:44:08.440+0000] {logging_mixin.py:188} INFO - Query completed
[2024-05-26T00:44:08.443+0000] {logging_mixin.py:188} INFO - execute_query_result_set()
[2024-05-26T00:44:08.448+0000] {logging_mixin.py:188} INFO - Connection to database was succesful
[2024-05-26T00:44:08.449+0000] {logging_mixin.py:188} INFO - ERROR, INSERTS COULDN`T BE DONE
[2024-05-26T00:44:08.450+0000] {python.py:237} INFO - Done. Returned value was: None
[2024-05-26T00:44:08.450+0000] {taskinstance.py:441} INFO - ::group::Post task execution logs
[2024-05-26T00:44:08.457+0000] {taskinstance.py:1206} INFO - Marking task as SUCCESS. dag_id=DAG_catedra_***, task_id=first-step-el, run_id=scheduled__2024-05-25T01:40:00+00:00, execution_date=20240525T014000, start_date=20240526T004408, end_date=20240526T004408
[2024-05-26T00:44:08.476+0000] {local_task_job_runner.py:240} INFO - Task exited with return code 0
[2024-05-26T00:44:08.493+0000] {taskinstance.py:3498} INFO - 1 downstream tasks scheduled from follow-on schedule check
[2024-05-26T00:44:08.499+0000] {local_task_job_runner.py:222} INFO - ::endgroup::
[2024-05-26T02:00:46.573+0000] {local_task_job_runner.py:120} INFO - ::group::Pre task execution logs
[2024-05-26T02:00:46.593+0000] {taskinstance.py:2076} INFO - Dependencies all met for dep_context=non-requeueable deps ti=<TaskInstance: DAG_catedra_airflow.first-step-el scheduled__2024-05-25T01:40:00+00:00 [queued]>
[2024-05-26T02:00:46.602+0000] {taskinstance.py:2076} INFO - Dependencies all met for dep_context=requeueable deps ti=<TaskInstance: DAG_catedra_airflow.first-step-el scheduled__2024-05-25T01:40:00+00:00 [queued]>
[2024-05-26T02:00:46.603+0000] {taskinstance.py:2306} INFO - Starting attempt 1 of 1
[2024-05-26T02:00:46.615+0000] {taskinstance.py:2330} INFO - Executing <Task(PythonOperator): first-step-el> on 2024-05-25 01:40:00+00:00
[2024-05-26T02:00:46.620+0000] {warnings.py:110} WARNING - /home/***/.local/lib/python3.12/site-packages/***/task/task_runner/standard_task_runner.py:61: DeprecationWarning: This process (pid=176) is multi-threaded, use of fork() may lead to deadlocks in the child.
  pid = os.fork()

[2024-05-26T02:00:46.622+0000] {standard_task_runner.py:63} INFO - Started process 178 to run task
[2024-05-26T02:00:46.622+0000] {standard_task_runner.py:90} INFO - Running: ['***', 'tasks', 'run', 'DAG_catedra_***', 'first-step-el', 'scheduled__2024-05-25T01:40:00+00:00', '--job-id', '37', '--raw', '--subdir', 'DAGS_FOLDER/dag_clase.py', '--cfg-path', '/tmp/tmp9agzbk2k']
[2024-05-26T02:00:46.623+0000] {standard_task_runner.py:91} INFO - Job 37: Subtask first-step-el
[2024-05-26T02:00:46.663+0000] {task_command.py:426} INFO - Running <TaskInstance: DAG_catedra_airflow.first-step-el scheduled__2024-05-25T01:40:00+00:00 [running]> on host da1b21f42040
[2024-05-26T02:00:46.745+0000] {taskinstance.py:2648} INFO - Exporting env vars: AIRFLOW_CTX_DAG_OWNER='***' AIRFLOW_CTX_DAG_ID='DAG_catedra_***' AIRFLOW_CTX_TASK_ID='first-step-el' AIRFLOW_CTX_EXECUTION_DATE='2024-05-25T01:40:00+00:00' AIRFLOW_CTX_TRY_NUMBER='1' AIRFLOW_CTX_DAG_RUN_ID='scheduled__2024-05-25T01:40:00+00:00'
[2024-05-26T02:00:46.747+0000] {taskinstance.py:430} INFO - ::endgroup::
[2024-05-26T02:00:46.753+0000] {logging_mixin.py:188} INFO - The connection to the DB was succesful
[2024-05-26T02:00:46.763+0000] {logging_mixin.py:188} INFO - Query completed
[2024-05-26T02:00:46.766+0000] {logging_mixin.py:188} INFO - execute_query_result_set()
[2024-05-26T02:00:46.771+0000] {logging_mixin.py:188} INFO - The connection to the DB was succesful
[2024-05-26T02:00:46.776+0000] {logging_mixin.py:188} INFO - Inserts were comitted
[2024-05-26T02:00:46.777+0000] {python.py:237} INFO - Done. Returned value was: None
[2024-05-26T02:00:46.777+0000] {taskinstance.py:441} INFO - ::group::Post task execution logs
[2024-05-26T02:00:46.784+0000] {taskinstance.py:1206} INFO - Marking task as SUCCESS. dag_id=DAG_catedra_***, task_id=first-step-el, run_id=scheduled__2024-05-25T01:40:00+00:00, execution_date=20240525T014000, start_date=20240526T020046, end_date=20240526T020046
[2024-05-26T02:00:46.836+0000] {local_task_job_runner.py:240} INFO - Task exited with return code 0
[2024-05-26T02:00:46.854+0000] {local_task_job_runner.py:222} INFO - ::endgroup::
