[2024-05-25T21:14:22.025+0000] {local_task_job_runner.py:120} INFO - ::group::Pre task execution logs
[2024-05-25T21:14:22.051+0000] {taskinstance.py:2076} INFO - Dependencies all met for dep_context=non-requeueable deps ti=<TaskInstance: DAG_catedra_airflow.second-step-el scheduled__2024-05-25T00:25:00+00:00 [queued]>
[2024-05-25T21:14:22.061+0000] {taskinstance.py:2076} INFO - Dependencies all met for dep_context=requeueable deps ti=<TaskInstance: DAG_catedra_airflow.second-step-el scheduled__2024-05-25T00:25:00+00:00 [queued]>
[2024-05-25T21:14:22.061+0000] {taskinstance.py:2306} INFO - Starting attempt 1 of 1
[2024-05-25T21:14:22.076+0000] {taskinstance.py:2330} INFO - Executing <Task(PythonOperator): second-step-el> on 2024-05-25 00:25:00+00:00
[2024-05-25T21:14:22.083+0000] {warnings.py:110} WARNING - /home/***/.local/lib/python3.12/site-packages/***/task/task_runner/standard_task_runner.py:61: DeprecationWarning: This process (pid=298) is multi-threaded, use of fork() may lead to deadlocks in the child.
  pid = os.fork()

[2024-05-25T21:14:22.085+0000] {standard_task_runner.py:63} INFO - Started process 300 to run task
[2024-05-25T21:14:22.085+0000] {standard_task_runner.py:90} INFO - Running: ['***', 'tasks', 'run', 'DAG_catedra_***', 'second-step-el', 'scheduled__2024-05-25T00:25:00+00:00', '--job-id', '63', '--raw', '--subdir', 'DAGS_FOLDER/dag_clase.py', '--cfg-path', '/tmp/tmp2n5ztsc_']
[2024-05-25T21:14:22.087+0000] {standard_task_runner.py:91} INFO - Job 63: Subtask second-step-el
[2024-05-25T21:14:22.140+0000] {task_command.py:426} INFO - Running <TaskInstance: DAG_catedra_airflow.second-step-el scheduled__2024-05-25T00:25:00+00:00 [running]> on host b2cfee8f0b2b
[2024-05-25T21:14:22.235+0000] {taskinstance.py:2648} INFO - Exporting env vars: AIRFLOW_CTX_DAG_OWNER='***' AIRFLOW_CTX_DAG_ID='DAG_catedra_***' AIRFLOW_CTX_TASK_ID='second-step-el' AIRFLOW_CTX_EXECUTION_DATE='2024-05-25T00:25:00+00:00' AIRFLOW_CTX_TRY_NUMBER='1' AIRFLOW_CTX_DAG_RUN_ID='scheduled__2024-05-25T00:25:00+00:00'
[2024-05-25T21:14:22.236+0000] {taskinstance.py:430} INFO - ::endgroup::
[2024-05-25T21:14:22.242+0000] {logging_mixin.py:188} INFO - Connection to database was succesful
[2024-05-25T21:14:22.256+0000] {logging_mixin.py:188} INFO - Query completed
[2024-05-25T21:14:22.275+0000] {logging_mixin.py:188} INFO - execute_query_result_set()
[2024-05-25T21:14:22.282+0000] {logging_mixin.py:188} INFO - Connection to database was succesful
[2024-05-25T21:14:22.307+0000] {logging_mixin.py:188} INFO - Inserts performed wihout fail
[2024-05-25T21:14:22.308+0000] {python.py:237} INFO - Done. Returned value was: None
[2024-05-25T21:14:22.308+0000] {taskinstance.py:441} INFO - ::group::Post task execution logs
[2024-05-25T21:14:22.317+0000] {taskinstance.py:1206} INFO - Marking task as SUCCESS. dag_id=DAG_catedra_***, task_id=second-step-el, run_id=scheduled__2024-05-25T00:25:00+00:00, execution_date=20240525T002500, start_date=20240525T211422, end_date=20240525T211422
[2024-05-25T21:14:22.339+0000] {local_task_job_runner.py:240} INFO - Task exited with return code 0
[2024-05-25T21:14:22.354+0000] {taskinstance.py:3498} INFO - 0 downstream tasks scheduled from follow-on schedule check
[2024-05-25T21:14:22.358+0000] {local_task_job_runner.py:222} INFO - ::endgroup::
[2024-05-26T00:43:05.269+0000] {local_task_job_runner.py:120} INFO - ::group::Pre task execution logs
[2024-05-26T00:43:05.290+0000] {taskinstance.py:2076} INFO - Dependencies all met for dep_context=non-requeueable deps ti=<TaskInstance: DAG_catedra_airflow.second-step-el scheduled__2024-05-25T00:25:00+00:00 [queued]>
[2024-05-26T00:43:05.297+0000] {taskinstance.py:2076} INFO - Dependencies all met for dep_context=requeueable deps ti=<TaskInstance: DAG_catedra_airflow.second-step-el scheduled__2024-05-25T00:25:00+00:00 [queued]>
[2024-05-26T00:43:05.297+0000] {taskinstance.py:2306} INFO - Starting attempt 1 of 1
[2024-05-26T00:43:05.311+0000] {taskinstance.py:2330} INFO - Executing <Task(PythonOperator): second-step-el> on 2024-05-25 00:25:00+00:00
[2024-05-26T00:43:05.318+0000] {warnings.py:110} WARNING - /home/***/.local/lib/python3.12/site-packages/***/task/task_runner/standard_task_runner.py:61: DeprecationWarning: This process (pid=75) is multi-threaded, use of fork() may lead to deadlocks in the child.
  pid = os.fork()

[2024-05-26T00:43:05.321+0000] {standard_task_runner.py:63} INFO - Started process 77 to run task
[2024-05-26T00:43:05.321+0000] {standard_task_runner.py:90} INFO - Running: ['***', 'tasks', 'run', 'DAG_catedra_***', 'second-step-el', 'scheduled__2024-05-25T00:25:00+00:00', '--job-id', '8', '--raw', '--subdir', 'DAGS_FOLDER/dag_clase.py', '--cfg-path', '/tmp/tmp1s59fiqs']
[2024-05-26T00:43:05.322+0000] {standard_task_runner.py:91} INFO - Job 8: Subtask second-step-el
[2024-05-26T00:43:05.362+0000] {task_command.py:426} INFO - Running <TaskInstance: DAG_catedra_airflow.second-step-el scheduled__2024-05-25T00:25:00+00:00 [running]> on host bb8f67d70e6d
[2024-05-26T00:43:05.444+0000] {taskinstance.py:2648} INFO - Exporting env vars: AIRFLOW_CTX_DAG_OWNER='***' AIRFLOW_CTX_DAG_ID='DAG_catedra_***' AIRFLOW_CTX_TASK_ID='second-step-el' AIRFLOW_CTX_EXECUTION_DATE='2024-05-25T00:25:00+00:00' AIRFLOW_CTX_TRY_NUMBER='1' AIRFLOW_CTX_DAG_RUN_ID='scheduled__2024-05-25T00:25:00+00:00'
[2024-05-26T00:43:05.446+0000] {taskinstance.py:430} INFO - ::endgroup::
[2024-05-26T00:43:05.451+0000] {logging_mixin.py:188} INFO - Connection to database was succesful
[2024-05-26T00:43:05.458+0000] {logging_mixin.py:188} INFO - query failed, df empty
[2024-05-26T00:43:05.461+0000] {logging_mixin.py:188} INFO - execute_query_result_set()
[2024-05-26T00:43:05.466+0000] {logging_mixin.py:188} INFO - Connection to database was succesful
[2024-05-26T00:43:05.466+0000] {logging_mixin.py:188} INFO - Inserts performed wihout fail
[2024-05-26T00:43:05.467+0000] {python.py:237} INFO - Done. Returned value was: None
[2024-05-26T00:43:05.467+0000] {taskinstance.py:441} INFO - ::group::Post task execution logs
[2024-05-26T00:43:05.475+0000] {taskinstance.py:1206} INFO - Marking task as SUCCESS. dag_id=DAG_catedra_***, task_id=second-step-el, run_id=scheduled__2024-05-25T00:25:00+00:00, execution_date=20240525T002500, start_date=20240526T004305, end_date=20240526T004305
[2024-05-26T00:43:05.535+0000] {local_task_job_runner.py:240} INFO - Task exited with return code 0
[2024-05-26T00:43:05.548+0000] {taskinstance.py:3498} INFO - 0 downstream tasks scheduled from follow-on schedule check
[2024-05-26T00:43:05.553+0000] {local_task_job_runner.py:222} INFO - ::endgroup::
[2024-05-26T01:48:37.494+0000] {local_task_job_runner.py:120} INFO - ::group::Pre task execution logs
[2024-05-26T01:48:37.529+0000] {taskinstance.py:2076} INFO - Dependencies all met for dep_context=non-requeueable deps ti=<TaskInstance: DAG_catedra_airflow.second-step-el scheduled__2024-05-25T00:25:00+00:00 [queued]>
[2024-05-26T01:48:37.543+0000] {taskinstance.py:2076} INFO - Dependencies all met for dep_context=requeueable deps ti=<TaskInstance: DAG_catedra_airflow.second-step-el scheduled__2024-05-25T00:25:00+00:00 [queued]>
[2024-05-26T01:48:37.543+0000] {taskinstance.py:2306} INFO - Starting attempt 1 of 1
[2024-05-26T01:48:37.563+0000] {taskinstance.py:2330} INFO - Executing <Task(PythonOperator): second-step-el> on 2024-05-25 00:25:00+00:00
[2024-05-26T01:48:37.572+0000] {warnings.py:110} WARNING - /home/***/.local/lib/python3.12/site-packages/***/task/task_runner/standard_task_runner.py:61: DeprecationWarning: This process (pid=81) is multi-threaded, use of fork() may lead to deadlocks in the child.
  pid = os.fork()

[2024-05-26T01:48:37.574+0000] {standard_task_runner.py:63} INFO - Started process 83 to run task
[2024-05-26T01:48:37.575+0000] {standard_task_runner.py:90} INFO - Running: ['***', 'tasks', 'run', 'DAG_catedra_***', 'second-step-el', 'scheduled__2024-05-25T00:25:00+00:00', '--job-id', '8', '--raw', '--subdir', 'DAGS_FOLDER/dag_clase.py', '--cfg-path', '/tmp/tmpvsy0o0fa']
[2024-05-26T01:48:37.577+0000] {standard_task_runner.py:91} INFO - Job 8: Subtask second-step-el
[2024-05-26T01:48:37.646+0000] {task_command.py:426} INFO - Running <TaskInstance: DAG_catedra_airflow.second-step-el scheduled__2024-05-25T00:25:00+00:00 [running]> on host 07ce07c9aa35
[2024-05-26T01:48:37.786+0000] {taskinstance.py:2648} INFO - Exporting env vars: AIRFLOW_CTX_DAG_OWNER='***' AIRFLOW_CTX_DAG_ID='DAG_catedra_***' AIRFLOW_CTX_TASK_ID='second-step-el' AIRFLOW_CTX_EXECUTION_DATE='2024-05-25T00:25:00+00:00' AIRFLOW_CTX_TRY_NUMBER='1' AIRFLOW_CTX_DAG_RUN_ID='scheduled__2024-05-25T00:25:00+00:00'
[2024-05-26T01:48:37.789+0000] {taskinstance.py:430} INFO - ::endgroup::
[2024-05-26T01:48:37.799+0000] {logging_mixin.py:188} INFO - The connection to the DB was succesful
[2024-05-26T01:48:37.818+0000] {logging_mixin.py:188} INFO - Query completed
[2024-05-26T01:48:37.825+0000] {logging_mixin.py:188} INFO - execute_query_result_set()
[2024-05-26T01:48:37.833+0000] {logging_mixin.py:188} INFO - The connection to the DB was succesful
[2024-05-26T01:48:37.840+0000] {logging_mixin.py:188} INFO - Inserts were comitted
[2024-05-26T01:48:37.841+0000] {python.py:237} INFO - Done. Returned value was: None
[2024-05-26T01:48:37.841+0000] {taskinstance.py:441} INFO - ::group::Post task execution logs
[2024-05-26T01:48:37.853+0000] {taskinstance.py:1206} INFO - Marking task as SUCCESS. dag_id=DAG_catedra_***, task_id=second-step-el, run_id=scheduled__2024-05-25T00:25:00+00:00, execution_date=20240525T002500, start_date=20240526T014837, end_date=20240526T014837
[2024-05-26T01:48:37.913+0000] {local_task_job_runner.py:240} INFO - Task exited with return code 0
[2024-05-26T01:48:37.936+0000] {taskinstance.py:3498} INFO - 0 downstream tasks scheduled from follow-on schedule check
[2024-05-26T01:48:37.940+0000] {local_task_job_runner.py:222} INFO - ::endgroup::
[2024-05-26T01:50:03.760+0000] {local_task_job_runner.py:120} INFO - ::group::Pre task execution logs
[2024-05-26T01:50:03.780+0000] {taskinstance.py:2076} INFO - Dependencies all met for dep_context=non-requeueable deps ti=<TaskInstance: DAG_catedra_airflow.second-step-el scheduled__2024-05-25T00:25:00+00:00 [queued]>
[2024-05-26T01:50:03.787+0000] {taskinstance.py:2076} INFO - Dependencies all met for dep_context=requeueable deps ti=<TaskInstance: DAG_catedra_airflow.second-step-el scheduled__2024-05-25T00:25:00+00:00 [queued]>
[2024-05-26T01:50:03.787+0000] {taskinstance.py:2306} INFO - Starting attempt 1 of 1
[2024-05-26T01:50:03.799+0000] {taskinstance.py:2330} INFO - Executing <Task(PythonOperator): second-step-el> on 2024-05-25 00:25:00+00:00
[2024-05-26T01:50:03.804+0000] {warnings.py:110} WARNING - /home/***/.local/lib/python3.12/site-packages/***/task/task_runner/standard_task_runner.py:61: DeprecationWarning: This process (pid=126) is multi-threaded, use of fork() may lead to deadlocks in the child.
  pid = os.fork()

[2024-05-26T01:50:03.806+0000] {standard_task_runner.py:63} INFO - Started process 128 to run task
[2024-05-26T01:50:03.806+0000] {standard_task_runner.py:90} INFO - Running: ['***', 'tasks', 'run', 'DAG_catedra_***', 'second-step-el', 'scheduled__2024-05-25T00:25:00+00:00', '--job-id', '18', '--raw', '--subdir', 'DAGS_FOLDER/dag_clase.py', '--cfg-path', '/tmp/tmpjqqxspp6']
[2024-05-26T01:50:03.807+0000] {standard_task_runner.py:91} INFO - Job 18: Subtask second-step-el
[2024-05-26T01:50:03.845+0000] {task_command.py:426} INFO - Running <TaskInstance: DAG_catedra_airflow.second-step-el scheduled__2024-05-25T00:25:00+00:00 [running]> on host 07ce07c9aa35
[2024-05-26T01:50:03.918+0000] {taskinstance.py:2648} INFO - Exporting env vars: AIRFLOW_CTX_DAG_OWNER='***' AIRFLOW_CTX_DAG_ID='DAG_catedra_***' AIRFLOW_CTX_TASK_ID='second-step-el' AIRFLOW_CTX_EXECUTION_DATE='2024-05-25T00:25:00+00:00' AIRFLOW_CTX_TRY_NUMBER='1' AIRFLOW_CTX_DAG_RUN_ID='scheduled__2024-05-25T00:25:00+00:00'
[2024-05-26T01:50:03.919+0000] {taskinstance.py:430} INFO - ::endgroup::
[2024-05-26T01:50:03.924+0000] {logging_mixin.py:188} INFO - The connection to the DB was succesful
[2024-05-26T01:50:03.934+0000] {logging_mixin.py:188} INFO - Query completed
[2024-05-26T01:50:03.937+0000] {logging_mixin.py:188} INFO - execute_query_result_set()
[2024-05-26T01:50:03.942+0000] {logging_mixin.py:188} INFO - The connection to the DB was succesful
[2024-05-26T01:50:03.952+0000] {logging_mixin.py:188} INFO - Inserts were comitted
[2024-05-26T01:50:03.952+0000] {python.py:237} INFO - Done. Returned value was: None
[2024-05-26T01:50:03.953+0000] {taskinstance.py:441} INFO - ::group::Post task execution logs
[2024-05-26T01:50:03.960+0000] {taskinstance.py:1206} INFO - Marking task as SUCCESS. dag_id=DAG_catedra_***, task_id=second-step-el, run_id=scheduled__2024-05-25T00:25:00+00:00, execution_date=20240525T002500, start_date=20240526T015003, end_date=20240526T015003
[2024-05-26T01:50:03.979+0000] {local_task_job_runner.py:240} INFO - Task exited with return code 0
[2024-05-26T01:50:03.994+0000] {taskinstance.py:3498} INFO - 0 downstream tasks scheduled from follow-on schedule check
[2024-05-26T01:50:03.999+0000] {local_task_job_runner.py:222} INFO - ::endgroup::
[2024-05-26T01:59:29.785+0000] {local_task_job_runner.py:120} INFO - ::group::Pre task execution logs
[2024-05-26T01:59:29.817+0000] {taskinstance.py:2076} INFO - Dependencies all met for dep_context=non-requeueable deps ti=<TaskInstance: DAG_catedra_airflow.second-step-el scheduled__2024-05-25T00:25:00+00:00 [queued]>
[2024-05-26T01:59:29.837+0000] {taskinstance.py:2076} INFO - Dependencies all met for dep_context=requeueable deps ti=<TaskInstance: DAG_catedra_airflow.second-step-el scheduled__2024-05-25T00:25:00+00:00 [queued]>
[2024-05-26T01:59:29.837+0000] {taskinstance.py:2306} INFO - Starting attempt 1 of 1
[2024-05-26T01:59:29.858+0000] {taskinstance.py:2330} INFO - Executing <Task(PythonOperator): second-step-el> on 2024-05-25 00:25:00+00:00
[2024-05-26T01:59:29.866+0000] {warnings.py:110} WARNING - /home/***/.local/lib/python3.12/site-packages/***/task/task_runner/standard_task_runner.py:61: DeprecationWarning: This process (pid=76) is multi-threaded, use of fork() may lead to deadlocks in the child.
  pid = os.fork()

[2024-05-26T01:59:29.868+0000] {standard_task_runner.py:63} INFO - Started process 78 to run task
[2024-05-26T01:59:29.870+0000] {standard_task_runner.py:90} INFO - Running: ['***', 'tasks', 'run', 'DAG_catedra_***', 'second-step-el', 'scheduled__2024-05-25T00:25:00+00:00', '--job-id', '8', '--raw', '--subdir', 'DAGS_FOLDER/dag_clase.py', '--cfg-path', '/tmp/tmp45d84dyk']
[2024-05-26T01:59:29.872+0000] {standard_task_runner.py:91} INFO - Job 8: Subtask second-step-el
[2024-05-26T01:59:29.930+0000] {task_command.py:426} INFO - Running <TaskInstance: DAG_catedra_airflow.second-step-el scheduled__2024-05-25T00:25:00+00:00 [running]> on host da1b21f42040
[2024-05-26T01:59:30.070+0000] {taskinstance.py:2648} INFO - Exporting env vars: AIRFLOW_CTX_DAG_OWNER='***' AIRFLOW_CTX_DAG_ID='DAG_catedra_***' AIRFLOW_CTX_TASK_ID='second-step-el' AIRFLOW_CTX_EXECUTION_DATE='2024-05-25T00:25:00+00:00' AIRFLOW_CTX_TRY_NUMBER='1' AIRFLOW_CTX_DAG_RUN_ID='scheduled__2024-05-25T00:25:00+00:00'
[2024-05-26T01:59:30.072+0000] {taskinstance.py:430} INFO - ::endgroup::
[2024-05-26T01:59:30.080+0000] {logging_mixin.py:188} INFO - The connection to the DB was succesful
[2024-05-26T01:59:30.097+0000] {logging_mixin.py:188} INFO - Query completed
[2024-05-26T01:59:30.103+0000] {logging_mixin.py:188} INFO - execute_query_result_set()
[2024-05-26T01:59:30.110+0000] {logging_mixin.py:188} INFO - The connection to the DB was succesful
[2024-05-26T01:59:30.117+0000] {logging_mixin.py:188} INFO - Inserts were comitted
[2024-05-26T01:59:30.119+0000] {python.py:237} INFO - Done. Returned value was: None
[2024-05-26T01:59:30.119+0000] {taskinstance.py:441} INFO - ::group::Post task execution logs
[2024-05-26T01:59:30.128+0000] {taskinstance.py:1206} INFO - Marking task as SUCCESS. dag_id=DAG_catedra_***, task_id=second-step-el, run_id=scheduled__2024-05-25T00:25:00+00:00, execution_date=20240525T002500, start_date=20240526T015929, end_date=20240526T015930
[2024-05-26T01:59:30.169+0000] {local_task_job_runner.py:240} INFO - Task exited with return code 0
[2024-05-26T01:59:30.187+0000] {taskinstance.py:3498} INFO - 0 downstream tasks scheduled from follow-on schedule check
[2024-05-26T01:59:30.199+0000] {local_task_job_runner.py:222} INFO - ::endgroup::
