[2024-05-25T21:14:49.207+0000] {local_task_job_runner.py:120} INFO - ::group::Pre task execution logs
[2024-05-25T21:14:49.234+0000] {taskinstance.py:2076} INFO - Dependencies all met for dep_context=non-requeueable deps ti=<TaskInstance: DAG_catedra_airflow.second-step-el scheduled__2024-05-25T00:30:00+00:00 [queued]>
[2024-05-25T21:14:49.244+0000] {taskinstance.py:2076} INFO - Dependencies all met for dep_context=requeueable deps ti=<TaskInstance: DAG_catedra_airflow.second-step-el scheduled__2024-05-25T00:30:00+00:00 [queued]>
[2024-05-25T21:14:49.244+0000] {taskinstance.py:2306} INFO - Starting attempt 1 of 1
[2024-05-25T21:14:49.261+0000] {taskinstance.py:2330} INFO - Executing <Task(PythonOperator): second-step-el> on 2024-05-25 00:30:00+00:00
[2024-05-25T21:14:49.269+0000] {warnings.py:110} WARNING - /home/***/.local/lib/python3.12/site-packages/***/task/task_runner/standard_task_runner.py:61: DeprecationWarning: This process (pid=335) is multi-threaded, use of fork() may lead to deadlocks in the child.
  pid = os.fork()

[2024-05-25T21:14:49.271+0000] {standard_task_runner.py:63} INFO - Started process 337 to run task
[2024-05-25T21:14:49.272+0000] {standard_task_runner.py:90} INFO - Running: ['***', 'tasks', 'run', 'DAG_catedra_***', 'second-step-el', 'scheduled__2024-05-25T00:30:00+00:00', '--job-id', '73', '--raw', '--subdir', 'DAGS_FOLDER/dag_clase.py', '--cfg-path', '/tmp/tmpqza9prrs']
[2024-05-25T21:14:49.273+0000] {standard_task_runner.py:91} INFO - Job 73: Subtask second-step-el
[2024-05-25T21:14:49.339+0000] {task_command.py:426} INFO - Running <TaskInstance: DAG_catedra_airflow.second-step-el scheduled__2024-05-25T00:30:00+00:00 [running]> on host b2cfee8f0b2b
[2024-05-25T21:14:49.458+0000] {taskinstance.py:2648} INFO - Exporting env vars: AIRFLOW_CTX_DAG_OWNER='***' AIRFLOW_CTX_DAG_ID='DAG_catedra_***' AIRFLOW_CTX_TASK_ID='second-step-el' AIRFLOW_CTX_EXECUTION_DATE='2024-05-25T00:30:00+00:00' AIRFLOW_CTX_TRY_NUMBER='1' AIRFLOW_CTX_DAG_RUN_ID='scheduled__2024-05-25T00:30:00+00:00'
[2024-05-25T21:14:49.461+0000] {taskinstance.py:430} INFO - ::endgroup::
[2024-05-25T21:14:49.468+0000] {logging_mixin.py:188} INFO - Connection to database was succesful
[2024-05-25T21:14:49.484+0000] {logging_mixin.py:188} INFO - Query completed
[2024-05-25T21:14:49.505+0000] {logging_mixin.py:188} INFO - execute_query_result_set()
[2024-05-25T21:14:49.512+0000] {logging_mixin.py:188} INFO - Connection to database was succesful
[2024-05-25T21:14:49.544+0000] {logging_mixin.py:188} INFO - Inserts performed wihout fail
[2024-05-25T21:14:49.546+0000] {python.py:237} INFO - Done. Returned value was: None
[2024-05-25T21:14:49.547+0000] {taskinstance.py:441} INFO - ::group::Post task execution logs
[2024-05-25T21:14:49.561+0000] {taskinstance.py:1206} INFO - Marking task as SUCCESS. dag_id=DAG_catedra_***, task_id=second-step-el, run_id=scheduled__2024-05-25T00:30:00+00:00, execution_date=20240525T003000, start_date=20240525T211449, end_date=20240525T211449
[2024-05-25T21:14:49.607+0000] {local_task_job_runner.py:240} INFO - Task exited with return code 0
[2024-05-25T21:14:49.624+0000] {taskinstance.py:3498} INFO - 0 downstream tasks scheduled from follow-on schedule check
[2024-05-25T21:14:49.632+0000] {local_task_job_runner.py:222} INFO - ::endgroup::
[2024-05-26T00:43:08.723+0000] {local_task_job_runner.py:120} INFO - ::group::Pre task execution logs
[2024-05-26T00:43:08.742+0000] {taskinstance.py:2076} INFO - Dependencies all met for dep_context=non-requeueable deps ti=<TaskInstance: DAG_catedra_airflow.second-step-el scheduled__2024-05-25T00:30:00+00:00 [queued]>
[2024-05-26T00:43:08.749+0000] {taskinstance.py:2076} INFO - Dependencies all met for dep_context=requeueable deps ti=<TaskInstance: DAG_catedra_airflow.second-step-el scheduled__2024-05-25T00:30:00+00:00 [queued]>
[2024-05-26T00:43:08.749+0000] {taskinstance.py:2306} INFO - Starting attempt 1 of 1
[2024-05-26T00:43:08.763+0000] {taskinstance.py:2330} INFO - Executing <Task(PythonOperator): second-step-el> on 2024-05-25 00:30:00+00:00
[2024-05-26T00:43:08.769+0000] {warnings.py:110} WARNING - /home/***/.local/lib/python3.12/site-packages/***/task/task_runner/standard_task_runner.py:61: DeprecationWarning: This process (pid=81) is multi-threaded, use of fork() may lead to deadlocks in the child.
  pid = os.fork()

[2024-05-26T00:43:08.770+0000] {standard_task_runner.py:63} INFO - Started process 83 to run task
[2024-05-26T00:43:08.770+0000] {standard_task_runner.py:90} INFO - Running: ['***', 'tasks', 'run', 'DAG_catedra_***', 'second-step-el', 'scheduled__2024-05-25T00:30:00+00:00', '--job-id', '10', '--raw', '--subdir', 'DAGS_FOLDER/dag_clase.py', '--cfg-path', '/tmp/tmpn_78fqtw']
[2024-05-26T00:43:08.771+0000] {standard_task_runner.py:91} INFO - Job 10: Subtask second-step-el
[2024-05-26T00:43:08.810+0000] {task_command.py:426} INFO - Running <TaskInstance: DAG_catedra_airflow.second-step-el scheduled__2024-05-25T00:30:00+00:00 [running]> on host bb8f67d70e6d
[2024-05-26T00:43:08.901+0000] {taskinstance.py:2648} INFO - Exporting env vars: AIRFLOW_CTX_DAG_OWNER='***' AIRFLOW_CTX_DAG_ID='DAG_catedra_***' AIRFLOW_CTX_TASK_ID='second-step-el' AIRFLOW_CTX_EXECUTION_DATE='2024-05-25T00:30:00+00:00' AIRFLOW_CTX_TRY_NUMBER='1' AIRFLOW_CTX_DAG_RUN_ID='scheduled__2024-05-25T00:30:00+00:00'
[2024-05-26T00:43:08.903+0000] {taskinstance.py:430} INFO - ::endgroup::
[2024-05-26T00:43:08.908+0000] {logging_mixin.py:188} INFO - Connection to database was succesful
[2024-05-26T00:43:08.913+0000] {logging_mixin.py:188} INFO - query failed, df empty
[2024-05-26T00:43:08.917+0000] {logging_mixin.py:188} INFO - execute_query_result_set()
[2024-05-26T00:43:08.923+0000] {logging_mixin.py:188} INFO - Connection to database was succesful
[2024-05-26T00:43:08.923+0000] {logging_mixin.py:188} INFO - Inserts performed wihout fail
[2024-05-26T00:43:08.924+0000] {python.py:237} INFO - Done. Returned value was: None
[2024-05-26T00:43:08.924+0000] {taskinstance.py:441} INFO - ::group::Post task execution logs
[2024-05-26T00:43:08.931+0000] {taskinstance.py:1206} INFO - Marking task as SUCCESS. dag_id=DAG_catedra_***, task_id=second-step-el, run_id=scheduled__2024-05-25T00:30:00+00:00, execution_date=20240525T003000, start_date=20240526T004308, end_date=20240526T004308
[2024-05-26T00:43:08.984+0000] {local_task_job_runner.py:240} INFO - Task exited with return code 0
[2024-05-26T00:43:09.010+0000] {taskinstance.py:3498} INFO - 0 downstream tasks scheduled from follow-on schedule check
[2024-05-26T00:43:09.016+0000] {local_task_job_runner.py:222} INFO - ::endgroup::
[2024-05-26T01:48:42.155+0000] {local_task_job_runner.py:120} INFO - ::group::Pre task execution logs
[2024-05-26T01:48:42.194+0000] {taskinstance.py:2076} INFO - Dependencies all met for dep_context=non-requeueable deps ti=<TaskInstance: DAG_catedra_airflow.second-step-el scheduled__2024-05-25T00:30:00+00:00 [queued]>
[2024-05-26T01:48:42.206+0000] {taskinstance.py:2076} INFO - Dependencies all met for dep_context=requeueable deps ti=<TaskInstance: DAG_catedra_airflow.second-step-el scheduled__2024-05-25T00:30:00+00:00 [queued]>
[2024-05-26T01:48:42.207+0000] {taskinstance.py:2306} INFO - Starting attempt 1 of 1
[2024-05-26T01:48:42.226+0000] {taskinstance.py:2330} INFO - Executing <Task(PythonOperator): second-step-el> on 2024-05-25 00:30:00+00:00
[2024-05-26T01:48:42.235+0000] {warnings.py:110} WARNING - /home/***/.local/lib/python3.12/site-packages/***/task/task_runner/standard_task_runner.py:61: DeprecationWarning: This process (pid=87) is multi-threaded, use of fork() may lead to deadlocks in the child.
  pid = os.fork()

[2024-05-26T01:48:42.237+0000] {standard_task_runner.py:63} INFO - Started process 89 to run task
[2024-05-26T01:48:42.237+0000] {standard_task_runner.py:90} INFO - Running: ['***', 'tasks', 'run', 'DAG_catedra_***', 'second-step-el', 'scheduled__2024-05-25T00:30:00+00:00', '--job-id', '10', '--raw', '--subdir', 'DAGS_FOLDER/dag_clase.py', '--cfg-path', '/tmp/tmpkyx3bsiu']
[2024-05-26T01:48:42.239+0000] {standard_task_runner.py:91} INFO - Job 10: Subtask second-step-el
[2024-05-26T01:48:42.318+0000] {task_command.py:426} INFO - Running <TaskInstance: DAG_catedra_airflow.second-step-el scheduled__2024-05-25T00:30:00+00:00 [running]> on host 07ce07c9aa35
[2024-05-26T01:48:42.468+0000] {taskinstance.py:2648} INFO - Exporting env vars: AIRFLOW_CTX_DAG_OWNER='***' AIRFLOW_CTX_DAG_ID='DAG_catedra_***' AIRFLOW_CTX_TASK_ID='second-step-el' AIRFLOW_CTX_EXECUTION_DATE='2024-05-25T00:30:00+00:00' AIRFLOW_CTX_TRY_NUMBER='1' AIRFLOW_CTX_DAG_RUN_ID='scheduled__2024-05-25T00:30:00+00:00'
[2024-05-26T01:48:42.470+0000] {taskinstance.py:430} INFO - ::endgroup::
[2024-05-26T01:48:42.478+0000] {logging_mixin.py:188} INFO - The connection to the DB was succesful
[2024-05-26T01:48:42.503+0000] {logging_mixin.py:188} INFO - Query completed
[2024-05-26T01:48:42.514+0000] {logging_mixin.py:188} INFO - execute_query_result_set()
[2024-05-26T01:48:42.524+0000] {logging_mixin.py:188} INFO - The connection to the DB was succesful
[2024-05-26T01:48:42.530+0000] {logging_mixin.py:188} INFO - Inserts were comitted
[2024-05-26T01:48:42.531+0000] {python.py:237} INFO - Done. Returned value was: None
[2024-05-26T01:48:42.532+0000] {taskinstance.py:441} INFO - ::group::Post task execution logs
[2024-05-26T01:48:42.544+0000] {taskinstance.py:1206} INFO - Marking task as SUCCESS. dag_id=DAG_catedra_***, task_id=second-step-el, run_id=scheduled__2024-05-25T00:30:00+00:00, execution_date=20240525T003000, start_date=20240526T014842, end_date=20240526T014842
[2024-05-26T01:48:42.613+0000] {local_task_job_runner.py:240} INFO - Task exited with return code 0
[2024-05-26T01:48:42.633+0000] {taskinstance.py:3498} INFO - 0 downstream tasks scheduled from follow-on schedule check
[2024-05-26T01:48:42.638+0000] {local_task_job_runner.py:222} INFO - ::endgroup::
[2024-05-26T01:50:09.636+0000] {local_task_job_runner.py:120} INFO - ::group::Pre task execution logs
[2024-05-26T01:50:09.681+0000] {taskinstance.py:2076} INFO - Dependencies all met for dep_context=non-requeueable deps ti=<TaskInstance: DAG_catedra_airflow.second-step-el scheduled__2024-05-25T00:30:00+00:00 [queued]>
[2024-05-26T01:50:09.700+0000] {taskinstance.py:2076} INFO - Dependencies all met for dep_context=requeueable deps ti=<TaskInstance: DAG_catedra_airflow.second-step-el scheduled__2024-05-25T00:30:00+00:00 [queued]>
[2024-05-26T01:50:09.700+0000] {taskinstance.py:2306} INFO - Starting attempt 1 of 1
[2024-05-26T01:50:09.721+0000] {taskinstance.py:2330} INFO - Executing <Task(PythonOperator): second-step-el> on 2024-05-25 00:30:00+00:00
[2024-05-26T01:50:09.730+0000] {warnings.py:110} WARNING - /home/***/.local/lib/python3.12/site-packages/***/task/task_runner/standard_task_runner.py:61: DeprecationWarning: This process (pid=132) is multi-threaded, use of fork() may lead to deadlocks in the child.
  pid = os.fork()

[2024-05-26T01:50:09.733+0000] {standard_task_runner.py:63} INFO - Started process 134 to run task
[2024-05-26T01:50:09.733+0000] {standard_task_runner.py:90} INFO - Running: ['***', 'tasks', 'run', 'DAG_catedra_***', 'second-step-el', 'scheduled__2024-05-25T00:30:00+00:00', '--job-id', '20', '--raw', '--subdir', 'DAGS_FOLDER/dag_clase.py', '--cfg-path', '/tmp/tmpgeix8snj']
[2024-05-26T01:50:09.735+0000] {standard_task_runner.py:91} INFO - Job 20: Subtask second-step-el
[2024-05-26T01:50:09.810+0000] {task_command.py:426} INFO - Running <TaskInstance: DAG_catedra_airflow.second-step-el scheduled__2024-05-25T00:30:00+00:00 [running]> on host 07ce07c9aa35
[2024-05-26T01:50:09.954+0000] {taskinstance.py:2648} INFO - Exporting env vars: AIRFLOW_CTX_DAG_OWNER='***' AIRFLOW_CTX_DAG_ID='DAG_catedra_***' AIRFLOW_CTX_TASK_ID='second-step-el' AIRFLOW_CTX_EXECUTION_DATE='2024-05-25T00:30:00+00:00' AIRFLOW_CTX_TRY_NUMBER='1' AIRFLOW_CTX_DAG_RUN_ID='scheduled__2024-05-25T00:30:00+00:00'
[2024-05-26T01:50:09.957+0000] {taskinstance.py:430} INFO - ::endgroup::
[2024-05-26T01:50:09.968+0000] {logging_mixin.py:188} INFO - The connection to the DB was succesful
[2024-05-26T01:50:09.987+0000] {logging_mixin.py:188} INFO - Query completed
[2024-05-26T01:50:09.995+0000] {logging_mixin.py:188} INFO - execute_query_result_set()
[2024-05-26T01:50:10.004+0000] {logging_mixin.py:188} INFO - The connection to the DB was succesful
[2024-05-26T01:50:10.011+0000] {logging_mixin.py:188} INFO - Inserts were comitted
[2024-05-26T01:50:10.012+0000] {python.py:237} INFO - Done. Returned value was: None
[2024-05-26T01:50:10.013+0000] {taskinstance.py:441} INFO - ::group::Post task execution logs
[2024-05-26T01:50:10.025+0000] {taskinstance.py:1206} INFO - Marking task as SUCCESS. dag_id=DAG_catedra_***, task_id=second-step-el, run_id=scheduled__2024-05-25T00:30:00+00:00, execution_date=20240525T003000, start_date=20240526T015009, end_date=20240526T015010
[2024-05-26T01:50:10.069+0000] {local_task_job_runner.py:240} INFO - Task exited with return code 0
[2024-05-26T01:50:10.089+0000] {taskinstance.py:3498} INFO - 0 downstream tasks scheduled from follow-on schedule check
[2024-05-26T01:50:10.095+0000] {local_task_job_runner.py:222} INFO - ::endgroup::
[2024-05-26T01:59:34.571+0000] {local_task_job_runner.py:120} INFO - ::group::Pre task execution logs
[2024-05-26T01:59:34.591+0000] {taskinstance.py:2076} INFO - Dependencies all met for dep_context=non-requeueable deps ti=<TaskInstance: DAG_catedra_airflow.second-step-el scheduled__2024-05-25T00:30:00+00:00 [queued]>
[2024-05-26T01:59:34.598+0000] {taskinstance.py:2076} INFO - Dependencies all met for dep_context=requeueable deps ti=<TaskInstance: DAG_catedra_airflow.second-step-el scheduled__2024-05-25T00:30:00+00:00 [queued]>
[2024-05-26T01:59:34.598+0000] {taskinstance.py:2306} INFO - Starting attempt 1 of 1
[2024-05-26T01:59:34.611+0000] {taskinstance.py:2330} INFO - Executing <Task(PythonOperator): second-step-el> on 2024-05-25 00:30:00+00:00
[2024-05-26T01:59:34.618+0000] {warnings.py:110} WARNING - /home/***/.local/lib/python3.12/site-packages/***/task/task_runner/standard_task_runner.py:61: DeprecationWarning: This process (pid=82) is multi-threaded, use of fork() may lead to deadlocks in the child.
  pid = os.fork()

[2024-05-26T01:59:34.620+0000] {standard_task_runner.py:63} INFO - Started process 84 to run task
[2024-05-26T01:59:34.621+0000] {standard_task_runner.py:90} INFO - Running: ['***', 'tasks', 'run', 'DAG_catedra_***', 'second-step-el', 'scheduled__2024-05-25T00:30:00+00:00', '--job-id', '10', '--raw', '--subdir', 'DAGS_FOLDER/dag_clase.py', '--cfg-path', '/tmp/tmpgr0kwv3x']
[2024-05-26T01:59:34.622+0000] {standard_task_runner.py:91} INFO - Job 10: Subtask second-step-el
[2024-05-26T01:59:34.660+0000] {task_command.py:426} INFO - Running <TaskInstance: DAG_catedra_airflow.second-step-el scheduled__2024-05-25T00:30:00+00:00 [running]> on host da1b21f42040
[2024-05-26T01:59:34.735+0000] {taskinstance.py:2648} INFO - Exporting env vars: AIRFLOW_CTX_DAG_OWNER='***' AIRFLOW_CTX_DAG_ID='DAG_catedra_***' AIRFLOW_CTX_TASK_ID='second-step-el' AIRFLOW_CTX_EXECUTION_DATE='2024-05-25T00:30:00+00:00' AIRFLOW_CTX_TRY_NUMBER='1' AIRFLOW_CTX_DAG_RUN_ID='scheduled__2024-05-25T00:30:00+00:00'
[2024-05-26T01:59:34.736+0000] {taskinstance.py:430} INFO - ::endgroup::
[2024-05-26T01:59:34.742+0000] {logging_mixin.py:188} INFO - The connection to the DB was succesful
[2024-05-26T01:59:34.752+0000] {logging_mixin.py:188} INFO - Query completed
[2024-05-26T01:59:34.756+0000] {logging_mixin.py:188} INFO - execute_query_result_set()
[2024-05-26T01:59:34.763+0000] {logging_mixin.py:188} INFO - The connection to the DB was succesful
[2024-05-26T01:59:34.769+0000] {logging_mixin.py:188} INFO - Inserts were comitted
[2024-05-26T01:59:34.770+0000] {python.py:237} INFO - Done. Returned value was: None
[2024-05-26T01:59:34.773+0000] {taskinstance.py:441} INFO - ::group::Post task execution logs
[2024-05-26T01:59:34.786+0000] {taskinstance.py:1206} INFO - Marking task as SUCCESS. dag_id=DAG_catedra_***, task_id=second-step-el, run_id=scheduled__2024-05-25T00:30:00+00:00, execution_date=20240525T003000, start_date=20240526T015934, end_date=20240526T015934
[2024-05-26T01:59:34.834+0000] {local_task_job_runner.py:240} INFO - Task exited with return code 0
[2024-05-26T01:59:34.850+0000] {taskinstance.py:3498} INFO - 0 downstream tasks scheduled from follow-on schedule check
[2024-05-26T01:59:34.854+0000] {local_task_job_runner.py:222} INFO - ::endgroup::
