[2024-05-26T00:44:41.860+0000] {local_task_job_runner.py:120} INFO - ::group::Pre task execution logs
[2024-05-26T00:44:41.897+0000] {taskinstance.py:2076} INFO - Dependencies all met for dep_context=non-requeueable deps ti=<TaskInstance: DAG_catedra_airflow.second-step-el scheduled__2024-05-25T02:10:00+00:00 [queued]>
[2024-05-26T00:44:41.911+0000] {taskinstance.py:2076} INFO - Dependencies all met for dep_context=requeueable deps ti=<TaskInstance: DAG_catedra_airflow.second-step-el scheduled__2024-05-25T02:10:00+00:00 [queued]>
[2024-05-26T00:44:41.912+0000] {taskinstance.py:2306} INFO - Starting attempt 1 of 1
[2024-05-26T00:44:41.937+0000] {taskinstance.py:2330} INFO - Executing <Task(PythonOperator): second-step-el> on 2024-05-25 02:10:00+00:00
[2024-05-26T00:44:41.950+0000] {warnings.py:110} WARNING - /home/***/.local/lib/python3.12/site-packages/***/task/task_runner/standard_task_runner.py:61: DeprecationWarning: This process (pid=222) is multi-threaded, use of fork() may lead to deadlocks in the child.
  pid = os.fork()

[2024-05-26T00:44:41.953+0000] {standard_task_runner.py:63} INFO - Started process 224 to run task
[2024-05-26T00:44:41.956+0000] {standard_task_runner.py:90} INFO - Running: ['***', 'tasks', 'run', 'DAG_catedra_***', 'second-step-el', 'scheduled__2024-05-25T02:10:00+00:00', '--job-id', '50', '--raw', '--subdir', 'DAGS_FOLDER/dag_clase.py', '--cfg-path', '/tmp/tmp9ch8xsnr']
[2024-05-26T00:44:41.961+0000] {standard_task_runner.py:91} INFO - Job 50: Subtask second-step-el
[2024-05-26T00:44:42.052+0000] {task_command.py:426} INFO - Running <TaskInstance: DAG_catedra_airflow.second-step-el scheduled__2024-05-25T02:10:00+00:00 [running]> on host bb8f67d70e6d
[2024-05-26T00:44:42.208+0000] {taskinstance.py:2648} INFO - Exporting env vars: AIRFLOW_CTX_DAG_OWNER='***' AIRFLOW_CTX_DAG_ID='DAG_catedra_***' AIRFLOW_CTX_TASK_ID='second-step-el' AIRFLOW_CTX_EXECUTION_DATE='2024-05-25T02:10:00+00:00' AIRFLOW_CTX_TRY_NUMBER='1' AIRFLOW_CTX_DAG_RUN_ID='scheduled__2024-05-25T02:10:00+00:00'
[2024-05-26T00:44:42.211+0000] {taskinstance.py:430} INFO - ::endgroup::
[2024-05-26T00:44:42.222+0000] {logging_mixin.py:188} INFO - Connection to database was succesful
[2024-05-26T00:44:42.240+0000] {logging_mixin.py:188} INFO - query failed, df empty
[2024-05-26T00:44:42.248+0000] {logging_mixin.py:188} INFO - execute_query_result_set()
[2024-05-26T00:44:42.259+0000] {logging_mixin.py:188} INFO - Connection to database was succesful
[2024-05-26T00:44:42.259+0000] {logging_mixin.py:188} INFO - Inserts performed wihout fail
[2024-05-26T00:44:42.261+0000] {python.py:237} INFO - Done. Returned value was: None
[2024-05-26T00:44:42.262+0000] {taskinstance.py:441} INFO - ::group::Post task execution logs
[2024-05-26T00:44:42.276+0000] {taskinstance.py:1206} INFO - Marking task as SUCCESS. dag_id=DAG_catedra_***, task_id=second-step-el, run_id=scheduled__2024-05-25T02:10:00+00:00, execution_date=20240525T021000, start_date=20240526T004441, end_date=20240526T004442
[2024-05-26T00:44:42.335+0000] {local_task_job_runner.py:240} INFO - Task exited with return code 0
[2024-05-26T00:44:42.364+0000] {taskinstance.py:3498} INFO - 0 downstream tasks scheduled from follow-on schedule check
[2024-05-26T00:44:42.371+0000] {local_task_job_runner.py:222} INFO - ::endgroup::
[2024-05-26T02:01:18.517+0000] {local_task_job_runner.py:120} INFO - ::group::Pre task execution logs
[2024-05-26T02:01:18.546+0000] {taskinstance.py:2076} INFO - Dependencies all met for dep_context=non-requeueable deps ti=<TaskInstance: DAG_catedra_airflow.second-step-el scheduled__2024-05-25T02:10:00+00:00 [queued]>
[2024-05-26T02:01:18.555+0000] {taskinstance.py:2076} INFO - Dependencies all met for dep_context=requeueable deps ti=<TaskInstance: DAG_catedra_airflow.second-step-el scheduled__2024-05-25T02:10:00+00:00 [queued]>
[2024-05-26T02:01:18.556+0000] {taskinstance.py:2306} INFO - Starting attempt 1 of 1
[2024-05-26T02:01:18.572+0000] {taskinstance.py:2330} INFO - Executing <Task(PythonOperator): second-step-el> on 2024-05-25 02:10:00+00:00
[2024-05-26T02:01:18.578+0000] {warnings.py:110} WARNING - /home/***/.local/lib/python3.12/site-packages/***/task/task_runner/standard_task_runner.py:61: DeprecationWarning: This process (pid=222) is multi-threaded, use of fork() may lead to deadlocks in the child.
  pid = os.fork()

[2024-05-26T02:01:18.580+0000] {standard_task_runner.py:63} INFO - Started process 224 to run task
[2024-05-26T02:01:18.581+0000] {standard_task_runner.py:90} INFO - Running: ['***', 'tasks', 'run', 'DAG_catedra_***', 'second-step-el', 'scheduled__2024-05-25T02:10:00+00:00', '--job-id', '50', '--raw', '--subdir', 'DAGS_FOLDER/dag_clase.py', '--cfg-path', '/tmp/tmpa14jfr15']
[2024-05-26T02:01:18.582+0000] {standard_task_runner.py:91} INFO - Job 50: Subtask second-step-el
[2024-05-26T02:01:18.631+0000] {task_command.py:426} INFO - Running <TaskInstance: DAG_catedra_airflow.second-step-el scheduled__2024-05-25T02:10:00+00:00 [running]> on host da1b21f42040
[2024-05-26T02:01:18.729+0000] {taskinstance.py:2648} INFO - Exporting env vars: AIRFLOW_CTX_DAG_OWNER='***' AIRFLOW_CTX_DAG_ID='DAG_catedra_***' AIRFLOW_CTX_TASK_ID='second-step-el' AIRFLOW_CTX_EXECUTION_DATE='2024-05-25T02:10:00+00:00' AIRFLOW_CTX_TRY_NUMBER='1' AIRFLOW_CTX_DAG_RUN_ID='scheduled__2024-05-25T02:10:00+00:00'
[2024-05-26T02:01:18.730+0000] {taskinstance.py:430} INFO - ::endgroup::
[2024-05-26T02:01:18.737+0000] {logging_mixin.py:188} INFO - The connection to the DB was succesful
[2024-05-26T02:01:18.750+0000] {logging_mixin.py:188} INFO - Query completed
[2024-05-26T02:01:18.756+0000] {logging_mixin.py:188} INFO - execute_query_result_set()
[2024-05-26T02:01:18.762+0000] {logging_mixin.py:188} INFO - The connection to the DB was succesful
[2024-05-26T02:01:18.769+0000] {logging_mixin.py:188} INFO - Inserts were comitted
[2024-05-26T02:01:18.770+0000] {python.py:237} INFO - Done. Returned value was: None
[2024-05-26T02:01:18.770+0000] {taskinstance.py:441} INFO - ::group::Post task execution logs
[2024-05-26T02:01:18.779+0000] {taskinstance.py:1206} INFO - Marking task as SUCCESS. dag_id=DAG_catedra_***, task_id=second-step-el, run_id=scheduled__2024-05-25T02:10:00+00:00, execution_date=20240525T021000, start_date=20240526T020118, end_date=20240526T020118
[2024-05-26T02:01:18.834+0000] {local_task_job_runner.py:240} INFO - Task exited with return code 0
[2024-05-26T02:01:18.863+0000] {taskinstance.py:3498} INFO - 0 downstream tasks scheduled from follow-on schedule check
[2024-05-26T02:01:18.871+0000] {local_task_job_runner.py:222} INFO - ::endgroup::
