[2024-05-25T21:21:17.698+0000] {local_task_job_runner.py:120} INFO - ::group::Pre task execution logs
[2024-05-25T21:21:17.724+0000] {taskinstance.py:2076} INFO - Dependencies all met for dep_context=non-requeueable deps ti=<TaskInstance: DAG_catedra_airflow.second-step-el scheduled__2024-05-25T01:45:00+00:00 [queued]>
[2024-05-25T21:21:17.735+0000] {taskinstance.py:2076} INFO - Dependencies all met for dep_context=requeueable deps ti=<TaskInstance: DAG_catedra_airflow.second-step-el scheduled__2024-05-25T01:45:00+00:00 [queued]>
[2024-05-25T21:21:17.735+0000] {taskinstance.py:2306} INFO - Starting attempt 1 of 1
[2024-05-25T21:21:17.751+0000] {taskinstance.py:2330} INFO - Executing <Task(PythonOperator): second-step-el> on 2024-05-25 01:45:00+00:00
[2024-05-25T21:21:17.757+0000] {warnings.py:110} WARNING - /home/***/.local/lib/python3.12/site-packages/***/task/task_runner/standard_task_runner.py:61: DeprecationWarning: This process (pid=863) is multi-threaded, use of fork() may lead to deadlocks in the child.
  pid = os.fork()

[2024-05-25T21:21:17.759+0000] {standard_task_runner.py:63} INFO - Started process 865 to run task
[2024-05-25T21:21:17.760+0000] {standard_task_runner.py:90} INFO - Running: ['***', 'tasks', 'run', 'DAG_catedra_***', 'second-step-el', 'scheduled__2024-05-25T01:45:00+00:00', '--job-id', '223', '--raw', '--subdir', 'DAGS_FOLDER/dag_clase.py', '--cfg-path', '/tmp/tmpvt1ado7x']
[2024-05-25T21:21:17.761+0000] {standard_task_runner.py:91} INFO - Job 223: Subtask second-step-el
[2024-05-25T21:21:17.807+0000] {task_command.py:426} INFO - Running <TaskInstance: DAG_catedra_airflow.second-step-el scheduled__2024-05-25T01:45:00+00:00 [running]> on host b2cfee8f0b2b
[2024-05-25T21:21:17.909+0000] {taskinstance.py:2648} INFO - Exporting env vars: AIRFLOW_CTX_DAG_OWNER='***' AIRFLOW_CTX_DAG_ID='DAG_catedra_***' AIRFLOW_CTX_TASK_ID='second-step-el' AIRFLOW_CTX_EXECUTION_DATE='2024-05-25T01:45:00+00:00' AIRFLOW_CTX_TRY_NUMBER='1' AIRFLOW_CTX_DAG_RUN_ID='scheduled__2024-05-25T01:45:00+00:00'
[2024-05-25T21:21:17.911+0000] {taskinstance.py:430} INFO - ::endgroup::
[2024-05-25T21:21:17.917+0000] {logging_mixin.py:188} INFO - Connection to database was succesful
[2024-05-25T21:21:17.936+0000] {logging_mixin.py:188} INFO - Query completed
[2024-05-25T21:21:17.995+0000] {logging_mixin.py:188} INFO - execute_query_result_set()
[2024-05-25T21:21:18.001+0000] {logging_mixin.py:188} INFO - Connection to database was succesful
[2024-05-25T21:21:18.110+0000] {logging_mixin.py:188} INFO - Inserts performed wihout fail
[2024-05-25T21:21:18.112+0000] {python.py:237} INFO - Done. Returned value was: None
[2024-05-25T21:21:18.112+0000] {taskinstance.py:441} INFO - ::group::Post task execution logs
[2024-05-25T21:21:18.121+0000] {taskinstance.py:1206} INFO - Marking task as SUCCESS. dag_id=DAG_catedra_***, task_id=second-step-el, run_id=scheduled__2024-05-25T01:45:00+00:00, execution_date=20240525T014500, start_date=20240525T212117, end_date=20240525T212118
[2024-05-25T21:21:18.174+0000] {local_task_job_runner.py:240} INFO - Task exited with return code 0
[2024-05-25T21:21:18.203+0000] {taskinstance.py:3498} INFO - 0 downstream tasks scheduled from follow-on schedule check
[2024-05-25T21:21:18.209+0000] {local_task_job_runner.py:222} INFO - ::endgroup::
[2024-05-26T00:44:15.925+0000] {local_task_job_runner.py:120} INFO - ::group::Pre task execution logs
[2024-05-26T00:44:15.974+0000] {taskinstance.py:2076} INFO - Dependencies all met for dep_context=non-requeueable deps ti=<TaskInstance: DAG_catedra_airflow.second-step-el scheduled__2024-05-25T01:45:00+00:00 [queued]>
[2024-05-26T00:44:15.995+0000] {taskinstance.py:2076} INFO - Dependencies all met for dep_context=requeueable deps ti=<TaskInstance: DAG_catedra_airflow.second-step-el scheduled__2024-05-25T01:45:00+00:00 [queued]>
[2024-05-26T00:44:15.996+0000] {taskinstance.py:2306} INFO - Starting attempt 1 of 1
[2024-05-26T00:44:16.020+0000] {taskinstance.py:2330} INFO - Executing <Task(PythonOperator): second-step-el> on 2024-05-25 01:45:00+00:00
[2024-05-26T00:44:16.029+0000] {warnings.py:110} WARNING - /home/***/.local/lib/python3.12/site-packages/***/task/task_runner/standard_task_runner.py:61: DeprecationWarning: This process (pid=185) is multi-threaded, use of fork() may lead to deadlocks in the child.
  pid = os.fork()

[2024-05-26T00:44:16.035+0000] {standard_task_runner.py:63} INFO - Started process 187 to run task
[2024-05-26T00:44:16.033+0000] {standard_task_runner.py:90} INFO - Running: ['***', 'tasks', 'run', 'DAG_catedra_***', 'second-step-el', 'scheduled__2024-05-25T01:45:00+00:00', '--job-id', '40', '--raw', '--subdir', 'DAGS_FOLDER/dag_clase.py', '--cfg-path', '/tmp/tmp7_zh7pft']
[2024-05-26T00:44:16.036+0000] {standard_task_runner.py:91} INFO - Job 40: Subtask second-step-el
[2024-05-26T00:44:16.135+0000] {task_command.py:426} INFO - Running <TaskInstance: DAG_catedra_airflow.second-step-el scheduled__2024-05-25T01:45:00+00:00 [running]> on host bb8f67d70e6d
[2024-05-26T00:44:16.321+0000] {taskinstance.py:2648} INFO - Exporting env vars: AIRFLOW_CTX_DAG_OWNER='***' AIRFLOW_CTX_DAG_ID='DAG_catedra_***' AIRFLOW_CTX_TASK_ID='second-step-el' AIRFLOW_CTX_EXECUTION_DATE='2024-05-25T01:45:00+00:00' AIRFLOW_CTX_TRY_NUMBER='1' AIRFLOW_CTX_DAG_RUN_ID='scheduled__2024-05-25T01:45:00+00:00'
[2024-05-26T00:44:16.323+0000] {taskinstance.py:430} INFO - ::endgroup::
[2024-05-26T00:44:16.335+0000] {logging_mixin.py:188} INFO - Connection to database was succesful
[2024-05-26T00:44:16.350+0000] {logging_mixin.py:188} INFO - query failed, df empty
[2024-05-26T00:44:16.359+0000] {logging_mixin.py:188} INFO - execute_query_result_set()
[2024-05-26T00:44:16.369+0000] {logging_mixin.py:188} INFO - Connection to database was succesful
[2024-05-26T00:44:16.369+0000] {logging_mixin.py:188} INFO - Inserts performed wihout fail
[2024-05-26T00:44:16.371+0000] {python.py:237} INFO - Done. Returned value was: None
[2024-05-26T00:44:16.371+0000] {taskinstance.py:441} INFO - ::group::Post task execution logs
[2024-05-26T00:44:16.385+0000] {taskinstance.py:1206} INFO - Marking task as SUCCESS. dag_id=DAG_catedra_***, task_id=second-step-el, run_id=scheduled__2024-05-25T01:45:00+00:00, execution_date=20240525T014500, start_date=20240526T004415, end_date=20240526T004416
[2024-05-26T00:44:16.414+0000] {local_task_job_runner.py:240} INFO - Task exited with return code 0
[2024-05-26T00:44:16.452+0000] {taskinstance.py:3498} INFO - 0 downstream tasks scheduled from follow-on schedule check
[2024-05-26T00:44:16.458+0000] {local_task_job_runner.py:222} INFO - ::endgroup::
[2024-05-26T02:00:52.035+0000] {local_task_job_runner.py:120} INFO - ::group::Pre task execution logs
[2024-05-26T02:00:52.061+0000] {taskinstance.py:2076} INFO - Dependencies all met for dep_context=non-requeueable deps ti=<TaskInstance: DAG_catedra_airflow.second-step-el scheduled__2024-05-25T01:45:00+00:00 [queued]>
[2024-05-26T02:00:52.071+0000] {taskinstance.py:2076} INFO - Dependencies all met for dep_context=requeueable deps ti=<TaskInstance: DAG_catedra_airflow.second-step-el scheduled__2024-05-25T01:45:00+00:00 [queued]>
[2024-05-26T02:00:52.072+0000] {taskinstance.py:2306} INFO - Starting attempt 1 of 1
[2024-05-26T02:00:52.089+0000] {taskinstance.py:2330} INFO - Executing <Task(PythonOperator): second-step-el> on 2024-05-25 01:45:00+00:00
[2024-05-26T02:00:52.095+0000] {warnings.py:110} WARNING - /home/***/.local/lib/python3.12/site-packages/***/task/task_runner/standard_task_runner.py:61: DeprecationWarning: This process (pid=185) is multi-threaded, use of fork() may lead to deadlocks in the child.
  pid = os.fork()

[2024-05-26T02:00:52.097+0000] {standard_task_runner.py:63} INFO - Started process 187 to run task
[2024-05-26T02:00:52.098+0000] {standard_task_runner.py:90} INFO - Running: ['***', 'tasks', 'run', 'DAG_catedra_***', 'second-step-el', 'scheduled__2024-05-25T01:45:00+00:00', '--job-id', '40', '--raw', '--subdir', 'DAGS_FOLDER/dag_clase.py', '--cfg-path', '/tmp/tmpjllktvn7']
[2024-05-26T02:00:52.099+0000] {standard_task_runner.py:91} INFO - Job 40: Subtask second-step-el
[2024-05-26T02:00:52.150+0000] {task_command.py:426} INFO - Running <TaskInstance: DAG_catedra_airflow.second-step-el scheduled__2024-05-25T01:45:00+00:00 [running]> on host da1b21f42040
[2024-05-26T02:00:52.253+0000] {taskinstance.py:2648} INFO - Exporting env vars: AIRFLOW_CTX_DAG_OWNER='***' AIRFLOW_CTX_DAG_ID='DAG_catedra_***' AIRFLOW_CTX_TASK_ID='second-step-el' AIRFLOW_CTX_EXECUTION_DATE='2024-05-25T01:45:00+00:00' AIRFLOW_CTX_TRY_NUMBER='1' AIRFLOW_CTX_DAG_RUN_ID='scheduled__2024-05-25T01:45:00+00:00'
[2024-05-26T02:00:52.255+0000] {taskinstance.py:430} INFO - ::endgroup::
[2024-05-26T02:00:52.262+0000] {logging_mixin.py:188} INFO - The connection to the DB was succesful
[2024-05-26T02:00:52.276+0000] {logging_mixin.py:188} INFO - Query completed
[2024-05-26T02:00:52.282+0000] {logging_mixin.py:188} INFO - execute_query_result_set()
[2024-05-26T02:00:52.288+0000] {logging_mixin.py:188} INFO - The connection to the DB was succesful
[2024-05-26T02:00:52.294+0000] {logging_mixin.py:188} INFO - Inserts were comitted
[2024-05-26T02:00:52.294+0000] {python.py:237} INFO - Done. Returned value was: None
[2024-05-26T02:00:52.295+0000] {taskinstance.py:441} INFO - ::group::Post task execution logs
[2024-05-26T02:00:52.304+0000] {taskinstance.py:1206} INFO - Marking task as SUCCESS. dag_id=DAG_catedra_***, task_id=second-step-el, run_id=scheduled__2024-05-25T01:45:00+00:00, execution_date=20240525T014500, start_date=20240526T020052, end_date=20240526T020052
[2024-05-26T02:00:52.352+0000] {local_task_job_runner.py:240} INFO - Task exited with return code 0
[2024-05-26T02:00:52.375+0000] {taskinstance.py:3498} INFO - 0 downstream tasks scheduled from follow-on schedule check
[2024-05-26T02:00:52.384+0000] {local_task_job_runner.py:222} INFO - ::endgroup::
