[2024-05-26T01:03:44.897+0000] {local_task_job_runner.py:120} INFO - ::group::Pre task execution logs
[2024-05-26T01:03:44.917+0000] {taskinstance.py:2076} INFO - Dependencies all met for dep_context=non-requeueable deps ti=<TaskInstance: DAG_catedra_airflow.first-step-el scheduled__2024-05-25T02:20:00+00:00 [queued]>
[2024-05-26T01:03:44.924+0000] {taskinstance.py:2076} INFO - Dependencies all met for dep_context=requeueable deps ti=<TaskInstance: DAG_catedra_airflow.first-step-el scheduled__2024-05-25T02:20:00+00:00 [queued]>
[2024-05-26T01:03:44.924+0000] {taskinstance.py:2306} INFO - Starting attempt 1 of 1
[2024-05-26T01:03:44.937+0000] {taskinstance.py:2330} INFO - Executing <Task(PythonOperator): first-step-el> on 2024-05-25 02:20:00+00:00
[2024-05-26T01:03:44.943+0000] {warnings.py:110} WARNING - /home/***/.local/lib/python3.12/site-packages/***/task/task_runner/standard_task_runner.py:61: DeprecationWarning: This process (pid=477) is multi-threaded, use of fork() may lead to deadlocks in the child.
  pid = os.fork()

[2024-05-26T01:03:44.944+0000] {standard_task_runner.py:63} INFO - Started process 479 to run task
[2024-05-26T01:03:44.945+0000] {standard_task_runner.py:90} INFO - Running: ['***', 'tasks', 'run', 'DAG_catedra_***', 'first-step-el', 'scheduled__2024-05-25T02:20:00+00:00', '--job-id', '53', '--raw', '--subdir', 'DAGS_FOLDER/dag_clase.py', '--cfg-path', '/tmp/tmphu5gbrta']
[2024-05-26T01:03:44.946+0000] {standard_task_runner.py:91} INFO - Job 53: Subtask first-step-el
[2024-05-26T01:03:44.985+0000] {task_command.py:426} INFO - Running <TaskInstance: DAG_catedra_airflow.first-step-el scheduled__2024-05-25T02:20:00+00:00 [running]> on host bb8f67d70e6d
[2024-05-26T01:03:45.073+0000] {taskinstance.py:2648} INFO - Exporting env vars: AIRFLOW_CTX_DAG_OWNER='***' AIRFLOW_CTX_DAG_ID='DAG_catedra_***' AIRFLOW_CTX_TASK_ID='first-step-el' AIRFLOW_CTX_EXECUTION_DATE='2024-05-25T02:20:00+00:00' AIRFLOW_CTX_TRY_NUMBER='1' AIRFLOW_CTX_DAG_RUN_ID='scheduled__2024-05-25T02:20:00+00:00'
[2024-05-26T01:03:45.074+0000] {taskinstance.py:430} INFO - ::endgroup::
[2024-05-26T01:03:45.080+0000] {logging_mixin.py:188} INFO - The connection to the DB was succesful
[2024-05-26T01:03:45.090+0000] {logging_mixin.py:188} INFO - Query completed
[2024-05-26T01:03:45.092+0000] {logging_mixin.py:188} INFO - execute_query_result_set()
[2024-05-26T01:03:45.097+0000] {logging_mixin.py:188} INFO - The connection to the DB was succesful
[2024-05-26T01:03:45.104+0000] {logging_mixin.py:188} INFO - Inserts were comitted
[2024-05-26T01:03:45.105+0000] {python.py:237} INFO - Done. Returned value was: None
[2024-05-26T01:03:45.105+0000] {taskinstance.py:441} INFO - ::group::Post task execution logs
[2024-05-26T01:03:45.112+0000] {taskinstance.py:1206} INFO - Marking task as SUCCESS. dag_id=DAG_catedra_***, task_id=first-step-el, run_id=scheduled__2024-05-25T02:20:00+00:00, execution_date=20240525T022000, start_date=20240526T010344, end_date=20240526T010345
[2024-05-26T01:03:45.158+0000] {local_task_job_runner.py:240} INFO - Task exited with return code 0
[2024-05-26T01:03:45.187+0000] {taskinstance.py:3498} INFO - 1 downstream tasks scheduled from follow-on schedule check
[2024-05-26T01:03:45.193+0000] {local_task_job_runner.py:222} INFO - ::endgroup::
[2024-05-26T02:01:26.604+0000] {local_task_job_runner.py:120} INFO - ::group::Pre task execution logs
[2024-05-26T02:01:26.624+0000] {taskinstance.py:2076} INFO - Dependencies all met for dep_context=non-requeueable deps ti=<TaskInstance: DAG_catedra_airflow.first-step-el scheduled__2024-05-25T02:20:00+00:00 [queued]>
[2024-05-26T02:01:26.631+0000] {taskinstance.py:2076} INFO - Dependencies all met for dep_context=requeueable deps ti=<TaskInstance: DAG_catedra_airflow.first-step-el scheduled__2024-05-25T02:20:00+00:00 [queued]>
[2024-05-26T02:01:26.631+0000] {taskinstance.py:2306} INFO - Starting attempt 1 of 1
[2024-05-26T02:01:26.643+0000] {taskinstance.py:2330} INFO - Executing <Task(PythonOperator): first-step-el> on 2024-05-25 02:20:00+00:00
[2024-05-26T02:01:26.648+0000] {warnings.py:110} WARNING - /home/***/.local/lib/python3.12/site-packages/***/task/task_runner/standard_task_runner.py:61: DeprecationWarning: This process (pid=231) is multi-threaded, use of fork() may lead to deadlocks in the child.
  pid = os.fork()

[2024-05-26T02:01:26.649+0000] {standard_task_runner.py:63} INFO - Started process 233 to run task
[2024-05-26T02:01:26.650+0000] {standard_task_runner.py:90} INFO - Running: ['***', 'tasks', 'run', 'DAG_catedra_***', 'first-step-el', 'scheduled__2024-05-25T02:20:00+00:00', '--job-id', '53', '--raw', '--subdir', 'DAGS_FOLDER/dag_clase.py', '--cfg-path', '/tmp/tmp20sgsawh']
[2024-05-26T02:01:26.651+0000] {standard_task_runner.py:91} INFO - Job 53: Subtask first-step-el
[2024-05-26T02:01:26.688+0000] {task_command.py:426} INFO - Running <TaskInstance: DAG_catedra_airflow.first-step-el scheduled__2024-05-25T02:20:00+00:00 [running]> on host da1b21f42040
[2024-05-26T02:01:26.765+0000] {taskinstance.py:2648} INFO - Exporting env vars: AIRFLOW_CTX_DAG_OWNER='***' AIRFLOW_CTX_DAG_ID='DAG_catedra_***' AIRFLOW_CTX_TASK_ID='first-step-el' AIRFLOW_CTX_EXECUTION_DATE='2024-05-25T02:20:00+00:00' AIRFLOW_CTX_TRY_NUMBER='1' AIRFLOW_CTX_DAG_RUN_ID='scheduled__2024-05-25T02:20:00+00:00'
[2024-05-26T02:01:26.767+0000] {taskinstance.py:430} INFO - ::endgroup::
[2024-05-26T02:01:26.772+0000] {logging_mixin.py:188} INFO - The connection to the DB was succesful
[2024-05-26T02:01:26.782+0000] {logging_mixin.py:188} INFO - Query completed
[2024-05-26T02:01:26.784+0000] {logging_mixin.py:188} INFO - execute_query_result_set()
[2024-05-26T02:01:26.789+0000] {logging_mixin.py:188} INFO - The connection to the DB was succesful
[2024-05-26T02:01:26.794+0000] {logging_mixin.py:188} INFO - Inserts were comitted
[2024-05-26T02:01:26.795+0000] {python.py:237} INFO - Done. Returned value was: None
[2024-05-26T02:01:26.795+0000] {taskinstance.py:441} INFO - ::group::Post task execution logs
[2024-05-26T02:01:26.802+0000] {taskinstance.py:1206} INFO - Marking task as SUCCESS. dag_id=DAG_catedra_***, task_id=first-step-el, run_id=scheduled__2024-05-25T02:20:00+00:00, execution_date=20240525T022000, start_date=20240526T020126, end_date=20240526T020126
[2024-05-26T02:01:26.823+0000] {local_task_job_runner.py:240} INFO - Task exited with return code 0
[2024-05-26T02:01:26.842+0000] {taskinstance.py:3498} INFO - 1 downstream tasks scheduled from follow-on schedule check
[2024-05-26T02:01:26.850+0000] {local_task_job_runner.py:222} INFO - ::endgroup::
