[2024-05-25T22:45:01.001+0000] {local_task_job_runner.py:120} INFO - ::group::Pre task execution logs
[2024-05-25T22:45:01.022+0000] {taskinstance.py:2076} INFO - Dependencies all met for dep_context=non-requeueable deps ti=<TaskInstance: DAG_catedra_airflow.first-step-el scheduled__2024-05-25T22:44:00+00:00 [queued]>
[2024-05-25T22:45:01.029+0000] {taskinstance.py:2076} INFO - Dependencies all met for dep_context=requeueable deps ti=<TaskInstance: DAG_catedra_airflow.first-step-el scheduled__2024-05-25T22:44:00+00:00 [queued]>
[2024-05-25T22:45:01.030+0000] {taskinstance.py:2306} INFO - Starting attempt 1 of 1
[2024-05-25T22:45:01.042+0000] {taskinstance.py:2330} INFO - Executing <Task(PythonOperator): first-step-el> on 2024-05-25 22:44:00+00:00
[2024-05-25T22:45:01.048+0000] {warnings.py:110} WARNING - /home/***/.local/lib/python3.12/site-packages/***/task/task_runner/standard_task_runner.py:61: DeprecationWarning: This process (pid=2413) is multi-threaded, use of fork() may lead to deadlocks in the child.
  pid = os.fork()

[2024-05-25T22:45:01.049+0000] {standard_task_runner.py:63} INFO - Started process 2415 to run task
[2024-05-25T22:45:01.049+0000] {standard_task_runner.py:90} INFO - Running: ['***', 'tasks', 'run', 'DAG_catedra_***', 'first-step-el', 'scheduled__2024-05-25T22:44:00+00:00', '--job-id', '376', '--raw', '--subdir', 'DAGS_FOLDER/dag_clase.py', '--cfg-path', '/tmp/tmpo3gbjkh5']
[2024-05-25T22:45:01.050+0000] {standard_task_runner.py:91} INFO - Job 376: Subtask first-step-el
[2024-05-25T22:45:01.090+0000] {task_command.py:426} INFO - Running <TaskInstance: DAG_catedra_airflow.first-step-el scheduled__2024-05-25T22:44:00+00:00 [running]> on host b2cfee8f0b2b
[2024-05-25T22:45:01.174+0000] {taskinstance.py:2648} INFO - Exporting env vars: AIRFLOW_CTX_DAG_OWNER='***' AIRFLOW_CTX_DAG_ID='DAG_catedra_***' AIRFLOW_CTX_TASK_ID='first-step-el' AIRFLOW_CTX_EXECUTION_DATE='2024-05-25T22:44:00+00:00' AIRFLOW_CTX_TRY_NUMBER='1' AIRFLOW_CTX_DAG_RUN_ID='scheduled__2024-05-25T22:44:00+00:00'
[2024-05-25T22:45:01.176+0000] {taskinstance.py:430} INFO - ::endgroup::
[2024-05-25T22:45:01.182+0000] {logging_mixin.py:188} INFO - Connection to database was succesful
[2024-05-25T22:45:01.193+0000] {logging_mixin.py:188} INFO - Query completed
[2024-05-25T22:45:01.196+0000] {logging_mixin.py:188} INFO - execute_query_result_set()
[2024-05-25T22:45:01.200+0000] {logging_mixin.py:188} INFO - Connection to database was succesful
[2024-05-25T22:45:01.207+0000] {logging_mixin.py:188} INFO - Inserts performed wihout fail
[2024-05-25T22:45:01.208+0000] {python.py:237} INFO - Done. Returned value was: None
[2024-05-25T22:45:01.208+0000] {taskinstance.py:441} INFO - ::group::Post task execution logs
[2024-05-25T22:45:01.215+0000] {taskinstance.py:1206} INFO - Marking task as SUCCESS. dag_id=DAG_catedra_***, task_id=first-step-el, run_id=scheduled__2024-05-25T22:44:00+00:00, execution_date=20240525T224400, start_date=20240525T224501, end_date=20240525T224501
[2024-05-25T22:45:01.263+0000] {local_task_job_runner.py:240} INFO - Task exited with return code 0
[2024-05-25T22:45:01.271+0000] {local_task_job_runner.py:222} INFO - ::endgroup::
