[2024-05-25T21:17:01.644+0000] {local_task_job_runner.py:120} INFO - ::group::Pre task execution logs
[2024-05-25T21:17:01.684+0000] {taskinstance.py:2076} INFO - Dependencies all met for dep_context=non-requeueable deps ti=<TaskInstance: DAG_catedra_airflow.second-step-el scheduled__2024-05-25T00:55:00+00:00 [queued]>
[2024-05-25T21:17:01.696+0000] {taskinstance.py:2076} INFO - Dependencies all met for dep_context=requeueable deps ti=<TaskInstance: DAG_catedra_airflow.second-step-el scheduled__2024-05-25T00:55:00+00:00 [queued]>
[2024-05-25T21:17:01.697+0000] {taskinstance.py:2306} INFO - Starting attempt 1 of 1
[2024-05-25T21:17:01.716+0000] {taskinstance.py:2330} INFO - Executing <Task(PythonOperator): second-step-el> on 2024-05-25 00:55:00+00:00
[2024-05-25T21:17:01.724+0000] {warnings.py:110} WARNING - /home/***/.local/lib/python3.12/site-packages/***/task/task_runner/standard_task_runner.py:61: DeprecationWarning: This process (pid=514) is multi-threaded, use of fork() may lead to deadlocks in the child.
  pid = os.fork()

[2024-05-25T21:17:01.728+0000] {standard_task_runner.py:90} INFO - Running: ['***', 'tasks', 'run', 'DAG_catedra_***', 'second-step-el', 'scheduled__2024-05-25T00:55:00+00:00', '--job-id', '123', '--raw', '--subdir', 'DAGS_FOLDER/dag_clase.py', '--cfg-path', '/tmp/tmpi9wawb9d']
[2024-05-25T21:17:01.731+0000] {standard_task_runner.py:91} INFO - Job 123: Subtask second-step-el
[2024-05-25T21:17:01.730+0000] {standard_task_runner.py:63} INFO - Started process 516 to run task
[2024-05-25T21:17:01.809+0000] {task_command.py:426} INFO - Running <TaskInstance: DAG_catedra_airflow.second-step-el scheduled__2024-05-25T00:55:00+00:00 [running]> on host b2cfee8f0b2b
[2024-05-25T21:17:01.963+0000] {taskinstance.py:2648} INFO - Exporting env vars: AIRFLOW_CTX_DAG_OWNER='***' AIRFLOW_CTX_DAG_ID='DAG_catedra_***' AIRFLOW_CTX_TASK_ID='second-step-el' AIRFLOW_CTX_EXECUTION_DATE='2024-05-25T00:55:00+00:00' AIRFLOW_CTX_TRY_NUMBER='1' AIRFLOW_CTX_DAG_RUN_ID='scheduled__2024-05-25T00:55:00+00:00'
[2024-05-25T21:17:01.965+0000] {taskinstance.py:430} INFO - ::endgroup::
[2024-05-25T21:17:01.982+0000] {logging_mixin.py:188} INFO - Connection to database was succesful
[2024-05-25T21:17:02.012+0000] {logging_mixin.py:188} INFO - Query completed
[2024-05-25T21:17:02.067+0000] {logging_mixin.py:188} INFO - execute_query_result_set()
[2024-05-25T21:17:02.076+0000] {logging_mixin.py:188} INFO - Connection to database was succesful
[2024-05-25T21:17:02.158+0000] {logging_mixin.py:188} INFO - Inserts performed wihout fail
[2024-05-25T21:17:02.160+0000] {python.py:237} INFO - Done. Returned value was: None
[2024-05-25T21:17:02.161+0000] {taskinstance.py:441} INFO - ::group::Post task execution logs
[2024-05-25T21:17:02.174+0000] {taskinstance.py:1206} INFO - Marking task as SUCCESS. dag_id=DAG_catedra_***, task_id=second-step-el, run_id=scheduled__2024-05-25T00:55:00+00:00, execution_date=20240525T005500, start_date=20240525T211701, end_date=20240525T211702
[2024-05-25T21:17:02.227+0000] {local_task_job_runner.py:240} INFO - Task exited with return code 0
[2024-05-25T21:17:02.254+0000] {taskinstance.py:3498} INFO - 0 downstream tasks scheduled from follow-on schedule check
[2024-05-25T21:17:02.260+0000] {local_task_job_runner.py:222} INFO - ::endgroup::
[2024-05-26T00:43:29.538+0000] {local_task_job_runner.py:120} INFO - ::group::Pre task execution logs
[2024-05-26T00:43:29.562+0000] {taskinstance.py:2076} INFO - Dependencies all met for dep_context=non-requeueable deps ti=<TaskInstance: DAG_catedra_airflow.second-step-el scheduled__2024-05-25T00:55:00+00:00 [queued]>
[2024-05-26T00:43:29.572+0000] {taskinstance.py:2076} INFO - Dependencies all met for dep_context=requeueable deps ti=<TaskInstance: DAG_catedra_airflow.second-step-el scheduled__2024-05-25T00:55:00+00:00 [queued]>
[2024-05-26T00:43:29.572+0000] {taskinstance.py:2306} INFO - Starting attempt 1 of 1
[2024-05-26T00:43:29.595+0000] {taskinstance.py:2330} INFO - Executing <Task(PythonOperator): second-step-el> on 2024-05-25 00:55:00+00:00
[2024-05-26T00:43:29.606+0000] {warnings.py:110} WARNING - /home/***/.local/lib/python3.12/site-packages/***/task/task_runner/standard_task_runner.py:61: DeprecationWarning: This process (pid=118) is multi-threaded, use of fork() may lead to deadlocks in the child.
  pid = os.fork()

[2024-05-26T00:43:29.608+0000] {standard_task_runner.py:63} INFO - Started process 120 to run task
[2024-05-26T00:43:29.608+0000] {standard_task_runner.py:90} INFO - Running: ['***', 'tasks', 'run', 'DAG_catedra_***', 'second-step-el', 'scheduled__2024-05-25T00:55:00+00:00', '--job-id', '20', '--raw', '--subdir', 'DAGS_FOLDER/dag_clase.py', '--cfg-path', '/tmp/tmpraborfxh']
[2024-05-26T00:43:29.609+0000] {standard_task_runner.py:91} INFO - Job 20: Subtask second-step-el
[2024-05-26T00:43:29.672+0000] {task_command.py:426} INFO - Running <TaskInstance: DAG_catedra_airflow.second-step-el scheduled__2024-05-25T00:55:00+00:00 [running]> on host bb8f67d70e6d
[2024-05-26T00:43:29.777+0000] {taskinstance.py:2648} INFO - Exporting env vars: AIRFLOW_CTX_DAG_OWNER='***' AIRFLOW_CTX_DAG_ID='DAG_catedra_***' AIRFLOW_CTX_TASK_ID='second-step-el' AIRFLOW_CTX_EXECUTION_DATE='2024-05-25T00:55:00+00:00' AIRFLOW_CTX_TRY_NUMBER='1' AIRFLOW_CTX_DAG_RUN_ID='scheduled__2024-05-25T00:55:00+00:00'
[2024-05-26T00:43:29.779+0000] {taskinstance.py:430} INFO - ::endgroup::
[2024-05-26T00:43:29.787+0000] {logging_mixin.py:188} INFO - Connection to database was succesful
[2024-05-26T00:43:29.796+0000] {logging_mixin.py:188} INFO - query failed, df empty
[2024-05-26T00:43:29.801+0000] {logging_mixin.py:188} INFO - execute_query_result_set()
[2024-05-26T00:43:29.807+0000] {logging_mixin.py:188} INFO - Connection to database was succesful
[2024-05-26T00:43:29.809+0000] {logging_mixin.py:188} INFO - Inserts performed wihout fail
[2024-05-26T00:43:29.810+0000] {python.py:237} INFO - Done. Returned value was: None
[2024-05-26T00:43:29.812+0000] {taskinstance.py:441} INFO - ::group::Post task execution logs
[2024-05-26T00:43:29.821+0000] {taskinstance.py:1206} INFO - Marking task as SUCCESS. dag_id=DAG_catedra_***, task_id=second-step-el, run_id=scheduled__2024-05-25T00:55:00+00:00, execution_date=20240525T005500, start_date=20240526T004329, end_date=20240526T004329
[2024-05-26T00:43:29.864+0000] {local_task_job_runner.py:240} INFO - Task exited with return code 0
[2024-05-26T00:43:29.878+0000] {taskinstance.py:3498} INFO - 0 downstream tasks scheduled from follow-on schedule check
[2024-05-26T00:43:29.882+0000] {local_task_job_runner.py:222} INFO - ::endgroup::
[2024-05-26T01:59:59.931+0000] {local_task_job_runner.py:120} INFO - ::group::Pre task execution logs
[2024-05-26T01:59:59.956+0000] {taskinstance.py:2076} INFO - Dependencies all met for dep_context=non-requeueable deps ti=<TaskInstance: DAG_catedra_airflow.second-step-el scheduled__2024-05-25T00:55:00+00:00 [queued]>
[2024-05-26T01:59:59.966+0000] {taskinstance.py:2076} INFO - Dependencies all met for dep_context=requeueable deps ti=<TaskInstance: DAG_catedra_airflow.second-step-el scheduled__2024-05-25T00:55:00+00:00 [queued]>
[2024-05-26T01:59:59.967+0000] {taskinstance.py:2306} INFO - Starting attempt 1 of 1
[2024-05-26T01:59:59.982+0000] {taskinstance.py:2330} INFO - Executing <Task(PythonOperator): second-step-el> on 2024-05-25 00:55:00+00:00
[2024-05-26T01:59:59.987+0000] {warnings.py:110} WARNING - /home/***/.local/lib/python3.12/site-packages/***/task/task_runner/standard_task_runner.py:61: DeprecationWarning: This process (pid=118) is multi-threaded, use of fork() may lead to deadlocks in the child.
  pid = os.fork()

[2024-05-26T01:59:59.989+0000] {standard_task_runner.py:63} INFO - Started process 120 to run task
[2024-05-26T01:59:59.990+0000] {standard_task_runner.py:90} INFO - Running: ['***', 'tasks', 'run', 'DAG_catedra_***', 'second-step-el', 'scheduled__2024-05-25T00:55:00+00:00', '--job-id', '20', '--raw', '--subdir', 'DAGS_FOLDER/dag_clase.py', '--cfg-path', '/tmp/tmp716z_oq7']
[2024-05-26T01:59:59.991+0000] {standard_task_runner.py:91} INFO - Job 20: Subtask second-step-el
[2024-05-26T02:00:00.037+0000] {task_command.py:426} INFO - Running <TaskInstance: DAG_catedra_airflow.second-step-el scheduled__2024-05-25T00:55:00+00:00 [running]> on host da1b21f42040
[2024-05-26T02:00:00.137+0000] {taskinstance.py:2648} INFO - Exporting env vars: AIRFLOW_CTX_DAG_OWNER='***' AIRFLOW_CTX_DAG_ID='DAG_catedra_***' AIRFLOW_CTX_TASK_ID='second-step-el' AIRFLOW_CTX_EXECUTION_DATE='2024-05-25T00:55:00+00:00' AIRFLOW_CTX_TRY_NUMBER='1' AIRFLOW_CTX_DAG_RUN_ID='scheduled__2024-05-25T00:55:00+00:00'
[2024-05-26T02:00:00.138+0000] {taskinstance.py:430} INFO - ::endgroup::
[2024-05-26T02:00:00.145+0000] {logging_mixin.py:188} INFO - The connection to the DB was succesful
[2024-05-26T02:00:00.164+0000] {logging_mixin.py:188} INFO - Query completed
[2024-05-26T02:00:00.169+0000] {logging_mixin.py:188} INFO - execute_query_result_set()
[2024-05-26T02:00:00.176+0000] {logging_mixin.py:188} INFO - The connection to the DB was succesful
[2024-05-26T02:00:00.182+0000] {logging_mixin.py:188} INFO - Inserts were comitted
[2024-05-26T02:00:00.183+0000] {python.py:237} INFO - Done. Returned value was: None
[2024-05-26T02:00:00.183+0000] {taskinstance.py:441} INFO - ::group::Post task execution logs
[2024-05-26T02:00:00.192+0000] {taskinstance.py:1206} INFO - Marking task as SUCCESS. dag_id=DAG_catedra_***, task_id=second-step-el, run_id=scheduled__2024-05-25T00:55:00+00:00, execution_date=20240525T005500, start_date=20240526T015959, end_date=20240526T020000
[2024-05-26T02:00:00.243+0000] {local_task_job_runner.py:240} INFO - Task exited with return code 0
[2024-05-26T02:00:00.263+0000] {taskinstance.py:3498} INFO - 0 downstream tasks scheduled from follow-on schedule check
[2024-05-26T02:00:00.267+0000] {local_task_job_runner.py:222} INFO - ::endgroup::
