[2024-05-26T00:44:20.435+0000] {local_task_job_runner.py:120} INFO - ::group::Pre task execution logs
[2024-05-26T00:44:20.458+0000] {taskinstance.py:2076} INFO - Dependencies all met for dep_context=non-requeueable deps ti=<TaskInstance: DAG_catedra_airflow.second-step-el scheduled__2024-05-25T01:50:00+00:00 [queued]>
[2024-05-26T00:44:20.467+0000] {taskinstance.py:2076} INFO - Dependencies all met for dep_context=requeueable deps ti=<TaskInstance: DAG_catedra_airflow.second-step-el scheduled__2024-05-25T01:50:00+00:00 [queued]>
[2024-05-26T00:44:20.468+0000] {taskinstance.py:2306} INFO - Starting attempt 1 of 1
[2024-05-26T00:44:20.483+0000] {taskinstance.py:2330} INFO - Executing <Task(PythonOperator): second-step-el> on 2024-05-25 01:50:00+00:00
[2024-05-26T00:44:20.489+0000] {warnings.py:110} WARNING - /home/***/.local/lib/python3.12/site-packages/***/task/task_runner/standard_task_runner.py:61: DeprecationWarning: This process (pid=191) is multi-threaded, use of fork() may lead to deadlocks in the child.
  pid = os.fork()

[2024-05-26T00:44:20.490+0000] {standard_task_runner.py:63} INFO - Started process 193 to run task
[2024-05-26T00:44:20.491+0000] {standard_task_runner.py:90} INFO - Running: ['***', 'tasks', 'run', 'DAG_catedra_***', 'second-step-el', 'scheduled__2024-05-25T01:50:00+00:00', '--job-id', '42', '--raw', '--subdir', 'DAGS_FOLDER/dag_clase.py', '--cfg-path', '/tmp/tmpusruqd10']
[2024-05-26T00:44:20.493+0000] {standard_task_runner.py:91} INFO - Job 42: Subtask second-step-el
[2024-05-26T00:44:20.548+0000] {task_command.py:426} INFO - Running <TaskInstance: DAG_catedra_airflow.second-step-el scheduled__2024-05-25T01:50:00+00:00 [running]> on host bb8f67d70e6d
[2024-05-26T00:44:20.654+0000] {taskinstance.py:2648} INFO - Exporting env vars: AIRFLOW_CTX_DAG_OWNER='***' AIRFLOW_CTX_DAG_ID='DAG_catedra_***' AIRFLOW_CTX_TASK_ID='second-step-el' AIRFLOW_CTX_EXECUTION_DATE='2024-05-25T01:50:00+00:00' AIRFLOW_CTX_TRY_NUMBER='1' AIRFLOW_CTX_DAG_RUN_ID='scheduled__2024-05-25T01:50:00+00:00'
[2024-05-26T00:44:20.655+0000] {taskinstance.py:430} INFO - ::endgroup::
[2024-05-26T00:44:20.663+0000] {logging_mixin.py:188} INFO - Connection to database was succesful
[2024-05-26T00:44:20.671+0000] {logging_mixin.py:188} INFO - query failed, df empty
[2024-05-26T00:44:20.675+0000] {logging_mixin.py:188} INFO - execute_query_result_set()
[2024-05-26T00:44:20.681+0000] {logging_mixin.py:188} INFO - Connection to database was succesful
[2024-05-26T00:44:20.682+0000] {logging_mixin.py:188} INFO - Inserts performed wihout fail
[2024-05-26T00:44:20.682+0000] {python.py:237} INFO - Done. Returned value was: None
[2024-05-26T00:44:20.683+0000] {taskinstance.py:441} INFO - ::group::Post task execution logs
[2024-05-26T00:44:20.692+0000] {taskinstance.py:1206} INFO - Marking task as SUCCESS. dag_id=DAG_catedra_***, task_id=second-step-el, run_id=scheduled__2024-05-25T01:50:00+00:00, execution_date=20240525T015000, start_date=20240526T004420, end_date=20240526T004420
[2024-05-26T00:44:20.745+0000] {local_task_job_runner.py:240} INFO - Task exited with return code 0
[2024-05-26T00:44:20.769+0000] {taskinstance.py:3498} INFO - 0 downstream tasks scheduled from follow-on schedule check
[2024-05-26T00:44:20.775+0000] {local_task_job_runner.py:222} INFO - ::endgroup::
[2024-05-26T02:00:56.992+0000] {local_task_job_runner.py:120} INFO - ::group::Pre task execution logs
[2024-05-26T02:00:57.016+0000] {taskinstance.py:2076} INFO - Dependencies all met for dep_context=non-requeueable deps ti=<TaskInstance: DAG_catedra_airflow.second-step-el scheduled__2024-05-25T01:50:00+00:00 [queued]>
[2024-05-26T02:00:57.026+0000] {taskinstance.py:2076} INFO - Dependencies all met for dep_context=requeueable deps ti=<TaskInstance: DAG_catedra_airflow.second-step-el scheduled__2024-05-25T01:50:00+00:00 [queued]>
[2024-05-26T02:00:57.026+0000] {taskinstance.py:2306} INFO - Starting attempt 1 of 1
[2024-05-26T02:00:57.040+0000] {taskinstance.py:2330} INFO - Executing <Task(PythonOperator): second-step-el> on 2024-05-25 01:50:00+00:00
[2024-05-26T02:00:57.049+0000] {warnings.py:110} WARNING - /home/***/.local/lib/python3.12/site-packages/***/task/task_runner/standard_task_runner.py:61: DeprecationWarning: This process (pid=191) is multi-threaded, use of fork() may lead to deadlocks in the child.
  pid = os.fork()

[2024-05-26T02:00:57.051+0000] {standard_task_runner.py:63} INFO - Started process 193 to run task
[2024-05-26T02:00:57.051+0000] {standard_task_runner.py:90} INFO - Running: ['***', 'tasks', 'run', 'DAG_catedra_***', 'second-step-el', 'scheduled__2024-05-25T01:50:00+00:00', '--job-id', '42', '--raw', '--subdir', 'DAGS_FOLDER/dag_clase.py', '--cfg-path', '/tmp/tmp05fez73a']
[2024-05-26T02:00:57.053+0000] {standard_task_runner.py:91} INFO - Job 42: Subtask second-step-el
[2024-05-26T02:00:57.099+0000] {task_command.py:426} INFO - Running <TaskInstance: DAG_catedra_airflow.second-step-el scheduled__2024-05-25T01:50:00+00:00 [running]> on host da1b21f42040
[2024-05-26T02:00:57.206+0000] {taskinstance.py:2648} INFO - Exporting env vars: AIRFLOW_CTX_DAG_OWNER='***' AIRFLOW_CTX_DAG_ID='DAG_catedra_***' AIRFLOW_CTX_TASK_ID='second-step-el' AIRFLOW_CTX_EXECUTION_DATE='2024-05-25T01:50:00+00:00' AIRFLOW_CTX_TRY_NUMBER='1' AIRFLOW_CTX_DAG_RUN_ID='scheduled__2024-05-25T01:50:00+00:00'
[2024-05-26T02:00:57.207+0000] {taskinstance.py:430} INFO - ::endgroup::
[2024-05-26T02:00:57.215+0000] {logging_mixin.py:188} INFO - The connection to the DB was succesful
[2024-05-26T02:00:57.230+0000] {logging_mixin.py:188} INFO - Query completed
[2024-05-26T02:00:57.236+0000] {logging_mixin.py:188} INFO - execute_query_result_set()
[2024-05-26T02:00:57.243+0000] {logging_mixin.py:188} INFO - The connection to the DB was succesful
[2024-05-26T02:00:57.248+0000] {logging_mixin.py:188} INFO - Inserts were comitted
[2024-05-26T02:00:57.249+0000] {python.py:237} INFO - Done. Returned value was: None
[2024-05-26T02:00:57.250+0000] {taskinstance.py:441} INFO - ::group::Post task execution logs
[2024-05-26T02:00:57.259+0000] {taskinstance.py:1206} INFO - Marking task as SUCCESS. dag_id=DAG_catedra_***, task_id=second-step-el, run_id=scheduled__2024-05-25T01:50:00+00:00, execution_date=20240525T015000, start_date=20240526T020057, end_date=20240526T020057
[2024-05-26T02:00:57.306+0000] {local_task_job_runner.py:240} INFO - Task exited with return code 0
[2024-05-26T02:00:57.324+0000] {taskinstance.py:3498} INFO - 0 downstream tasks scheduled from follow-on schedule check
[2024-05-26T02:00:57.328+0000] {local_task_job_runner.py:222} INFO - ::endgroup::
