[2024-05-26T00:44:33.762+0000] {local_task_job_runner.py:120} INFO - ::group::Pre task execution logs
[2024-05-26T00:44:33.783+0000] {taskinstance.py:2076} INFO - Dependencies all met for dep_context=non-requeueable deps ti=<TaskInstance: DAG_catedra_airflow.first-step-el scheduled__2024-05-25T02:05:00+00:00 [queued]>
[2024-05-26T00:44:33.790+0000] {taskinstance.py:2076} INFO - Dependencies all met for dep_context=requeueable deps ti=<TaskInstance: DAG_catedra_airflow.first-step-el scheduled__2024-05-25T02:05:00+00:00 [queued]>
[2024-05-26T00:44:33.790+0000] {taskinstance.py:2306} INFO - Starting attempt 1 of 1
[2024-05-26T00:44:33.803+0000] {taskinstance.py:2330} INFO - Executing <Task(PythonOperator): first-step-el> on 2024-05-25 02:05:00+00:00
[2024-05-26T00:44:33.809+0000] {warnings.py:110} WARNING - /home/***/.local/lib/python3.12/site-packages/***/task/task_runner/standard_task_runner.py:61: DeprecationWarning: This process (pid=206) is multi-threaded, use of fork() may lead to deadlocks in the child.
  pid = os.fork()

[2024-05-26T00:44:33.810+0000] {standard_task_runner.py:63} INFO - Started process 215 to run task
[2024-05-26T00:44:33.810+0000] {standard_task_runner.py:90} INFO - Running: ['***', 'tasks', 'run', 'DAG_catedra_***', 'first-step-el', 'scheduled__2024-05-25T02:05:00+00:00', '--job-id', '47', '--raw', '--subdir', 'DAGS_FOLDER/dag_clase.py', '--cfg-path', '/tmp/tmph49rh2kj']
[2024-05-26T00:44:33.811+0000] {standard_task_runner.py:91} INFO - Job 47: Subtask first-step-el
[2024-05-26T00:44:33.851+0000] {task_command.py:426} INFO - Running <TaskInstance: DAG_catedra_airflow.first-step-el scheduled__2024-05-25T02:05:00+00:00 [running]> on host bb8f67d70e6d
[2024-05-26T00:44:33.932+0000] {taskinstance.py:2648} INFO - Exporting env vars: AIRFLOW_CTX_DAG_OWNER='***' AIRFLOW_CTX_DAG_ID='DAG_catedra_***' AIRFLOW_CTX_TASK_ID='first-step-el' AIRFLOW_CTX_EXECUTION_DATE='2024-05-25T02:05:00+00:00' AIRFLOW_CTX_TRY_NUMBER='1' AIRFLOW_CTX_DAG_RUN_ID='scheduled__2024-05-25T02:05:00+00:00'
[2024-05-26T00:44:33.933+0000] {taskinstance.py:430} INFO - ::endgroup::
[2024-05-26T00:44:33.939+0000] {logging_mixin.py:188} INFO - Connection to database was succesful
[2024-05-26T00:44:33.949+0000] {logging_mixin.py:188} INFO - Query completed
[2024-05-26T00:44:33.952+0000] {logging_mixin.py:188} INFO - execute_query_result_set()
[2024-05-26T00:44:33.957+0000] {logging_mixin.py:188} INFO - Connection to database was succesful
[2024-05-26T00:44:33.958+0000] {logging_mixin.py:188} INFO - ERROR, INSERTS COULDN`T BE DONE
[2024-05-26T00:44:33.959+0000] {python.py:237} INFO - Done. Returned value was: None
[2024-05-26T00:44:33.959+0000] {taskinstance.py:441} INFO - ::group::Post task execution logs
[2024-05-26T00:44:33.966+0000] {taskinstance.py:1206} INFO - Marking task as SUCCESS. dag_id=DAG_catedra_***, task_id=first-step-el, run_id=scheduled__2024-05-25T02:05:00+00:00, execution_date=20240525T020500, start_date=20240526T004433, end_date=20240526T004433
[2024-05-26T00:44:34.024+0000] {local_task_job_runner.py:240} INFO - Task exited with return code 0
[2024-05-26T00:44:34.039+0000] {taskinstance.py:3498} INFO - 0 downstream tasks scheduled from follow-on schedule check
[2024-05-26T00:44:34.048+0000] {local_task_job_runner.py:222} INFO - ::endgroup::
[2024-05-26T02:01:12.113+0000] {local_task_job_runner.py:120} INFO - ::group::Pre task execution logs
[2024-05-26T02:01:12.132+0000] {taskinstance.py:2076} INFO - Dependencies all met for dep_context=non-requeueable deps ti=<TaskInstance: DAG_catedra_airflow.first-step-el scheduled__2024-05-25T02:05:00+00:00 [queued]>
[2024-05-26T02:01:12.140+0000] {taskinstance.py:2076} INFO - Dependencies all met for dep_context=requeueable deps ti=<TaskInstance: DAG_catedra_airflow.first-step-el scheduled__2024-05-25T02:05:00+00:00 [queued]>
[2024-05-26T02:01:12.140+0000] {taskinstance.py:2306} INFO - Starting attempt 1 of 1
[2024-05-26T02:01:12.152+0000] {taskinstance.py:2330} INFO - Executing <Task(PythonOperator): first-step-el> on 2024-05-25 02:05:00+00:00
[2024-05-26T02:01:12.159+0000] {warnings.py:110} WARNING - /home/***/.local/lib/python3.12/site-packages/***/task/task_runner/standard_task_runner.py:61: DeprecationWarning: This process (pid=213) is multi-threaded, use of fork() may lead to deadlocks in the child.
  pid = os.fork()

[2024-05-26T02:01:12.160+0000] {standard_task_runner.py:63} INFO - Started process 215 to run task
[2024-05-26T02:01:12.161+0000] {standard_task_runner.py:90} INFO - Running: ['***', 'tasks', 'run', 'DAG_catedra_***', 'first-step-el', 'scheduled__2024-05-25T02:05:00+00:00', '--job-id', '47', '--raw', '--subdir', 'DAGS_FOLDER/dag_clase.py', '--cfg-path', '/tmp/tmpxsvl9azv']
[2024-05-26T02:01:12.162+0000] {standard_task_runner.py:91} INFO - Job 47: Subtask first-step-el
[2024-05-26T02:01:12.200+0000] {task_command.py:426} INFO - Running <TaskInstance: DAG_catedra_airflow.first-step-el scheduled__2024-05-25T02:05:00+00:00 [running]> on host da1b21f42040
[2024-05-26T02:01:12.280+0000] {taskinstance.py:2648} INFO - Exporting env vars: AIRFLOW_CTX_DAG_OWNER='***' AIRFLOW_CTX_DAG_ID='DAG_catedra_***' AIRFLOW_CTX_TASK_ID='first-step-el' AIRFLOW_CTX_EXECUTION_DATE='2024-05-25T02:05:00+00:00' AIRFLOW_CTX_TRY_NUMBER='1' AIRFLOW_CTX_DAG_RUN_ID='scheduled__2024-05-25T02:05:00+00:00'
[2024-05-26T02:01:12.282+0000] {taskinstance.py:430} INFO - ::endgroup::
[2024-05-26T02:01:12.287+0000] {logging_mixin.py:188} INFO - The connection to the DB was succesful
[2024-05-26T02:01:12.297+0000] {logging_mixin.py:188} INFO - Query completed
[2024-05-26T02:01:12.299+0000] {logging_mixin.py:188} INFO - execute_query_result_set()
[2024-05-26T02:01:12.304+0000] {logging_mixin.py:188} INFO - The connection to the DB was succesful
[2024-05-26T02:01:12.309+0000] {logging_mixin.py:188} INFO - Inserts were comitted
[2024-05-26T02:01:12.310+0000] {python.py:237} INFO - Done. Returned value was: None
[2024-05-26T02:01:12.310+0000] {taskinstance.py:441} INFO - ::group::Post task execution logs
[2024-05-26T02:01:12.317+0000] {taskinstance.py:1206} INFO - Marking task as SUCCESS. dag_id=DAG_catedra_***, task_id=first-step-el, run_id=scheduled__2024-05-25T02:05:00+00:00, execution_date=20240525T020500, start_date=20240526T020112, end_date=20240526T020112
[2024-05-26T02:01:12.374+0000] {local_task_job_runner.py:240} INFO - Task exited with return code 0
[2024-05-26T02:01:12.410+0000] {taskinstance.py:3498} INFO - 1 downstream tasks scheduled from follow-on schedule check
[2024-05-26T02:01:12.419+0000] {local_task_job_runner.py:222} INFO - ::endgroup::
