[2024-05-25T21:16:35.760+0000] {local_task_job_runner.py:120} INFO - ::group::Pre task execution logs
[2024-05-25T21:16:35.787+0000] {taskinstance.py:2076} INFO - Dependencies all met for dep_context=non-requeueable deps ti=<TaskInstance: DAG_catedra_airflow.second-step-el scheduled__2024-05-25T00:50:00+00:00 [queued]>
[2024-05-25T21:16:35.797+0000] {taskinstance.py:2076} INFO - Dependencies all met for dep_context=requeueable deps ti=<TaskInstance: DAG_catedra_airflow.second-step-el scheduled__2024-05-25T00:50:00+00:00 [queued]>
[2024-05-25T21:16:35.798+0000] {taskinstance.py:2306} INFO - Starting attempt 1 of 1
[2024-05-25T21:16:35.814+0000] {taskinstance.py:2330} INFO - Executing <Task(PythonOperator): second-step-el> on 2024-05-25 00:50:00+00:00
[2024-05-25T21:16:35.823+0000] {warnings.py:110} WARNING - /home/***/.local/lib/python3.12/site-packages/***/task/task_runner/standard_task_runner.py:61: DeprecationWarning: This process (pid=477) is multi-threaded, use of fork() may lead to deadlocks in the child.
  pid = os.fork()

[2024-05-25T21:16:35.826+0000] {standard_task_runner.py:63} INFO - Started process 479 to run task
[2024-05-25T21:16:35.826+0000] {standard_task_runner.py:90} INFO - Running: ['***', 'tasks', 'run', 'DAG_catedra_***', 'second-step-el', 'scheduled__2024-05-25T00:50:00+00:00', '--job-id', '113', '--raw', '--subdir', 'DAGS_FOLDER/dag_clase.py', '--cfg-path', '/tmp/tmpemc25s27']
[2024-05-25T21:16:35.828+0000] {standard_task_runner.py:91} INFO - Job 113: Subtask second-step-el
[2024-05-25T21:16:35.878+0000] {task_command.py:426} INFO - Running <TaskInstance: DAG_catedra_airflow.second-step-el scheduled__2024-05-25T00:50:00+00:00 [running]> on host b2cfee8f0b2b
[2024-05-25T21:16:35.984+0000] {taskinstance.py:2648} INFO - Exporting env vars: AIRFLOW_CTX_DAG_OWNER='***' AIRFLOW_CTX_DAG_ID='DAG_catedra_***' AIRFLOW_CTX_TASK_ID='second-step-el' AIRFLOW_CTX_EXECUTION_DATE='2024-05-25T00:50:00+00:00' AIRFLOW_CTX_TRY_NUMBER='1' AIRFLOW_CTX_DAG_RUN_ID='scheduled__2024-05-25T00:50:00+00:00'
[2024-05-25T21:16:35.986+0000] {taskinstance.py:430} INFO - ::endgroup::
[2024-05-25T21:16:35.992+0000] {logging_mixin.py:188} INFO - Connection to database was succesful
[2024-05-25T21:16:36.010+0000] {logging_mixin.py:188} INFO - Query completed
[2024-05-25T21:16:36.041+0000] {logging_mixin.py:188} INFO - execute_query_result_set()
[2024-05-25T21:16:36.048+0000] {logging_mixin.py:188} INFO - Connection to database was succesful
[2024-05-25T21:16:36.108+0000] {logging_mixin.py:188} INFO - Inserts performed wihout fail
[2024-05-25T21:16:36.109+0000] {python.py:237} INFO - Done. Returned value was: None
[2024-05-25T21:16:36.109+0000] {taskinstance.py:441} INFO - ::group::Post task execution logs
[2024-05-25T21:16:36.118+0000] {taskinstance.py:1206} INFO - Marking task as SUCCESS. dag_id=DAG_catedra_***, task_id=second-step-el, run_id=scheduled__2024-05-25T00:50:00+00:00, execution_date=20240525T005000, start_date=20240525T211635, end_date=20240525T211636
[2024-05-25T21:16:36.161+0000] {local_task_job_runner.py:240} INFO - Task exited with return code 0
[2024-05-25T21:16:36.184+0000] {taskinstance.py:3498} INFO - 0 downstream tasks scheduled from follow-on schedule check
[2024-05-25T21:16:36.188+0000] {local_task_job_runner.py:222} INFO - ::endgroup::
[2024-05-26T00:43:25.582+0000] {local_task_job_runner.py:120} INFO - ::group::Pre task execution logs
[2024-05-26T00:43:25.603+0000] {taskinstance.py:2076} INFO - Dependencies all met for dep_context=non-requeueable deps ti=<TaskInstance: DAG_catedra_airflow.second-step-el scheduled__2024-05-25T00:50:00+00:00 [queued]>
[2024-05-26T00:43:25.610+0000] {taskinstance.py:2076} INFO - Dependencies all met for dep_context=requeueable deps ti=<TaskInstance: DAG_catedra_airflow.second-step-el scheduled__2024-05-25T00:50:00+00:00 [queued]>
[2024-05-26T00:43:25.611+0000] {taskinstance.py:2306} INFO - Starting attempt 1 of 1
[2024-05-26T00:43:25.623+0000] {taskinstance.py:2330} INFO - Executing <Task(PythonOperator): second-step-el> on 2024-05-25 00:50:00+00:00
[2024-05-26T00:43:25.629+0000] {warnings.py:110} WARNING - /home/***/.local/lib/python3.12/site-packages/***/task/task_runner/standard_task_runner.py:61: DeprecationWarning: This process (pid=105) is multi-threaded, use of fork() may lead to deadlocks in the child.
  pid = os.fork()

[2024-05-26T00:43:25.630+0000] {standard_task_runner.py:63} INFO - Started process 107 to run task
[2024-05-26T00:43:25.631+0000] {standard_task_runner.py:90} INFO - Running: ['***', 'tasks', 'run', 'DAG_catedra_***', 'second-step-el', 'scheduled__2024-05-25T00:50:00+00:00', '--job-id', '18', '--raw', '--subdir', 'DAGS_FOLDER/dag_clase.py', '--cfg-path', '/tmp/tmp5wg1qp6n']
[2024-05-26T00:43:25.632+0000] {standard_task_runner.py:91} INFO - Job 18: Subtask second-step-el
[2024-05-26T00:43:25.671+0000] {task_command.py:426} INFO - Running <TaskInstance: DAG_catedra_airflow.second-step-el scheduled__2024-05-25T00:50:00+00:00 [running]> on host bb8f67d70e6d
[2024-05-26T00:43:25.748+0000] {taskinstance.py:2648} INFO - Exporting env vars: AIRFLOW_CTX_DAG_OWNER='***' AIRFLOW_CTX_DAG_ID='DAG_catedra_***' AIRFLOW_CTX_TASK_ID='second-step-el' AIRFLOW_CTX_EXECUTION_DATE='2024-05-25T00:50:00+00:00' AIRFLOW_CTX_TRY_NUMBER='1' AIRFLOW_CTX_DAG_RUN_ID='scheduled__2024-05-25T00:50:00+00:00'
[2024-05-26T00:43:25.750+0000] {taskinstance.py:430} INFO - ::endgroup::
[2024-05-26T00:43:25.756+0000] {logging_mixin.py:188} INFO - Connection to database was succesful
[2024-05-26T00:43:25.762+0000] {logging_mixin.py:188} INFO - query failed, df empty
[2024-05-26T00:43:25.766+0000] {logging_mixin.py:188} INFO - execute_query_result_set()
[2024-05-26T00:43:25.771+0000] {logging_mixin.py:188} INFO - Connection to database was succesful
[2024-05-26T00:43:25.771+0000] {logging_mixin.py:188} INFO - Inserts performed wihout fail
[2024-05-26T00:43:25.772+0000] {python.py:237} INFO - Done. Returned value was: None
[2024-05-26T00:43:25.772+0000] {taskinstance.py:441} INFO - ::group::Post task execution logs
[2024-05-26T00:43:25.779+0000] {taskinstance.py:1206} INFO - Marking task as SUCCESS. dag_id=DAG_catedra_***, task_id=second-step-el, run_id=scheduled__2024-05-25T00:50:00+00:00, execution_date=20240525T005000, start_date=20240526T004325, end_date=20240526T004325
[2024-05-26T00:43:25.804+0000] {local_task_job_runner.py:240} INFO - Task exited with return code 0
[2024-05-26T00:43:25.813+0000] {local_task_job_runner.py:222} INFO - ::endgroup::
[2024-05-26T01:59:55.010+0000] {local_task_job_runner.py:120} INFO - ::group::Pre task execution logs
[2024-05-26T01:59:55.041+0000] {taskinstance.py:2076} INFO - Dependencies all met for dep_context=non-requeueable deps ti=<TaskInstance: DAG_catedra_airflow.second-step-el scheduled__2024-05-25T00:50:00+00:00 [queued]>
[2024-05-26T01:59:55.052+0000] {taskinstance.py:2076} INFO - Dependencies all met for dep_context=requeueable deps ti=<TaskInstance: DAG_catedra_airflow.second-step-el scheduled__2024-05-25T00:50:00+00:00 [queued]>
[2024-05-26T01:59:55.053+0000] {taskinstance.py:2306} INFO - Starting attempt 1 of 1
[2024-05-26T01:59:55.069+0000] {taskinstance.py:2330} INFO - Executing <Task(PythonOperator): second-step-el> on 2024-05-25 00:50:00+00:00
[2024-05-26T01:59:55.077+0000] {warnings.py:110} WARNING - /home/***/.local/lib/python3.12/site-packages/***/task/task_runner/standard_task_runner.py:61: DeprecationWarning: This process (pid=112) is multi-threaded, use of fork() may lead to deadlocks in the child.
  pid = os.fork()

[2024-05-26T01:59:55.079+0000] {standard_task_runner.py:63} INFO - Started process 114 to run task
[2024-05-26T01:59:55.079+0000] {standard_task_runner.py:90} INFO - Running: ['***', 'tasks', 'run', 'DAG_catedra_***', 'second-step-el', 'scheduled__2024-05-25T00:50:00+00:00', '--job-id', '18', '--raw', '--subdir', 'DAGS_FOLDER/dag_clase.py', '--cfg-path', '/tmp/tmpp52cncq0']
[2024-05-26T01:59:55.081+0000] {standard_task_runner.py:91} INFO - Job 18: Subtask second-step-el
[2024-05-26T01:59:55.131+0000] {task_command.py:426} INFO - Running <TaskInstance: DAG_catedra_airflow.second-step-el scheduled__2024-05-25T00:50:00+00:00 [running]> on host da1b21f42040
[2024-05-26T01:59:55.236+0000] {taskinstance.py:2648} INFO - Exporting env vars: AIRFLOW_CTX_DAG_OWNER='***' AIRFLOW_CTX_DAG_ID='DAG_catedra_***' AIRFLOW_CTX_TASK_ID='second-step-el' AIRFLOW_CTX_EXECUTION_DATE='2024-05-25T00:50:00+00:00' AIRFLOW_CTX_TRY_NUMBER='1' AIRFLOW_CTX_DAG_RUN_ID='scheduled__2024-05-25T00:50:00+00:00'
[2024-05-26T01:59:55.238+0000] {taskinstance.py:430} INFO - ::endgroup::
[2024-05-26T01:59:55.245+0000] {logging_mixin.py:188} INFO - The connection to the DB was succesful
[2024-05-26T01:59:55.261+0000] {logging_mixin.py:188} INFO - Query completed
[2024-05-26T01:59:55.267+0000] {logging_mixin.py:188} INFO - execute_query_result_set()
[2024-05-26T01:59:55.274+0000] {logging_mixin.py:188} INFO - The connection to the DB was succesful
[2024-05-26T01:59:55.280+0000] {logging_mixin.py:188} INFO - Inserts were comitted
[2024-05-26T01:59:55.281+0000] {python.py:237} INFO - Done. Returned value was: None
[2024-05-26T01:59:55.281+0000] {taskinstance.py:441} INFO - ::group::Post task execution logs
[2024-05-26T01:59:55.291+0000] {taskinstance.py:1206} INFO - Marking task as SUCCESS. dag_id=DAG_catedra_***, task_id=second-step-el, run_id=scheduled__2024-05-25T00:50:00+00:00, execution_date=20240525T005000, start_date=20240526T015955, end_date=20240526T015955
[2024-05-26T01:59:55.333+0000] {local_task_job_runner.py:240} INFO - Task exited with return code 0
[2024-05-26T01:59:55.351+0000] {taskinstance.py:3498} INFO - 0 downstream tasks scheduled from follow-on schedule check
[2024-05-26T01:59:55.356+0000] {local_task_job_runner.py:222} INFO - ::endgroup::
