[2024-05-25T22:57:13.758+0000] {local_task_job_runner.py:120} INFO - ::group::Pre task execution logs
[2024-05-25T22:57:13.778+0000] {taskinstance.py:2076} INFO - Dependencies all met for dep_context=non-requeueable deps ti=<TaskInstance: DAG_catedra_airflow.first-step-el scheduled__2024-05-25T22:53:00+00:00 [queued]>
[2024-05-25T22:57:13.786+0000] {taskinstance.py:2076} INFO - Dependencies all met for dep_context=requeueable deps ti=<TaskInstance: DAG_catedra_airflow.first-step-el scheduled__2024-05-25T22:53:00+00:00 [queued]>
[2024-05-25T22:57:13.787+0000] {taskinstance.py:2306} INFO - Starting attempt 1 of 1
[2024-05-25T22:57:13.800+0000] {taskinstance.py:2330} INFO - Executing <Task(PythonOperator): first-step-el> on 2024-05-25 22:53:00+00:00
[2024-05-25T22:57:13.805+0000] {warnings.py:110} WARNING - /home/***/.local/lib/python3.12/site-packages/***/task/task_runner/standard_task_runner.py:61: DeprecationWarning: This process (pid=2516) is multi-threaded, use of fork() may lead to deadlocks in the child.
  pid = os.fork()

[2024-05-25T22:57:13.807+0000] {standard_task_runner.py:63} INFO - Started process 2518 to run task
[2024-05-25T22:57:13.807+0000] {standard_task_runner.py:90} INFO - Running: ['***', 'tasks', 'run', 'DAG_catedra_***', 'first-step-el', 'scheduled__2024-05-25T22:53:00+00:00', '--job-id', '394', '--raw', '--subdir', 'DAGS_FOLDER/dag_clase.py', '--cfg-path', '/tmp/tmprd9pd8vf']
[2024-05-25T22:57:13.808+0000] {standard_task_runner.py:91} INFO - Job 394: Subtask first-step-el
[2024-05-25T22:57:13.848+0000] {task_command.py:426} INFO - Running <TaskInstance: DAG_catedra_airflow.first-step-el scheduled__2024-05-25T22:53:00+00:00 [running]> on host b2cfee8f0b2b
[2024-05-25T22:57:13.932+0000] {taskinstance.py:2648} INFO - Exporting env vars: AIRFLOW_CTX_DAG_OWNER='***' AIRFLOW_CTX_DAG_ID='DAG_catedra_***' AIRFLOW_CTX_TASK_ID='first-step-el' AIRFLOW_CTX_EXECUTION_DATE='2024-05-25T22:53:00+00:00' AIRFLOW_CTX_TRY_NUMBER='1' AIRFLOW_CTX_DAG_RUN_ID='scheduled__2024-05-25T22:53:00+00:00'
[2024-05-25T22:57:13.933+0000] {taskinstance.py:430} INFO - ::endgroup::
[2024-05-25T22:57:13.939+0000] {logging_mixin.py:188} INFO - Connection to database was succesful
[2024-05-25T22:57:13.949+0000] {logging_mixin.py:188} INFO - Query completed
[2024-05-25T22:57:13.951+0000] {logging_mixin.py:188} INFO - execute_query_result_set()
[2024-05-25T22:57:13.955+0000] {logging_mixin.py:188} INFO - Connection to database was succesful
[2024-05-25T22:57:13.961+0000] {logging_mixin.py:188} INFO - Inserts performed wihout fail
[2024-05-25T22:57:13.961+0000] {python.py:237} INFO - Done. Returned value was: None
[2024-05-25T22:57:13.962+0000] {taskinstance.py:441} INFO - ::group::Post task execution logs
[2024-05-25T22:57:13.969+0000] {taskinstance.py:1206} INFO - Marking task as SUCCESS. dag_id=DAG_catedra_***, task_id=first-step-el, run_id=scheduled__2024-05-25T22:53:00+00:00, execution_date=20240525T225300, start_date=20240525T225713, end_date=20240525T225713
[2024-05-25T22:57:14.021+0000] {local_task_job_runner.py:240} INFO - Task exited with return code 0
[2024-05-25T22:57:14.040+0000] {taskinstance.py:3498} INFO - 1 downstream tasks scheduled from follow-on schedule check
[2024-05-25T22:57:14.045+0000] {local_task_job_runner.py:222} INFO - ::endgroup::
