[2024-05-25T21:15:42.792+0000] {local_task_job_runner.py:120} INFO - ::group::Pre task execution logs
[2024-05-25T21:15:42.820+0000] {taskinstance.py:2076} INFO - Dependencies all met for dep_context=non-requeueable deps ti=<TaskInstance: DAG_catedra_airflow.second-step-el scheduled__2024-05-25T00:40:00+00:00 [queued]>
[2024-05-25T21:15:42.831+0000] {taskinstance.py:2076} INFO - Dependencies all met for dep_context=requeueable deps ti=<TaskInstance: DAG_catedra_airflow.second-step-el scheduled__2024-05-25T00:40:00+00:00 [queued]>
[2024-05-25T21:15:42.831+0000] {taskinstance.py:2306} INFO - Starting attempt 1 of 1
[2024-05-25T21:15:42.847+0000] {taskinstance.py:2330} INFO - Executing <Task(PythonOperator): second-step-el> on 2024-05-25 00:40:00+00:00
[2024-05-25T21:15:42.855+0000] {warnings.py:110} WARNING - /home/***/.local/lib/python3.12/site-packages/***/task/task_runner/standard_task_runner.py:61: DeprecationWarning: This process (pid=403) is multi-threaded, use of fork() may lead to deadlocks in the child.
  pid = os.fork()

[2024-05-25T21:15:42.857+0000] {standard_task_runner.py:63} INFO - Started process 405 to run task
[2024-05-25T21:15:42.858+0000] {standard_task_runner.py:90} INFO - Running: ['***', 'tasks', 'run', 'DAG_catedra_***', 'second-step-el', 'scheduled__2024-05-25T00:40:00+00:00', '--job-id', '93', '--raw', '--subdir', 'DAGS_FOLDER/dag_clase.py', '--cfg-path', '/tmp/tmp_lxq9_jm']
[2024-05-25T21:15:42.859+0000] {standard_task_runner.py:91} INFO - Job 93: Subtask second-step-el
[2024-05-25T21:15:42.914+0000] {task_command.py:426} INFO - Running <TaskInstance: DAG_catedra_airflow.second-step-el scheduled__2024-05-25T00:40:00+00:00 [running]> on host b2cfee8f0b2b
[2024-05-25T21:15:43.021+0000] {taskinstance.py:2648} INFO - Exporting env vars: AIRFLOW_CTX_DAG_OWNER='***' AIRFLOW_CTX_DAG_ID='DAG_catedra_***' AIRFLOW_CTX_TASK_ID='second-step-el' AIRFLOW_CTX_EXECUTION_DATE='2024-05-25T00:40:00+00:00' AIRFLOW_CTX_TRY_NUMBER='1' AIRFLOW_CTX_DAG_RUN_ID='scheduled__2024-05-25T00:40:00+00:00'
[2024-05-25T21:15:43.023+0000] {taskinstance.py:430} INFO - ::endgroup::
[2024-05-25T21:15:43.031+0000] {logging_mixin.py:188} INFO - Connection to database was succesful
[2024-05-25T21:15:43.048+0000] {logging_mixin.py:188} INFO - Query completed
[2024-05-25T21:15:43.076+0000] {logging_mixin.py:188} INFO - execute_query_result_set()
[2024-05-25T21:15:43.083+0000] {logging_mixin.py:188} INFO - Connection to database was succesful
[2024-05-25T21:15:43.123+0000] {logging_mixin.py:188} INFO - Inserts performed wihout fail
[2024-05-25T21:15:43.124+0000] {python.py:237} INFO - Done. Returned value was: None
[2024-05-25T21:15:43.124+0000] {taskinstance.py:441} INFO - ::group::Post task execution logs
[2024-05-25T21:15:43.134+0000] {taskinstance.py:1206} INFO - Marking task as SUCCESS. dag_id=DAG_catedra_***, task_id=second-step-el, run_id=scheduled__2024-05-25T00:40:00+00:00, execution_date=20240525T004000, start_date=20240525T211542, end_date=20240525T211543
[2024-05-25T21:15:43.192+0000] {local_task_job_runner.py:240} INFO - Task exited with return code 0
[2024-05-25T21:15:43.220+0000] {taskinstance.py:3498} INFO - 0 downstream tasks scheduled from follow-on schedule check
[2024-05-25T21:15:43.224+0000] {local_task_job_runner.py:222} INFO - ::endgroup::
[2024-05-26T00:43:18.915+0000] {local_task_job_runner.py:120} INFO - ::group::Pre task execution logs
[2024-05-26T00:43:18.943+0000] {taskinstance.py:2076} INFO - Dependencies all met for dep_context=non-requeueable deps ti=<TaskInstance: DAG_catedra_airflow.second-step-el scheduled__2024-05-25T00:40:00+00:00 [queued]>
[2024-05-26T00:43:18.953+0000] {taskinstance.py:2076} INFO - Dependencies all met for dep_context=requeueable deps ti=<TaskInstance: DAG_catedra_airflow.second-step-el scheduled__2024-05-25T00:40:00+00:00 [queued]>
[2024-05-26T00:43:18.954+0000] {taskinstance.py:2306} INFO - Starting attempt 1 of 1
[2024-05-26T00:43:18.969+0000] {taskinstance.py:2330} INFO - Executing <Task(PythonOperator): second-step-el> on 2024-05-25 00:40:00+00:00
[2024-05-26T00:43:18.975+0000] {warnings.py:110} WARNING - /home/***/.local/lib/python3.12/site-packages/***/task/task_runner/standard_task_runner.py:61: DeprecationWarning: This process (pid=93) is multi-threaded, use of fork() may lead to deadlocks in the child.
  pid = os.fork()

[2024-05-26T00:43:18.977+0000] {standard_task_runner.py:63} INFO - Started process 95 to run task
[2024-05-26T00:43:18.977+0000] {standard_task_runner.py:90} INFO - Running: ['***', 'tasks', 'run', 'DAG_catedra_***', 'second-step-el', 'scheduled__2024-05-25T00:40:00+00:00', '--job-id', '14', '--raw', '--subdir', 'DAGS_FOLDER/dag_clase.py', '--cfg-path', '/tmp/tmpcvtfidct']
[2024-05-26T00:43:18.978+0000] {standard_task_runner.py:91} INFO - Job 14: Subtask second-step-el
[2024-05-26T00:43:19.026+0000] {task_command.py:426} INFO - Running <TaskInstance: DAG_catedra_airflow.second-step-el scheduled__2024-05-25T00:40:00+00:00 [running]> on host bb8f67d70e6d
[2024-05-26T00:43:19.119+0000] {taskinstance.py:2648} INFO - Exporting env vars: AIRFLOW_CTX_DAG_OWNER='***' AIRFLOW_CTX_DAG_ID='DAG_catedra_***' AIRFLOW_CTX_TASK_ID='second-step-el' AIRFLOW_CTX_EXECUTION_DATE='2024-05-25T00:40:00+00:00' AIRFLOW_CTX_TRY_NUMBER='1' AIRFLOW_CTX_DAG_RUN_ID='scheduled__2024-05-25T00:40:00+00:00'
[2024-05-26T00:43:19.121+0000] {taskinstance.py:430} INFO - ::endgroup::
[2024-05-26T00:43:19.126+0000] {logging_mixin.py:188} INFO - Connection to database was succesful
[2024-05-26T00:43:19.133+0000] {logging_mixin.py:188} INFO - query failed, df empty
[2024-05-26T00:43:19.137+0000] {logging_mixin.py:188} INFO - execute_query_result_set()
[2024-05-26T00:43:19.143+0000] {logging_mixin.py:188} INFO - Connection to database was succesful
[2024-05-26T00:43:19.143+0000] {logging_mixin.py:188} INFO - Inserts performed wihout fail
[2024-05-26T00:43:19.143+0000] {python.py:237} INFO - Done. Returned value was: None
[2024-05-26T00:43:19.144+0000] {taskinstance.py:441} INFO - ::group::Post task execution logs
[2024-05-26T00:43:19.153+0000] {taskinstance.py:1206} INFO - Marking task as SUCCESS. dag_id=DAG_catedra_***, task_id=second-step-el, run_id=scheduled__2024-05-25T00:40:00+00:00, execution_date=20240525T004000, start_date=20240526T004318, end_date=20240526T004319
[2024-05-26T00:43:19.191+0000] {local_task_job_runner.py:240} INFO - Task exited with return code 0
[2024-05-26T00:43:19.204+0000] {taskinstance.py:3498} INFO - 0 downstream tasks scheduled from follow-on schedule check
[2024-05-26T00:43:19.208+0000] {local_task_job_runner.py:222} INFO - ::endgroup::
[2024-05-26T01:50:21.649+0000] {local_task_job_runner.py:120} INFO - ::group::Pre task execution logs
[2024-05-26T01:50:21.731+0000] {taskinstance.py:2076} INFO - Dependencies all met for dep_context=non-requeueable deps ti=<TaskInstance: DAG_catedra_airflow.second-step-el scheduled__2024-05-25T00:40:00+00:00 [queued]>
[2024-05-26T01:50:21.751+0000] {taskinstance.py:2076} INFO - Dependencies all met for dep_context=requeueable deps ti=<TaskInstance: DAG_catedra_airflow.second-step-el scheduled__2024-05-25T00:40:00+00:00 [queued]>
[2024-05-26T01:50:21.753+0000] {taskinstance.py:2306} INFO - Starting attempt 1 of 1
[2024-05-26T01:50:21.794+0000] {taskinstance.py:2330} INFO - Executing <Task(PythonOperator): second-step-el> on 2024-05-25 00:40:00+00:00
[2024-05-26T01:50:21.816+0000] {warnings.py:110} WARNING - /home/***/.local/lib/python3.12/site-packages/***/task/task_runner/standard_task_runner.py:61: DeprecationWarning: This process (pid=151) is multi-threaded, use of fork() may lead to deadlocks in the child.
  pid = os.fork()

[2024-05-26T01:50:21.825+0000] {standard_task_runner.py:63} INFO - Started process 153 to run task
[2024-05-26T01:50:21.824+0000] {standard_task_runner.py:90} INFO - Running: ['***', 'tasks', 'run', 'DAG_catedra_***', 'second-step-el', 'scheduled__2024-05-25T00:40:00+00:00', '--job-id', '24', '--raw', '--subdir', 'DAGS_FOLDER/dag_clase.py', '--cfg-path', '/tmp/tmprncv9hp5']
[2024-05-26T01:50:21.828+0000] {standard_task_runner.py:91} INFO - Job 24: Subtask second-step-el
[2024-05-26T01:50:21.926+0000] {task_command.py:426} INFO - Running <TaskInstance: DAG_catedra_airflow.second-step-el scheduled__2024-05-25T00:40:00+00:00 [running]> on host 07ce07c9aa35
[2024-05-26T01:50:22.141+0000] {taskinstance.py:2648} INFO - Exporting env vars: AIRFLOW_CTX_DAG_OWNER='***' AIRFLOW_CTX_DAG_ID='DAG_catedra_***' AIRFLOW_CTX_TASK_ID='second-step-el' AIRFLOW_CTX_EXECUTION_DATE='2024-05-25T00:40:00+00:00' AIRFLOW_CTX_TRY_NUMBER='1' AIRFLOW_CTX_DAG_RUN_ID='scheduled__2024-05-25T00:40:00+00:00'
[2024-05-26T01:50:22.143+0000] {taskinstance.py:430} INFO - ::endgroup::
[2024-05-26T01:50:22.166+0000] {logging_mixin.py:188} INFO - The connection to the DB was succesful
[2024-05-26T01:50:22.204+0000] {logging_mixin.py:188} INFO - Query completed
[2024-05-26T01:50:22.217+0000] {logging_mixin.py:188} INFO - execute_query_result_set()
[2024-05-26T01:50:22.228+0000] {logging_mixin.py:188} INFO - The connection to the DB was succesful
[2024-05-26T01:50:22.237+0000] {logging_mixin.py:188} INFO - Inserts were comitted
[2024-05-26T01:50:22.238+0000] {python.py:237} INFO - Done. Returned value was: None
[2024-05-26T01:50:22.239+0000] {taskinstance.py:441} INFO - ::group::Post task execution logs
[2024-05-26T01:50:22.253+0000] {taskinstance.py:1206} INFO - Marking task as SUCCESS. dag_id=DAG_catedra_***, task_id=second-step-el, run_id=scheduled__2024-05-25T00:40:00+00:00, execution_date=20240525T004000, start_date=20240526T015021, end_date=20240526T015022
[2024-05-26T01:50:22.287+0000] {local_task_job_runner.py:240} INFO - Task exited with return code 0
[2024-05-26T01:50:22.319+0000] {taskinstance.py:3498} INFO - 0 downstream tasks scheduled from follow-on schedule check
[2024-05-26T01:50:22.325+0000] {local_task_job_runner.py:222} INFO - ::endgroup::
[2024-05-26T01:59:44.551+0000] {local_task_job_runner.py:120} INFO - ::group::Pre task execution logs
[2024-05-26T01:59:44.570+0000] {taskinstance.py:2076} INFO - Dependencies all met for dep_context=non-requeueable deps ti=<TaskInstance: DAG_catedra_airflow.second-step-el scheduled__2024-05-25T00:40:00+00:00 [queued]>
[2024-05-26T01:59:44.577+0000] {taskinstance.py:2076} INFO - Dependencies all met for dep_context=requeueable deps ti=<TaskInstance: DAG_catedra_airflow.second-step-el scheduled__2024-05-25T00:40:00+00:00 [queued]>
[2024-05-26T01:59:44.578+0000] {taskinstance.py:2306} INFO - Starting attempt 1 of 1
[2024-05-26T01:59:44.589+0000] {taskinstance.py:2330} INFO - Executing <Task(PythonOperator): second-step-el> on 2024-05-25 00:40:00+00:00
[2024-05-26T01:59:44.595+0000] {warnings.py:110} WARNING - /home/***/.local/lib/python3.12/site-packages/***/task/task_runner/standard_task_runner.py:61: DeprecationWarning: This process (pid=94) is multi-threaded, use of fork() may lead to deadlocks in the child.
  pid = os.fork()

[2024-05-26T01:59:44.596+0000] {standard_task_runner.py:63} INFO - Started process 96 to run task
[2024-05-26T01:59:44.596+0000] {standard_task_runner.py:90} INFO - Running: ['***', 'tasks', 'run', 'DAG_catedra_***', 'second-step-el', 'scheduled__2024-05-25T00:40:00+00:00', '--job-id', '14', '--raw', '--subdir', 'DAGS_FOLDER/dag_clase.py', '--cfg-path', '/tmp/tmp7nqplngp']
[2024-05-26T01:59:44.597+0000] {standard_task_runner.py:91} INFO - Job 14: Subtask second-step-el
[2024-05-26T01:59:44.635+0000] {task_command.py:426} INFO - Running <TaskInstance: DAG_catedra_airflow.second-step-el scheduled__2024-05-25T00:40:00+00:00 [running]> on host da1b21f42040
[2024-05-26T01:59:44.709+0000] {taskinstance.py:2648} INFO - Exporting env vars: AIRFLOW_CTX_DAG_OWNER='***' AIRFLOW_CTX_DAG_ID='DAG_catedra_***' AIRFLOW_CTX_TASK_ID='second-step-el' AIRFLOW_CTX_EXECUTION_DATE='2024-05-25T00:40:00+00:00' AIRFLOW_CTX_TRY_NUMBER='1' AIRFLOW_CTX_DAG_RUN_ID='scheduled__2024-05-25T00:40:00+00:00'
[2024-05-26T01:59:44.710+0000] {taskinstance.py:430} INFO - ::endgroup::
[2024-05-26T01:59:44.715+0000] {logging_mixin.py:188} INFO - The connection to the DB was succesful
[2024-05-26T01:59:44.725+0000] {logging_mixin.py:188} INFO - Query completed
[2024-05-26T01:59:44.729+0000] {logging_mixin.py:188} INFO - execute_query_result_set()
[2024-05-26T01:59:44.734+0000] {logging_mixin.py:188} INFO - The connection to the DB was succesful
[2024-05-26T01:59:44.739+0000] {logging_mixin.py:188} INFO - Inserts were comitted
[2024-05-26T01:59:44.740+0000] {python.py:237} INFO - Done. Returned value was: None
[2024-05-26T01:59:44.741+0000] {taskinstance.py:441} INFO - ::group::Post task execution logs
[2024-05-26T01:59:44.749+0000] {taskinstance.py:1206} INFO - Marking task as SUCCESS. dag_id=DAG_catedra_***, task_id=second-step-el, run_id=scheduled__2024-05-25T00:40:00+00:00, execution_date=20240525T004000, start_date=20240526T015944, end_date=20240526T015944
[2024-05-26T01:59:44.769+0000] {local_task_job_runner.py:240} INFO - Task exited with return code 0
[2024-05-26T01:59:44.782+0000] {taskinstance.py:3498} INFO - 0 downstream tasks scheduled from follow-on schedule check
[2024-05-26T01:59:44.788+0000] {local_task_job_runner.py:222} INFO - ::endgroup::
