[2024-05-25T21:18:18.269+0000] {local_task_job_runner.py:120} INFO - ::group::Pre task execution logs
[2024-05-25T21:18:18.297+0000] {taskinstance.py:2076} INFO - Dependencies all met for dep_context=non-requeueable deps ti=<TaskInstance: DAG_catedra_airflow.first-step-el scheduled__2024-05-25T01:10:00+00:00 [queued]>
[2024-05-25T21:18:18.307+0000] {taskinstance.py:2076} INFO - Dependencies all met for dep_context=requeueable deps ti=<TaskInstance: DAG_catedra_airflow.first-step-el scheduled__2024-05-25T01:10:00+00:00 [queued]>
[2024-05-25T21:18:18.307+0000] {taskinstance.py:2306} INFO - Starting attempt 1 of 1
[2024-05-25T21:18:18.322+0000] {taskinstance.py:2330} INFO - Executing <Task(PythonOperator): first-step-el> on 2024-05-25 01:10:00+00:00
[2024-05-25T21:18:18.328+0000] {warnings.py:110} WARNING - /home/***/.local/lib/python3.12/site-packages/***/task/task_runner/standard_task_runner.py:61: DeprecationWarning: This process (pid=616) is multi-threaded, use of fork() may lead to deadlocks in the child.
  pid = os.fork()

[2024-05-25T21:18:18.330+0000] {standard_task_runner.py:63} INFO - Started process 618 to run task
[2024-05-25T21:18:18.330+0000] {standard_task_runner.py:90} INFO - Running: ['***', 'tasks', 'run', 'DAG_catedra_***', 'first-step-el', 'scheduled__2024-05-25T01:10:00+00:00', '--job-id', '152', '--raw', '--subdir', 'DAGS_FOLDER/dag_clase.py', '--cfg-path', '/tmp/tmpscjwohe5']
[2024-05-25T21:18:18.332+0000] {standard_task_runner.py:91} INFO - Job 152: Subtask first-step-el
[2024-05-25T21:18:18.379+0000] {task_command.py:426} INFO - Running <TaskInstance: DAG_catedra_airflow.first-step-el scheduled__2024-05-25T01:10:00+00:00 [running]> on host b2cfee8f0b2b
[2024-05-25T21:18:18.481+0000] {taskinstance.py:2648} INFO - Exporting env vars: AIRFLOW_CTX_DAG_OWNER='***' AIRFLOW_CTX_DAG_ID='DAG_catedra_***' AIRFLOW_CTX_TASK_ID='first-step-el' AIRFLOW_CTX_EXECUTION_DATE='2024-05-25T01:10:00+00:00' AIRFLOW_CTX_TRY_NUMBER='1' AIRFLOW_CTX_DAG_RUN_ID='scheduled__2024-05-25T01:10:00+00:00'
[2024-05-25T21:18:18.482+0000] {taskinstance.py:430} INFO - ::endgroup::
[2024-05-25T21:18:18.489+0000] {logging_mixin.py:188} INFO - Connection to database was succesful
[2024-05-25T21:18:18.501+0000] {logging_mixin.py:188} INFO - Query completed
[2024-05-25T21:18:18.504+0000] {logging_mixin.py:188} INFO - execute_query_result_set()
[2024-05-25T21:18:18.509+0000] {logging_mixin.py:188} INFO - Connection to database was succesful
[2024-05-25T21:18:18.519+0000] {logging_mixin.py:188} INFO - Inserts performed wihout fail
[2024-05-25T21:18:18.520+0000] {python.py:237} INFO - Done. Returned value was: None
[2024-05-25T21:18:18.520+0000] {taskinstance.py:441} INFO - ::group::Post task execution logs
[2024-05-25T21:18:18.529+0000] {taskinstance.py:1206} INFO - Marking task as SUCCESS. dag_id=DAG_catedra_***, task_id=first-step-el, run_id=scheduled__2024-05-25T01:10:00+00:00, execution_date=20240525T011000, start_date=20240525T211818, end_date=20240525T211818
[2024-05-25T21:18:18.584+0000] {local_task_job_runner.py:240} INFO - Task exited with return code 0
[2024-05-25T21:18:18.621+0000] {taskinstance.py:3498} INFO - 1 downstream tasks scheduled from follow-on schedule check
[2024-05-25T21:18:18.630+0000] {local_task_job_runner.py:222} INFO - ::endgroup::
[2024-05-26T00:43:41.926+0000] {local_task_job_runner.py:120} INFO - ::group::Pre task execution logs
[2024-05-26T00:43:41.954+0000] {taskinstance.py:2076} INFO - Dependencies all met for dep_context=non-requeueable deps ti=<TaskInstance: DAG_catedra_airflow.first-step-el scheduled__2024-05-25T01:10:00+00:00 [queued]>
[2024-05-26T00:43:41.962+0000] {taskinstance.py:2076} INFO - Dependencies all met for dep_context=requeueable deps ti=<TaskInstance: DAG_catedra_airflow.first-step-el scheduled__2024-05-25T01:10:00+00:00 [queued]>
[2024-05-26T00:43:41.963+0000] {taskinstance.py:2306} INFO - Starting attempt 1 of 1
[2024-05-26T00:43:41.977+0000] {taskinstance.py:2330} INFO - Executing <Task(PythonOperator): first-step-el> on 2024-05-25 01:10:00+00:00
[2024-05-26T00:43:41.982+0000] {warnings.py:110} WARNING - /home/***/.local/lib/python3.12/site-packages/***/task/task_runner/standard_task_runner.py:61: DeprecationWarning: This process (pid=133) is multi-threaded, use of fork() may lead to deadlocks in the child.
  pid = os.fork()

[2024-05-26T00:43:41.984+0000] {standard_task_runner.py:63} INFO - Started process 135 to run task
[2024-05-26T00:43:41.984+0000] {standard_task_runner.py:90} INFO - Running: ['***', 'tasks', 'run', 'DAG_catedra_***', 'first-step-el', 'scheduled__2024-05-25T01:10:00+00:00', '--job-id', '25', '--raw', '--subdir', 'DAGS_FOLDER/dag_clase.py', '--cfg-path', '/tmp/tmpwst4vrsp']
[2024-05-26T00:43:41.985+0000] {standard_task_runner.py:91} INFO - Job 25: Subtask first-step-el
[2024-05-26T00:43:42.032+0000] {task_command.py:426} INFO - Running <TaskInstance: DAG_catedra_airflow.first-step-el scheduled__2024-05-25T01:10:00+00:00 [running]> on host bb8f67d70e6d
[2024-05-26T00:43:42.140+0000] {taskinstance.py:2648} INFO - Exporting env vars: AIRFLOW_CTX_DAG_OWNER='***' AIRFLOW_CTX_DAG_ID='DAG_catedra_***' AIRFLOW_CTX_TASK_ID='first-step-el' AIRFLOW_CTX_EXECUTION_DATE='2024-05-25T01:10:00+00:00' AIRFLOW_CTX_TRY_NUMBER='1' AIRFLOW_CTX_DAG_RUN_ID='scheduled__2024-05-25T01:10:00+00:00'
[2024-05-26T00:43:42.142+0000] {taskinstance.py:430} INFO - ::endgroup::
[2024-05-26T00:43:42.147+0000] {logging_mixin.py:188} INFO - Connection to database was succesful
[2024-05-26T00:43:42.158+0000] {logging_mixin.py:188} INFO - Query completed
[2024-05-26T00:43:42.162+0000] {logging_mixin.py:188} INFO - execute_query_result_set()
[2024-05-26T00:43:42.167+0000] {logging_mixin.py:188} INFO - Connection to database was succesful
[2024-05-26T00:43:42.169+0000] {logging_mixin.py:188} INFO - ERROR, INSERTS COULDN`T BE DONE
[2024-05-26T00:43:42.169+0000] {python.py:237} INFO - Done. Returned value was: None
[2024-05-26T00:43:42.170+0000] {taskinstance.py:441} INFO - ::group::Post task execution logs
[2024-05-26T00:43:42.177+0000] {taskinstance.py:1206} INFO - Marking task as SUCCESS. dag_id=DAG_catedra_***, task_id=first-step-el, run_id=scheduled__2024-05-25T01:10:00+00:00, execution_date=20240525T011000, start_date=20240526T004341, end_date=20240526T004342
[2024-05-26T00:43:42.198+0000] {local_task_job_runner.py:240} INFO - Task exited with return code 0
[2024-05-26T00:43:42.219+0000] {taskinstance.py:3498} INFO - 1 downstream tasks scheduled from follow-on schedule check
[2024-05-26T00:43:42.223+0000] {local_task_job_runner.py:222} INFO - ::endgroup::
[2024-05-26T02:00:14.076+0000] {local_task_job_runner.py:120} INFO - ::group::Pre task execution logs
[2024-05-26T02:00:14.105+0000] {taskinstance.py:2076} INFO - Dependencies all met for dep_context=non-requeueable deps ti=<TaskInstance: DAG_catedra_airflow.first-step-el scheduled__2024-05-25T01:10:00+00:00 [queued]>
[2024-05-26T02:00:14.116+0000] {taskinstance.py:2076} INFO - Dependencies all met for dep_context=requeueable deps ti=<TaskInstance: DAG_catedra_airflow.first-step-el scheduled__2024-05-25T01:10:00+00:00 [queued]>
[2024-05-26T02:00:14.117+0000] {taskinstance.py:2306} INFO - Starting attempt 1 of 1
[2024-05-26T02:00:14.133+0000] {taskinstance.py:2330} INFO - Executing <Task(PythonOperator): first-step-el> on 2024-05-25 01:10:00+00:00
[2024-05-26T02:00:14.140+0000] {warnings.py:110} WARNING - /home/***/.local/lib/python3.12/site-packages/***/task/task_runner/standard_task_runner.py:61: DeprecationWarning: This process (pid=133) is multi-threaded, use of fork() may lead to deadlocks in the child.
  pid = os.fork()

[2024-05-26T02:00:14.142+0000] {standard_task_runner.py:63} INFO - Started process 135 to run task
[2024-05-26T02:00:14.143+0000] {standard_task_runner.py:90} INFO - Running: ['***', 'tasks', 'run', 'DAG_catedra_***', 'first-step-el', 'scheduled__2024-05-25T01:10:00+00:00', '--job-id', '25', '--raw', '--subdir', 'DAGS_FOLDER/dag_clase.py', '--cfg-path', '/tmp/tmp29ui0xzs']
[2024-05-26T02:00:14.144+0000] {standard_task_runner.py:91} INFO - Job 25: Subtask first-step-el
[2024-05-26T02:00:14.195+0000] {task_command.py:426} INFO - Running <TaskInstance: DAG_catedra_airflow.first-step-el scheduled__2024-05-25T01:10:00+00:00 [running]> on host da1b21f42040
[2024-05-26T02:00:14.301+0000] {taskinstance.py:2648} INFO - Exporting env vars: AIRFLOW_CTX_DAG_OWNER='***' AIRFLOW_CTX_DAG_ID='DAG_catedra_***' AIRFLOW_CTX_TASK_ID='first-step-el' AIRFLOW_CTX_EXECUTION_DATE='2024-05-25T01:10:00+00:00' AIRFLOW_CTX_TRY_NUMBER='1' AIRFLOW_CTX_DAG_RUN_ID='scheduled__2024-05-25T01:10:00+00:00'
[2024-05-26T02:00:14.303+0000] {taskinstance.py:430} INFO - ::endgroup::
[2024-05-26T02:00:14.310+0000] {logging_mixin.py:188} INFO - The connection to the DB was succesful
[2024-05-26T02:00:14.324+0000] {logging_mixin.py:188} INFO - Query completed
[2024-05-26T02:00:14.328+0000] {logging_mixin.py:188} INFO - execute_query_result_set()
[2024-05-26T02:00:14.334+0000] {logging_mixin.py:188} INFO - The connection to the DB was succesful
[2024-05-26T02:00:14.341+0000] {logging_mixin.py:188} INFO - Inserts were comitted
[2024-05-26T02:00:14.342+0000] {python.py:237} INFO - Done. Returned value was: None
[2024-05-26T02:00:14.343+0000] {taskinstance.py:441} INFO - ::group::Post task execution logs
[2024-05-26T02:00:14.352+0000] {taskinstance.py:1206} INFO - Marking task as SUCCESS. dag_id=DAG_catedra_***, task_id=first-step-el, run_id=scheduled__2024-05-25T01:10:00+00:00, execution_date=20240525T011000, start_date=20240526T020014, end_date=20240526T020014
[2024-05-26T02:00:14.397+0000] {local_task_job_runner.py:240} INFO - Task exited with return code 0
[2024-05-26T02:00:14.429+0000] {taskinstance.py:3498} INFO - 1 downstream tasks scheduled from follow-on schedule check
[2024-05-26T02:00:14.434+0000] {local_task_job_runner.py:222} INFO - ::endgroup::
