[2024-05-25T22:48:00.962+0000] {local_task_job_runner.py:120} INFO - ::group::Pre task execution logs
[2024-05-25T22:48:00.984+0000] {taskinstance.py:2076} INFO - Dependencies all met for dep_context=non-requeueable deps ti=<TaskInstance: DAG_catedra_airflow.first-step-el scheduled__2024-05-25T22:47:00+00:00 [queued]>
[2024-05-25T22:48:00.992+0000] {taskinstance.py:2076} INFO - Dependencies all met for dep_context=requeueable deps ti=<TaskInstance: DAG_catedra_airflow.first-step-el scheduled__2024-05-25T22:47:00+00:00 [queued]>
[2024-05-25T22:48:00.992+0000] {taskinstance.py:2306} INFO - Starting attempt 1 of 1
[2024-05-25T22:48:01.004+0000] {taskinstance.py:2330} INFO - Executing <Task(PythonOperator): first-step-el> on 2024-05-25 22:47:00+00:00
[2024-05-25T22:48:01.011+0000] {warnings.py:110} WARNING - /home/***/.local/lib/python3.12/site-packages/***/task/task_runner/standard_task_runner.py:61: DeprecationWarning: This process (pid=2466) is multi-threaded, use of fork() may lead to deadlocks in the child.
  pid = os.fork()

[2024-05-25T22:48:01.013+0000] {standard_task_runner.py:63} INFO - Started process 2468 to run task
[2024-05-25T22:48:01.014+0000] {standard_task_runner.py:90} INFO - Running: ['***', 'tasks', 'run', 'DAG_catedra_***', 'first-step-el', 'scheduled__2024-05-25T22:47:00+00:00', '--job-id', '382', '--raw', '--subdir', 'DAGS_FOLDER/dag_clase.py', '--cfg-path', '/tmp/tmpoojy1uq5']
[2024-05-25T22:48:01.015+0000] {standard_task_runner.py:91} INFO - Job 382: Subtask first-step-el
[2024-05-25T22:48:01.052+0000] {task_command.py:426} INFO - Running <TaskInstance: DAG_catedra_airflow.first-step-el scheduled__2024-05-25T22:47:00+00:00 [running]> on host b2cfee8f0b2b
[2024-05-25T22:48:01.140+0000] {taskinstance.py:2648} INFO - Exporting env vars: AIRFLOW_CTX_DAG_OWNER='***' AIRFLOW_CTX_DAG_ID='DAG_catedra_***' AIRFLOW_CTX_TASK_ID='first-step-el' AIRFLOW_CTX_EXECUTION_DATE='2024-05-25T22:47:00+00:00' AIRFLOW_CTX_TRY_NUMBER='1' AIRFLOW_CTX_DAG_RUN_ID='scheduled__2024-05-25T22:47:00+00:00'
[2024-05-25T22:48:01.141+0000] {taskinstance.py:430} INFO - ::endgroup::
[2024-05-25T22:48:01.147+0000] {logging_mixin.py:188} INFO - Connection to database was succesful
[2024-05-25T22:48:01.156+0000] {logging_mixin.py:188} INFO - Query completed
[2024-05-25T22:48:01.159+0000] {logging_mixin.py:188} INFO - execute_query_result_set()
[2024-05-25T22:48:01.163+0000] {logging_mixin.py:188} INFO - Connection to database was succesful
[2024-05-25T22:48:01.169+0000] {logging_mixin.py:188} INFO - Inserts performed wihout fail
[2024-05-25T22:48:01.169+0000] {python.py:237} INFO - Done. Returned value was: None
[2024-05-25T22:48:01.170+0000] {taskinstance.py:441} INFO - ::group::Post task execution logs
[2024-05-25T22:48:01.177+0000] {taskinstance.py:1206} INFO - Marking task as SUCCESS. dag_id=DAG_catedra_***, task_id=first-step-el, run_id=scheduled__2024-05-25T22:47:00+00:00, execution_date=20240525T224700, start_date=20240525T224800, end_date=20240525T224801
[2024-05-25T22:48:01.227+0000] {local_task_job_runner.py:240} INFO - Task exited with return code 0
[2024-05-25T22:48:01.263+0000] {taskinstance.py:3498} INFO - 1 downstream tasks scheduled from follow-on schedule check
[2024-05-25T22:48:01.267+0000] {local_task_job_runner.py:222} INFO - ::endgroup::
