[2024-05-25T21:17:54.645+0000] {local_task_job_runner.py:120} INFO - ::group::Pre task execution logs
[2024-05-25T21:17:54.666+0000] {taskinstance.py:2076} INFO - Dependencies all met for dep_context=non-requeueable deps ti=<TaskInstance: DAG_catedra_airflow.second-step-el scheduled__2024-05-25T01:05:00+00:00 [queued]>
[2024-05-25T21:17:54.675+0000] {taskinstance.py:2076} INFO - Dependencies all met for dep_context=requeueable deps ti=<TaskInstance: DAG_catedra_airflow.second-step-el scheduled__2024-05-25T01:05:00+00:00 [queued]>
[2024-05-25T21:17:54.675+0000] {taskinstance.py:2306} INFO - Starting attempt 1 of 1
[2024-05-25T21:17:54.688+0000] {taskinstance.py:2330} INFO - Executing <Task(PythonOperator): second-step-el> on 2024-05-25 01:05:00+00:00
[2024-05-25T21:17:54.695+0000] {warnings.py:110} WARNING - /home/***/.local/lib/python3.12/site-packages/***/task/task_runner/standard_task_runner.py:61: DeprecationWarning: This process (pid=581) is multi-threaded, use of fork() may lead to deadlocks in the child.
  pid = os.fork()

[2024-05-25T21:17:54.697+0000] {standard_task_runner.py:63} INFO - Started process 583 to run task
[2024-05-25T21:17:54.697+0000] {standard_task_runner.py:90} INFO - Running: ['***', 'tasks', 'run', 'DAG_catedra_***', 'second-step-el', 'scheduled__2024-05-25T01:05:00+00:00', '--job-id', '143', '--raw', '--subdir', 'DAGS_FOLDER/dag_clase.py', '--cfg-path', '/tmp/tmp8bki5ftq']
[2024-05-25T21:17:54.699+0000] {standard_task_runner.py:91} INFO - Job 143: Subtask second-step-el
[2024-05-25T21:17:54.739+0000] {task_command.py:426} INFO - Running <TaskInstance: DAG_catedra_airflow.second-step-el scheduled__2024-05-25T01:05:00+00:00 [running]> on host b2cfee8f0b2b
[2024-05-25T21:17:54.830+0000] {taskinstance.py:2648} INFO - Exporting env vars: AIRFLOW_CTX_DAG_OWNER='***' AIRFLOW_CTX_DAG_ID='DAG_catedra_***' AIRFLOW_CTX_TASK_ID='second-step-el' AIRFLOW_CTX_EXECUTION_DATE='2024-05-25T01:05:00+00:00' AIRFLOW_CTX_TRY_NUMBER='1' AIRFLOW_CTX_DAG_RUN_ID='scheduled__2024-05-25T01:05:00+00:00'
[2024-05-25T21:17:54.832+0000] {taskinstance.py:430} INFO - ::endgroup::
[2024-05-25T21:17:54.839+0000] {logging_mixin.py:188} INFO - Connection to database was succesful
[2024-05-25T21:17:54.855+0000] {logging_mixin.py:188} INFO - Query completed
[2024-05-25T21:17:54.889+0000] {logging_mixin.py:188} INFO - execute_query_result_set()
[2024-05-25T21:17:54.894+0000] {logging_mixin.py:188} INFO - Connection to database was succesful
[2024-05-25T21:17:54.951+0000] {logging_mixin.py:188} INFO - Inserts performed wihout fail
[2024-05-25T21:17:54.952+0000] {python.py:237} INFO - Done. Returned value was: None
[2024-05-25T21:17:54.952+0000] {taskinstance.py:441} INFO - ::group::Post task execution logs
[2024-05-25T21:17:54.960+0000] {taskinstance.py:1206} INFO - Marking task as SUCCESS. dag_id=DAG_catedra_***, task_id=second-step-el, run_id=scheduled__2024-05-25T01:05:00+00:00, execution_date=20240525T010500, start_date=20240525T211754, end_date=20240525T211754
[2024-05-25T21:17:54.991+0000] {local_task_job_runner.py:240} INFO - Task exited with return code 0
[2024-05-25T21:17:55.007+0000] {taskinstance.py:3498} INFO - 0 downstream tasks scheduled from follow-on schedule check
[2024-05-25T21:17:55.011+0000] {local_task_job_runner.py:222} INFO - ::endgroup::
[2024-05-26T00:43:39.010+0000] {local_task_job_runner.py:120} INFO - ::group::Pre task execution logs
[2024-05-26T00:43:39.031+0000] {taskinstance.py:2076} INFO - Dependencies all met for dep_context=non-requeueable deps ti=<TaskInstance: DAG_catedra_airflow.second-step-el scheduled__2024-05-25T01:05:00+00:00 [queued]>
[2024-05-26T00:43:39.039+0000] {taskinstance.py:2076} INFO - Dependencies all met for dep_context=requeueable deps ti=<TaskInstance: DAG_catedra_airflow.second-step-el scheduled__2024-05-25T01:05:00+00:00 [queued]>
[2024-05-26T00:43:39.039+0000] {taskinstance.py:2306} INFO - Starting attempt 1 of 1
[2024-05-26T00:43:39.051+0000] {taskinstance.py:2330} INFO - Executing <Task(PythonOperator): second-step-el> on 2024-05-25 01:05:00+00:00
[2024-05-26T00:43:39.057+0000] {warnings.py:110} WARNING - /home/***/.local/lib/python3.12/site-packages/***/task/task_runner/standard_task_runner.py:61: DeprecationWarning: This process (pid=130) is multi-threaded, use of fork() may lead to deadlocks in the child.
  pid = os.fork()

[2024-05-26T00:43:39.059+0000] {standard_task_runner.py:63} INFO - Started process 132 to run task
[2024-05-26T00:43:39.059+0000] {standard_task_runner.py:90} INFO - Running: ['***', 'tasks', 'run', 'DAG_catedra_***', 'second-step-el', 'scheduled__2024-05-25T01:05:00+00:00', '--job-id', '24', '--raw', '--subdir', 'DAGS_FOLDER/dag_clase.py', '--cfg-path', '/tmp/tmpz2u78idh']
[2024-05-26T00:43:39.060+0000] {standard_task_runner.py:91} INFO - Job 24: Subtask second-step-el
[2024-05-26T00:43:39.098+0000] {task_command.py:426} INFO - Running <TaskInstance: DAG_catedra_airflow.second-step-el scheduled__2024-05-25T01:05:00+00:00 [running]> on host bb8f67d70e6d
[2024-05-26T00:43:39.177+0000] {taskinstance.py:2648} INFO - Exporting env vars: AIRFLOW_CTX_DAG_OWNER='***' AIRFLOW_CTX_DAG_ID='DAG_catedra_***' AIRFLOW_CTX_TASK_ID='second-step-el' AIRFLOW_CTX_EXECUTION_DATE='2024-05-25T01:05:00+00:00' AIRFLOW_CTX_TRY_NUMBER='1' AIRFLOW_CTX_DAG_RUN_ID='scheduled__2024-05-25T01:05:00+00:00'
[2024-05-26T00:43:39.178+0000] {taskinstance.py:430} INFO - ::endgroup::
[2024-05-26T00:43:39.184+0000] {logging_mixin.py:188} INFO - Connection to database was succesful
[2024-05-26T00:43:39.190+0000] {logging_mixin.py:188} INFO - query failed, df empty
[2024-05-26T00:43:39.194+0000] {logging_mixin.py:188} INFO - execute_query_result_set()
[2024-05-26T00:43:39.199+0000] {logging_mixin.py:188} INFO - Connection to database was succesful
[2024-05-26T00:43:39.199+0000] {logging_mixin.py:188} INFO - Inserts performed wihout fail
[2024-05-26T00:43:39.199+0000] {python.py:237} INFO - Done. Returned value was: None
[2024-05-26T00:43:39.200+0000] {taskinstance.py:441} INFO - ::group::Post task execution logs
[2024-05-26T00:43:39.207+0000] {taskinstance.py:1206} INFO - Marking task as SUCCESS. dag_id=DAG_catedra_***, task_id=second-step-el, run_id=scheduled__2024-05-25T01:05:00+00:00, execution_date=20240525T010500, start_date=20240526T004339, end_date=20240526T004339
[2024-05-26T00:43:39.232+0000] {local_task_job_runner.py:240} INFO - Task exited with return code 0
[2024-05-26T00:43:39.246+0000] {taskinstance.py:3498} INFO - 0 downstream tasks scheduled from follow-on schedule check
[2024-05-26T00:43:39.250+0000] {local_task_job_runner.py:222} INFO - ::endgroup::
[2024-05-26T02:00:10.909+0000] {local_task_job_runner.py:120} INFO - ::group::Pre task execution logs
[2024-05-26T02:00:10.934+0000] {taskinstance.py:2076} INFO - Dependencies all met for dep_context=non-requeueable deps ti=<TaskInstance: DAG_catedra_airflow.second-step-el scheduled__2024-05-25T01:05:00+00:00 [queued]>
[2024-05-26T02:00:10.944+0000] {taskinstance.py:2076} INFO - Dependencies all met for dep_context=requeueable deps ti=<TaskInstance: DAG_catedra_airflow.second-step-el scheduled__2024-05-25T01:05:00+00:00 [queued]>
[2024-05-26T02:00:10.944+0000] {taskinstance.py:2306} INFO - Starting attempt 1 of 1
[2024-05-26T02:00:10.961+0000] {taskinstance.py:2330} INFO - Executing <Task(PythonOperator): second-step-el> on 2024-05-25 01:05:00+00:00
[2024-05-26T02:00:10.969+0000] {warnings.py:110} WARNING - /home/***/.local/lib/python3.12/site-packages/***/task/task_runner/standard_task_runner.py:61: DeprecationWarning: This process (pid=130) is multi-threaded, use of fork() may lead to deadlocks in the child.
  pid = os.fork()

[2024-05-26T02:00:10.971+0000] {standard_task_runner.py:63} INFO - Started process 132 to run task
[2024-05-26T02:00:10.972+0000] {standard_task_runner.py:90} INFO - Running: ['***', 'tasks', 'run', 'DAG_catedra_***', 'second-step-el', 'scheduled__2024-05-25T01:05:00+00:00', '--job-id', '24', '--raw', '--subdir', 'DAGS_FOLDER/dag_clase.py', '--cfg-path', '/tmp/tmpeedlp0dc']
[2024-05-26T02:00:10.973+0000] {standard_task_runner.py:91} INFO - Job 24: Subtask second-step-el
[2024-05-26T02:00:11.022+0000] {task_command.py:426} INFO - Running <TaskInstance: DAG_catedra_airflow.second-step-el scheduled__2024-05-25T01:05:00+00:00 [running]> on host da1b21f42040
[2024-05-26T02:00:11.142+0000] {taskinstance.py:2648} INFO - Exporting env vars: AIRFLOW_CTX_DAG_OWNER='***' AIRFLOW_CTX_DAG_ID='DAG_catedra_***' AIRFLOW_CTX_TASK_ID='second-step-el' AIRFLOW_CTX_EXECUTION_DATE='2024-05-25T01:05:00+00:00' AIRFLOW_CTX_TRY_NUMBER='1' AIRFLOW_CTX_DAG_RUN_ID='scheduled__2024-05-25T01:05:00+00:00'
[2024-05-26T02:00:11.144+0000] {taskinstance.py:430} INFO - ::endgroup::
[2024-05-26T02:00:11.152+0000] {logging_mixin.py:188} INFO - The connection to the DB was succesful
[2024-05-26T02:00:11.168+0000] {logging_mixin.py:188} INFO - Query completed
[2024-05-26T02:00:11.174+0000] {logging_mixin.py:188} INFO - execute_query_result_set()
[2024-05-26T02:00:11.181+0000] {logging_mixin.py:188} INFO - The connection to the DB was succesful
[2024-05-26T02:00:11.186+0000] {logging_mixin.py:188} INFO - Inserts were comitted
[2024-05-26T02:00:11.187+0000] {python.py:237} INFO - Done. Returned value was: None
[2024-05-26T02:00:11.188+0000] {taskinstance.py:441} INFO - ::group::Post task execution logs
[2024-05-26T02:00:11.199+0000] {taskinstance.py:1206} INFO - Marking task as SUCCESS. dag_id=DAG_catedra_***, task_id=second-step-el, run_id=scheduled__2024-05-25T01:05:00+00:00, execution_date=20240525T010500, start_date=20240526T020010, end_date=20240526T020011
[2024-05-26T02:00:11.226+0000] {local_task_job_runner.py:240} INFO - Task exited with return code 0
[2024-05-26T02:00:11.243+0000] {taskinstance.py:3498} INFO - 0 downstream tasks scheduled from follow-on schedule check
[2024-05-26T02:00:11.247+0000] {local_task_job_runner.py:222} INFO - ::endgroup::
