[2024-05-25T21:16:09.490+0000] {local_task_job_runner.py:120} INFO - ::group::Pre task execution logs
[2024-05-25T21:16:09.514+0000] {taskinstance.py:2076} INFO - Dependencies all met for dep_context=non-requeueable deps ti=<TaskInstance: DAG_catedra_airflow.second-step-el scheduled__2024-05-25T00:45:00+00:00 [queued]>
[2024-05-25T21:16:09.523+0000] {taskinstance.py:2076} INFO - Dependencies all met for dep_context=requeueable deps ti=<TaskInstance: DAG_catedra_airflow.second-step-el scheduled__2024-05-25T00:45:00+00:00 [queued]>
[2024-05-25T21:16:09.524+0000] {taskinstance.py:2306} INFO - Starting attempt 1 of 1
[2024-05-25T21:16:09.540+0000] {taskinstance.py:2330} INFO - Executing <Task(PythonOperator): second-step-el> on 2024-05-25 00:45:00+00:00
[2024-05-25T21:16:09.546+0000] {warnings.py:110} WARNING - /home/***/.local/lib/python3.12/site-packages/***/task/task_runner/standard_task_runner.py:61: DeprecationWarning: This process (pid=440) is multi-threaded, use of fork() may lead to deadlocks in the child.
  pid = os.fork()

[2024-05-25T21:16:09.548+0000] {standard_task_runner.py:63} INFO - Started process 442 to run task
[2024-05-25T21:16:09.549+0000] {standard_task_runner.py:90} INFO - Running: ['***', 'tasks', 'run', 'DAG_catedra_***', 'second-step-el', 'scheduled__2024-05-25T00:45:00+00:00', '--job-id', '103', '--raw', '--subdir', 'DAGS_FOLDER/dag_clase.py', '--cfg-path', '/tmp/tmp5h8kqkgj']
[2024-05-25T21:16:09.550+0000] {standard_task_runner.py:91} INFO - Job 103: Subtask second-step-el
[2024-05-25T21:16:09.600+0000] {task_command.py:426} INFO - Running <TaskInstance: DAG_catedra_airflow.second-step-el scheduled__2024-05-25T00:45:00+00:00 [running]> on host b2cfee8f0b2b
[2024-05-25T21:16:09.717+0000] {taskinstance.py:2648} INFO - Exporting env vars: AIRFLOW_CTX_DAG_OWNER='***' AIRFLOW_CTX_DAG_ID='DAG_catedra_***' AIRFLOW_CTX_TASK_ID='second-step-el' AIRFLOW_CTX_EXECUTION_DATE='2024-05-25T00:45:00+00:00' AIRFLOW_CTX_TRY_NUMBER='1' AIRFLOW_CTX_DAG_RUN_ID='scheduled__2024-05-25T00:45:00+00:00'
[2024-05-25T21:16:09.720+0000] {taskinstance.py:430} INFO - ::endgroup::
[2024-05-25T21:16:09.729+0000] {logging_mixin.py:188} INFO - Connection to database was succesful
[2024-05-25T21:16:09.753+0000] {logging_mixin.py:188} INFO - Query completed
[2024-05-25T21:16:09.798+0000] {logging_mixin.py:188} INFO - execute_query_result_set()
[2024-05-25T21:16:09.808+0000] {logging_mixin.py:188} INFO - Connection to database was succesful
[2024-05-25T21:16:09.889+0000] {logging_mixin.py:188} INFO - Inserts performed wihout fail
[2024-05-25T21:16:09.891+0000] {python.py:237} INFO - Done. Returned value was: None
[2024-05-25T21:16:09.891+0000] {taskinstance.py:441} INFO - ::group::Post task execution logs
[2024-05-25T21:16:09.906+0000] {taskinstance.py:1206} INFO - Marking task as SUCCESS. dag_id=DAG_catedra_***, task_id=second-step-el, run_id=scheduled__2024-05-25T00:45:00+00:00, execution_date=20240525T004500, start_date=20240525T211609, end_date=20240525T211609
[2024-05-25T21:16:09.963+0000] {local_task_job_runner.py:240} INFO - Task exited with return code 0
[2024-05-25T21:16:09.987+0000] {taskinstance.py:3498} INFO - 0 downstream tasks scheduled from follow-on schedule check
[2024-05-25T21:16:09.995+0000] {local_task_job_runner.py:222} INFO - ::endgroup::
[2024-05-26T00:43:22.818+0000] {local_task_job_runner.py:120} INFO - ::group::Pre task execution logs
[2024-05-26T00:43:22.839+0000] {taskinstance.py:2076} INFO - Dependencies all met for dep_context=non-requeueable deps ti=<TaskInstance: DAG_catedra_airflow.second-step-el scheduled__2024-05-25T00:45:00+00:00 [queued]>
[2024-05-26T00:43:22.846+0000] {taskinstance.py:2076} INFO - Dependencies all met for dep_context=requeueable deps ti=<TaskInstance: DAG_catedra_airflow.second-step-el scheduled__2024-05-25T00:45:00+00:00 [queued]>
[2024-05-26T00:43:22.846+0000] {taskinstance.py:2306} INFO - Starting attempt 1 of 1
[2024-05-26T00:43:22.858+0000] {taskinstance.py:2330} INFO - Executing <Task(PythonOperator): second-step-el> on 2024-05-25 00:45:00+00:00
[2024-05-26T00:43:22.864+0000] {warnings.py:110} WARNING - /home/***/.local/lib/python3.12/site-packages/***/task/task_runner/standard_task_runner.py:61: DeprecationWarning: This process (pid=99) is multi-threaded, use of fork() may lead to deadlocks in the child.
  pid = os.fork()

[2024-05-26T00:43:22.865+0000] {standard_task_runner.py:63} INFO - Started process 101 to run task
[2024-05-26T00:43:22.866+0000] {standard_task_runner.py:90} INFO - Running: ['***', 'tasks', 'run', 'DAG_catedra_***', 'second-step-el', 'scheduled__2024-05-25T00:45:00+00:00', '--job-id', '16', '--raw', '--subdir', 'DAGS_FOLDER/dag_clase.py', '--cfg-path', '/tmp/tmpnams0fi2']
[2024-05-26T00:43:22.867+0000] {standard_task_runner.py:91} INFO - Job 16: Subtask second-step-el
[2024-05-26T00:43:22.905+0000] {task_command.py:426} INFO - Running <TaskInstance: DAG_catedra_airflow.second-step-el scheduled__2024-05-25T00:45:00+00:00 [running]> on host bb8f67d70e6d
[2024-05-26T00:43:22.981+0000] {taskinstance.py:2648} INFO - Exporting env vars: AIRFLOW_CTX_DAG_OWNER='***' AIRFLOW_CTX_DAG_ID='DAG_catedra_***' AIRFLOW_CTX_TASK_ID='second-step-el' AIRFLOW_CTX_EXECUTION_DATE='2024-05-25T00:45:00+00:00' AIRFLOW_CTX_TRY_NUMBER='1' AIRFLOW_CTX_DAG_RUN_ID='scheduled__2024-05-25T00:45:00+00:00'
[2024-05-26T00:43:22.982+0000] {taskinstance.py:430} INFO - ::endgroup::
[2024-05-26T00:43:22.988+0000] {logging_mixin.py:188} INFO - Connection to database was succesful
[2024-05-26T00:43:22.994+0000] {logging_mixin.py:188} INFO - query failed, df empty
[2024-05-26T00:43:22.997+0000] {logging_mixin.py:188} INFO - execute_query_result_set()
[2024-05-26T00:43:23.002+0000] {logging_mixin.py:188} INFO - Connection to database was succesful
[2024-05-26T00:43:23.002+0000] {logging_mixin.py:188} INFO - Inserts performed wihout fail
[2024-05-26T00:43:23.003+0000] {python.py:237} INFO - Done. Returned value was: None
[2024-05-26T00:43:23.003+0000] {taskinstance.py:441} INFO - ::group::Post task execution logs
[2024-05-26T00:43:23.010+0000] {taskinstance.py:1206} INFO - Marking task as SUCCESS. dag_id=DAG_catedra_***, task_id=second-step-el, run_id=scheduled__2024-05-25T00:45:00+00:00, execution_date=20240525T004500, start_date=20240526T004322, end_date=20240526T004323
[2024-05-26T00:43:23.039+0000] {local_task_job_runner.py:240} INFO - Task exited with return code 0
[2024-05-26T00:43:23.052+0000] {taskinstance.py:3498} INFO - 0 downstream tasks scheduled from follow-on schedule check
[2024-05-26T00:43:23.063+0000] {local_task_job_runner.py:222} INFO - ::endgroup::
[2024-05-26T01:59:49.795+0000] {local_task_job_runner.py:120} INFO - ::group::Pre task execution logs
[2024-05-26T01:59:49.818+0000] {taskinstance.py:2076} INFO - Dependencies all met for dep_context=non-requeueable deps ti=<TaskInstance: DAG_catedra_airflow.second-step-el scheduled__2024-05-25T00:45:00+00:00 [queued]>
[2024-05-26T01:59:49.828+0000] {taskinstance.py:2076} INFO - Dependencies all met for dep_context=requeueable deps ti=<TaskInstance: DAG_catedra_airflow.second-step-el scheduled__2024-05-25T00:45:00+00:00 [queued]>
[2024-05-26T01:59:49.829+0000] {taskinstance.py:2306} INFO - Starting attempt 1 of 1
[2024-05-26T01:59:49.843+0000] {taskinstance.py:2330} INFO - Executing <Task(PythonOperator): second-step-el> on 2024-05-25 00:45:00+00:00
[2024-05-26T01:59:49.853+0000] {warnings.py:110} WARNING - /home/***/.local/lib/python3.12/site-packages/***/task/task_runner/standard_task_runner.py:61: DeprecationWarning: This process (pid=100) is multi-threaded, use of fork() may lead to deadlocks in the child.
  pid = os.fork()

[2024-05-26T01:59:49.855+0000] {standard_task_runner.py:63} INFO - Started process 108 to run task
[2024-05-26T01:59:49.862+0000] {standard_task_runner.py:90} INFO - Running: ['***', 'tasks', 'run', 'DAG_catedra_***', 'second-step-el', 'scheduled__2024-05-25T00:45:00+00:00', '--job-id', '16', '--raw', '--subdir', 'DAGS_FOLDER/dag_clase.py', '--cfg-path', '/tmp/tmp4lsrettu']
[2024-05-26T01:59:49.863+0000] {standard_task_runner.py:91} INFO - Job 16: Subtask second-step-el
[2024-05-26T01:59:49.921+0000] {task_command.py:426} INFO - Running <TaskInstance: DAG_catedra_airflow.second-step-el scheduled__2024-05-25T00:45:00+00:00 [running]> on host da1b21f42040
[2024-05-26T01:59:50.059+0000] {taskinstance.py:2648} INFO - Exporting env vars: AIRFLOW_CTX_DAG_OWNER='***' AIRFLOW_CTX_DAG_ID='DAG_catedra_***' AIRFLOW_CTX_TASK_ID='second-step-el' AIRFLOW_CTX_EXECUTION_DATE='2024-05-25T00:45:00+00:00' AIRFLOW_CTX_TRY_NUMBER='1' AIRFLOW_CTX_DAG_RUN_ID='scheduled__2024-05-25T00:45:00+00:00'
[2024-05-26T01:59:50.060+0000] {taskinstance.py:430} INFO - ::endgroup::
[2024-05-26T01:59:50.069+0000] {logging_mixin.py:188} INFO - The connection to the DB was succesful
[2024-05-26T01:59:50.085+0000] {logging_mixin.py:188} INFO - Query completed
[2024-05-26T01:59:50.091+0000] {logging_mixin.py:188} INFO - execute_query_result_set()
[2024-05-26T01:59:50.098+0000] {logging_mixin.py:188} INFO - The connection to the DB was succesful
[2024-05-26T01:59:50.104+0000] {logging_mixin.py:188} INFO - Inserts were comitted
[2024-05-26T01:59:50.108+0000] {python.py:237} INFO - Done. Returned value was: None
[2024-05-26T01:59:50.109+0000] {taskinstance.py:441} INFO - ::group::Post task execution logs
[2024-05-26T01:59:50.123+0000] {taskinstance.py:1206} INFO - Marking task as SUCCESS. dag_id=DAG_catedra_***, task_id=second-step-el, run_id=scheduled__2024-05-25T00:45:00+00:00, execution_date=20240525T004500, start_date=20240526T015949, end_date=20240526T015950
[2024-05-26T01:59:50.191+0000] {local_task_job_runner.py:240} INFO - Task exited with return code 0
[2024-05-26T01:59:50.209+0000] {taskinstance.py:3498} INFO - 0 downstream tasks scheduled from follow-on schedule check
[2024-05-26T01:59:50.213+0000] {local_task_job_runner.py:222} INFO - ::endgroup::
